[ 2017-12-18T16:30:33+08:00 ] 127.0.0.1 /tongxun/index.php/Home/Index/login
INFO: [ app_init ] --START--
INFO: Run Behavior\BuildLiteBehavior [ RunTime:0.000080s ]
INFO: [ app_init ] --END-- [ RunTime:0.001579s ]
INFO: [ app_begin ] --START--
INFO: Run Behavior\ReadHtmlCacheBehavior [ RunTime:0.002043s ]
INFO: [ app_begin ] --END-- [ RunTime:0.002352s ]
NOTIC: [8] Undefined index: user F:\wamp\www\tongxun\Application\Home\Controller\IndexController.class.php 第 9 行.
SQL: SHOW COLUMNS FROM `a_user` [ RunTime:0.5384s ]
SQL: SELECT * FROM `a_user` WHERE `tel` = '13333333333' AND `password` = 'test' AND `status` = 1 LIMIT 1   [ RunTime:0.0196s ]
INFO: [ view_parse ] --START--
INFO: [ template_filter ] --START--
INFO: Run Behavior\ContentReplaceBehavior [ RunTime:0.000169s ]
INFO: [ template_filter ] --END-- [ RunTime:0.000436s ]
INFO: Run Behavior\ParseTemplateBehavior [ RunTime:0.072297s ]
INFO: [ view_parse ] --END-- [ RunTime:0.072669s ]
INFO: [ view_filter ] --START--
INFO: Run Behavior\WriteHtmlCacheBehavior [ RunTime:0.001304s ]
INFO: [ view_filter ] --END-- [ RunTime:0.001533s ]

[ 2017-12-18T16:30:49+08:00 ] 127.0.0.1 /tongxun/index.php/Home/Index/login
INFO: [ app_init ] --START--
INFO: Run Behavior\BuildLiteBehavior [ RunTime:0.000113s ]
INFO: [ app_init ] --END-- [ RunTime:0.002106s ]
INFO: [ app_begin ] --START--
INFO: Run Behavior\ReadHtmlCacheBehavior [ RunTime:0.002053s ]
INFO: [ app_begin ] --END-- [ RunTime:0.002369s ]
NOTIC: [8] Undefined index: user F:\wamp\www\tongxun\Application\Home\Controller\IndexController.class.php 第 9 行.
SQL: SHOW COLUMNS FROM `a_user` [ RunTime:0.0144s ]
SQL: SELECT * FROM `a_user` WHERE `tel` = '13333333333' AND `password` = 'test' AND `status` = 1 LIMIT 1   [ RunTime:0.0012s ]
INFO: [ view_parse ] --START--
INFO: [ template_filter ] --START--
INFO: Run Behavior\ContentReplaceBehavior [ RunTime:0.000170s ]
INFO: [ template_filter ] --END-- [ RunTime:0.000452s ]
INFO: Run Behavior\ParseTemplateBehavior [ RunTime:0.021266s ]
INFO: [ view_parse ] --END-- [ RunTime:0.021590s ]
INFO: [ view_filter ] --START--
INFO: Run Behavior\WriteHtmlCacheBehavior [ RunTime:0.001314s ]
INFO: [ view_filter ] --END-- [ RunTime:0.001582s ]

[ 2017-12-18T16:30:59+08:00 ] 127.0.0.1 /tongxun/index.php/Home/Index/login
INFO: [ app_init ] --START--
INFO: Run Behavior\BuildLiteBehavior [ RunTime:0.000086s ]
INFO: [ app_init ] --END-- [ RunTime:0.002505s ]
INFO: [ app_begin ] --START--
INFO: Run Behavior\ReadHtmlCacheBehavior [ RunTime:0.001868s ]
INFO: [ app_begin ] --END-- [ RunTime:0.002192s ]
NOTIC: [8] Undefined index: user F:\wamp\www\tongxun\Application\Home\Controller\IndexController.class.php 第 9 行.
SQL: SHOW COLUMNS FROM `a_user` [ RunTime:0.0119s ]
SQL: SELECT * FROM `a_user` WHERE `tel` = '11111' AND `password` = 'test1' AND `status` = 1 LIMIT 1   [ RunTime:0.0015s ]
INFO: [ view_parse ] --START--
INFO: [ template_filter ] --START--
INFO: Run Behavior\ContentReplaceBehavior [ RunTime:0.000172s ]
INFO: [ template_filter ] --END-- [ RunTime:0.000453s ]
INFO: Run Behavior\ParseTemplateBehavior [ RunTime:0.021883s ]
INFO: [ view_parse ] --END-- [ RunTime:0.022199s ]
INFO: [ view_filter ] --START--
INFO: Run Behavior\WriteHtmlCacheBehavior [ RunTime:0.001068s ]
INFO: [ view_filter ] --END-- [ RunTime:0.001312s ]

[ 2017-12-18T16:32:58+08:00 ] 127.0.0.1 /tongxun/index.php/Home/Index/login
INFO: [ app_init ] --START--
INFO: Run Behavior\BuildLiteBehavior [ RunTime:0.000066s ]
INFO: [ app_init ] --END-- [ RunTime:0.001368s ]
INFO: [ app_begin ] --START--
INFO: Run Behavior\ReadHtmlCacheBehavior [ RunTime:0.003196s ]
INFO: [ app_begin ] --END-- [ RunTime:0.003567s ]
NOTIC: [8] Undefined index: user F:\wamp\www\tongxun\Application\Home\Controller\IndexController.class.php 第 9 行.
SQL: SHOW COLUMNS FROM `a_user` [ RunTime:0.0119s ]
SQL: SELECT * FROM `a_user` WHERE `tel` = 'test' AND `password` = 'test' AND `status` = 1 LIMIT 1   [ RunTime:0.0009s ]
INFO: [ view_parse ] --START--
INFO: [ template_filter ] --START--
INFO: Run Behavior\ContentReplaceBehavior [ RunTime:0.000167s ]
INFO: [ template_filter ] --END-- [ RunTime:0.000427s ]
INFO: Run Behavior\ParseTemplateBehavior [ RunTime:0.023039s ]
INFO: [ view_parse ] --END-- [ RunTime:0.023354s ]
INFO: [ view_filter ] --START--
INFO: Run Behavior\WriteHtmlCacheBehavior [ RunTime:0.001755s ]
INFO: [ view_filter ] --END-- [ RunTime:0.002051s ]

[ 2017-12-18T16:33:26+08:00 ] 127.0.0.1 /tongxun/index.php/Home/Index/login
INFO: [ app_init ] --START--
INFO: Run Behavior\BuildLiteBehavior [ RunTime:0.000074s ]
INFO: [ app_init ] --END-- [ RunTime:0.002455s ]
INFO: [ app_begin ] --START--
INFO: Run Behavior\ReadHtmlCacheBehavior [ RunTime:0.002056s ]
INFO: [ app_begin ] --END-- [ RunTime:0.002348s ]
NOTIC: [8] Undefined index: user F:\wamp\www\tongxun\Application\Home\Controller\IndexController.class.php 第 9 行.
SQL: SHOW COLUMNS FROM `a_user` [ RunTime:0.0118s ]
SQL: SELECT * FROM `a_user` WHERE `tel` = '123' AND `password` = '123' AND `status` = 1 LIMIT 1   [ RunTime:0.0013s ]
INFO: [ view_parse ] --START--
INFO: [ template_filter ] --START--
INFO: Run Behavior\ContentReplaceBehavior [ RunTime:0.000163s ]
INFO: [ template_filter ] --END-- [ RunTime:0.000418s ]
INFO: Run Behavior\ParseTemplateBehavior [ RunTime:0.020697s ]
INFO: [ view_parse ] --END-- [ RunTime:0.020961s ]
INFO: [ view_filter ] --START--
INFO: Run Behavior\WriteHtmlCacheBehavior [ RunTime:0.001335s ]
INFO: [ view_filter ] --END-- [ RunTime:0.001576s ]

[ 2017-12-18T16:33:33+08:00 ] 127.0.0.1 /tongxun/index.php/Home/Index/index.html
INFO: [ app_init ] --START--
INFO: Run Behavior\BuildLiteBehavior [ RunTime:0.000068s ]
INFO: [ app_init ] --END-- [ RunTime:0.001468s ]
INFO: [ app_begin ] --START--
INFO: Run Behavior\ReadHtmlCacheBehavior [ RunTime:0.001952s ]
INFO: [ app_begin ] --END-- [ RunTime:0.002213s ]
SQL: SHOW COLUMNS FROM `a_log` [ RunTime:0.0102s ]
SQL: INSERT INTO `a_log` (`uid`,`action`,`ctime`) VALUES ('23','index','2017-12-18 16:33:32') [ RunTime:0.1976s ]
SQL: SHOW COLUMNS FROM `a_user` [ RunTime:0.0117s ]
SQL: SELECT a.*,b.title FROM a_user a left join a_bumen b on b.id = a.bumen  WHERE ( a.status >0 and a.id != 23 )  [ RunTime:0.0382s ]
INFO: [ view_parse ] --START--
INFO: [ template_filter ] --START--
INFO: Run Behavior\ContentReplaceBehavior [ RunTime:0.000335s ]
INFO: [ template_filter ] --END-- [ RunTime:0.000644s ]
INFO: Run Behavior\ParseTemplateBehavior [ RunTime:0.141008s ]
INFO: [ view_parse ] --END-- [ RunTime:0.141325s ]
INFO: [ view_filter ] --START--
INFO: Run Behavior\WriteHtmlCacheBehavior [ RunTime:0.001311s ]
INFO: [ view_filter ] --END-- [ RunTime:0.001537s ]
INFO: [ app_end ] --START--
INFO: Run Behavior\ShowPageTraceBehavior [ RunTime:0.001999s ]
INFO: [ app_end ] --END-- [ RunTime:0.002252s ]

[ 2017-12-18T16:36:25+08:00 ] 127.0.0.1 /tongxun/index.php/Home/Index/index.html
INFO: [ app_init ] --START--
INFO: Run Behavior\BuildLiteBehavior [ RunTime:0.000077s ]
INFO: [ app_init ] --END-- [ RunTime:0.001627s ]
INFO: [ app_begin ] --START--
INFO: Run Behavior\ReadHtmlCacheBehavior [ RunTime:0.001836s ]
INFO: [ app_begin ] --END-- [ RunTime:0.002102s ]
SQL: SHOW COLUMNS FROM `a_log` [ RunTime:0.0100s ]
SQL: INSERT INTO `a_log` (`uid`,`action`,`ctime`) VALUES ('23','index','2017-12-18 16:36:25') [ RunTime:0.0584s ]
SQL: SHOW COLUMNS FROM `a_user` [ RunTime:0.0111s ]
SQL: SELECT a.*,b.title FROM a_user a left join a_bumen b on b.id = a.bumen  WHERE ( a.status >0 and a.id != 23 )  [ RunTime:0.0012s ]
INFO: [ view_parse ] --START--
INFO: [ template_filter ] --START--
INFO: Run Behavior\ContentReplaceBehavior [ RunTime:0.000313s ]
INFO: [ template_filter ] --END-- [ RunTime:0.000573s ]
INFO: Run Behavior\ParseTemplateBehavior [ RunTime:0.029409s ]
INFO: [ view_parse ] --END-- [ RunTime:0.029701s ]
INFO: [ view_filter ] --START--
INFO: Run Behavior\WriteHtmlCacheBehavior [ RunTime:0.001385s ]
INFO: [ view_filter ] --END-- [ RunTime:0.001637s ]
INFO: [ app_end ] --START--
INFO: Run Behavior\ShowPageTraceBehavior [ RunTime:0.001738s ]
INFO: [ app_end ] --END-- [ RunTime:0.001982s ]

[ 2017-12-18T16:37:00+08:00 ] 127.0.0.1 /tongxun/index.php/Home/Index/index.html
INFO: [ app_init ] --START--
INFO: Run Behavior\BuildLiteBehavior [ RunTime:0.000060s ]
INFO: [ app_init ] --END-- [ RunTime:0.001419s ]
INFO: [ app_begin ] --START--
INFO: Run Behavior\ReadHtmlCacheBehavior [ RunTime:0.002009s ]
INFO: [ app_begin ] --END-- [ RunTime:0.002272s ]
SQL: SHOW COLUMNS FROM `a_log` [ RunTime:0.0105s ]
SQL: INSERT INTO `a_log` (`uid`,`action`,`ctime`) VALUES ('23','index','2017-12-18 16:37:00') [ RunTime:0.0116s ]
SQL: SHOW COLUMNS FROM `a_user` [ RunTime:0.0099s ]
SQL: SELECT a.*,b.title FROM a_user a left join a_bumen b on b.id = a.bumen  WHERE ( a.status >0 and a.id != 23 )  [ RunTime:0.0015s ]
INFO: [ view_parse ] --START--
INFO: [ template_filter ] --START--
INFO: Run Behavior\ContentReplaceBehavior [ RunTime:0.000335s ]
INFO: [ template_filter ] --END-- [ RunTime:0.000616s ]
INFO: Run Behavior\ParseTemplateBehavior [ RunTime:0.030342s ]
INFO: [ view_parse ] --END-- [ RunTime:0.030625s ]
INFO: [ view_filter ] --START--
INFO: Run Behavior\WriteHtmlCacheBehavior [ RunTime:0.001405s ]
INFO: [ view_filter ] --END-- [ RunTime:0.001624s ]
INFO: [ app_end ] --START--
INFO: Run Behavior\ShowPageTraceBehavior [ RunTime:0.001813s ]
INFO: [ app_end ] --END-- [ RunTime:0.002074s ]

[ 2017-12-18T16:37:03+08:00 ] 127.0.0.1 /tongxun/index.php/Home/Index/index.html
INFO: [ app_init ] --START--
INFO: Run Behavior\BuildLiteBehavior [ RunTime:0.000072s ]
INFO: [ app_init ] --END-- [ RunTime:0.001419s ]
INFO: [ app_begin ] --START--
INFO: Run Behavior\ReadHtmlCacheBehavior [ RunTime:0.001857s ]
INFO: [ app_begin ] --END-- [ RunTime:0.002127s ]
SQL: SHOW COLUMNS FROM `a_log` [ RunTime:0.0097s ]
SQL: INSERT INTO `a_log` (`uid`,`action`,`ctime`) VALUES ('23','index','2017-12-18 16:37:03') [ RunTime:0.0030s ]
SQL: SHOW COLUMNS FROM `a_user` [ RunTime:0.0104s ]
SQL: SELECT a.*,b.title FROM a_user a left join a_bumen b on b.id = a.bumen  WHERE ( a.status >0 and a.id != 23 )  [ RunTime:0.0011s ]
INFO: [ view_parse ] --START--
INFO: [ template_filter ] --START--
INFO: Run Behavior\ContentReplaceBehavior [ RunTime:0.000479s ]
INFO: [ template_filter ] --END-- [ RunTime:0.000737s ]
INFO: Run Behavior\ParseTemplateBehavior [ RunTime:0.028997s ]
INFO: [ view_parse ] --END-- [ RunTime:0.029270s ]
INFO: [ view_filter ] --START--
INFO: Run Behavior\WriteHtmlCacheBehavior [ RunTime:0.001056s ]
INFO: [ view_filter ] --END-- [ RunTime:0.001285s ]
INFO: [ app_end ] --START--
INFO: Run Behavior\ShowPageTraceBehavior [ RunTime:0.001598s ]
INFO: [ app_end ] --END-- [ RunTime:0.001831s ]

[ 2017-12-18T16:37:16+08:00 ] 127.0.0.1 /tongxun/index.php/Home/Index/index.html
INFO: [ app_init ] --START--
INFO: Run Behavior\BuildLiteBehavior [ RunTime:0.000140s ]
INFO: [ app_init ] --END-- [ RunTime:0.001393s ]
INFO: [ app_begin ] --START--
INFO: Run Behavior\ReadHtmlCacheBehavior [ RunTime:0.002019s ]
INFO: [ app_begin ] --END-- [ RunTime:0.002282s ]
SQL: SHOW COLUMNS FROM `a_log` [ RunTime:0.0097s ]
SQL: INSERT INTO `a_log` (`uid`,`action`,`ctime`) VALUES ('23','index','2017-12-18 16:37:16') [ RunTime:0.0584s ]
SQL: SHOW COLUMNS FROM `a_user` [ RunTime:0.0101s ]
SQL: SELECT a.*,b.title FROM a_user a left join a_bumen b on b.id = a.bumen  WHERE ( a.status >0 and a.id != 23 )  [ RunTime:0.0012s ]
INFO: [ view_parse ] --START--
INFO: [ template_filter ] --START--
INFO: Run Behavior\ContentReplaceBehavior [ RunTime:0.000324s ]
INFO: [ template_filter ] --END-- [ RunTime:0.000588s ]
INFO: Run Behavior\ParseTemplateBehavior [ RunTime:0.029187s ]
INFO: [ view_parse ] --END-- [ RunTime:0.029481s ]
INFO: [ view_filter ] --START--
INFO: Run Behavior\WriteHtmlCacheBehavior [ RunTime:0.001381s ]
INFO: [ view_filter ] --END-- [ RunTime:0.001620s ]
INFO: [ app_end ] --START--
INFO: Run Behavior\ShowPageTraceBehavior [ RunTime:0.002340s ]
INFO: [ app_end ] --END-- [ RunTime:0.002625s ]

[ 2017-12-18T16:39:36+08:00 ] 127.0.0.1 /tongxun/index.php/Home/Index/form_validate.html
INFO: [ app_init ] --START--
INFO: Run Behavior\BuildLiteBehavior [ RunTime:0.000069s ]
INFO: [ app_init ] --END-- [ RunTime:0.001455s ]
INFO: [ app_begin ] --START--
INFO: Run Behavior\ReadHtmlCacheBehavior [ RunTime:0.001900s ]
INFO: [ app_begin ] --END-- [ RunTime:0.002205s ]
SQL: SHOW COLUMNS FROM `a_log` [ RunTime:0.0107s ]
SQL: INSERT INTO `a_log` (`uid`,`action`,`ctime`) VALUES ('23','form_validate','2017-12-18 16:39:36') [ RunTime:0.0310s ]
SQL: SHOW COLUMNS FROM `a_user` [ RunTime:0.0104s ]
SQL: UPDATE `a_user` SET `username`='用户1',`email`='yh1@qq.com',`tel`='13333333333',`ctime`='2017-12-18 16:39:36' WHERE `id` = 23 [ RunTime:0.1301s ]
INFO: [ view_parse ] --START--
INFO: [ template_filter ] --START--
INFO: Run Behavior\ContentReplaceBehavior [ RunTime:0.000178s ]
INFO: [ template_filter ] --END-- [ RunTime:0.000446s ]
INFO: Run Behavior\ParseTemplateBehavior [ RunTime:0.019511s ]
INFO: [ view_parse ] --END-- [ RunTime:0.019805s ]
INFO: [ view_filter ] --START--
INFO: Run Behavior\WriteHtmlCacheBehavior [ RunTime:0.001183s ]
INFO: [ view_filter ] --END-- [ RunTime:0.001454s ]

[ 2017-12-18T16:40:15+08:00 ] 127.0.0.1 /tongxun/index.php/Home/Index/form_basic.html
INFO: [ app_init ] --START--
INFO: Run Behavior\BuildLiteBehavior [ RunTime:0.000073s ]
INFO: [ app_init ] --END-- [ RunTime:0.001299s ]
INFO: [ app_begin ] --START--
INFO: Run Behavior\ReadHtmlCacheBehavior [ RunTime:0.001678s ]
INFO: [ app_begin ] --END-- [ RunTime:0.001938s ]
SQL: SHOW COLUMNS FROM `a_log` [ RunTime:0.0096s ]
SQL: INSERT INTO `a_log` (`uid`,`action`,`ctime`) VALUES ('23','form_basic','2017-12-18 16:40:15') [ RunTime:0.0630s ]
INFO: [ view_parse ] --START--
INFO: [ template_filter ] --START--
INFO: Run Behavior\ContentReplaceBehavior [ RunTime:0.000298s ]
INFO: [ template_filter ] --END-- [ RunTime:0.000565s ]
INFO: Run Behavior\ParseTemplateBehavior [ RunTime:0.041352s ]
INFO: [ view_parse ] --END-- [ RunTime:0.041652s ]
INFO: [ view_filter ] --START--
INFO: Run Behavior\WriteHtmlCacheBehavior [ RunTime:0.001053s ]
INFO: [ view_filter ] --END-- [ RunTime:0.001274s ]
INFO: [ app_end ] --START--
INFO: Run Behavior\ShowPageTraceBehavior [ RunTime:0.001945s ]
INFO: [ app_end ] --END-- [ RunTime:0.002200s ]

[ 2017-12-18T16:40:19+08:00 ] 127.0.0.1 /tongxun/index.php/Home/Index/form_validate.html
INFO: [ app_init ] --START--
INFO: Run Behavior\BuildLiteBehavior [ RunTime:0.000067s ]
INFO: [ app_init ] --END-- [ RunTime:0.001276s ]
INFO: [ app_begin ] --START--
INFO: Run Behavior\ReadHtmlCacheBehavior [ RunTime:0.001671s ]
INFO: [ app_begin ] --END-- [ RunTime:0.001925s ]
SQL: SHOW COLUMNS FROM `a_log` [ RunTime:0.0096s ]
SQL: INSERT INTO `a_log` (`uid`,`action`,`ctime`) VALUES ('23','form_validate','2017-12-18 16:40:19') [ RunTime:0.0022s ]
SQL: SHOW COLUMNS FROM `a_user` [ RunTime:0.0105s ]
SQL: SELECT a.*,b.title FROM a_user a left join a_bumen b on b.id = a.bumen  WHERE a.id = '23' LIMIT 1   [ RunTime:0.0255s ]
INFO: [ view_parse ] --START--
INFO: [ template_filter ] --START--
INFO: Run Behavior\ContentReplaceBehavior [ RunTime:0.000360s ]
INFO: [ template_filter ] --END-- [ RunTime:0.000629s ]
INFO: Run Behavior\ParseTemplateBehavior [ RunTime:0.034882s ]
INFO: [ view_parse ] --END-- [ RunTime:0.035166s ]
INFO: [ view_filter ] --START--
INFO: Run Behavior\WriteHtmlCacheBehavior [ RunTime:0.001169s ]
INFO: [ view_filter ] --END-- [ RunTime:0.001419s ]
INFO: [ app_end ] --START--
INFO: Run Behavior\ShowPageTraceBehavior [ RunTime:0.001693s ]
INFO: [ app_end ] --END-- [ RunTime:0.001937s ]

