[ 2018-03-21T15:03:53+08:00 ] 127.0.0.1 /tongxun/index.php
INFO: [ app_init ] --START--
INFO: Run Behavior\BuildLiteBehavior [ RunTime:0.000058s ]
INFO: [ app_init ] --END-- [ RunTime:0.001645s ]
INFO: [ app_begin ] --START--
INFO: Run Behavior\ReadHtmlCacheBehavior [ RunTime:0.006355s ]
INFO: [ app_begin ] --END-- [ RunTime:0.006830s ]
NOTIC: [8] Undefined index: user F:\wamp\www\tongxun\Application\Home\Controller\IndexController.class.php 第 9 行.
NOTIC: [8] Undefined index: user F:\wamp\www\tongxun\Application\Home\Controller\IndexController.class.php 第 22 行.
INFO: [ view_parse ] --START--
INFO: [ template_filter ] --START--
INFO: Run Behavior\ContentReplaceBehavior [ RunTime:0.000159s ]
INFO: [ template_filter ] --END-- [ RunTime:0.000414s ]
INFO: Run Behavior\ParseTemplateBehavior [ RunTime:0.043845s ]
INFO: [ view_parse ] --END-- [ RunTime:0.044106s ]
INFO: [ view_filter ] --START--
INFO: Run Behavior\WriteHtmlCacheBehavior [ RunTime:0.002740s ]
INFO: [ view_filter ] --END-- [ RunTime:0.002953s ]

[ 2018-03-21T15:03:57+08:00 ] 127.0.0.1 /tongxun/index.php/Home/index/login.html
INFO: [ app_init ] --START--
INFO: Run Behavior\BuildLiteBehavior [ RunTime:0.000062s ]
INFO: [ app_init ] --END-- [ RunTime:0.001667s ]
INFO: [ app_begin ] --START--
INFO: Run Behavior\ReadHtmlCacheBehavior [ RunTime:0.003606s ]
INFO: [ app_begin ] --END-- [ RunTime:0.004071s ]
NOTIC: [8] Undefined index: user F:\wamp\www\tongxun\Application\Home\Controller\IndexController.class.php 第 9 行.
INFO: [ view_parse ] --START--
INFO: [ template_filter ] --START--
INFO: Run Behavior\ContentReplaceBehavior [ RunTime:0.000196s ]
INFO: [ template_filter ] --END-- [ RunTime:0.000462s ]
INFO: Run Behavior\ParseTemplateBehavior [ RunTime:0.025571s ]
INFO: [ view_parse ] --END-- [ RunTime:0.025870s ]
INFO: [ view_filter ] --START--
INFO: Run Behavior\WriteHtmlCacheBehavior [ RunTime:0.002680s ]
INFO: [ view_filter ] --END-- [ RunTime:0.002897s ]
INFO: [ app_end ] --START--
INFO: Run Behavior\ShowPageTraceBehavior [ RunTime:0.003270s ]
INFO: [ app_end ] --END-- [ RunTime:0.003490s ]

[ 2018-03-21T15:04:05+08:00 ] 127.0.0.1 /tongxun/index.php/Home/Index/login
INFO: [ app_init ] --START--
INFO: Run Behavior\BuildLiteBehavior [ RunTime:0.000059s ]
INFO: [ app_init ] --END-- [ RunTime:0.001699s ]
INFO: [ app_begin ] --START--
INFO: Run Behavior\ReadHtmlCacheBehavior [ RunTime:0.004165s ]
INFO: [ app_begin ] --END-- [ RunTime:0.004513s ]
NOTIC: [8] Undefined index: user F:\wamp\www\tongxun\Application\Home\Controller\IndexController.class.php 第 9 行.
SQL: SHOW COLUMNS FROM `a_user` [ RunTime:0.0115s ]
SQL: SELECT * FROM `a_user` WHERE `tel` = '18323314676' AND `password` = '11111' AND `status` = 1 LIMIT 1   [ RunTime:0.0010s ]
INFO: [ view_parse ] --START--
INFO: [ template_filter ] --START--
INFO: Run Behavior\ContentReplaceBehavior [ RunTime:0.000163s ]
INFO: [ template_filter ] --END-- [ RunTime:0.000418s ]
INFO: Run Behavior\ParseTemplateBehavior [ RunTime:0.024668s ]
INFO: [ view_parse ] --END-- [ RunTime:0.024955s ]
INFO: [ view_filter ] --START--
INFO: Run Behavior\WriteHtmlCacheBehavior [ RunTime:0.002668s ]
INFO: [ view_filter ] --END-- [ RunTime:0.002887s ]

[ 2018-03-21T15:05:19+08:00 ] 127.0.0.1 /tongxun/index.php/Home/Index/login
INFO: [ app_init ] --START--
INFO: Run Behavior\BuildLiteBehavior [ RunTime:0.000067s ]
INFO: [ app_init ] --END-- [ RunTime:0.001567s ]
INFO: [ app_begin ] --START--
INFO: Run Behavior\ReadHtmlCacheBehavior [ RunTime:0.002127s ]
INFO: [ app_begin ] --END-- [ RunTime:0.002375s ]
NOTIC: [8] Undefined index: user F:\wamp\www\tongxun\Application\Home\Controller\IndexController.class.php 第 9 行.
SQL: SHOW COLUMNS FROM `a_user` [ RunTime:0.0125s ]
SQL: SELECT * FROM `a_user` WHERE `tel` = '18623358906' AND `password` = '12345' AND `status` = 1 LIMIT 1   [ RunTime:0.0015s ]
INFO: [ view_parse ] --START--
INFO: [ template_filter ] --START--
INFO: Run Behavior\ContentReplaceBehavior [ RunTime:0.000173s ]
INFO: [ template_filter ] --END-- [ RunTime:0.000510s ]
INFO: Run Behavior\ParseTemplateBehavior [ RunTime:0.021797s ]
INFO: [ view_parse ] --END-- [ RunTime:0.022046s ]
INFO: [ view_filter ] --START--
INFO: Run Behavior\WriteHtmlCacheBehavior [ RunTime:0.001433s ]
INFO: [ view_filter ] --END-- [ RunTime:0.001642s ]

[ 2018-03-21T15:05:21+08:00 ] 127.0.0.1 /tongxun/index.php/Home/index/index.html
INFO: [ app_init ] --START--
INFO: Run Behavior\BuildLiteBehavior [ RunTime:0.000064s ]
INFO: [ app_init ] --END-- [ RunTime:0.001433s ]
INFO: [ app_begin ] --START--
INFO: Run Behavior\ReadHtmlCacheBehavior [ RunTime:0.002187s ]
INFO: [ app_begin ] --END-- [ RunTime:0.002440s ]
SQL: SHOW COLUMNS FROM `a_log` [ RunTime:0.0579s ]
SQL: INSERT INTO `a_log` (`uid`,`action`,`ctime`) VALUES ('26','index','2018-03-21 15:05:21') [ RunTime:0.0025s ]
SQL: SHOW COLUMNS FROM `a_user` [ RunTime:0.0132s ]
SQL: SELECT a.*,b.title FROM a_user a left join a_bumen b on b.id = a.bumen  WHERE ( a.status >0 and a.id != 26 )  [ RunTime:0.0203s ]
INFO: [ view_parse ] --START--
INFO: [ template_filter ] --START--
INFO: Run Behavior\ContentReplaceBehavior [ RunTime:0.000350s ]
INFO: [ template_filter ] --END-- [ RunTime:0.000651s ]
INFO: Run Behavior\ParseTemplateBehavior [ RunTime:0.042726s ]
INFO: [ view_parse ] --END-- [ RunTime:0.043057s ]
INFO: [ view_filter ] --START--
INFO: Run Behavior\WriteHtmlCacheBehavior [ RunTime:0.001929s ]
INFO: [ view_filter ] --END-- [ RunTime:0.002206s ]
INFO: [ app_end ] --START--
INFO: Run Behavior\ShowPageTraceBehavior [ RunTime:0.002085s ]
INFO: [ app_end ] --END-- [ RunTime:0.002314s ]

[ 2018-03-21T15:05:44+08:00 ] 127.0.0.1 /tongxun/index.php/Home/Index/form_validate.html
INFO: [ app_init ] --START--
INFO: Run Behavior\BuildLiteBehavior [ RunTime:0.000066s ]
INFO: [ app_init ] --END-- [ RunTime:0.001359s ]
INFO: [ app_begin ] --START--
INFO: Run Behavior\ReadHtmlCacheBehavior [ RunTime:0.001858s ]
INFO: [ app_begin ] --END-- [ RunTime:0.002108s ]
SQL: SHOW COLUMNS FROM `a_log` [ RunTime:0.0110s ]
SQL: INSERT INTO `a_log` (`uid`,`action`,`ctime`) VALUES ('26','form_validate','2018-03-21 15:05:44') [ RunTime:0.0059s ]
SQL: SHOW COLUMNS FROM `a_user` [ RunTime:0.0116s ]
SQL: SELECT a.*,b.title FROM a_user a left join a_bumen b on b.id = a.bumen  WHERE a.id = '26' LIMIT 1   [ RunTime:0.0011s ]
INFO: [ view_parse ] --START--
INFO: [ template_filter ] --START--
INFO: Run Behavior\ContentReplaceBehavior [ RunTime:0.000379s ]
INFO: [ template_filter ] --END-- [ RunTime:0.000720s ]
INFO: Run Behavior\ParseTemplateBehavior [ RunTime:0.082076s ]
INFO: [ view_parse ] --END-- [ RunTime:0.082455s ]
INFO: [ view_filter ] --START--
INFO: Run Behavior\WriteHtmlCacheBehavior [ RunTime:0.001171s ]
INFO: [ view_filter ] --END-- [ RunTime:0.001385s ]
INFO: [ app_end ] --START--
INFO: Run Behavior\ShowPageTraceBehavior [ RunTime:0.001722s ]
INFO: [ app_end ] --END-- [ RunTime:0.001939s ]

[ 2018-03-21T15:06:09+08:00 ] 127.0.0.1 /tongxun/index.php/Home/Index/form_validate.html
INFO: [ app_init ] --START--
INFO: Run Behavior\BuildLiteBehavior [ RunTime:0.000058s ]
INFO: [ app_init ] --END-- [ RunTime:0.001215s ]
INFO: [ app_begin ] --START--
INFO: Run Behavior\ReadHtmlCacheBehavior [ RunTime:0.002139s ]
INFO: [ app_begin ] --END-- [ RunTime:0.002456s ]
SQL: SHOW COLUMNS FROM `a_log` [ RunTime:0.0116s ]
SQL: INSERT INTO `a_log` (`uid`,`action`,`ctime`) VALUES ('26','form_validate','2018-03-21 15:06:08') [ RunTime:0.0026s ]
NOTIC: [2] call_user_func() expects parameter 1 to be a valid callback, no array or string given F:\wamp\www\tongxun\ThinkPHP\Library\Think\Upload.class.php 第 170 行.
SQL: SHOW COLUMNS FROM `a_user` [ RunTime:0.0108s ]
SQL: UPDATE `a_user` SET `username`='wwww',`email`='wwww@163.com',`tel`='18623358906',`ctime`='2018-03-21 15:06:08',`touxiang`='./Uploads/2018-03-21/5ab20460e958e.jpg' WHERE `id` = 26 [ RunTime:0.1595s ]
INFO: [ view_parse ] --START--
INFO: [ template_filter ] --START--
INFO: Run Behavior\ContentReplaceBehavior [ RunTime:0.000195s ]
INFO: [ template_filter ] --END-- [ RunTime:0.000497s ]
INFO: Run Behavior\ParseTemplateBehavior [ RunTime:0.028468s ]
INFO: [ view_parse ] --END-- [ RunTime:0.028812s ]
INFO: [ view_filter ] --START--
INFO: Run Behavior\WriteHtmlCacheBehavior [ RunTime:0.001465s ]
INFO: [ view_filter ] --END-- [ RunTime:0.001692s ]

[ 2018-03-21T15:06:10+08:00 ] 127.0.0.1 /tongxun/index.php/Home/index/form_validate.html
INFO: [ app_init ] --START--
INFO: Run Behavior\BuildLiteBehavior [ RunTime:0.000060s ]
INFO: [ app_init ] --END-- [ RunTime:0.001237s ]
INFO: [ app_begin ] --START--
INFO: Run Behavior\ReadHtmlCacheBehavior [ RunTime:0.001986s ]
INFO: [ app_begin ] --END-- [ RunTime:0.002240s ]
SQL: SHOW COLUMNS FROM `a_log` [ RunTime:0.0099s ]
SQL: INSERT INTO `a_log` (`uid`,`action`,`ctime`) VALUES ('26','form_validate','2018-03-21 15:06:10') [ RunTime:0.0018s ]
SQL: SHOW COLUMNS FROM `a_user` [ RunTime:0.0104s ]
SQL: SELECT a.*,b.title FROM a_user a left join a_bumen b on b.id = a.bumen  WHERE a.id = '26' LIMIT 1   [ RunTime:0.0010s ]
INFO: [ view_parse ] --START--
INFO: [ template_filter ] --START--
INFO: Run Behavior\ContentReplaceBehavior [ RunTime:0.000368s ]
INFO: [ template_filter ] --END-- [ RunTime:0.000699s ]
INFO: Run Behavior\ParseTemplateBehavior [ RunTime:0.026791s ]
INFO: [ view_parse ] --END-- [ RunTime:0.027055s ]
INFO: [ view_filter ] --START--
INFO: Run Behavior\WriteHtmlCacheBehavior [ RunTime:0.001432s ]
INFO: [ view_filter ] --END-- [ RunTime:0.001680s ]
INFO: [ app_end ] --START--
INFO: Run Behavior\ShowPageTraceBehavior [ RunTime:0.002257s ]
INFO: [ app_end ] --END-- [ RunTime:0.002513s ]

[ 2018-03-21T15:06:13+08:00 ] 127.0.0.1 /tongxun/index.php/Home/Index/table_complete.html
INFO: [ app_init ] --START--
INFO: Run Behavior\BuildLiteBehavior [ RunTime:0.000058s ]
INFO: [ app_init ] --END-- [ RunTime:0.001251s ]
INFO: [ app_begin ] --START--
INFO: Run Behavior\ReadHtmlCacheBehavior [ RunTime:0.002085s ]
INFO: [ app_begin ] --END-- [ RunTime:0.002402s ]
SQL: SHOW COLUMNS FROM `a_log` [ RunTime:0.0100s ]
SQL: INSERT INTO `a_log` (`uid`,`action`,`ctime`) VALUES ('26','table_complete','2018-03-21 15:06:13') [ RunTime:0.0019s ]
SQL: SHOW COLUMNS FROM `a_common_user` [ RunTime:0.0424s ]
SQL: SELECT a.id,b.username,b.tel,a.ctime FROM a_common_user a left join a_user b on b.id = a.teluserid  WHERE a.uid = '26'  [ RunTime:0.0139s ]
INFO: [ view_parse ] --START--
INFO: [ template_filter ] --START--
INFO: Run Behavior\ContentReplaceBehavior [ RunTime:0.000378s ]
INFO: [ template_filter ] --END-- [ RunTime:0.000682s ]
INFO: Run Behavior\ParseTemplateBehavior [ RunTime:0.041896s ]
INFO: [ view_parse ] --END-- [ RunTime:0.042172s ]
INFO: [ view_filter ] --START--
INFO: Run Behavior\WriteHtmlCacheBehavior [ RunTime:0.001333s ]
INFO: [ view_filter ] --END-- [ RunTime:0.001566s ]
INFO: [ app_end ] --START--
INFO: Run Behavior\ShowPageTraceBehavior [ RunTime:0.001891s ]
INFO: [ app_end ] --END-- [ RunTime:0.002123s ]

[ 2018-03-21T15:06:15+08:00 ] 127.0.0.1 /tongxun/index.php/Home/Index/index.html
INFO: [ app_init ] --START--
INFO: Run Behavior\BuildLiteBehavior [ RunTime:0.000059s ]
INFO: [ app_init ] --END-- [ RunTime:0.001257s ]
INFO: [ app_begin ] --START--
INFO: Run Behavior\ReadHtmlCacheBehavior [ RunTime:0.001822s ]
INFO: [ app_begin ] --END-- [ RunTime:0.002054s ]
SQL: SHOW COLUMNS FROM `a_log` [ RunTime:0.0102s ]
SQL: INSERT INTO `a_log` (`uid`,`action`,`ctime`) VALUES ('26','index','2018-03-21 15:06:15') [ RunTime:0.0026s ]
SQL: SHOW COLUMNS FROM `a_user` [ RunTime:0.0101s ]
SQL: SELECT a.*,b.title FROM a_user a left join a_bumen b on b.id = a.bumen  WHERE ( a.status >0 and a.id != 26 )  [ RunTime:0.0013s ]
INFO: [ view_parse ] --START--
INFO: [ template_filter ] --START--
INFO: Run Behavior\ContentReplaceBehavior [ RunTime:0.000320s ]
INFO: [ template_filter ] --END-- [ RunTime:0.000580s ]
INFO: Run Behavior\ParseTemplateBehavior [ RunTime:0.028133s ]
INFO: [ view_parse ] --END-- [ RunTime:0.028381s ]
INFO: [ view_filter ] --START--
INFO: Run Behavior\WriteHtmlCacheBehavior [ RunTime:0.001207s ]
INFO: [ view_filter ] --END-- [ RunTime:0.001420s ]
INFO: [ app_end ] --START--
INFO: Run Behavior\ShowPageTraceBehavior [ RunTime:0.001850s ]
INFO: [ app_end ] --END-- [ RunTime:0.002078s ]

[ 2018-03-21T15:41:43+08:00 ] 127.0.0.1 /tongxun/index.php/Home/Index/form_basic.html
INFO: [ app_init ] --START--
INFO: Run Behavior\BuildLiteBehavior [ RunTime:0.000060s ]
INFO: [ app_init ] --END-- [ RunTime:0.001228s ]
INFO: [ app_begin ] --START--
INFO: Run Behavior\ReadHtmlCacheBehavior [ RunTime:0.001863s ]
INFO: [ app_begin ] --END-- [ RunTime:0.002091s ]
SQL: SHOW COLUMNS FROM `a_log` [ RunTime:0.0095s ]
SQL: INSERT INTO `a_log` (`uid`,`action`,`ctime`) VALUES ('26','form_basic','2018-03-21 15:41:43') [ RunTime:0.0055s ]
INFO: [ view_parse ] --START--
INFO: [ template_filter ] --START--
INFO: Run Behavior\ContentReplaceBehavior [ RunTime:0.000506s ]
INFO: [ template_filter ] --END-- [ RunTime:0.000961s ]
INFO: Run Behavior\ParseTemplateBehavior [ RunTime:0.105843s ]
INFO: [ view_parse ] --END-- [ RunTime:0.106270s ]
INFO: [ view_filter ] --START--
INFO: Run Behavior\WriteHtmlCacheBehavior [ RunTime:0.002558s ]
INFO: [ view_filter ] --END-- [ RunTime:0.002981s ]
INFO: [ app_end ] --START--
INFO: Run Behavior\ShowPageTraceBehavior [ RunTime:0.003837s ]
INFO: [ app_end ] --END-- [ RunTime:0.004275s ]

[ 2018-03-21T15:41:48+08:00 ] 127.0.0.1 /tongxun/index.php/Home/Index/form_basic.html
INFO: [ app_init ] --START--
INFO: Run Behavior\BuildLiteBehavior [ RunTime:0.000058s ]
INFO: [ app_init ] --END-- [ RunTime:0.001282s ]
INFO: [ app_begin ] --START--
INFO: Run Behavior\ReadHtmlCacheBehavior [ RunTime:0.001887s ]
INFO: [ app_begin ] --END-- [ RunTime:0.002131s ]
SQL: SHOW COLUMNS FROM `a_log` [ RunTime:0.0095s ]
SQL: INSERT INTO `a_log` (`uid`,`action`,`ctime`) VALUES ('26','form_basic','2018-03-21 15:41:48') [ RunTime:0.0019s ]
SQL: SHOW COLUMNS FROM `a_message` [ RunTime:0.0115s ]
SQL: INSERT INTO `a_message` (`content`,`uid`,`ctime`) VALUES ('11111111111111','26','2018-03-21 15:41:48') [ RunTime:0.0021s ]
INFO: [ view_parse ] --START--
INFO: [ template_filter ] --START--
INFO: Run Behavior\ContentReplaceBehavior [ RunTime:0.000164s ]
INFO: [ template_filter ] --END-- [ RunTime:0.000422s ]
INFO: Run Behavior\ParseTemplateBehavior [ RunTime:0.020156s ]
INFO: [ view_parse ] --END-- [ RunTime:0.020404s ]
INFO: [ view_filter ] --START--
INFO: Run Behavior\WriteHtmlCacheBehavior [ RunTime:0.001471s ]
INFO: [ view_filter ] --END-- [ RunTime:0.001721s ]

[ 2018-03-21T15:41:49+08:00 ] 127.0.0.1 /tongxun/index.php/Home/index/form_basic.html
INFO: [ app_init ] --START--
INFO: Run Behavior\BuildLiteBehavior [ RunTime:0.000057s ]
INFO: [ app_init ] --END-- [ RunTime:0.001187s ]
INFO: [ app_begin ] --START--
INFO: Run Behavior\ReadHtmlCacheBehavior [ RunTime:0.002050s ]
INFO: [ app_begin ] --END-- [ RunTime:0.002303s ]
SQL: SHOW COLUMNS FROM `a_log` [ RunTime:0.0089s ]
SQL: INSERT INTO `a_log` (`uid`,`action`,`ctime`) VALUES ('26','form_basic','2018-03-21 15:41:49') [ RunTime:0.0021s ]
INFO: [ view_parse ] --START--
INFO: [ template_filter ] --START--
INFO: Run Behavior\ContentReplaceBehavior [ RunTime:0.000372s ]
INFO: [ template_filter ] --END-- [ RunTime:0.000652s ]
INFO: Run Behavior\ParseTemplateBehavior [ RunTime:0.020726s ]
INFO: [ view_parse ] --END-- [ RunTime:0.020970s ]
INFO: [ view_filter ] --START--
INFO: Run Behavior\WriteHtmlCacheBehavior [ RunTime:0.001265s ]
INFO: [ view_filter ] --END-- [ RunTime:0.001477s ]
INFO: [ app_end ] --START--
INFO: Run Behavior\ShowPageTraceBehavior [ RunTime:0.001902s ]
INFO: [ app_end ] --END-- [ RunTime:0.002128s ]

[ 2018-03-21T15:41:54+08:00 ] 127.0.0.1 /tongxun/index.php/Home/index/form_basic.html
INFO: [ app_init ] --START--
INFO: Run Behavior\BuildLiteBehavior [ RunTime:0.000076s ]
INFO: [ app_init ] --END-- [ RunTime:0.001704s ]
INFO: [ app_begin ] --START--
INFO: Run Behavior\ReadHtmlCacheBehavior [ RunTime:0.002432s ]
INFO: [ app_begin ] --END-- [ RunTime:0.002745s ]
SQL: SHOW COLUMNS FROM `a_log` [ RunTime:0.0158s ]
SQL: INSERT INTO `a_log` (`uid`,`action`,`ctime`) VALUES ('26','form_basic','2018-03-21 15:41:54') [ RunTime:0.0028s ]
SQL: SHOW COLUMNS FROM `a_message` [ RunTime:0.0121s ]
SQL: INSERT INTO `a_message` (`content`,`uid`,`ctime`) VALUES ('aaaaaaaaaaaaaaaa','26','2018-03-21 15:41:54') [ RunTime:0.0024s ]
INFO: [ view_parse ] --START--
INFO: [ template_filter ] --START--
INFO: Run Behavior\ContentReplaceBehavior [ RunTime:0.000198s ]
INFO: [ template_filter ] --END-- [ RunTime:0.000479s ]
INFO: Run Behavior\ParseTemplateBehavior [ RunTime:0.023204s ]
INFO: [ view_parse ] --END-- [ RunTime:0.023526s ]
INFO: [ view_filter ] --START--
INFO: Run Behavior\WriteHtmlCacheBehavior [ RunTime:0.001656s ]
INFO: [ view_filter ] --END-- [ RunTime:0.001961s ]

[ 2018-03-21T15:41:55+08:00 ] 127.0.0.1 /tongxun/index.php/Home/index/form_basic.html
INFO: [ app_init ] --START--
INFO: Run Behavior\BuildLiteBehavior [ RunTime:0.000061s ]
INFO: [ app_init ] --END-- [ RunTime:0.001268s ]
INFO: [ app_begin ] --START--
INFO: Run Behavior\ReadHtmlCacheBehavior [ RunTime:0.002117s ]
INFO: [ app_begin ] --END-- [ RunTime:0.002389s ]
SQL: SHOW COLUMNS FROM `a_log` [ RunTime:0.0092s ]
SQL: INSERT INTO `a_log` (`uid`,`action`,`ctime`) VALUES ('26','form_basic','2018-03-21 15:41:55') [ RunTime:0.0056s ]
INFO: [ view_parse ] --START--
INFO: [ template_filter ] --START--
INFO: Run Behavior\ContentReplaceBehavior [ RunTime:0.000327s ]
INFO: [ template_filter ] --END-- [ RunTime:0.000623s ]
INFO: Run Behavior\ParseTemplateBehavior [ RunTime:0.022941s ]
INFO: [ view_parse ] --END-- [ RunTime:0.023201s ]
INFO: [ view_filter ] --START--
INFO: Run Behavior\WriteHtmlCacheBehavior [ RunTime:0.001321s ]
INFO: [ view_filter ] --END-- [ RunTime:0.001570s ]
INFO: [ app_end ] --START--
INFO: Run Behavior\ShowPageTraceBehavior [ RunTime:0.002365s ]
INFO: [ app_end ] --END-- [ RunTime:0.002621s ]

[ 2018-03-21T17:03:18+08:00 ] 127.0.0.1 /tongxun/index.php/Home/Index/index.html
INFO: [ app_init ] --START--
INFO: Run Behavior\BuildLiteBehavior [ RunTime:0.000071s ]
INFO: [ app_init ] --END-- [ RunTime:0.001815s ]
INFO: [ app_begin ] --START--
INFO: Run Behavior\ReadHtmlCacheBehavior [ RunTime:0.002503s ]
INFO: [ app_begin ] --END-- [ RunTime:0.002773s ]
SQL: SHOW COLUMNS FROM `a_log` [ RunTime:0.0642s ]
SQL: INSERT INTO `a_log` (`uid`,`action`,`ctime`) VALUES ('26','index','2018-03-21 17:03:17') [ RunTime:0.8340s ]
SQL: SHOW COLUMNS FROM `a_user` [ RunTime:0.0307s ]
SQL: SELECT a.*,b.title FROM a_user a left join a_bumen b on b.id = a.bumen  WHERE ( a.status >0 and a.id != 26 )  [ RunTime:0.2213s ]
INFO: [ view_parse ] --START--
INFO: [ template_filter ] --START--
INFO: Run Behavior\ContentReplaceBehavior [ RunTime:0.000581s ]
INFO: [ template_filter ] --END-- [ RunTime:0.001035s ]
INFO: Run Behavior\ParseTemplateBehavior [ RunTime:0.137179s ]
INFO: [ view_parse ] --END-- [ RunTime:0.137519s ]
INFO: [ view_filter ] --START--
INFO: Run Behavior\WriteHtmlCacheBehavior [ RunTime:0.026469s ]
INFO: [ view_filter ] --END-- [ RunTime:0.026733s ]
INFO: [ app_end ] --START--
INFO: Run Behavior\ShowPageTraceBehavior [ RunTime:0.003786s ]
INFO: [ app_end ] --END-- [ RunTime:0.004059s ]

[ 2018-03-21T17:04:14+08:00 ] 127.0.0.1 /tongxun/index.php/Home/Index/index.html
INFO: [ app_init ] --START--
INFO: Run Behavior\BuildLiteBehavior [ RunTime:0.000060s ]
INFO: [ app_init ] --END-- [ RunTime:0.001219s ]
INFO: [ app_begin ] --START--
INFO: Run Behavior\ReadHtmlCacheBehavior [ RunTime:0.001933s ]
INFO: [ app_begin ] --END-- [ RunTime:0.002183s ]
SQL: SHOW COLUMNS FROM `a_log` [ RunTime:0.0295s ]
SQL: INSERT INTO `a_log` (`uid`,`action`,`ctime`) VALUES ('26','index','2018-03-21 17:04:14') [ RunTime:0.0081s ]
SQL: SHOW COLUMNS FROM `a_user` [ RunTime:0.0132s ]
SQL: SELECT a.*,b.title FROM a_user a left join a_bumen b on b.id = a.bumen  WHERE ( a.status >0 and a.id != 26 )  [ RunTime:0.0014s ]
INFO: [ view_parse ] --START--
INFO: [ template_filter ] --START--
INFO: Run Behavior\ContentReplaceBehavior [ RunTime:0.000331s ]
INFO: [ template_filter ] --END-- [ RunTime:0.000607s ]
INFO: Run Behavior\ParseTemplateBehavior [ RunTime:0.030307s ]
INFO: [ view_parse ] --END-- [ RunTime:0.030575s ]
INFO: [ view_filter ] --START--
INFO: Run Behavior\WriteHtmlCacheBehavior [ RunTime:0.001305s ]
INFO: [ view_filter ] --END-- [ RunTime:0.001517s ]
INFO: [ app_end ] --START--
INFO: Run Behavior\ShowPageTraceBehavior [ RunTime:0.001802s ]
INFO: [ app_end ] --END-- [ RunTime:0.002015s ]

[ 2018-03-21T17:04:38+08:00 ] 127.0.0.1 /tongxun/index.php/Home/Index/table_complete.html
INFO: [ app_init ] --START--
INFO: Run Behavior\BuildLiteBehavior [ RunTime:0.000067s ]
INFO: [ app_init ] --END-- [ RunTime:0.001458s ]
INFO: [ app_begin ] --START--
INFO: Run Behavior\ReadHtmlCacheBehavior [ RunTime:0.002491s ]
INFO: [ app_begin ] --END-- [ RunTime:0.002822s ]
SQL: SHOW COLUMNS FROM `a_log` [ RunTime:0.0590s ]
SQL: INSERT INTO `a_log` (`uid`,`action`,`ctime`) VALUES ('26','table_complete','2018-03-21 17:04:37') [ RunTime:0.0216s ]
SQL: SHOW COLUMNS FROM `a_common_user` [ RunTime:0.1337s ]
SQL: SELECT a.id,b.username,b.tel,a.ctime FROM a_common_user a left join a_user b on b.id = a.teluserid  WHERE a.uid = '26'  [ RunTime:0.1349s ]
INFO: [ view_parse ] --START--
INFO: [ template_filter ] --START--
INFO: Run Behavior\ContentReplaceBehavior [ RunTime:0.000386s ]
INFO: [ template_filter ] --END-- [ RunTime:0.000672s ]
INFO: Run Behavior\ParseTemplateBehavior [ RunTime:0.154263s ]
INFO: [ view_parse ] --END-- [ RunTime:0.154550s ]
INFO: [ view_filter ] --START--
INFO: Run Behavior\WriteHtmlCacheBehavior [ RunTime:0.001543s ]
INFO: [ view_filter ] --END-- [ RunTime:0.001793s ]
INFO: [ app_end ] --START--
INFO: Run Behavior\ShowPageTraceBehavior [ RunTime:0.002003s ]
INFO: [ app_end ] --END-- [ RunTime:0.002251s ]

[ 2018-03-21T17:04:41+08:00 ] 127.0.0.1 /tongxun/index.php/Home/Index/index.html
INFO: [ app_init ] --START--
INFO: Run Behavior\BuildLiteBehavior [ RunTime:0.000057s ]
INFO: [ app_init ] --END-- [ RunTime:0.001151s ]
INFO: [ app_begin ] --START--
INFO: Run Behavior\ReadHtmlCacheBehavior [ RunTime:0.001952s ]
INFO: [ app_begin ] --END-- [ RunTime:0.002224s ]
SQL: SHOW COLUMNS FROM `a_log` [ RunTime:0.0135s ]
SQL: INSERT INTO `a_log` (`uid`,`action`,`ctime`) VALUES ('26','index','2018-03-21 17:04:41') [ RunTime:0.0276s ]
SQL: SHOW COLUMNS FROM `a_user` [ RunTime:0.0133s ]
SQL: SELECT a.*,b.title FROM a_user a left join a_bumen b on b.id = a.bumen  WHERE ( a.status >0 and a.id != 26 )  [ RunTime:0.0013s ]
INFO: [ view_parse ] --START--
INFO: [ template_filter ] --START--
INFO: Run Behavior\ContentReplaceBehavior [ RunTime:0.000314s ]
INFO: [ template_filter ] --END-- [ RunTime:0.000583s ]
INFO: Run Behavior\ParseTemplateBehavior [ RunTime:0.029961s ]
INFO: [ view_parse ] --END-- [ RunTime:0.030245s ]
INFO: [ view_filter ] --START--
INFO: Run Behavior\WriteHtmlCacheBehavior [ RunTime:0.001691s ]
INFO: [ view_filter ] --END-- [ RunTime:0.001966s ]
INFO: [ app_end ] --START--
INFO: Run Behavior\ShowPageTraceBehavior [ RunTime:0.002582s ]
INFO: [ app_end ] --END-- [ RunTime:0.002873s ]

[ 2018-03-21T17:04:44+08:00 ] 127.0.0.1 /tongxun/index.php/Home/Index/index.html
INFO: [ app_init ] --START--
INFO: Run Behavior\BuildLiteBehavior [ RunTime:0.000057s ]
INFO: [ app_init ] --END-- [ RunTime:0.001217s ]
INFO: [ app_begin ] --START--
INFO: Run Behavior\ReadHtmlCacheBehavior [ RunTime:0.002242s ]
INFO: [ app_begin ] --END-- [ RunTime:0.002528s ]
SQL: SHOW COLUMNS FROM `a_log` [ RunTime:0.0134s ]
SQL: INSERT INTO `a_log` (`uid`,`action`,`ctime`) VALUES ('26','index','2018-03-21 17:04:44') [ RunTime:0.0024s ]
SQL: SHOW COLUMNS FROM `a_user` [ RunTime:0.0338s ]
SQL: SELECT a.*,b.title FROM a_user a left join a_bumen b on b.id = a.bumen  WHERE ( a.status >0 and a.id != 26 )  [ RunTime:0.0015s ]
INFO: [ view_parse ] --START--
INFO: [ template_filter ] --START--
INFO: Run Behavior\ContentReplaceBehavior [ RunTime:0.000331s ]
INFO: [ template_filter ] --END-- [ RunTime:0.000640s ]
INFO: Run Behavior\ParseTemplateBehavior [ RunTime:0.032038s ]
INFO: [ view_parse ] --END-- [ RunTime:0.032338s ]
INFO: [ view_filter ] --START--
INFO: Run Behavior\WriteHtmlCacheBehavior [ RunTime:0.001275s ]
INFO: [ view_filter ] --END-- [ RunTime:0.001489s ]
INFO: [ app_end ] --START--
INFO: Run Behavior\ShowPageTraceBehavior [ RunTime:0.001921s ]
INFO: [ app_end ] --END-- [ RunTime:0.002163s ]

[ 2018-03-21T17:05:31+08:00 ] 127.0.0.1 /tongxun/index.php/Home/Index/form_basic.html
INFO: [ app_init ] --START--
INFO: Run Behavior\BuildLiteBehavior [ RunTime:0.000090s ]
INFO: [ app_init ] --END-- [ RunTime:0.002452s ]
INFO: [ app_begin ] --START--
INFO: Run Behavior\ReadHtmlCacheBehavior [ RunTime:0.002020s ]
INFO: [ app_begin ] --END-- [ RunTime:0.002315s ]
SQL: SHOW COLUMNS FROM `a_log` [ RunTime:0.0232s ]
SQL: INSERT INTO `a_log` (`uid`,`action`,`ctime`) VALUES ('26','form_basic','2018-03-21 17:05:31') [ RunTime:0.0130s ]
INFO: [ view_parse ] --START--
INFO: [ template_filter ] --START--
INFO: Run Behavior\ContentReplaceBehavior [ RunTime:0.000338s ]
INFO: [ template_filter ] --END-- [ RunTime:0.000673s ]
INFO: Run Behavior\ParseTemplateBehavior [ RunTime:0.042401s ]
INFO: [ view_parse ] --END-- [ RunTime:0.042687s ]
INFO: [ view_filter ] --START--
INFO: Run Behavior\WriteHtmlCacheBehavior [ RunTime:0.001321s ]
INFO: [ view_filter ] --END-- [ RunTime:0.001573s ]
INFO: [ app_end ] --START--
INFO: Run Behavior\ShowPageTraceBehavior [ RunTime:0.001774s ]
INFO: [ app_end ] --END-- [ RunTime:0.002008s ]

[ 2018-03-21T17:05:31+08:00 ] 127.0.0.1 /tongxun/index.php/Home/Index/form_basic.html
INFO: [ app_init ] --START--
INFO: Run Behavior\BuildLiteBehavior [ RunTime:0.000070s ]
INFO: [ app_init ] --END-- [ RunTime:0.001441s ]
INFO: [ app_begin ] --START--
INFO: Run Behavior\ReadHtmlCacheBehavior [ RunTime:0.002127s ]
INFO: [ app_begin ] --END-- [ RunTime:0.002412s ]
SQL: SHOW COLUMNS FROM `a_log` [ RunTime:0.0154s ]
SQL: INSERT INTO `a_log` (`uid`,`action`,`ctime`) VALUES ('26','form_basic','2018-03-21 17:05:31') [ RunTime:0.0153s ]
INFO: [ view_parse ] --START--
INFO: [ template_filter ] --START--
INFO: Run Behavior\ContentReplaceBehavior [ RunTime:0.000350s ]
INFO: [ template_filter ] --END-- [ RunTime:0.000758s ]
INFO: Run Behavior\ParseTemplateBehavior [ RunTime:0.025313s ]
INFO: [ view_parse ] --END-- [ RunTime:0.025682s ]
INFO: [ view_filter ] --START--
INFO: Run Behavior\WriteHtmlCacheBehavior [ RunTime:0.002723s ]
INFO: [ view_filter ] --END-- [ RunTime:0.003013s ]
INFO: [ app_end ] --START--
INFO: Run Behavior\ShowPageTraceBehavior [ RunTime:0.003206s ]
INFO: [ app_end ] --END-- [ RunTime:0.003797s ]

[ 2018-03-21T17:07:50+08:00 ] 127.0.0.1 /tongxun/index.php/Home/Index/form_validate.html
INFO: [ app_init ] --START--
INFO: Run Behavior\BuildLiteBehavior [ RunTime:0.000075s ]
INFO: [ app_init ] --END-- [ RunTime:0.001523s ]
INFO: [ app_begin ] --START--
INFO: Run Behavior\ReadHtmlCacheBehavior [ RunTime:0.002026s ]
INFO: [ app_begin ] --END-- [ RunTime:0.002306s ]
SQL: SHOW COLUMNS FROM `a_log` [ RunTime:0.0149s ]
SQL: INSERT INTO `a_log` (`uid`,`action`,`ctime`) VALUES ('26','form_validate','2018-03-21 17:07:50') [ RunTime:0.0133s ]
SQL: SHOW COLUMNS FROM `a_user` [ RunTime:0.0143s ]
SQL: SELECT a.*,b.title FROM a_user a left join a_bumen b on b.id = a.bumen  WHERE a.id = '26' LIMIT 1   [ RunTime:0.0637s ]
INFO: [ view_parse ] --START--
INFO: [ template_filter ] --START--
INFO: Run Behavior\ContentReplaceBehavior [ RunTime:0.000487s ]
INFO: [ template_filter ] --END-- [ RunTime:0.000818s ]
INFO: Run Behavior\ParseTemplateBehavior [ RunTime:0.032775s ]
INFO: [ view_parse ] --END-- [ RunTime:0.033092s ]
INFO: [ view_filter ] --START--
INFO: Run Behavior\WriteHtmlCacheBehavior [ RunTime:0.001805s ]
INFO: [ view_filter ] --END-- [ RunTime:0.002074s ]
INFO: [ app_end ] --START--
INFO: Run Behavior\ShowPageTraceBehavior [ RunTime:0.002756s ]
INFO: [ app_end ] --END-- [ RunTime:0.003089s ]

[ 2018-03-21T17:09:17+08:00 ] 127.0.0.1 /tongxun/index.php/Home/Index/form_validate.html
INFO: [ app_init ] --START--
INFO: Run Behavior\BuildLiteBehavior [ RunTime:0.000062s ]
INFO: [ app_init ] --END-- [ RunTime:0.001240s ]
INFO: [ app_begin ] --START--
INFO: Run Behavior\ReadHtmlCacheBehavior [ RunTime:0.001871s ]
INFO: [ app_begin ] --END-- [ RunTime:0.002124s ]
SQL: SHOW COLUMNS FROM `a_log` [ RunTime:0.0141s ]
SQL: INSERT INTO `a_log` (`uid`,`action`,`ctime`) VALUES ('26','form_validate','2018-03-21 17:09:16') [ RunTime:0.0141s ]
SQL: SHOW COLUMNS FROM `a_user` [ RunTime:0.0136s ]
SQL: SELECT a.*,b.title FROM a_user a left join a_bumen b on b.id = a.bumen  WHERE a.id = '26' LIMIT 1   [ RunTime:0.0010s ]
INFO: [ view_parse ] --START--
INFO: [ template_filter ] --START--
INFO: Run Behavior\ContentReplaceBehavior [ RunTime:0.000366s ]
INFO: [ template_filter ] --END-- [ RunTime:0.000620s ]
INFO: Run Behavior\ParseTemplateBehavior [ RunTime:0.025566s ]
INFO: [ view_parse ] --END-- [ RunTime:0.025835s ]
INFO: [ view_filter ] --START--
INFO: Run Behavior\WriteHtmlCacheBehavior [ RunTime:0.001363s ]
INFO: [ view_filter ] --END-- [ RunTime:0.001589s ]
INFO: [ app_end ] --START--
INFO: Run Behavior\ShowPageTraceBehavior [ RunTime:0.001816s ]
INFO: [ app_end ] --END-- [ RunTime:0.002045s ]

[ 2018-03-21T17:09:22+08:00 ] 127.0.0.1 /tongxun/index.php/Home/Index/form_validate.html
INFO: [ app_init ] --START--
INFO: Run Behavior\BuildLiteBehavior [ RunTime:0.000068s ]
INFO: [ app_init ] --END-- [ RunTime:0.001377s ]
INFO: [ app_begin ] --START--
INFO: Run Behavior\ReadHtmlCacheBehavior [ RunTime:0.002135s ]
INFO: [ app_begin ] --END-- [ RunTime:0.002424s ]
SQL: SHOW COLUMNS FROM `a_log` [ RunTime:0.0143s ]
SQL: INSERT INTO `a_log` (`uid`,`action`,`ctime`) VALUES ('26','form_validate','2018-03-21 17:09:22') [ RunTime:0.0384s ]
SQL: SHOW COLUMNS FROM `a_user` [ RunTime:0.0169s ]
SQL: SELECT a.*,b.title FROM a_user a left join a_bumen b on b.id = a.bumen  WHERE a.id = '26' LIMIT 1   [ RunTime:0.0011s ]
INFO: [ view_parse ] --START--
INFO: [ template_filter ] --START--
INFO: Run Behavior\ContentReplaceBehavior [ RunTime:0.000396s ]
INFO: [ template_filter ] --END-- [ RunTime:0.000670s ]
INFO: Run Behavior\ParseTemplateBehavior [ RunTime:0.026793s ]
INFO: [ view_parse ] --END-- [ RunTime:0.027110s ]
INFO: [ view_filter ] --START--
INFO: Run Behavior\WriteHtmlCacheBehavior [ RunTime:0.001460s ]
INFO: [ view_filter ] --END-- [ RunTime:0.001697s ]
INFO: [ app_end ] --START--
INFO: Run Behavior\ShowPageTraceBehavior [ RunTime:0.002054s ]
INFO: [ app_end ] --END-- [ RunTime:0.002307s ]

[ 2018-03-21T17:09:49+08:00 ] 127.0.0.1 /tongxun/index.php/Home/Index/index.html
INFO: [ app_init ] --START--
INFO: Run Behavior\BuildLiteBehavior [ RunTime:0.000071s ]
INFO: [ app_init ] --END-- [ RunTime:0.001630s ]
INFO: [ app_begin ] --START--
INFO: Run Behavior\ReadHtmlCacheBehavior [ RunTime:0.002027s ]
INFO: [ app_begin ] --END-- [ RunTime:0.002288s ]
SQL: SHOW COLUMNS FROM `a_log` [ RunTime:0.0221s ]
SQL: INSERT INTO `a_log` (`uid`,`action`,`ctime`) VALUES ('26','index','2018-03-21 17:09:48') [ RunTime:0.0157s ]
SQL: SHOW COLUMNS FROM `a_user` [ RunTime:0.0188s ]
SQL: SELECT a.*,b.title FROM a_user a left join a_bumen b on b.id = a.bumen  WHERE ( a.status >0 and a.id != 26 )  [ RunTime:0.0017s ]
INFO: [ view_parse ] --START--
INFO: [ template_filter ] --START--
INFO: Run Behavior\ContentReplaceBehavior [ RunTime:0.000319s ]
INFO: [ template_filter ] --END-- [ RunTime:0.000598s ]
INFO: Run Behavior\ParseTemplateBehavior [ RunTime:0.031583s ]
INFO: [ view_parse ] --END-- [ RunTime:0.031878s ]
INFO: [ view_filter ] --START--
INFO: Run Behavior\WriteHtmlCacheBehavior [ RunTime:0.001213s ]
INFO: [ view_filter ] --END-- [ RunTime:0.001429s ]
INFO: [ app_end ] --START--
INFO: Run Behavior\ShowPageTraceBehavior [ RunTime:0.001788s ]
INFO: [ app_end ] --END-- [ RunTime:0.002033s ]

[ 2018-03-21T17:10:01+08:00 ] 127.0.0.1 /tongxun/index.php/Home/Index/index.html
INFO: [ app_init ] --START--
INFO: Run Behavior\BuildLiteBehavior [ RunTime:0.000062s ]
INFO: [ app_init ] --END-- [ RunTime:0.001234s ]
INFO: [ app_begin ] --START--
INFO: Run Behavior\ReadHtmlCacheBehavior [ RunTime:0.002216s ]
INFO: [ app_begin ] --END-- [ RunTime:0.002540s ]
SQL: SHOW COLUMNS FROM `a_log` [ RunTime:0.0118s ]
SQL: INSERT INTO `a_log` (`uid`,`action`,`ctime`) VALUES ('26','index','2018-03-21 17:10:01') [ RunTime:0.0166s ]
SQL: SHOW COLUMNS FROM `a_user` [ RunTime:0.0130s ]
SQL: SELECT a.*,b.title FROM a_user a left join a_bumen b on b.id = a.bumen  WHERE ( a.status >0 and a.id != 26 )  [ RunTime:0.0015s ]
INFO: [ view_parse ] --START--
INFO: [ template_filter ] --START--
INFO: Run Behavior\ContentReplaceBehavior [ RunTime:0.000321s ]
INFO: [ template_filter ] --END-- [ RunTime:0.000605s ]
INFO: Run Behavior\ParseTemplateBehavior [ RunTime:0.030751s ]
INFO: [ view_parse ] --END-- [ RunTime:0.031018s ]
INFO: [ view_filter ] --START--
INFO: Run Behavior\WriteHtmlCacheBehavior [ RunTime:0.001235s ]
INFO: [ view_filter ] --END-- [ RunTime:0.001448s ]
INFO: [ app_end ] --START--
INFO: Run Behavior\ShowPageTraceBehavior [ RunTime:0.002231s ]
INFO: [ app_end ] --END-- [ RunTime:0.002508s ]

[ 2018-03-21T17:10:38+08:00 ] 127.0.0.1 /tongxun/index.php/Home/Index/index.html
INFO: [ app_init ] --START--
INFO: Run Behavior\BuildLiteBehavior [ RunTime:0.000071s ]
INFO: [ app_init ] --END-- [ RunTime:0.001444s ]
INFO: [ app_begin ] --START--
INFO: Run Behavior\ReadHtmlCacheBehavior [ RunTime:0.001922s ]
INFO: [ app_begin ] --END-- [ RunTime:0.002192s ]
SQL: SHOW COLUMNS FROM `a_log` [ RunTime:0.0136s ]
SQL: INSERT INTO `a_log` (`uid`,`action`,`ctime`) VALUES ('26','index','2018-03-21 17:10:38') [ RunTime:0.0159s ]
SQL: SHOW COLUMNS FROM `a_user` [ RunTime:0.0148s ]
SQL: SELECT a.*,b.title FROM a_user a left join a_bumen b on b.id = a.bumen  WHERE ( a.status >0 and a.id != 26 )  [ RunTime:0.1442s ]
INFO: [ view_parse ] --START--
INFO: [ template_filter ] --START--
INFO: Run Behavior\ContentReplaceBehavior [ RunTime:0.000565s ]
INFO: [ template_filter ] --END-- [ RunTime:0.001044s ]
INFO: Run Behavior\ParseTemplateBehavior [ RunTime:0.091499s ]
INFO: [ view_parse ] --END-- [ RunTime:0.091864s ]
INFO: [ view_filter ] --START--
INFO: Run Behavior\WriteHtmlCacheBehavior [ RunTime:0.001291s ]
INFO: [ view_filter ] --END-- [ RunTime:0.001548s ]
INFO: [ app_end ] --START--
INFO: Run Behavior\ShowPageTraceBehavior [ RunTime:0.001782s ]
INFO: [ app_end ] --END-- [ RunTime:0.002006s ]

[ 2018-03-21T17:10:54+08:00 ] 127.0.0.1 /tongxun/index.php/Home/Index/index.html
INFO: [ app_init ] --START--
INFO: Run Behavior\BuildLiteBehavior [ RunTime:0.000060s ]
INFO: [ app_init ] --END-- [ RunTime:0.001369s ]
INFO: [ app_begin ] --START--
INFO: Run Behavior\ReadHtmlCacheBehavior [ RunTime:0.002147s ]
INFO: [ app_begin ] --END-- [ RunTime:0.002461s ]
SQL: SHOW COLUMNS FROM `a_log` [ RunTime:0.0135s ]
SQL: INSERT INTO `a_log` (`uid`,`action`,`ctime`) VALUES ('26','index','2018-03-21 17:10:54') [ RunTime:0.0173s ]
SQL: SHOW COLUMNS FROM `a_user` [ RunTime:0.0153s ]
SQL: SELECT a.*,b.title FROM a_user a left join a_bumen b on b.id = a.bumen  WHERE ( a.status >0 and a.id != 26 )  [ RunTime:0.0018s ]
INFO: [ view_parse ] --START--
INFO: [ template_filter ] --START--
INFO: Run Behavior\ContentReplaceBehavior [ RunTime:0.000338s ]
INFO: [ template_filter ] --END-- [ RunTime:0.000626s ]
INFO: Run Behavior\ParseTemplateBehavior [ RunTime:0.030479s ]
INFO: [ view_parse ] --END-- [ RunTime:0.030803s ]
INFO: [ view_filter ] --START--
INFO: Run Behavior\WriteHtmlCacheBehavior [ RunTime:0.001216s ]
INFO: [ view_filter ] --END-- [ RunTime:0.001452s ]
INFO: [ app_end ] --START--
INFO: Run Behavior\ShowPageTraceBehavior [ RunTime:0.001589s ]
INFO: [ app_end ] --END-- [ RunTime:0.001807s ]

[ 2018-03-21T17:12:21+08:00 ] 127.0.0.1 /tongxun/index.php/Home/Index/table_complete.html
INFO: [ app_init ] --START--
INFO: Run Behavior\BuildLiteBehavior [ RunTime:0.000063s ]
INFO: [ app_init ] --END-- [ RunTime:0.001229s ]
INFO: [ app_begin ] --START--
INFO: Run Behavior\ReadHtmlCacheBehavior [ RunTime:0.002299s ]
INFO: [ app_begin ] --END-- [ RunTime:0.002630s ]
SQL: SHOW COLUMNS FROM `a_log` [ RunTime:0.0133s ]
SQL: INSERT INTO `a_log` (`uid`,`action`,`ctime`) VALUES ('26','table_complete','2018-03-21 17:12:21') [ RunTime:0.0172s ]
SQL: SHOW COLUMNS FROM `a_common_user` [ RunTime:0.0141s ]
SQL: SELECT a.id,b.username,b.tel,a.ctime FROM a_common_user a left join a_user b on b.id = a.teluserid  WHERE a.uid = '26'  [ RunTime:0.0009s ]
INFO: [ view_parse ] --START--
INFO: [ template_filter ] --START--
INFO: Run Behavior\ContentReplaceBehavior [ RunTime:0.000372s ]
INFO: [ template_filter ] --END-- [ RunTime:0.000637s ]
INFO: Run Behavior\ParseTemplateBehavior [ RunTime:0.030437s ]
INFO: [ view_parse ] --END-- [ RunTime:0.030719s ]
INFO: [ view_filter ] --START--
INFO: Run Behavior\WriteHtmlCacheBehavior [ RunTime:0.001310s ]
INFO: [ view_filter ] --END-- [ RunTime:0.001526s ]
INFO: [ app_end ] --START--
INFO: Run Behavior\ShowPageTraceBehavior [ RunTime:0.001968s ]
INFO: [ app_end ] --END-- [ RunTime:0.002247s ]

[ 2018-03-21T17:12:24+08:00 ] 127.0.0.1 /tongxun/index.php/Home/Index/addCommonUser
INFO: [ app_init ] --START--
INFO: Run Behavior\BuildLiteBehavior [ RunTime:0.000063s ]
INFO: [ app_init ] --END-- [ RunTime:0.001219s ]
INFO: [ app_begin ] --START--
INFO: Run Behavior\ReadHtmlCacheBehavior [ RunTime:0.002150s ]
INFO: [ app_begin ] --END-- [ RunTime:0.002448s ]
SQL: SHOW COLUMNS FROM `a_log` [ RunTime:0.0149s ]
SQL: INSERT INTO `a_log` (`uid`,`action`,`ctime`) VALUES ('26','','2018-03-21 17:12:24') [ RunTime:0.0027s ]
SQL: SHOW COLUMNS FROM `a_user` [ RunTime:0.0151s ]
SQL: SELECT a.*,b.title FROM a_user a left join a_bumen b on b.id = a.bumen  WHERE ( a.status >0 and a.id != 26 )  [ RunTime:0.0014s ]
INFO: [ view_parse ] --START--
INFO: [ template_filter ] --START--
INFO: Run Behavior\ContentReplaceBehavior [ RunTime:0.000348s ]
INFO: [ template_filter ] --END-- [ RunTime:0.000616s ]
INFO: Run Behavior\ParseTemplateBehavior [ RunTime:0.031548s ]
INFO: [ view_parse ] --END-- [ RunTime:0.031846s ]
INFO: [ view_filter ] --START--
INFO: Run Behavior\WriteHtmlCacheBehavior [ RunTime:0.001398s ]
INFO: [ view_filter ] --END-- [ RunTime:0.001628s ]
INFO: [ app_end ] --START--
INFO: Run Behavior\ShowPageTraceBehavior [ RunTime:0.001982s ]
INFO: [ app_end ] --END-- [ RunTime:0.002238s ]

[ 2018-03-21T17:13:04+08:00 ] 127.0.0.1 /tongxun/index.php/Home/Index/searchCommUser/userid/22
INFO: [ app_init ] --START--
INFO: Run Behavior\BuildLiteBehavior [ RunTime:0.000063s ]
INFO: [ app_init ] --END-- [ RunTime:0.001310s ]
INFO: [ app_begin ] --START--
INFO: Run Behavior\ReadHtmlCacheBehavior [ RunTime:0.002135s ]
INFO: [ app_begin ] --END-- [ RunTime:0.002426s ]
SQL: SHOW COLUMNS FROM `a_log` [ RunTime:0.0143s ]
SQL: INSERT INTO `a_log` (`uid`,`action`,`ctime`) VALUES ('26','','2018-03-21 17:13:04') [ RunTime:0.0162s ]
SQL: SHOW COLUMNS FROM `a_common_user` [ RunTime:0.0140s ]
SQL: INSERT INTO `a_common_user` (`teluserid`,`uid`,`ctime`) VALUES ('22','26','2018-03-21 17:13:04') [ RunTime:0.0731s ]
INFO: [ view_parse ] --START--
INFO: [ template_filter ] --START--
INFO: Run Behavior\ContentReplaceBehavior [ RunTime:0.000183s ]
INFO: [ template_filter ] --END-- [ RunTime:0.000464s ]
INFO: Run Behavior\ParseTemplateBehavior [ RunTime:0.045314s ]
INFO: [ view_parse ] --END-- [ RunTime:0.045718s ]
INFO: [ view_filter ] --START--
INFO: Run Behavior\WriteHtmlCacheBehavior [ RunTime:0.001540s ]
INFO: [ view_filter ] --END-- [ RunTime:0.001800s ]

[ 2018-03-21T17:13:05+08:00 ] 127.0.0.1 /tongxun/index.php/Home/index/table_complete.html
INFO: [ app_init ] --START--
INFO: Run Behavior\BuildLiteBehavior [ RunTime:0.000060s ]
INFO: [ app_init ] --END-- [ RunTime:0.001217s ]
INFO: [ app_begin ] --START--
INFO: Run Behavior\ReadHtmlCacheBehavior [ RunTime:0.002189s ]
INFO: [ app_begin ] --END-- [ RunTime:0.002546s ]
SQL: SHOW COLUMNS FROM `a_log` [ RunTime:0.0172s ]
SQL: INSERT INTO `a_log` (`uid`,`action`,`ctime`) VALUES ('26','table_complete','2018-03-21 17:13:05') [ RunTime:0.0197s ]
SQL: SHOW COLUMNS FROM `a_common_user` [ RunTime:0.0144s ]
SQL: SELECT a.id,b.username,b.tel,a.ctime FROM a_common_user a left join a_user b on b.id = a.teluserid  WHERE a.uid = '26'  [ RunTime:0.0010s ]
INFO: [ view_parse ] --START--
INFO: [ template_filter ] --START--
INFO: Run Behavior\ContentReplaceBehavior [ RunTime:0.000374s ]
INFO: [ template_filter ] --END-- [ RunTime:0.000637s ]
INFO: Run Behavior\ParseTemplateBehavior [ RunTime:0.046015s ]
INFO: [ view_parse ] --END-- [ RunTime:0.046341s ]
INFO: [ view_filter ] --START--
INFO: Run Behavior\WriteHtmlCacheBehavior [ RunTime:0.002136s ]
INFO: [ view_filter ] --END-- [ RunTime:0.002419s ]
INFO: [ app_end ] --START--
INFO: Run Behavior\ShowPageTraceBehavior [ RunTime:0.002919s ]
INFO: [ app_end ] --END-- [ RunTime:0.003506s ]

[ 2018-03-21T17:14:13+08:00 ] 127.0.0.1 /tongxun/index.php/Home/Index/table_complete.html
INFO: [ app_init ] --START--
INFO: Run Behavior\BuildLiteBehavior [ RunTime:0.000078s ]
INFO: [ app_init ] --END-- [ RunTime:0.001537s ]
INFO: [ app_begin ] --START--
INFO: Run Behavior\ReadHtmlCacheBehavior [ RunTime:0.002097s ]
INFO: [ app_begin ] --END-- [ RunTime:0.002374s ]
SQL: SHOW COLUMNS FROM `a_log` [ RunTime:0.0127s ]
SQL: INSERT INTO `a_log` (`uid`,`action`,`ctime`) VALUES ('26','table_complete','2018-03-21 17:14:13') [ RunTime:0.0552s ]
SQL: SHOW COLUMNS FROM `a_common_user` [ RunTime:0.0135s ]
SQL: SELECT a.id,b.username,b.tel,a.ctime FROM a_common_user a left join a_user b on b.id = a.teluserid  WHERE a.uid = '26'  [ RunTime:0.0011s ]
INFO: [ view_parse ] --START--
INFO: [ template_filter ] --START--
INFO: Run Behavior\ContentReplaceBehavior [ RunTime:0.000364s ]
INFO: [ template_filter ] --END-- [ RunTime:0.000624s ]
INFO: Run Behavior\ParseTemplateBehavior [ RunTime:0.030840s ]
INFO: [ view_parse ] --END-- [ RunTime:0.031143s ]
INFO: [ view_filter ] --START--
INFO: Run Behavior\WriteHtmlCacheBehavior [ RunTime:0.001427s ]
INFO: [ view_filter ] --END-- [ RunTime:0.001642s ]
INFO: [ app_end ] --START--
INFO: Run Behavior\ShowPageTraceBehavior [ RunTime:0.001824s ]
INFO: [ app_end ] --END-- [ RunTime:0.002049s ]

