[ 2018-03-14T10:34:03+08:00 ] 127.0.0.1 /tongxun/
INFO: [ app_init ] --START--
INFO: Run Behavior\BuildLiteBehavior [ RunTime:0.000111s ]
INFO: [ app_init ] --END-- [ RunTime:0.053334s ]
INFO: [ app_begin ] --START--
INFO: Run Behavior\ReadHtmlCacheBehavior [ RunTime:0.011794s ]
INFO: [ app_begin ] --END-- [ RunTime:0.012325s ]
NOTIC: [8] Undefined index: user F:\wamp\www\tongxun\Application\Home\Controller\IndexController.class.php 第 9 行.
NOTIC: [8] Undefined index: user F:\wamp\www\tongxun\Application\Home\Controller\IndexController.class.php 第 22 行.
INFO: [ view_parse ] --START--
INFO: [ template_filter ] --START--
INFO: Run Behavior\ContentReplaceBehavior [ RunTime:0.029794s ]
INFO: [ template_filter ] --END-- [ RunTime:0.030527s ]
INFO: Run Behavior\ParseTemplateBehavior [ RunTime:0.197344s ]
INFO: [ view_parse ] --END-- [ RunTime:0.197842s ]
INFO: [ view_filter ] --START--
INFO: Run Behavior\WriteHtmlCacheBehavior [ RunTime:0.007895s ]
INFO: [ view_filter ] --END-- [ RunTime:0.008355s ]

[ 2018-03-14T10:34:07+08:00 ] 127.0.0.1 /tongxun/index.php/Home/index/login.html
INFO: [ app_init ] --START--
INFO: Run Behavior\BuildLiteBehavior [ RunTime:0.000095s ]
INFO: [ app_init ] --END-- [ RunTime:0.001949s ]
INFO: [ app_begin ] --START--
INFO: Run Behavior\ReadHtmlCacheBehavior [ RunTime:0.002729s ]
INFO: [ app_begin ] --END-- [ RunTime:0.003181s ]
NOTIC: [8] Undefined index: user F:\wamp\www\tongxun\Application\Home\Controller\IndexController.class.php 第 9 行.
INFO: [ view_parse ] --START--
INFO: [ template_filter ] --START--
INFO: Run Behavior\ContentReplaceBehavior [ RunTime:0.000358s ]
INFO: [ template_filter ] --END-- [ RunTime:0.000883s ]
INFO: Run Behavior\ParseTemplateBehavior [ RunTime:0.030277s ]
INFO: [ view_parse ] --END-- [ RunTime:0.030804s ]
INFO: [ view_filter ] --START--
INFO: Run Behavior\WriteHtmlCacheBehavior [ RunTime:0.001582s ]
INFO: [ view_filter ] --END-- [ RunTime:0.001988s ]
INFO: [ app_end ] --START--
INFO: Run Behavior\ShowPageTraceBehavior [ RunTime:0.014994s ]
INFO: [ app_end ] --END-- [ RunTime:0.015445s ]

[ 2018-03-14T10:34:24+08:00 ] 127.0.0.1 /tongxun/index.php/Home/Index/login
INFO: [ app_init ] --START--
INFO: Run Behavior\BuildLiteBehavior [ RunTime:0.000112s ]
INFO: [ app_init ] --END-- [ RunTime:0.002385s ]
INFO: [ app_begin ] --START--
INFO: Run Behavior\ReadHtmlCacheBehavior [ RunTime:0.003056s ]
INFO: [ app_begin ] --END-- [ RunTime:0.003593s ]
NOTIC: [8] Undefined index: user F:\wamp\www\tongxun\Application\Home\Controller\IndexController.class.php 第 9 行.
SQL: SHOW COLUMNS FROM `a_user` [ RunTime:0.1777s ]
SQL: SELECT * FROM `a_user` WHERE `tel` = '18323314676' AND `password` = '12345' AND `status` = 1 LIMIT 1   [ RunTime:0.0326s ]
INFO: [ view_parse ] --START--
INFO: [ template_filter ] --START--
INFO: Run Behavior\ContentReplaceBehavior [ RunTime:0.000277s ]
INFO: [ template_filter ] --END-- [ RunTime:0.000743s ]
INFO: Run Behavior\ParseTemplateBehavior [ RunTime:0.030012s ]
INFO: [ view_parse ] --END-- [ RunTime:0.030456s ]
INFO: [ view_filter ] --START--
INFO: Run Behavior\WriteHtmlCacheBehavior [ RunTime:0.001482s ]
INFO: [ view_filter ] --END-- [ RunTime:0.001871s ]

[ 2018-03-14T11:11:11+08:00 ] 127.0.0.1 /tongxun/index.php/Home/Index/login
INFO: [ app_init ] --START--
INFO: Run Behavior\BuildLiteBehavior [ RunTime:0.000103s ]
INFO: [ app_init ] --END-- [ RunTime:0.002560s ]
INFO: [ app_begin ] --START--
INFO: Run Behavior\ReadHtmlCacheBehavior [ RunTime:0.003959s ]
INFO: [ app_begin ] --END-- [ RunTime:0.004577s ]
NOTIC: [8] Undefined index: user F:\wamp\www\tongxun\Application\Home\Controller\IndexController.class.php 第 9 行.
SQL: SHOW COLUMNS FROM `a_user` [ RunTime:0.0182s ]
SQL: SELECT * FROM `a_user` WHERE `tel` = '18323314676' AND `password` = '11111' AND `status` = 1 LIMIT 1   [ RunTime:0.0014s ]
INFO: [ view_parse ] --START--
INFO: [ template_filter ] --START--
INFO: Run Behavior\ContentReplaceBehavior [ RunTime:0.000269s ]
INFO: [ template_filter ] --END-- [ RunTime:0.000783s ]
INFO: Run Behavior\ParseTemplateBehavior [ RunTime:0.033168s ]
INFO: [ view_parse ] --END-- [ RunTime:0.033595s ]
INFO: [ view_filter ] --START--
INFO: Run Behavior\WriteHtmlCacheBehavior [ RunTime:0.002028s ]
INFO: [ view_filter ] --END-- [ RunTime:0.002426s ]

[ 2018-03-14T11:13:17+08:00 ] 127.0.0.1 /tongxun/index.php/Home/Index/login
INFO: [ app_init ] --START--
INFO: Run Behavior\BuildLiteBehavior [ RunTime:0.000141s ]
INFO: [ app_init ] --END-- [ RunTime:0.003181s ]
INFO: [ app_begin ] --START--
INFO: Run Behavior\ReadHtmlCacheBehavior [ RunTime:0.003982s ]
INFO: [ app_begin ] --END-- [ RunTime:0.004557s ]
NOTIC: [8] Undefined index: user F:\wamp\www\tongxun\Application\Home\Controller\IndexController.class.php 第 9 行.
SQL: SHOW COLUMNS FROM `a_user` [ RunTime:0.0197s ]
SQL: SELECT * FROM `a_user` WHERE `tel` = '18311111111' AND `password` = '12345' AND `status` = 1 LIMIT 1   [ RunTime:0.0018s ]
INFO: [ view_parse ] --START--
INFO: [ template_filter ] --START--
INFO: Run Behavior\ContentReplaceBehavior [ RunTime:0.000287s ]
INFO: [ template_filter ] --END-- [ RunTime:0.000758s ]
INFO: Run Behavior\ParseTemplateBehavior [ RunTime:0.036848s ]
INFO: [ view_parse ] --END-- [ RunTime:0.037320s ]
INFO: [ view_filter ] --START--
INFO: Run Behavior\WriteHtmlCacheBehavior [ RunTime:0.003170s ]
INFO: [ view_filter ] --END-- [ RunTime:0.003606s ]

[ 2018-03-14T11:13:18+08:00 ] 127.0.0.1 /tongxun/index.php/Home/index/index.html
INFO: [ app_init ] --START--
INFO: Run Behavior\BuildLiteBehavior [ RunTime:0.000099s ]
INFO: [ app_init ] --END-- [ RunTime:0.002456s ]
INFO: [ app_begin ] --START--
INFO: Run Behavior\ReadHtmlCacheBehavior [ RunTime:0.003732s ]
INFO: [ app_begin ] --END-- [ RunTime:0.004197s ]
SQL: SHOW COLUMNS FROM `a_log` [ RunTime:0.0183s ]
SQL: INSERT INTO `a_log` (`uid`,`action`,`ctime`) VALUES ('25','index','2018-03-14 11:13:18') [ RunTime:0.0616s ]
SQL: SHOW COLUMNS FROM `a_user` [ RunTime:0.0183s ]
SQL: SELECT a.*,b.title FROM a_user a left join a_bumen b on b.id = a.bumen  WHERE ( a.status >0 and a.id != 25 )  [ RunTime:0.0143s ]
INFO: [ view_parse ] --START--
INFO: [ template_filter ] --START--
INFO: Run Behavior\ContentReplaceBehavior [ RunTime:0.000624s ]
INFO: [ template_filter ] --END-- [ RunTime:0.001089s ]
INFO: Run Behavior\ParseTemplateBehavior [ RunTime:0.059776s ]
INFO: [ view_parse ] --END-- [ RunTime:0.060292s ]
INFO: [ view_filter ] --START--
INFO: Run Behavior\WriteHtmlCacheBehavior [ RunTime:0.002687s ]
INFO: [ view_filter ] --END-- [ RunTime:0.003106s ]
INFO: [ app_end ] --START--
INFO: Run Behavior\ShowPageTraceBehavior [ RunTime:0.003692s ]
INFO: [ app_end ] --END-- [ RunTime:0.004118s ]

