[ 2018-04-11T12:42:56+08:00 ] 127.0.0.1 /tongxun/index.php
INFO: [ app_init ] --START--
INFO: Run Behavior\BuildLiteBehavior [ RunTime:0.000063s ]
INFO: [ app_init ] --END-- [ RunTime:0.001684s ]
INFO: [ app_begin ] --START--
INFO: Run Behavior\ReadHtmlCacheBehavior [ RunTime:0.003803s ]
INFO: [ app_begin ] --END-- [ RunTime:0.004116s ]
NOTIC: [8] Undefined index: user F:\wamp\www\tongxun\Application\Home\Controller\IndexController.class.php 第 9 行.
NOTIC: [8] Undefined index: user F:\wamp\www\tongxun\Application\Home\Controller\IndexController.class.php 第 22 行.
INFO: [ view_parse ] --START--
INFO: [ template_filter ] --START--
INFO: Run Behavior\ContentReplaceBehavior [ RunTime:0.000216s ]
INFO: [ template_filter ] --END-- [ RunTime:0.000546s ]
INFO: Run Behavior\ParseTemplateBehavior [ RunTime:0.046203s ]
INFO: [ view_parse ] --END-- [ RunTime:0.046486s ]
INFO: [ view_filter ] --START--
INFO: Run Behavior\WriteHtmlCacheBehavior [ RunTime:0.002826s ]
INFO: [ view_filter ] --END-- [ RunTime:0.003073s ]

[ 2018-04-11T12:43:00+08:00 ] 127.0.0.1 /tongxun/index.php/Home/index/login.html
INFO: [ app_init ] --START--
INFO: Run Behavior\BuildLiteBehavior [ RunTime:0.000079s ]
INFO: [ app_init ] --END-- [ RunTime:0.002235s ]
INFO: [ app_begin ] --START--
INFO: Run Behavior\ReadHtmlCacheBehavior [ RunTime:0.003708s ]
INFO: [ app_begin ] --END-- [ RunTime:0.004050s ]
NOTIC: [8] Undefined index: user F:\wamp\www\tongxun\Application\Home\Controller\IndexController.class.php 第 9 行.
INFO: [ view_parse ] --START--
INFO: [ template_filter ] --START--
INFO: Run Behavior\ContentReplaceBehavior [ RunTime:0.000255s ]
INFO: [ template_filter ] --END-- [ RunTime:0.000623s ]
INFO: Run Behavior\ParseTemplateBehavior [ RunTime:0.031795s ]
INFO: [ view_parse ] --END-- [ RunTime:0.032265s ]
INFO: [ view_filter ] --START--
INFO: Run Behavior\WriteHtmlCacheBehavior [ RunTime:0.002726s ]
INFO: [ view_filter ] --END-- [ RunTime:0.002980s ]
INFO: [ app_end ] --START--
INFO: Run Behavior\ShowPageTraceBehavior [ RunTime:0.003228s ]
INFO: [ app_end ] --END-- [ RunTime:0.003495s ]

[ 2018-04-11T12:43:31+08:00 ] 127.0.0.1 /tongxun/index.php/Home/Index/login
INFO: [ app_init ] --START--
INFO: Run Behavior\BuildLiteBehavior [ RunTime:0.000068s ]
INFO: [ app_init ] --END-- [ RunTime:0.001934s ]
INFO: [ app_begin ] --START--
INFO: Run Behavior\ReadHtmlCacheBehavior [ RunTime:0.004225s ]
INFO: [ app_begin ] --END-- [ RunTime:0.004561s ]
NOTIC: [8] Undefined index: user F:\wamp\www\tongxun\Application\Home\Controller\IndexController.class.php 第 9 行.
SQL: SHOW COLUMNS FROM `a_user` [ RunTime:0.0157s ]
SQL: SELECT * FROM `a_user` WHERE `tel` = '18323314676' AND `password` = 'admin' AND `status` = 1 LIMIT 1   [ RunTime:0.0009s ]
INFO: [ view_parse ] --START--
INFO: [ template_filter ] --START--
INFO: Run Behavior\ContentReplaceBehavior [ RunTime:0.000220s ]
INFO: [ template_filter ] --END-- [ RunTime:0.000546s ]
INFO: Run Behavior\ParseTemplateBehavior [ RunTime:0.028193s ]
INFO: [ view_parse ] --END-- [ RunTime:0.028467s ]
INFO: [ view_filter ] --START--
INFO: Run Behavior\WriteHtmlCacheBehavior [ RunTime:0.003652s ]
INFO: [ view_filter ] --END-- [ RunTime:0.003960s ]

[ 2018-04-11T12:44:07+08:00 ] 127.0.0.1 /tongxun/index.php/Home/Index/login
INFO: [ app_init ] --START--
INFO: Run Behavior\BuildLiteBehavior [ RunTime:0.000078s ]
INFO: [ app_init ] --END-- [ RunTime:0.002151s ]
INFO: [ app_begin ] --START--
INFO: Run Behavior\ReadHtmlCacheBehavior [ RunTime:0.002089s ]
INFO: [ app_begin ] --END-- [ RunTime:0.002346s ]
NOTIC: [8] Undefined index: user F:\wamp\www\tongxun\Application\Home\Controller\IndexController.class.php 第 9 行.
SQL: SHOW COLUMNS FROM `a_user` [ RunTime:0.0142s ]
SQL: SELECT * FROM `a_user` WHERE `tel` = '18623358906' AND `password` = '12345' AND `status` = 1 LIMIT 1   [ RunTime:0.0014s ]
INFO: [ view_parse ] --START--
INFO: [ template_filter ] --START--
INFO: Run Behavior\ContentReplaceBehavior [ RunTime:0.000196s ]
INFO: [ template_filter ] --END-- [ RunTime:0.000502s ]
INFO: Run Behavior\ParseTemplateBehavior [ RunTime:0.020475s ]
INFO: [ view_parse ] --END-- [ RunTime:0.020748s ]
INFO: [ view_filter ] --START--
INFO: Run Behavior\WriteHtmlCacheBehavior [ RunTime:0.001975s ]
INFO: [ view_filter ] --END-- [ RunTime:0.002246s ]

[ 2018-04-11T12:44:09+08:00 ] 127.0.0.1 /tongxun/index.php/Home/index/index.html
INFO: [ app_init ] --START--
INFO: Run Behavior\BuildLiteBehavior [ RunTime:0.000060s ]
INFO: [ app_init ] --END-- [ RunTime:0.001383s ]
INFO: [ app_begin ] --START--
INFO: Run Behavior\ReadHtmlCacheBehavior [ RunTime:0.002025s ]
INFO: [ app_begin ] --END-- [ RunTime:0.002255s ]
SQL: SHOW COLUMNS FROM `a_log` [ RunTime:0.0740s ]
SQL: INSERT INTO `a_log` (`uid`,`action`,`ctime`) VALUES ('26','index','2018-04-11 12:44:08') [ RunTime:0.0279s ]
SQL: SHOW COLUMNS FROM `a_user` [ RunTime:0.0207s ]
SQL: SELECT a.*,b.title FROM a_user a left join a_bumen b on b.id = a.bumen  WHERE ( a.status >0 and a.id != 26 )  [ RunTime:0.0021s ]
INFO: [ view_parse ] --START--
INFO: [ template_filter ] --START--
INFO: Run Behavior\ContentReplaceBehavior [ RunTime:0.000318s ]
INFO: [ template_filter ] --END-- [ RunTime:0.000599s ]
INFO: Run Behavior\ParseTemplateBehavior [ RunTime:0.047296s ]
INFO: [ view_parse ] --END-- [ RunTime:0.047664s ]
INFO: [ view_filter ] --START--
INFO: Run Behavior\WriteHtmlCacheBehavior [ RunTime:0.001506s ]
INFO: [ view_filter ] --END-- [ RunTime:0.001731s ]
INFO: [ app_end ] --START--
INFO: Run Behavior\ShowPageTraceBehavior [ RunTime:0.002019s ]
INFO: [ app_end ] --END-- [ RunTime:0.002245s ]

[ 2018-04-11T12:54:20+08:00 ] 127.0.0.1 /tongxun/index.php/Home/Index/index.html
INFO: [ app_init ] --START--
INFO: Run Behavior\BuildLiteBehavior [ RunTime:0.000055s ]
INFO: [ app_init ] --END-- [ RunTime:0.001172s ]
INFO: [ app_begin ] --START--
INFO: Run Behavior\ReadHtmlCacheBehavior [ RunTime:0.002184s ]
INFO: [ app_begin ] --END-- [ RunTime:0.002435s ]
SQL: SHOW COLUMNS FROM `a_log` [ RunTime:0.0123s ]
SQL: INSERT INTO `a_log` (`uid`,`action`,`ctime`) VALUES ('26','index','2018-04-11 12:54:20') [ RunTime:0.0025s ]
SQL: SHOW COLUMNS FROM `a_user` [ RunTime:0.0118s ]
SQL: SELECT a.*,b.title FROM a_user a left join a_bumen b on b.id = a.bumen  WHERE ( a.status >0 and a.id != 26 )  [ RunTime:0.0013s ]
INFO: [ view_parse ] --START--
INFO: [ template_filter ] --START--
INFO: Run Behavior\ContentReplaceBehavior [ RunTime:0.000334s ]
INFO: [ template_filter ] --END-- [ RunTime:0.000620s ]
INFO: Run Behavior\ParseTemplateBehavior [ RunTime:0.028611s ]
INFO: [ view_parse ] --END-- [ RunTime:0.028866s ]
INFO: [ view_filter ] --START--
INFO: Run Behavior\WriteHtmlCacheBehavior [ RunTime:0.001427s ]
INFO: [ view_filter ] --END-- [ RunTime:0.001658s ]
INFO: [ app_end ] --START--
INFO: Run Behavior\ShowPageTraceBehavior [ RunTime:0.002117s ]
INFO: [ app_end ] --END-- [ RunTime:0.002384s ]

[ 2018-04-11T12:54:22+08:00 ] 127.0.0.1 /tongxun/index.php/Home/Index/table_complete.html
INFO: [ app_init ] --START--
INFO: Run Behavior\BuildLiteBehavior [ RunTime:0.000061s ]
INFO: [ app_init ] --END-- [ RunTime:0.001243s ]
INFO: [ app_begin ] --START--
INFO: Run Behavior\ReadHtmlCacheBehavior [ RunTime:0.002062s ]
INFO: [ app_begin ] --END-- [ RunTime:0.002314s ]
SQL: SHOW COLUMNS FROM `a_log` [ RunTime:0.0113s ]
SQL: INSERT INTO `a_log` (`uid`,`action`,`ctime`) VALUES ('26','table_complete','2018-04-11 12:54:21') [ RunTime:0.0021s ]
SQL: SHOW COLUMNS FROM `a_common_user` [ RunTime:0.0491s ]
SQL: SELECT a.id,b.username,b.tel,a.ctime FROM a_common_user a left join a_user b on b.id = a.teluserid  WHERE a.uid = '26'  [ RunTime:0.0380s ]
INFO: [ view_parse ] --START--
INFO: [ template_filter ] --START--
INFO: Run Behavior\ContentReplaceBehavior [ RunTime:0.000388s ]
INFO: [ template_filter ] --END-- [ RunTime:0.000696s ]
INFO: Run Behavior\ParseTemplateBehavior [ RunTime:0.063242s ]
INFO: [ view_parse ] --END-- [ RunTime:0.063583s ]
INFO: [ view_filter ] --START--
INFO: Run Behavior\WriteHtmlCacheBehavior [ RunTime:0.001406s ]
INFO: [ view_filter ] --END-- [ RunTime:0.001619s ]
INFO: [ app_end ] --START--
INFO: Run Behavior\ShowPageTraceBehavior [ RunTime:0.001924s ]
INFO: [ app_end ] --END-- [ RunTime:0.002179s ]

[ 2018-04-11T12:54:26+08:00 ] 127.0.0.1 /tongxun/index.php/Home/Index/form_validate.html
INFO: [ app_init ] --START--
INFO: Run Behavior\BuildLiteBehavior [ RunTime:0.000066s ]
INFO: [ app_init ] --END-- [ RunTime:0.001367s ]
INFO: [ app_begin ] --START--
INFO: Run Behavior\ReadHtmlCacheBehavior [ RunTime:0.002928s ]
INFO: [ app_begin ] --END-- [ RunTime:0.003289s ]
SQL: SHOW COLUMNS FROM `a_log` [ RunTime:0.0109s ]
SQL: INSERT INTO `a_log` (`uid`,`action`,`ctime`) VALUES ('26','form_validate','2018-04-11 12:54:25') [ RunTime:0.0092s ]
SQL: SHOW COLUMNS FROM `a_user` [ RunTime:0.0137s ]
SQL: SELECT a.*,b.title FROM a_user a left join a_bumen b on b.id = a.bumen  WHERE a.id = '26' LIMIT 1   [ RunTime:0.0012s ]
INFO: [ view_parse ] --START--
INFO: [ template_filter ] --START--
INFO: Run Behavior\ContentReplaceBehavior [ RunTime:0.000395s ]
INFO: [ template_filter ] --END-- [ RunTime:0.000685s ]
INFO: Run Behavior\ParseTemplateBehavior [ RunTime:0.061701s ]
INFO: [ view_parse ] --END-- [ RunTime:0.062065s ]
INFO: [ view_filter ] --START--
INFO: Run Behavior\WriteHtmlCacheBehavior [ RunTime:0.001516s ]
INFO: [ view_filter ] --END-- [ RunTime:0.001758s ]
INFO: [ app_end ] --START--
INFO: Run Behavior\ShowPageTraceBehavior [ RunTime:0.002295s ]
INFO: [ app_end ] --END-- [ RunTime:0.002571s ]

[ 2018-04-11T12:54:28+08:00 ] 127.0.0.1 /tongxun/index.php/Home/Index/form_basic.html
INFO: [ app_init ] --START--
INFO: Run Behavior\BuildLiteBehavior [ RunTime:0.000058s ]
INFO: [ app_init ] --END-- [ RunTime:0.001213s ]
INFO: [ app_begin ] --START--
INFO: Run Behavior\ReadHtmlCacheBehavior [ RunTime:0.002238s ]
INFO: [ app_begin ] --END-- [ RunTime:0.002512s ]
SQL: SHOW COLUMNS FROM `a_log` [ RunTime:0.0114s ]
SQL: INSERT INTO `a_log` (`uid`,`action`,`ctime`) VALUES ('26','form_basic','2018-04-11 12:54:28') [ RunTime:0.0018s ]
INFO: [ view_parse ] --START--
INFO: [ template_filter ] --START--
INFO: Run Behavior\ContentReplaceBehavior [ RunTime:0.000342s ]
INFO: [ template_filter ] --END-- [ RunTime:0.000634s ]
INFO: Run Behavior\ParseTemplateBehavior [ RunTime:0.051458s ]
INFO: [ view_parse ] --END-- [ RunTime:0.051745s ]
INFO: [ view_filter ] --START--
INFO: Run Behavior\WriteHtmlCacheBehavior [ RunTime:0.001394s ]
INFO: [ view_filter ] --END-- [ RunTime:0.001601s ]
INFO: [ app_end ] --START--
INFO: Run Behavior\ShowPageTraceBehavior [ RunTime:0.001962s ]
INFO: [ app_end ] --END-- [ RunTime:0.002198s ]

[ 2018-04-11T12:54:57+08:00 ] 127.0.0.1 /tongxun/index.php/Home/Index/table_complete.html
INFO: [ app_init ] --START--
INFO: Run Behavior\BuildLiteBehavior [ RunTime:0.000063s ]
INFO: [ app_init ] --END-- [ RunTime:0.001516s ]
INFO: [ app_begin ] --START--
INFO: Run Behavior\ReadHtmlCacheBehavior [ RunTime:0.002164s ]
INFO: [ app_begin ] --END-- [ RunTime:0.002425s ]
SQL: SHOW COLUMNS FROM `a_log` [ RunTime:0.0121s ]
SQL: INSERT INTO `a_log` (`uid`,`action`,`ctime`) VALUES ('26','table_complete','2018-04-11 12:54:57') [ RunTime:0.0055s ]
SQL: SHOW COLUMNS FROM `a_common_user` [ RunTime:0.0119s ]
SQL: SELECT a.id,b.username,b.tel,a.ctime FROM a_common_user a left join a_user b on b.id = a.teluserid  WHERE a.uid = '26'  [ RunTime:0.0014s ]
INFO: [ view_parse ] --START--
INFO: [ template_filter ] --START--
INFO: Run Behavior\ContentReplaceBehavior [ RunTime:0.000397s ]
INFO: [ template_filter ] --END-- [ RunTime:0.000688s ]
INFO: Run Behavior\ParseTemplateBehavior [ RunTime:0.034453s ]
INFO: [ view_parse ] --END-- [ RunTime:0.034738s ]
INFO: [ view_filter ] --START--
INFO: Run Behavior\WriteHtmlCacheBehavior [ RunTime:0.001378s ]
INFO: [ view_filter ] --END-- [ RunTime:0.001596s ]
INFO: [ app_end ] --START--
INFO: Run Behavior\ShowPageTraceBehavior [ RunTime:0.001966s ]
INFO: [ app_end ] --END-- [ RunTime:0.002197s ]

[ 2018-04-11T12:55:00+08:00 ] 127.0.0.1 /tongxun/index.php/Home/Index/form_validate.html
INFO: [ app_init ] --START--
INFO: Run Behavior\BuildLiteBehavior [ RunTime:0.000066s ]
INFO: [ app_init ] --END-- [ RunTime:0.001690s ]
INFO: [ app_begin ] --START--
INFO: Run Behavior\ReadHtmlCacheBehavior [ RunTime:0.002161s ]
INFO: [ app_begin ] --END-- [ RunTime:0.002404s ]
SQL: SHOW COLUMNS FROM `a_log` [ RunTime:0.0130s ]
SQL: INSERT INTO `a_log` (`uid`,`action`,`ctime`) VALUES ('26','form_validate','2018-04-11 12:55:00') [ RunTime:0.0025s ]
SQL: SHOW COLUMNS FROM `a_user` [ RunTime:0.0127s ]
SQL: SELECT a.*,b.title FROM a_user a left join a_bumen b on b.id = a.bumen  WHERE a.id = '26' LIMIT 1   [ RunTime:0.0011s ]
INFO: [ view_parse ] --START--
INFO: [ template_filter ] --START--
INFO: Run Behavior\ContentReplaceBehavior [ RunTime:0.000399s ]
INFO: [ template_filter ] --END-- [ RunTime:0.000698s ]
INFO: Run Behavior\ParseTemplateBehavior [ RunTime:0.027968s ]
INFO: [ view_parse ] --END-- [ RunTime:0.028266s ]
INFO: [ view_filter ] --START--
INFO: Run Behavior\WriteHtmlCacheBehavior [ RunTime:0.001713s ]
INFO: [ view_filter ] --END-- [ RunTime:0.001970s ]
INFO: [ app_end ] --START--
INFO: Run Behavior\ShowPageTraceBehavior [ RunTime:0.002468s ]
INFO: [ app_end ] --END-- [ RunTime:0.002754s ]

[ 2018-04-11T12:55:03+08:00 ] 127.0.0.1 /tongxun/index.php/Home/Index/table_complete.html
INFO: [ app_init ] --START--
INFO: Run Behavior\BuildLiteBehavior [ RunTime:0.000056s ]
INFO: [ app_init ] --END-- [ RunTime:0.001269s ]
INFO: [ app_begin ] --START--
INFO: Run Behavior\ReadHtmlCacheBehavior [ RunTime:0.002139s ]
INFO: [ app_begin ] --END-- [ RunTime:0.002433s ]
SQL: SHOW COLUMNS FROM `a_log` [ RunTime:0.0117s ]
SQL: INSERT INTO `a_log` (`uid`,`action`,`ctime`) VALUES ('26','table_complete','2018-04-11 12:55:03') [ RunTime:0.0018s ]
SQL: SHOW COLUMNS FROM `a_common_user` [ RunTime:0.0110s ]
SQL: SELECT a.id,b.username,b.tel,a.ctime FROM a_common_user a left join a_user b on b.id = a.teluserid  WHERE a.uid = '26'  [ RunTime:0.0009s ]
INFO: [ view_parse ] --START--
INFO: [ template_filter ] --START--
INFO: Run Behavior\ContentReplaceBehavior [ RunTime:0.000392s ]
INFO: [ template_filter ] --END-- [ RunTime:0.000669s ]
INFO: Run Behavior\ParseTemplateBehavior [ RunTime:0.030499s ]
INFO: [ view_parse ] --END-- [ RunTime:0.030757s ]
INFO: [ view_filter ] --START--
INFO: Run Behavior\WriteHtmlCacheBehavior [ RunTime:0.001746s ]
INFO: [ view_filter ] --END-- [ RunTime:0.002012s ]
INFO: [ app_end ] --START--
INFO: Run Behavior\ShowPageTraceBehavior [ RunTime:0.002325s ]
INFO: [ app_end ] --END-- [ RunTime:0.002553s ]

[ 2018-04-11T12:55:07+08:00 ] 127.0.0.1 /tongxun/index.php/Home/Index/form_validate.html
INFO: [ app_init ] --START--
INFO: Run Behavior\BuildLiteBehavior [ RunTime:0.000059s ]
INFO: [ app_init ] --END-- [ RunTime:0.001195s ]
INFO: [ app_begin ] --START--
INFO: Run Behavior\ReadHtmlCacheBehavior [ RunTime:0.002424s ]
INFO: [ app_begin ] --END-- [ RunTime:0.002702s ]
SQL: SHOW COLUMNS FROM `a_log` [ RunTime:0.0112s ]
SQL: INSERT INTO `a_log` (`uid`,`action`,`ctime`) VALUES ('26','form_validate','2018-04-11 12:55:07') [ RunTime:0.0030s ]
SQL: SHOW COLUMNS FROM `a_user` [ RunTime:0.0132s ]
SQL: SELECT a.*,b.title FROM a_user a left join a_bumen b on b.id = a.bumen  WHERE a.id = '26' LIMIT 1   [ RunTime:0.0012s ]
INFO: [ view_parse ] --START--
INFO: [ template_filter ] --START--
INFO: Run Behavior\ContentReplaceBehavior [ RunTime:0.000441s ]
INFO: [ template_filter ] --END-- [ RunTime:0.000761s ]
INFO: Run Behavior\ParseTemplateBehavior [ RunTime:0.028735s ]
INFO: [ view_parse ] --END-- [ RunTime:0.029022s ]
INFO: [ view_filter ] --START--
INFO: Run Behavior\WriteHtmlCacheBehavior [ RunTime:0.001410s ]
INFO: [ view_filter ] --END-- [ RunTime:0.001636s ]
INFO: [ app_end ] --START--
INFO: Run Behavior\ShowPageTraceBehavior [ RunTime:0.002296s ]
INFO: [ app_end ] --END-- [ RunTime:0.002549s ]

[ 2018-04-11T12:55:09+08:00 ] 127.0.0.1 /tongxun/index.php/Home/Index/form_basic.html
INFO: [ app_init ] --START--
INFO: Run Behavior\BuildLiteBehavior [ RunTime:0.000069s ]
INFO: [ app_init ] --END-- [ RunTime:0.001564s ]
INFO: [ app_begin ] --START--
INFO: Run Behavior\ReadHtmlCacheBehavior [ RunTime:0.002219s ]
INFO: [ app_begin ] --END-- [ RunTime:0.002484s ]
SQL: SHOW COLUMNS FROM `a_log` [ RunTime:0.0107s ]
SQL: INSERT INTO `a_log` (`uid`,`action`,`ctime`) VALUES ('26','form_basic','2018-04-11 12:55:08') [ RunTime:0.0023s ]
INFO: [ view_parse ] --START--
INFO: [ template_filter ] --START--
INFO: Run Behavior\ContentReplaceBehavior [ RunTime:0.000363s ]
INFO: [ template_filter ] --END-- [ RunTime:0.000667s ]
INFO: Run Behavior\ParseTemplateBehavior [ RunTime:0.023015s ]
INFO: [ view_parse ] --END-- [ RunTime:0.023268s ]
INFO: [ view_filter ] --START--
INFO: Run Behavior\WriteHtmlCacheBehavior [ RunTime:0.001405s ]
INFO: [ view_filter ] --END-- [ RunTime:0.001614s ]
INFO: [ app_end ] --START--
INFO: Run Behavior\ShowPageTraceBehavior [ RunTime:0.001935s ]
INFO: [ app_end ] --END-- [ RunTime:0.002158s ]

[ 2018-04-11T12:55:11+08:00 ] 127.0.0.1 /tongxun/index.php/Home/Index/form_validate.html
INFO: [ app_init ] --START--
INFO: Run Behavior\BuildLiteBehavior [ RunTime:0.000057s ]
INFO: [ app_init ] --END-- [ RunTime:0.001247s ]
INFO: [ app_begin ] --START--
INFO: Run Behavior\ReadHtmlCacheBehavior [ RunTime:0.002353s ]
INFO: [ app_begin ] --END-- [ RunTime:0.002645s ]
SQL: SHOW COLUMNS FROM `a_log` [ RunTime:0.0118s ]
SQL: INSERT INTO `a_log` (`uid`,`action`,`ctime`) VALUES ('26','form_validate','2018-04-11 12:55:11') [ RunTime:0.0024s ]
SQL: SHOW COLUMNS FROM `a_user` [ RunTime:0.0130s ]
SQL: SELECT a.*,b.title FROM a_user a left join a_bumen b on b.id = a.bumen  WHERE a.id = '26' LIMIT 1   [ RunTime:0.0013s ]
INFO: [ view_parse ] --START--
INFO: [ template_filter ] --START--
INFO: Run Behavior\ContentReplaceBehavior [ RunTime:0.000414s ]
INFO: [ template_filter ] --END-- [ RunTime:0.000710s ]
INFO: Run Behavior\ParseTemplateBehavior [ RunTime:0.031733s ]
INFO: [ view_parse ] --END-- [ RunTime:0.032019s ]
INFO: [ view_filter ] --START--
INFO: Run Behavior\WriteHtmlCacheBehavior [ RunTime:0.001420s ]
INFO: [ view_filter ] --END-- [ RunTime:0.001638s ]
INFO: [ app_end ] --START--
INFO: Run Behavior\ShowPageTraceBehavior [ RunTime:0.002075s ]
INFO: [ app_end ] --END-- [ RunTime:0.002312s ]

[ 2018-04-11T12:55:31+08:00 ] 127.0.0.1 /tongxun/index.php/Home/Index/table_complete.html
INFO: [ app_init ] --START--
INFO: Run Behavior\BuildLiteBehavior [ RunTime:0.000064s ]
INFO: [ app_init ] --END-- [ RunTime:0.001573s ]
INFO: [ app_begin ] --START--
INFO: Run Behavior\ReadHtmlCacheBehavior [ RunTime:0.002124s ]
INFO: [ app_begin ] --END-- [ RunTime:0.002384s ]
SQL: SHOW COLUMNS FROM `a_log` [ RunTime:0.0115s ]
SQL: INSERT INTO `a_log` (`uid`,`action`,`ctime`) VALUES ('26','table_complete','2018-04-11 12:55:31') [ RunTime:0.0058s ]
SQL: SHOW COLUMNS FROM `a_common_user` [ RunTime:0.0113s ]
SQL: SELECT a.id,b.username,b.tel,a.ctime FROM a_common_user a left join a_user b on b.id = a.teluserid  WHERE a.uid = '26'  [ RunTime:0.0009s ]
INFO: [ view_parse ] --START--
INFO: [ template_filter ] --START--
INFO: Run Behavior\ContentReplaceBehavior [ RunTime:0.000390s ]
INFO: [ template_filter ] --END-- [ RunTime:0.000695s ]
INFO: Run Behavior\ParseTemplateBehavior [ RunTime:0.029784s ]
INFO: [ view_parse ] --END-- [ RunTime:0.030061s ]
INFO: [ view_filter ] --START--
INFO: Run Behavior\WriteHtmlCacheBehavior [ RunTime:0.001367s ]
INFO: [ view_filter ] --END-- [ RunTime:0.001581s ]
INFO: [ app_end ] --START--
INFO: Run Behavior\ShowPageTraceBehavior [ RunTime:0.001932s ]
INFO: [ app_end ] --END-- [ RunTime:0.002147s ]

[ 2018-04-11T12:55:41+08:00 ] 127.0.0.1 /tongxun/index.php/Home/Index/form_validate.html
INFO: [ app_init ] --START--
INFO: Run Behavior\BuildLiteBehavior [ RunTime:0.000056s ]
INFO: [ app_init ] --END-- [ RunTime:0.001171s ]
INFO: [ app_begin ] --START--
INFO: Run Behavior\ReadHtmlCacheBehavior [ RunTime:0.002311s ]
INFO: [ app_begin ] --END-- [ RunTime:0.002585s ]
SQL: SHOW COLUMNS FROM `a_log` [ RunTime:0.0120s ]
SQL: INSERT INTO `a_log` (`uid`,`action`,`ctime`) VALUES ('26','form_validate','2018-04-11 12:55:41') [ RunTime:0.0020s ]
SQL: SHOW COLUMNS FROM `a_user` [ RunTime:0.0123s ]
SQL: SELECT a.*,b.title FROM a_user a left join a_bumen b on b.id = a.bumen  WHERE a.id = '26' LIMIT 1   [ RunTime:0.0010s ]
INFO: [ view_parse ] --START--
INFO: [ template_filter ] --START--
INFO: Run Behavior\ContentReplaceBehavior [ RunTime:0.000423s ]
INFO: [ template_filter ] --END-- [ RunTime:0.000717s ]
INFO: Run Behavior\ParseTemplateBehavior [ RunTime:0.026237s ]
INFO: [ view_parse ] --END-- [ RunTime:0.026482s ]
INFO: [ view_filter ] --START--
INFO: Run Behavior\WriteHtmlCacheBehavior [ RunTime:0.001549s ]
INFO: [ view_filter ] --END-- [ RunTime:0.001808s ]
INFO: [ app_end ] --START--
INFO: Run Behavior\ShowPageTraceBehavior [ RunTime:0.002195s ]
INFO: [ app_end ] --END-- [ RunTime:0.002415s ]

[ 2018-04-11T12:55:43+08:00 ] 127.0.0.1 /tongxun/index.php/Home/Index/form_basic.html
INFO: [ app_init ] --START--
INFO: Run Behavior\BuildLiteBehavior [ RunTime:0.000068s ]
INFO: [ app_init ] --END-- [ RunTime:0.001609s ]
INFO: [ app_begin ] --START--
INFO: Run Behavior\ReadHtmlCacheBehavior [ RunTime:0.002049s ]
INFO: [ app_begin ] --END-- [ RunTime:0.002294s ]
SQL: SHOW COLUMNS FROM `a_log` [ RunTime:0.0110s ]
SQL: INSERT INTO `a_log` (`uid`,`action`,`ctime`) VALUES ('26','form_basic','2018-04-11 12:55:43') [ RunTime:0.0018s ]
INFO: [ view_parse ] --START--
INFO: [ template_filter ] --START--
INFO: Run Behavior\ContentReplaceBehavior [ RunTime:0.000333s ]
INFO: [ template_filter ] --END-- [ RunTime:0.000626s ]
INFO: Run Behavior\ParseTemplateBehavior [ RunTime:0.022235s ]
INFO: [ view_parse ] --END-- [ RunTime:0.022474s ]
INFO: [ view_filter ] --START--
INFO: Run Behavior\WriteHtmlCacheBehavior [ RunTime:0.001381s ]
INFO: [ view_filter ] --END-- [ RunTime:0.001591s ]
INFO: [ app_end ] --START--
INFO: Run Behavior\ShowPageTraceBehavior [ RunTime:0.001913s ]
INFO: [ app_end ] --END-- [ RunTime:0.002129s ]

[ 2018-04-11T13:00:10+08:00 ] 127.0.0.1 /tongxun/index.php/Home/Index/index.html
INFO: [ app_init ] --START--
INFO: Run Behavior\BuildLiteBehavior [ RunTime:0.000059s ]
INFO: [ app_init ] --END-- [ RunTime:0.001219s ]
INFO: [ app_begin ] --START--
INFO: Run Behavior\ReadHtmlCacheBehavior [ RunTime:0.001911s ]
INFO: [ app_begin ] --END-- [ RunTime:0.002148s ]
SQL: SHOW COLUMNS FROM `a_log` [ RunTime:0.0112s ]
SQL: INSERT INTO `a_log` (`uid`,`action`,`ctime`) VALUES ('26','index','2018-04-11 13:00:10') [ RunTime:0.0058s ]
SQL: SHOW COLUMNS FROM `a_user` [ RunTime:0.0120s ]
SQL: SELECT a.*,b.title FROM a_user a left join a_bumen b on b.id = a.bumen  WHERE ( a.status >0 and a.id != 26 )  [ RunTime:0.0013s ]
INFO: [ view_parse ] --START--
INFO: [ template_filter ] --START--
INFO: Run Behavior\ContentReplaceBehavior [ RunTime:0.000329s ]
INFO: [ template_filter ] --END-- [ RunTime:0.000614s ]
INFO: Run Behavior\ParseTemplateBehavior [ RunTime:0.028440s ]
INFO: [ view_parse ] --END-- [ RunTime:0.028714s ]
INFO: [ view_filter ] --START--
INFO: Run Behavior\WriteHtmlCacheBehavior [ RunTime:0.001216s ]
INFO: [ view_filter ] --END-- [ RunTime:0.001447s ]
INFO: [ app_end ] --START--
INFO: Run Behavior\ShowPageTraceBehavior [ RunTime:0.001775s ]
INFO: [ app_end ] --END-- [ RunTime:0.002008s ]

[ 2018-04-11T13:00:14+08:00 ] 127.0.0.1 /tongxun/index.php/Home/Index/table_complete.html
INFO: [ app_init ] --START--
INFO: Run Behavior\BuildLiteBehavior [ RunTime:0.000057s ]
INFO: [ app_init ] --END-- [ RunTime:0.001214s ]
INFO: [ app_begin ] --START--
INFO: Run Behavior\ReadHtmlCacheBehavior [ RunTime:0.001824s ]
INFO: [ app_begin ] --END-- [ RunTime:0.002081s ]
SQL: SHOW COLUMNS FROM `a_log` [ RunTime:0.0116s ]
SQL: INSERT INTO `a_log` (`uid`,`action`,`ctime`) VALUES ('26','table_complete','2018-04-11 13:00:14') [ RunTime:0.0054s ]
SQL: SHOW COLUMNS FROM `a_common_user` [ RunTime:0.0110s ]
SQL: SELECT a.id,b.username,b.tel,a.ctime FROM a_common_user a left join a_user b on b.id = a.teluserid  WHERE a.uid = '26'  [ RunTime:0.0009s ]
INFO: [ view_parse ] --START--
INFO: [ template_filter ] --START--
INFO: Run Behavior\ContentReplaceBehavior [ RunTime:0.000421s ]
INFO: [ template_filter ] --END-- [ RunTime:0.000742s ]
INFO: Run Behavior\ParseTemplateBehavior [ RunTime:0.031866s ]
INFO: [ view_parse ] --END-- [ RunTime:0.032209s ]
INFO: [ view_filter ] --START--
INFO: Run Behavior\WriteHtmlCacheBehavior [ RunTime:0.001649s ]
INFO: [ view_filter ] --END-- [ RunTime:0.001912s ]
INFO: [ app_end ] --START--
INFO: Run Behavior\ShowPageTraceBehavior [ RunTime:0.001952s ]
INFO: [ app_end ] --END-- [ RunTime:0.002178s ]

[ 2018-04-11T13:00:18+08:00 ] 127.0.0.1 /tongxun/index.php/Home/Index/form_validate.html
INFO: [ app_init ] --START--
INFO: Run Behavior\BuildLiteBehavior [ RunTime:0.000057s ]
INFO: [ app_init ] --END-- [ RunTime:0.001177s ]
INFO: [ app_begin ] --START--
INFO: Run Behavior\ReadHtmlCacheBehavior [ RunTime:0.001980s ]
INFO: [ app_begin ] --END-- [ RunTime:0.002236s ]
SQL: SHOW COLUMNS FROM `a_log` [ RunTime:0.0117s ]
SQL: INSERT INTO `a_log` (`uid`,`action`,`ctime`) VALUES ('26','form_validate','2018-04-11 13:00:18') [ RunTime:0.0036s ]
SQL: SHOW COLUMNS FROM `a_user` [ RunTime:0.0113s ]
SQL: SELECT a.*,b.title FROM a_user a left join a_bumen b on b.id = a.bumen  WHERE a.id = '26' LIMIT 1   [ RunTime:0.0011s ]
INFO: [ view_parse ] --START--
INFO: [ template_filter ] --START--
INFO: Run Behavior\ContentReplaceBehavior [ RunTime:0.000391s ]
INFO: [ template_filter ] --END-- [ RunTime:0.000669s ]
INFO: Run Behavior\ParseTemplateBehavior [ RunTime:0.027135s ]
INFO: [ view_parse ] --END-- [ RunTime:0.027423s ]
INFO: [ view_filter ] --START--
INFO: Run Behavior\WriteHtmlCacheBehavior [ RunTime:0.001329s ]
INFO: [ view_filter ] --END-- [ RunTime:0.001542s ]
INFO: [ app_end ] --START--
INFO: Run Behavior\ShowPageTraceBehavior [ RunTime:0.001754s ]
INFO: [ app_end ] --END-- [ RunTime:0.001973s ]

[ 2018-04-11T13:00:19+08:00 ] 127.0.0.1 /tongxun/index.php/Home/Index/form_validate.html
INFO: [ app_init ] --START--
INFO: Run Behavior\BuildLiteBehavior [ RunTime:0.000063s ]
INFO: [ app_init ] --END-- [ RunTime:0.001516s ]
INFO: [ app_begin ] --START--
INFO: Run Behavior\ReadHtmlCacheBehavior [ RunTime:0.002031s ]
INFO: [ app_begin ] --END-- [ RunTime:0.002304s ]
SQL: SHOW COLUMNS FROM `a_log` [ RunTime:0.0112s ]
SQL: INSERT INTO `a_log` (`uid`,`action`,`ctime`) VALUES ('26','form_validate','2018-04-11 13:00:19') [ RunTime:0.0057s ]
SQL: SHOW COLUMNS FROM `a_user` [ RunTime:0.0127s ]
SQL: SELECT a.*,b.title FROM a_user a left join a_bumen b on b.id = a.bumen  WHERE a.id = '26' LIMIT 1   [ RunTime:0.0010s ]
INFO: [ view_parse ] --START--
INFO: [ template_filter ] --START--
INFO: Run Behavior\ContentReplaceBehavior [ RunTime:0.000410s ]
INFO: [ template_filter ] --END-- [ RunTime:0.000712s ]
INFO: Run Behavior\ParseTemplateBehavior [ RunTime:0.025382s ]
INFO: [ view_parse ] --END-- [ RunTime:0.025641s ]
INFO: [ view_filter ] --START--
INFO: Run Behavior\WriteHtmlCacheBehavior [ RunTime:0.001205s ]
INFO: [ view_filter ] --END-- [ RunTime:0.001426s ]
INFO: [ app_end ] --START--
INFO: Run Behavior\ShowPageTraceBehavior [ RunTime:0.001725s ]
INFO: [ app_end ] --END-- [ RunTime:0.001940s ]

[ 2018-04-11T13:08:05+08:00 ] 127.0.0.1 /tongxun/index.php/Home/Index/table_complete.html
INFO: [ app_init ] --START--
INFO: Run Behavior\BuildLiteBehavior [ RunTime:0.000056s ]
INFO: [ app_init ] --END-- [ RunTime:0.001192s ]
INFO: [ app_begin ] --START--
INFO: Run Behavior\ReadHtmlCacheBehavior [ RunTime:0.002229s ]
INFO: [ app_begin ] --END-- [ RunTime:0.002554s ]
SQL: SHOW COLUMNS FROM `a_log` [ RunTime:0.0134s ]
SQL: INSERT INTO `a_log` (`uid`,`action`,`ctime`) VALUES ('26','table_complete','2018-04-11 13:08:05') [ RunTime:0.0052s ]
SQL: SHOW COLUMNS FROM `a_common_user` [ RunTime:0.0138s ]
SQL: SELECT a.id,b.username,b.tel,a.ctime FROM a_common_user a left join a_user b on b.id = a.teluserid  WHERE a.uid = '26'  [ RunTime:0.0009s ]
INFO: [ view_parse ] --START--
INFO: [ template_filter ] --START--
INFO: Run Behavior\ContentReplaceBehavior [ RunTime:0.000394s ]
INFO: [ template_filter ] --END-- [ RunTime:0.000687s ]
INFO: Run Behavior\ParseTemplateBehavior [ RunTime:0.030010s ]
INFO: [ view_parse ] --END-- [ RunTime:0.030263s ]
INFO: [ view_filter ] --START--
INFO: Run Behavior\WriteHtmlCacheBehavior [ RunTime:0.001449s ]
INFO: [ view_filter ] --END-- [ RunTime:0.001701s ]
INFO: [ app_end ] --START--
INFO: Run Behavior\ShowPageTraceBehavior [ RunTime:0.001972s ]
INFO: [ app_end ] --END-- [ RunTime:0.002196s ]

[ 2018-04-11T13:08:07+08:00 ] 127.0.0.1 /tongxun/index.php/Home/Index/index.html
INFO: [ app_init ] --START--
INFO: Run Behavior\BuildLiteBehavior [ RunTime:0.000057s ]
INFO: [ app_init ] --END-- [ RunTime:0.001162s ]
INFO: [ app_begin ] --START--
INFO: Run Behavior\ReadHtmlCacheBehavior [ RunTime:0.001803s ]
INFO: [ app_begin ] --END-- [ RunTime:0.002047s ]
SQL: SHOW COLUMNS FROM `a_log` [ RunTime:0.0139s ]
SQL: INSERT INTO `a_log` (`uid`,`action`,`ctime`) VALUES ('26','index','2018-04-11 13:08:07') [ RunTime:0.0022s ]
SQL: SHOW COLUMNS FROM `a_user` [ RunTime:0.0145s ]
SQL: SELECT a.*,b.title FROM a_user a left join a_bumen b on b.id = a.bumen  WHERE ( a.status >0 and a.id != 26 )  [ RunTime:0.0013s ]
INFO: [ view_parse ] --START--
INFO: [ template_filter ] --START--
INFO: Run Behavior\ContentReplaceBehavior [ RunTime:0.000325s ]
INFO: [ template_filter ] --END-- [ RunTime:0.000603s ]
INFO: Run Behavior\ParseTemplateBehavior [ RunTime:0.029181s ]
INFO: [ view_parse ] --END-- [ RunTime:0.029484s ]
INFO: [ view_filter ] --START--
INFO: Run Behavior\WriteHtmlCacheBehavior [ RunTime:0.001624s ]
INFO: [ view_filter ] --END-- [ RunTime:0.001886s ]
INFO: [ app_end ] --START--
INFO: Run Behavior\ShowPageTraceBehavior [ RunTime:0.001839s ]
INFO: [ app_end ] --END-- [ RunTime:0.002057s ]

[ 2018-04-11T14:39:59+08:00 ] 127.0.0.1 /tongxun/index.php
INFO: [ app_init ] --START--
INFO: Run Behavior\BuildLiteBehavior [ RunTime:0.000062s ]
INFO: [ app_init ] --END-- [ RunTime:0.001355s ]
INFO: [ app_begin ] --START--
INFO: Run Behavior\ReadHtmlCacheBehavior [ RunTime:0.002101s ]
INFO: [ app_begin ] --END-- [ RunTime:0.002420s ]
SQL: SHOW COLUMNS FROM `a_log` [ RunTime:0.0147s ]
SQL: INSERT INTO `a_log` (`uid`,`action`,`ctime`) VALUES ('26','index','2018-04-11 14:39:59') [ RunTime:0.2419s ]
SQL: SHOW COLUMNS FROM `a_user` [ RunTime:0.0129s ]
SQL: SELECT a.*,b.title FROM a_user a left join a_bumen b on b.id = a.bumen  WHERE ( a.status >0 and a.id != 26 )  [ RunTime:0.0017s ]
INFO: [ view_parse ] --START--
INFO: [ template_filter ] --START--
INFO: Run Behavior\ContentReplaceBehavior [ RunTime:0.000335s ]
INFO: [ template_filter ] --END-- [ RunTime:0.000676s ]
INFO: Run Behavior\ParseTemplateBehavior [ RunTime:0.052620s ]
INFO: [ view_parse ] --END-- [ RunTime:0.052902s ]
INFO: [ view_filter ] --START--
INFO: Run Behavior\WriteHtmlCacheBehavior [ RunTime:0.001399s ]
INFO: [ view_filter ] --END-- [ RunTime:0.001623s ]
INFO: [ app_end ] --START--
INFO: Run Behavior\ShowPageTraceBehavior [ RunTime:0.001792s ]
INFO: [ app_end ] --END-- [ RunTime:0.002012s ]

[ 2018-04-11T17:32:50+08:00 ] ::1 /tongxun/index.php
INFO: [ app_init ] --START--
INFO: Run Behavior\BuildLiteBehavior [ RunTime:0.000069s ]
INFO: [ app_init ] --END-- [ RunTime:0.001965s ]
INFO: [ app_begin ] --START--
INFO: Run Behavior\ReadHtmlCacheBehavior [ RunTime:0.003627s ]
INFO: [ app_begin ] --END-- [ RunTime:0.003945s ]
NOTIC: [8] Undefined index: user F:\wamp\www\tongxun\Application\Home\Controller\IndexController.class.php 第 9 行.
NOTIC: [8] Undefined index: user F:\wamp\www\tongxun\Application\Home\Controller\IndexController.class.php 第 22 行.
INFO: [ view_parse ] --START--
INFO: [ template_filter ] --START--
INFO: Run Behavior\ContentReplaceBehavior [ RunTime:0.000169s ]
INFO: [ template_filter ] --END-- [ RunTime:0.000449s ]
INFO: Run Behavior\ParseTemplateBehavior [ RunTime:0.125062s ]
INFO: [ view_parse ] --END-- [ RunTime:0.125392s ]
INFO: [ view_filter ] --START--
INFO: Run Behavior\WriteHtmlCacheBehavior [ RunTime:0.083192s ]
INFO: [ view_filter ] --END-- [ RunTime:0.083577s ]

[ 2018-04-11T17:32:54+08:00 ] ::1 /tongxun/index.php/Home/index/login.html
INFO: [ app_init ] --START--
INFO: Run Behavior\BuildLiteBehavior [ RunTime:0.000110s ]
INFO: [ app_init ] --END-- [ RunTime:0.002322s ]
INFO: [ app_begin ] --START--
INFO: Run Behavior\ReadHtmlCacheBehavior [ RunTime:0.003681s ]
INFO: [ app_begin ] --END-- [ RunTime:0.004168s ]
NOTIC: [8] Undefined index: user F:\wamp\www\tongxun\Application\Home\Controller\IndexController.class.php 第 9 行.
INFO: [ view_parse ] --START--
INFO: [ template_filter ] --START--
INFO: Run Behavior\ContentReplaceBehavior [ RunTime:0.000249s ]
INFO: [ template_filter ] --END-- [ RunTime:0.000597s ]
INFO: Run Behavior\ParseTemplateBehavior [ RunTime:0.097979s ]
INFO: [ view_parse ] --END-- [ RunTime:0.098366s ]
INFO: [ view_filter ] --START--
INFO: Run Behavior\WriteHtmlCacheBehavior [ RunTime:0.001562s ]
INFO: [ view_filter ] --END-- [ RunTime:0.001854s ]
INFO: [ app_end ] --START--
INFO: Run Behavior\ShowPageTraceBehavior [ RunTime:0.062002s ]
INFO: [ app_end ] --END-- [ RunTime:0.062399s ]

[ 2018-04-11T17:42:40+08:00 ] ::1 /tongxun/index.php/Home/Index/login
INFO: [ app_init ] --START--
INFO: Run Behavior\BuildLiteBehavior [ RunTime:0.000072s ]
INFO: [ app_init ] --END-- [ RunTime:0.001354s ]
INFO: [ app_begin ] --START--
INFO: Run Behavior\ReadHtmlCacheBehavior [ RunTime:0.002596s ]
INFO: [ app_begin ] --END-- [ RunTime:0.002913s ]
NOTIC: [8] Undefined index: user F:\wamp\www\tongxun\Application\Home\Controller\IndexController.class.php 第 9 行.
SQL: SHOW COLUMNS FROM `a_user` [ RunTime:0.0111s ]
SQL: SELECT * FROM `a_user` WHERE `tel` = '18623358906' AND `password` = '12345' AND `status` = 1 LIMIT 1   [ RunTime:0.0012s ]
INFO: [ view_parse ] --START--
INFO: [ template_filter ] --START--
INFO: Run Behavior\ContentReplaceBehavior [ RunTime:0.000218s ]
INFO: [ template_filter ] --END-- [ RunTime:0.000572s ]
INFO: Run Behavior\ParseTemplateBehavior [ RunTime:0.080728s ]
INFO: [ view_parse ] --END-- [ RunTime:0.081021s ]
INFO: [ view_filter ] --START--
INFO: Run Behavior\WriteHtmlCacheBehavior [ RunTime:0.001600s ]
INFO: [ view_filter ] --END-- [ RunTime:0.001871s ]

[ 2018-04-11T17:42:42+08:00 ] ::1 /tongxun/index.php/Home/index/index.html
INFO: [ app_init ] --START--
INFO: Run Behavior\BuildLiteBehavior [ RunTime:0.000111s ]
INFO: [ app_init ] --END-- [ RunTime:0.002482s ]
INFO: [ app_begin ] --START--
INFO: Run Behavior\ReadHtmlCacheBehavior [ RunTime:0.003266s ]
INFO: [ app_begin ] --END-- [ RunTime:0.003706s ]
SQL: SHOW COLUMNS FROM `a_log` [ RunTime:0.0182s ]
SQL: INSERT INTO `a_log` (`uid`,`action`,`ctime`) VALUES ('26','index','2018-04-11 17:42:41') [ RunTime:0.0698s ]
SQL: SHOW COLUMNS FROM `a_user` [ RunTime:0.0185s ]
SQL: SELECT a.*,b.title FROM a_user a left join a_bumen b on b.id = a.bumen  WHERE ( a.status >0 and a.id != 26 )  [ RunTime:0.0097s ]
INFO: [ view_parse ] --START--
INFO: [ template_filter ] --START--
INFO: Run Behavior\ContentReplaceBehavior [ RunTime:0.000610s ]
INFO: [ template_filter ] --END-- [ RunTime:0.001103s ]
INFO: Run Behavior\ParseTemplateBehavior [ RunTime:0.059145s ]
INFO: [ view_parse ] --END-- [ RunTime:0.059596s ]
INFO: [ view_filter ] --START--
INFO: Run Behavior\WriteHtmlCacheBehavior [ RunTime:0.002191s ]
INFO: [ view_filter ] --END-- [ RunTime:0.002630s ]
INFO: [ app_end ] --START--
INFO: Run Behavior\ShowPageTraceBehavior [ RunTime:0.003059s ]
INFO: [ app_end ] --END-- [ RunTime:0.003452s ]

[ 2018-04-11T17:43:02+08:00 ] ::1 /tongxun/index.php/Home/Index/index.html
INFO: [ app_init ] --START--
INFO: Run Behavior\BuildLiteBehavior [ RunTime:0.000065s ]
INFO: [ app_init ] --END-- [ RunTime:0.001366s ]
INFO: [ app_begin ] --START--
INFO: Run Behavior\ReadHtmlCacheBehavior [ RunTime:0.002089s ]
INFO: [ app_begin ] --END-- [ RunTime:0.002440s ]
SQL: SHOW COLUMNS FROM `a_log` [ RunTime:0.0113s ]
SQL: INSERT INTO `a_log` (`uid`,`action`,`ctime`) VALUES ('26','index','2018-04-11 17:43:02') [ RunTime:0.0056s ]
SQL: SHOW COLUMNS FROM `a_user` [ RunTime:0.0113s ]
SQL: SELECT a.*,b.title FROM a_user a left join a_bumen b on b.id = a.bumen  WHERE ( a.status >0 and a.id != 26 )  [ RunTime:0.0014s ]
INFO: [ view_parse ] --START--
INFO: [ template_filter ] --START--
INFO: Run Behavior\ContentReplaceBehavior [ RunTime:0.000383s ]
INFO: [ template_filter ] --END-- [ RunTime:0.000664s ]
INFO: Run Behavior\ParseTemplateBehavior [ RunTime:0.030141s ]
INFO: [ view_parse ] --END-- [ RunTime:0.030572s ]
INFO: [ view_filter ] --START--
INFO: Run Behavior\WriteHtmlCacheBehavior [ RunTime:0.001540s ]
INFO: [ view_filter ] --END-- [ RunTime:0.001840s ]
INFO: [ app_end ] --START--
INFO: Run Behavior\ShowPageTraceBehavior [ RunTime:0.002035s ]
INFO: [ app_end ] --END-- [ RunTime:0.002274s ]

[ 2018-04-11T22:01:16+08:00 ] ::1 /tongxun/index.php
INFO: [ app_init ] --START--
INFO: Run Behavior\BuildLiteBehavior [ RunTime:0.000075s ]
INFO: [ app_init ] --END-- [ RunTime:0.002024s ]
INFO: [ app_begin ] --START--
INFO: Run Behavior\ReadHtmlCacheBehavior [ RunTime:0.004276s ]
INFO: [ app_begin ] --END-- [ RunTime:0.004617s ]
NOTIC: [8] Undefined index: user F:\wamp\www\tongxun\Application\Home\Controller\IndexController.class.php 第 9 行.
NOTIC: [8] Undefined index: user F:\wamp\www\tongxun\Application\Home\Controller\IndexController.class.php 第 22 行.
INFO: [ view_parse ] --START--
INFO: [ template_filter ] --START--
INFO: Run Behavior\ContentReplaceBehavior [ RunTime:0.000171s ]
INFO: [ template_filter ] --END-- [ RunTime:0.000506s ]
INFO: Run Behavior\ParseTemplateBehavior [ RunTime:0.042335s ]
INFO: [ view_parse ] --END-- [ RunTime:0.042711s ]
INFO: [ view_filter ] --START--
INFO: Run Behavior\WriteHtmlCacheBehavior [ RunTime:0.003139s ]
INFO: [ view_filter ] --END-- [ RunTime:0.003405s ]

[ 2018-04-11T22:01:20+08:00 ] ::1 /tongxun/index.php/Home/index/login.html
INFO: [ app_init ] --START--
INFO: Run Behavior\BuildLiteBehavior [ RunTime:0.000098s ]
INFO: [ app_init ] --END-- [ RunTime:0.002941s ]
INFO: [ app_begin ] --START--
INFO: Run Behavior\ReadHtmlCacheBehavior [ RunTime:0.003852s ]
INFO: [ app_begin ] --END-- [ RunTime:0.004130s ]
NOTIC: [8] Undefined index: user F:\wamp\www\tongxun\Application\Home\Controller\IndexController.class.php 第 9 行.
INFO: [ view_parse ] --START--
INFO: [ template_filter ] --START--
INFO: Run Behavior\ContentReplaceBehavior [ RunTime:0.000222s ]
INFO: [ template_filter ] --END-- [ RunTime:0.000537s ]
INFO: Run Behavior\ParseTemplateBehavior [ RunTime:0.042484s ]
INFO: [ view_parse ] --END-- [ RunTime:0.042894s ]
INFO: [ view_filter ] --START--
INFO: Run Behavior\WriteHtmlCacheBehavior [ RunTime:0.003865s ]
INFO: [ view_filter ] --END-- [ RunTime:0.004145s ]
INFO: [ app_end ] --START--
INFO: Run Behavior\ShowPageTraceBehavior [ RunTime:0.004090s ]
INFO: [ app_end ] --END-- [ RunTime:0.004374s ]

[ 2018-04-11T22:04:42+08:00 ] ::1 /tongxun/index.php/Home/Index/login
INFO: [ app_init ] --START--
INFO: Run Behavior\BuildLiteBehavior [ RunTime:0.000100s ]
INFO: [ app_init ] --END-- [ RunTime:0.002261s ]
INFO: [ app_begin ] --START--
INFO: Run Behavior\ReadHtmlCacheBehavior [ RunTime:0.003779s ]
INFO: [ app_begin ] --END-- [ RunTime:0.004215s ]
NOTIC: [8] Undefined index: user F:\wamp\www\tongxun\Application\Home\Controller\IndexController.class.php 第 9 行.
SQL: SHOW COLUMNS FROM `a_user` [ RunTime:0.0157s ]
SQL: SELECT * FROM `a_user` WHERE `tel` = '18623358906' AND `password` = 'admin' AND `status` = 1 LIMIT 1   [ RunTime:0.0016s ]
INFO: [ view_parse ] --START--
INFO: [ template_filter ] --START--
INFO: Run Behavior\ContentReplaceBehavior [ RunTime:0.000280s ]
INFO: [ template_filter ] --END-- [ RunTime:0.000778s ]
INFO: Run Behavior\ParseTemplateBehavior [ RunTime:0.036348s ]
INFO: [ view_parse ] --END-- [ RunTime:0.036823s ]
INFO: [ view_filter ] --START--
INFO: Run Behavior\WriteHtmlCacheBehavior [ RunTime:0.002733s ]
INFO: [ view_filter ] --END-- [ RunTime:0.003125s ]

[ 2018-04-11T22:04:54+08:00 ] ::1 /tongxun/index.php/Home/Index/login
INFO: [ app_init ] --START--
INFO: Run Behavior\BuildLiteBehavior [ RunTime:0.000092s ]
INFO: [ app_init ] --END-- [ RunTime:0.002047s ]
INFO: [ app_begin ] --START--
INFO: Run Behavior\ReadHtmlCacheBehavior [ RunTime:0.003213s ]
INFO: [ app_begin ] --END-- [ RunTime:0.003635s ]
NOTIC: [8] Undefined index: user F:\wamp\www\tongxun\Application\Home\Controller\IndexController.class.php 第 9 行.
SQL: SHOW COLUMNS FROM `a_user` [ RunTime:0.0107s ]
SQL: SELECT * FROM `a_user` WHERE `tel` = '18623358906' AND `password` = '12345' AND `status` = 1 LIMIT 1   [ RunTime:0.0011s ]
INFO: [ view_parse ] --START--
INFO: [ template_filter ] --START--
INFO: Run Behavior\ContentReplaceBehavior [ RunTime:0.000190s ]
INFO: [ template_filter ] --END-- [ RunTime:0.000482s ]
INFO: Run Behavior\ParseTemplateBehavior [ RunTime:0.023336s ]
INFO: [ view_parse ] --END-- [ RunTime:0.023623s ]
INFO: [ view_filter ] --START--
INFO: Run Behavior\WriteHtmlCacheBehavior [ RunTime:0.001798s ]
INFO: [ view_filter ] --END-- [ RunTime:0.002077s ]

[ 2018-04-11T22:04:56+08:00 ] ::1 /tongxun/index.php/Home/index/index.html
INFO: [ app_init ] --START--
INFO: Run Behavior\BuildLiteBehavior [ RunTime:0.000066s ]
INFO: [ app_init ] --END-- [ RunTime:0.001755s ]
INFO: [ app_begin ] --START--
INFO: Run Behavior\ReadHtmlCacheBehavior [ RunTime:0.002292s ]
INFO: [ app_begin ] --END-- [ RunTime:0.002557s ]
SQL: SHOW COLUMNS FROM `a_log` [ RunTime:0.1313s ]
SQL: INSERT INTO `a_log` (`uid`,`action`,`ctime`) VALUES ('26','index','2018-04-11 22:04:56') [ RunTime:0.0374s ]
SQL: SHOW COLUMNS FROM `a_user` [ RunTime:0.0152s ]
SQL: SELECT a.*,b.title FROM a_user a left join a_bumen b on b.id = a.bumen  WHERE ( a.status >0 and a.id != 26 )  [ RunTime:0.0053s ]
INFO: [ view_parse ] --START--
INFO: [ template_filter ] --START--
INFO: Run Behavior\ContentReplaceBehavior [ RunTime:0.000531s ]
INFO: [ template_filter ] --END-- [ RunTime:0.000975s ]
INFO: Run Behavior\ParseTemplateBehavior [ RunTime:0.061309s ]
INFO: [ view_parse ] --END-- [ RunTime:0.061768s ]
INFO: [ view_filter ] --START--
INFO: Run Behavior\WriteHtmlCacheBehavior [ RunTime:0.003185s ]
INFO: [ view_filter ] --END-- [ RunTime:0.003688s ]
INFO: [ app_end ] --START--
INFO: Run Behavior\ShowPageTraceBehavior [ RunTime:0.003861s ]
INFO: [ app_end ] --END-- [ RunTime:0.004261s ]

[ 2018-04-11T22:05:08+08:00 ] ::1 /tongxun/index.php/Home/Index/table_complete.html
INFO: [ app_init ] --START--
INFO: Run Behavior\BuildLiteBehavior [ RunTime:0.000099s ]
INFO: [ app_init ] --END-- [ RunTime:0.002336s ]
INFO: [ app_begin ] --START--
INFO: Run Behavior\ReadHtmlCacheBehavior [ RunTime:0.003709s ]
INFO: [ app_begin ] --END-- [ RunTime:0.004145s ]
SQL: SHOW COLUMNS FROM `a_log` [ RunTime:0.0150s ]
SQL: INSERT INTO `a_log` (`uid`,`action`,`ctime`) VALUES ('26','table_complete','2018-04-11 22:05:08') [ RunTime:0.0026s ]
SQL: SHOW COLUMNS FROM `a_common_user` [ RunTime:0.0378s ]
SQL: SELECT a.id,b.username,b.tel,a.ctime FROM a_common_user a left join a_user b on b.id = a.teluserid  WHERE a.uid = '26'  [ RunTime:0.0252s ]
INFO: [ view_parse ] --START--
INFO: [ template_filter ] --START--
INFO: Run Behavior\ContentReplaceBehavior [ RunTime:0.000633s ]
INFO: [ template_filter ] --END-- [ RunTime:0.001086s ]
INFO: Run Behavior\ParseTemplateBehavior [ RunTime:0.067963s ]
INFO: [ view_parse ] --END-- [ RunTime:0.068478s ]
INFO: [ view_filter ] --START--
INFO: Run Behavior\WriteHtmlCacheBehavior [ RunTime:0.003232s ]
INFO: [ view_filter ] --END-- [ RunTime:0.003675s ]
INFO: [ app_end ] --START--
INFO: Run Behavior\ShowPageTraceBehavior [ RunTime:0.003609s ]
INFO: [ app_end ] --END-- [ RunTime:0.004004s ]

[ 2018-04-11T22:05:15+08:00 ] ::1 /tongxun/index.php/Home/Index/form_validate.html
INFO: [ app_init ] --START--
INFO: Run Behavior\BuildLiteBehavior [ RunTime:0.000081s ]
INFO: [ app_init ] --END-- [ RunTime:0.002010s ]
INFO: [ app_begin ] --START--
INFO: Run Behavior\ReadHtmlCacheBehavior [ RunTime:0.003123s ]
INFO: [ app_begin ] --END-- [ RunTime:0.003497s ]
SQL: SHOW COLUMNS FROM `a_log` [ RunTime:0.0101s ]
SQL: INSERT INTO `a_log` (`uid`,`action`,`ctime`) VALUES ('26','form_validate','2018-04-11 22:05:14') [ RunTime:0.0042s ]
SQL: SHOW COLUMNS FROM `a_user` [ RunTime:0.0099s ]
SQL: SELECT a.*,b.title FROM a_user a left join a_bumen b on b.id = a.bumen  WHERE a.id = '26' LIMIT 1   [ RunTime:0.0010s ]
INFO: [ view_parse ] --START--
INFO: [ template_filter ] --START--
INFO: Run Behavior\ContentReplaceBehavior [ RunTime:0.000638s ]
INFO: [ template_filter ] --END-- [ RunTime:0.001089s ]
INFO: Run Behavior\ParseTemplateBehavior [ RunTime:0.068986s ]
INFO: [ view_parse ] --END-- [ RunTime:0.069506s ]
INFO: [ view_filter ] --START--
INFO: Run Behavior\WriteHtmlCacheBehavior [ RunTime:0.003281s ]
INFO: [ view_filter ] --END-- [ RunTime:0.003724s ]
INFO: [ app_end ] --START--
INFO: Run Behavior\ShowPageTraceBehavior [ RunTime:0.003803s ]
INFO: [ app_end ] --END-- [ RunTime:0.004204s ]

[ 2018-04-11T22:05:43+08:00 ] ::1 /tongxun/index.php/Home/Index/form_basic.html
INFO: [ app_init ] --START--
INFO: Run Behavior\BuildLiteBehavior [ RunTime:0.000066s ]
INFO: [ app_init ] --END-- [ RunTime:0.001367s ]
INFO: [ app_begin ] --START--
INFO: Run Behavior\ReadHtmlCacheBehavior [ RunTime:0.002387s ]
INFO: [ app_begin ] --END-- [ RunTime:0.002663s ]
SQL: SHOW COLUMNS FROM `a_log` [ RunTime:0.0088s ]
SQL: INSERT INTO `a_log` (`uid`,`action`,`ctime`) VALUES ('26','form_basic','2018-04-11 22:05:43') [ RunTime:0.0024s ]
INFO: [ view_parse ] --START--
INFO: [ template_filter ] --START--
INFO: Run Behavior\ContentReplaceBehavior [ RunTime:0.000291s ]
INFO: [ template_filter ] --END-- [ RunTime:0.000554s ]
INFO: Run Behavior\ParseTemplateBehavior [ RunTime:0.045853s ]
INFO: [ view_parse ] --END-- [ RunTime:0.046117s ]
INFO: [ view_filter ] --START--
INFO: Run Behavior\WriteHtmlCacheBehavior [ RunTime:0.001772s ]
INFO: [ view_filter ] --END-- [ RunTime:0.002039s ]
INFO: [ app_end ] --START--
INFO: Run Behavior\ShowPageTraceBehavior [ RunTime:0.002550s ]
INFO: [ app_end ] --END-- [ RunTime:0.002832s ]

[ 2018-04-11T22:05:45+08:00 ] ::1 /tongxun/index.php/Home/Index/form_basic.html
INFO: [ app_init ] --START--
INFO: Run Behavior\BuildLiteBehavior [ RunTime:0.000095s ]
INFO: [ app_init ] --END-- [ RunTime:0.002261s ]
INFO: [ app_begin ] --START--
INFO: Run Behavior\ReadHtmlCacheBehavior [ RunTime:0.004777s ]
INFO: [ app_begin ] --END-- [ RunTime:0.005264s ]
SQL: SHOW COLUMNS FROM `a_log` [ RunTime:0.0106s ]
SQL: INSERT INTO `a_log` (`uid`,`action`,`ctime`) VALUES ('26','form_basic','2018-04-11 22:05:45') [ RunTime:0.0027s ]
INFO: [ view_parse ] --START--
INFO: [ template_filter ] --START--
INFO: Run Behavior\ContentReplaceBehavior [ RunTime:0.000316s ]
INFO: [ template_filter ] --END-- [ RunTime:0.000592s ]
INFO: Run Behavior\ParseTemplateBehavior [ RunTime:0.024122s ]
INFO: [ view_parse ] --END-- [ RunTime:0.024411s ]
INFO: [ view_filter ] --START--
INFO: Run Behavior\WriteHtmlCacheBehavior [ RunTime:0.001624s ]
INFO: [ view_filter ] --END-- [ RunTime:0.001896s ]
INFO: [ app_end ] --START--
INFO: Run Behavior\ShowPageTraceBehavior [ RunTime:0.002213s ]
INFO: [ app_end ] --END-- [ RunTime:0.002464s ]

[ 2018-04-11T22:05:49+08:00 ] ::1 /tongxun/index.php/Home/Index/logout.html
INFO: [ app_init ] --START--
INFO: Run Behavior\BuildLiteBehavior [ RunTime:0.000112s ]
INFO: [ app_init ] --END-- [ RunTime:0.002434s ]
INFO: [ app_begin ] --START--
INFO: Run Behavior\ReadHtmlCacheBehavior [ RunTime:0.003665s ]
INFO: [ app_begin ] --END-- [ RunTime:0.004087s ]
SQL: SHOW COLUMNS FROM `a_log` [ RunTime:0.0167s ]
SQL: INSERT INTO `a_log` (`uid`,`action`,`ctime`) VALUES ('26','logout','2018-04-11 22:05:49') [ RunTime:0.0029s ]
INFO: [ view_parse ] --START--
INFO: [ template_filter ] --START--
INFO: Run Behavior\ContentReplaceBehavior [ RunTime:0.000296s ]
INFO: [ template_filter ] --END-- [ RunTime:0.000840s ]
INFO: Run Behavior\ParseTemplateBehavior [ RunTime:0.036142s ]
INFO: [ view_parse ] --END-- [ RunTime:0.036655s ]
INFO: [ view_filter ] --START--
INFO: Run Behavior\WriteHtmlCacheBehavior [ RunTime:0.002573s ]
INFO: [ view_filter ] --END-- [ RunTime:0.002958s ]
INFO: [ app_end ] --START--
INFO: Run Behavior\ShowPageTraceBehavior [ RunTime:0.003585s ]
INFO: [ app_end ] --END-- [ RunTime:0.004002s ]

[ 2018-04-11T22:05:50+08:00 ] ::1 /tongxun/index.php/Home/index/login.html
INFO: [ app_init ] --START--
INFO: Run Behavior\BuildLiteBehavior [ RunTime:0.000096s ]
INFO: [ app_init ] --END-- [ RunTime:0.002253s ]
INFO: [ app_begin ] --START--
INFO: Run Behavior\ReadHtmlCacheBehavior [ RunTime:0.004269s ]
INFO: [ app_begin ] --END-- [ RunTime:0.004738s ]
NOTIC: [8] Undefined index: user F:\wamp\www\tongxun\Application\Home\Controller\IndexController.class.php 第 9 行.
INFO: [ view_parse ] --START--
INFO: [ template_filter ] --START--
INFO: Run Behavior\ContentReplaceBehavior [ RunTime:0.000331s ]
INFO: [ template_filter ] --END-- [ RunTime:0.000776s ]
INFO: Run Behavior\ParseTemplateBehavior [ RunTime:0.033633s ]
INFO: [ view_parse ] --END-- [ RunTime:0.034175s ]
INFO: [ view_filter ] --START--
INFO: Run Behavior\WriteHtmlCacheBehavior [ RunTime:0.003143s ]
INFO: [ view_filter ] --END-- [ RunTime:0.003581s ]
INFO: [ app_end ] --START--
INFO: Run Behavior\ShowPageTraceBehavior [ RunTime:0.004425s ]
INFO: [ app_end ] --END-- [ RunTime:0.004878s ]

[ 2018-04-11T22:05:57+08:00 ] ::1 /tongxun/index.php/Home/Index/login
INFO: [ app_init ] --START--
INFO: Run Behavior\BuildLiteBehavior [ RunTime:0.000068s ]
INFO: [ app_init ] --END-- [ RunTime:0.001525s ]
INFO: [ app_begin ] --START--
INFO: Run Behavior\ReadHtmlCacheBehavior [ RunTime:0.002854s ]
INFO: [ app_begin ] --END-- [ RunTime:0.003202s ]
NOTIC: [8] Undefined index: user F:\wamp\www\tongxun\Application\Home\Controller\IndexController.class.php 第 9 行.
SQL: SHOW COLUMNS FROM `a_user` [ RunTime:0.0108s ]
SQL: SELECT * FROM `a_user` WHERE `tel` = '18623358906' AND `password` = 'admin' AND `status` = 1 LIMIT 1   [ RunTime:0.0018s ]
INFO: [ view_parse ] --START--
INFO: [ template_filter ] --START--
INFO: Run Behavior\ContentReplaceBehavior [ RunTime:0.000189s ]
INFO: [ template_filter ] --END-- [ RunTime:0.000491s ]
INFO: Run Behavior\ParseTemplateBehavior [ RunTime:0.024771s ]
INFO: [ view_parse ] --END-- [ RunTime:0.025060s ]
INFO: [ view_filter ] --START--
INFO: Run Behavior\WriteHtmlCacheBehavior [ RunTime:0.002414s ]
INFO: [ view_filter ] --END-- [ RunTime:0.002789s ]

[ 2018-04-11T22:07:37+08:00 ] ::1 /tongxun/index.php/Home/Index/login
INFO: [ app_init ] --START--
INFO: Run Behavior\BuildLiteBehavior [ RunTime:0.000070s ]
INFO: [ app_init ] --END-- [ RunTime:0.001819s ]
INFO: [ app_begin ] --START--
INFO: Run Behavior\ReadHtmlCacheBehavior [ RunTime:0.003444s ]
INFO: [ app_begin ] --END-- [ RunTime:0.003918s ]
NOTIC: [8] Undefined index: user F:\wamp\www\tongxun\Application\Home\Controller\IndexController.class.php 第 9 行.
SQL: SHOW COLUMNS FROM `a_user` [ RunTime:0.0146s ]
SQL: SELECT * FROM `a_user` WHERE `tel` = '18623358906' AND `password` = 'admin' AND `status` = 1 LIMIT 1   [ RunTime:0.0011s ]
INFO: [ view_parse ] --START--
INFO: [ template_filter ] --START--
INFO: Run Behavior\ContentReplaceBehavior [ RunTime:0.000187s ]
INFO: [ template_filter ] --END-- [ RunTime:0.000481s ]
INFO: Run Behavior\ParseTemplateBehavior [ RunTime:0.023804s ]
INFO: [ view_parse ] --END-- [ RunTime:0.024119s ]
INFO: [ view_filter ] --START--
INFO: Run Behavior\WriteHtmlCacheBehavior [ RunTime:0.002294s ]
INFO: [ view_filter ] --END-- [ RunTime:0.002602s ]

[ 2018-04-11T22:07:50+08:00 ] ::1 /tongxun/index.php/Home/Index/login
INFO: [ app_init ] --START--
INFO: Run Behavior\BuildLiteBehavior [ RunTime:0.000068s ]
INFO: [ app_init ] --END-- [ RunTime:0.001520s ]
INFO: [ app_begin ] --START--
INFO: Run Behavior\ReadHtmlCacheBehavior [ RunTime:0.002597s ]
INFO: [ app_begin ] --END-- [ RunTime:0.002924s ]
NOTIC: [8] Undefined index: user F:\wamp\www\tongxun\Application\Home\Controller\IndexController.class.php 第 9 行.
SQL: SHOW COLUMNS FROM `a_user` [ RunTime:0.0137s ]
SQL: SELECT * FROM `a_user` WHERE `tel` = '18623358906' AND `password` = '123456' AND `status` = 1 LIMIT 1   [ RunTime:0.0014s ]
INFO: [ view_parse ] --START--
INFO: [ template_filter ] --START--
INFO: Run Behavior\ContentReplaceBehavior [ RunTime:0.000193s ]
INFO: [ template_filter ] --END-- [ RunTime:0.000491s ]
INFO: Run Behavior\ParseTemplateBehavior [ RunTime:0.023620s ]
INFO: [ view_parse ] --END-- [ RunTime:0.023940s ]
INFO: [ view_filter ] --START--
INFO: Run Behavior\WriteHtmlCacheBehavior [ RunTime:0.001753s ]
INFO: [ view_filter ] --END-- [ RunTime:0.002019s ]

[ 2018-04-11T22:08:01+08:00 ] ::1 /tongxun/index.php/Home/Index/login
INFO: [ app_init ] --START--
INFO: Run Behavior\BuildLiteBehavior [ RunTime:0.000087s ]
INFO: [ app_init ] --END-- [ RunTime:0.001762s ]
INFO: [ app_begin ] --START--
INFO: Run Behavior\ReadHtmlCacheBehavior [ RunTime:0.002731s ]
INFO: [ app_begin ] --END-- [ RunTime:0.003047s ]
NOTIC: [8] Undefined index: user F:\wamp\www\tongxun\Application\Home\Controller\IndexController.class.php 第 9 行.
SQL: SHOW COLUMNS FROM `a_user` [ RunTime:0.0155s ]
SQL: SELECT * FROM `a_user` WHERE `tel` = '18623358906' AND `password` = '12345' AND `status` = 1 LIMIT 1   [ RunTime:0.0013s ]
INFO: [ view_parse ] --START--
INFO: [ template_filter ] --START--
INFO: Run Behavior\ContentReplaceBehavior [ RunTime:0.000208s ]
INFO: [ template_filter ] --END-- [ RunTime:0.000529s ]
INFO: Run Behavior\ParseTemplateBehavior [ RunTime:0.025609s ]
INFO: [ view_parse ] --END-- [ RunTime:0.025925s ]
INFO: [ view_filter ] --START--
INFO: Run Behavior\WriteHtmlCacheBehavior [ RunTime:0.001878s ]
INFO: [ view_filter ] --END-- [ RunTime:0.002177s ]

[ 2018-04-11T22:08:02+08:00 ] ::1 /tongxun/index.php/Home/index/index.html
INFO: [ app_init ] --START--
INFO: Run Behavior\BuildLiteBehavior [ RunTime:0.000067s ]
INFO: [ app_init ] --END-- [ RunTime:0.001692s ]
INFO: [ app_begin ] --START--
INFO: Run Behavior\ReadHtmlCacheBehavior [ RunTime:0.004420s ]
INFO: [ app_begin ] --END-- [ RunTime:0.004853s ]
SQL: SHOW COLUMNS FROM `a_log` [ RunTime:0.0121s ]
SQL: INSERT INTO `a_log` (`uid`,`action`,`ctime`) VALUES ('26','index','2018-04-11 22:08:02') [ RunTime:0.0031s ]
SQL: SHOW COLUMNS FROM `a_user` [ RunTime:0.0124s ]
SQL: SELECT a.*,b.title FROM a_user a left join a_bumen b on b.id = a.bumen  WHERE ( a.status >0 and a.id != 26 )  [ RunTime:0.0018s ]
INFO: [ view_parse ] --START--
INFO: [ template_filter ] --START--
INFO: Run Behavior\ContentReplaceBehavior [ RunTime:0.000357s ]
INFO: [ template_filter ] --END-- [ RunTime:0.000668s ]
INFO: Run Behavior\ParseTemplateBehavior [ RunTime:0.032567s ]
INFO: [ view_parse ] --END-- [ RunTime:0.032902s ]
INFO: [ view_filter ] --START--
INFO: Run Behavior\WriteHtmlCacheBehavior [ RunTime:0.001762s ]
INFO: [ view_filter ] --END-- [ RunTime:0.002005s ]
INFO: [ app_end ] --START--
INFO: Run Behavior\ShowPageTraceBehavior [ RunTime:0.002692s ]
INFO: [ app_end ] --END-- [ RunTime:0.002966s ]

