[ 2018-04-12T14:42:42+08:00 ] ::1 /tongxun3/Public./Uploads/2018-03-20/5ab0cf2d027a6.jpg
INFO: [ app_init ] --START--
INFO: Run Behavior\BuildLiteBehavior [ RunTime:0.000086s ]
INFO: [ app_init ] --END-- [ RunTime:0.002466s ]
ERR: 无法加载模块:Public

[ 2018-04-12T14:42:42+08:00 ] ::1 /tongxun3/Public./Uploads/2018-03-21/5ab20460e958e.jpg
INFO: [ app_init ] --START--
INFO: Run Behavior\BuildLiteBehavior [ RunTime:0.000085s ]
INFO: [ app_init ] --END-- [ RunTime:0.002024s ]
ERR: 无法加载模块:Public

[ 2018-04-12T14:43:07+08:00 ] ::1 /tongxun3/Public./Uploads/2018-03-21/5ab20460e958e.jpg
INFO: [ app_init ] --START--
INFO: Run Behavior\BuildLiteBehavior [ RunTime:0.000061s ]
INFO: [ app_init ] --END-- [ RunTime:0.001458s ]
ERR: 无法加载模块:Public

[ 2018-04-12T14:43:08+08:00 ] ::1 /tongxun3/Public/Uploads/2018-03-20/5ab0cf2d027a6.jpg
INFO: [ app_init ] --START--
INFO: Run Behavior\BuildLiteBehavior [ RunTime:0.000068s ]
INFO: [ app_init ] --END-- [ RunTime:0.001684s ]
ERR: 无法加载模块:Public

[ 2018-04-12T14:43:31+08:00 ] ::1 /tongxun3/Public./Uploads/2018-03-21/5ab20460e958e.jpg
INFO: [ app_init ] --START--
INFO: Run Behavior\BuildLiteBehavior [ RunTime:0.000111s ]
INFO: [ app_init ] --END-- [ RunTime:0.002364s ]
ERR: 无法加载模块:Public

[ 2018-04-12T14:55:50+08:00 ] ::1 /tongxun3/Public./Uploads/2018-03-20/5ab0cf2d027a6.jpg
INFO: [ app_init ] --START--
INFO: Run Behavior\BuildLiteBehavior [ RunTime:0.000064s ]
INFO: [ app_init ] --END-- [ RunTime:0.001432s ]
ERR: 无法加载模块:Public

[ 2018-04-12T15:00:22+08:00 ] ::1 /tongxun3/Public./Uploads/2018-03-20/5ab0cf2d027a6.jpg
INFO: [ app_init ] --START--
INFO: Run Behavior\BuildLiteBehavior [ RunTime:0.000092s ]
INFO: [ app_init ] --END-- [ RunTime:0.002305s ]
ERR: 无法加载模块:Public

[ 2018-04-12T15:03:55+08:00 ] ::1 /tongxun3/Public./Uploads/2018-03-20/5ab0cf2d027a6.jpg
INFO: [ app_init ] --START--
INFO: Run Behavior\BuildLiteBehavior [ RunTime:0.000069s ]
INFO: [ app_init ] --END-- [ RunTime:0.001615s ]
ERR: 无法加载模块:Public

[ 2018-04-12T15:31:21+08:00 ] ::1 /tongxun3/Public./Uploads/2018-03-20/5ab0cf2d027a6.jpg
INFO: [ app_init ] --START--
INFO: Run Behavior\BuildLiteBehavior [ RunTime:0.000059s ]
INFO: [ app_init ] --END-- [ RunTime:0.001292s ]
ERR: 无法加载模块:Public

[ 2018-04-12T15:34:04+08:00 ] ::1 /tongxun3/Public./Uploads/2018-03-20/5ab0cf2d027a6.jpg
INFO: [ app_init ] --START--
INFO: Run Behavior\BuildLiteBehavior [ RunTime:0.000061s ]
INFO: [ app_init ] --END-- [ RunTime:0.001323s ]
ERR: 无法加载模块:Public

[ 2018-04-12T15:38:16+08:00 ] ::1 /tongxun3/Public./Uploads/2018-03-20/5ab0cf2d027a6.jpg
INFO: [ app_init ] --START--
INFO: Run Behavior\BuildLiteBehavior [ RunTime:0.000070s ]
INFO: [ app_init ] --END-- [ RunTime:0.001673s ]
ERR: 无法加载模块:Public

[ 2018-04-12T15:41:17+08:00 ] ::1 /tongxun3/Public./Uploads/2018-03-20/5ab0cf2d027a6.jpg
INFO: [ app_init ] --START--
INFO: Run Behavior\BuildLiteBehavior [ RunTime:0.000063s ]
INFO: [ app_init ] --END-- [ RunTime:0.001253s ]
ERR: 无法加载模块:Public

[ 2018-04-12T16:12:38+08:00 ] ::1 /tongxun3/Public./Uploads/2018-03-20/5ab0cf2d027a6.jpg
INFO: [ app_init ] --START--
INFO: Run Behavior\BuildLiteBehavior [ RunTime:0.000061s ]
INFO: [ app_init ] --END-- [ RunTime:0.001430s ]
ERR: 无法加载模块:Public

[ 2018-04-12T16:12:58+08:00 ] ::1 /tongxun3/Public/Uploads/2018-03-20/5ab0cf2d027a6.jpg
INFO: [ app_init ] --START--
INFO: Run Behavior\BuildLiteBehavior [ RunTime:0.000063s ]
INFO: [ app_init ] --END-- [ RunTime:0.001460s ]
ERR: 无法加载模块:Public

[ 2018-04-12T16:13:33+08:00 ] ::1 /tongxun3/Public/Uploads/2018-03-20/5ab0cf2d027a6.jpg
INFO: [ app_init ] --START--
INFO: Run Behavior\BuildLiteBehavior [ RunTime:0.000066s ]
INFO: [ app_init ] --END-- [ RunTime:0.001540s ]
ERR: 无法加载模块:Public

[ 2018-04-12T16:46:02+08:00 ] ::1 /tongxun3/Public/Home/css/page/registter.css
INFO: [ app_init ] --START--
INFO: Run Behavior\BuildLiteBehavior [ RunTime:0.000060s ]
INFO: [ app_init ] --END-- [ RunTime:0.001328s ]
ERR: 无法加载模块:Public

[ 2018-04-12T16:46:37+08:00 ] ::1 /tongxun3/Public/Home/css/page/registter.css
INFO: [ app_init ] --START--
INFO: Run Behavior\BuildLiteBehavior [ RunTime:0.000063s ]
INFO: [ app_init ] --END-- [ RunTime:0.001436s ]
ERR: 无法加载模块:Public

[ 2018-04-12T16:46:53+08:00 ] ::1 /tongxun3/Public/Home/css/page/registter.css
INFO: [ app_init ] --START--
INFO: Run Behavior\BuildLiteBehavior [ RunTime:0.000060s ]
INFO: [ app_init ] --END-- [ RunTime:0.001315s ]
ERR: 无法加载模块:Public

[ 2018-04-12T16:47:28+08:00 ] ::1 /tongxun3/Public/Home/css/page/registter.css
INFO: [ app_init ] --START--
INFO: Run Behavior\BuildLiteBehavior [ RunTime:0.000061s ]
INFO: [ app_init ] --END-- [ RunTime:0.001313s ]
ERR: 无法加载模块:Public

[ 2018-04-12T16:47:53+08:00 ] ::1 /tongxun3/Public/Home/css/page/registter.css
INFO: [ app_init ] --START--
INFO: Run Behavior\BuildLiteBehavior [ RunTime:0.000060s ]
INFO: [ app_init ] --END-- [ RunTime:0.001269s ]
ERR: 无法加载模块:Public

[ 2018-04-12T16:48:24+08:00 ] ::1 /tongxun3/Public/Home/css/page/registter.css
INFO: [ app_init ] --START--
INFO: Run Behavior\BuildLiteBehavior [ RunTime:0.000066s ]
INFO: [ app_init ] --END-- [ RunTime:0.001484s ]
ERR: 无法加载模块:Public

[ 2018-04-12T16:48:39+08:00 ] ::1 /tongxun3/Public/Home/css/page/registter.css
INFO: [ app_init ] --START--
INFO: Run Behavior\BuildLiteBehavior [ RunTime:0.000068s ]
INFO: [ app_init ] --END-- [ RunTime:0.001394s ]
ERR: 无法加载模块:Public

[ 2018-04-12T16:49:19+08:00 ] ::1 /tongxun3/Public/Home/css/page/registter.css
INFO: [ app_init ] --START--
INFO: Run Behavior\BuildLiteBehavior [ RunTime:0.000062s ]
INFO: [ app_init ] --END-- [ RunTime:0.001306s ]
ERR: 无法加载模块:Public

[ 2018-04-12T16:50:33+08:00 ] ::1 /tongxun3/Public/Home/css/page/registter.css
INFO: [ app_init ] --START--
INFO: Run Behavior\BuildLiteBehavior [ RunTime:0.000066s ]
INFO: [ app_init ] --END-- [ RunTime:0.001440s ]
ERR: 无法加载模块:Public

[ 2018-04-12T17:39:37+08:00 ] ::1 /tongxun3/Public/Uploads/2018-03-20/5ab0cf2d027a6.jpg
INFO: [ app_init ] --START--
INFO: Run Behavior\BuildLiteBehavior [ RunTime:0.000072s ]
INFO: [ app_init ] --END-- [ RunTime:0.001700s ]
ERR: 无法加载模块:Public

[ 2018-04-12T21:09:03+08:00 ] ::1 /tongxun3/Public./Uploads/2018-03-20/5ab0cf2d027a6.jpg
INFO: [ app_init ] --START--
INFO: Run Behavior\BuildLiteBehavior [ RunTime:0.000060s ]
INFO: [ app_init ] --END-- [ RunTime:0.001717s ]
ERR: 无法加载模块:Public

[ 2018-04-12T21:33:50+08:00 ] ::1 /tongxun3/Public./Uploads/2018-03-20/5ab0cf2d027a6.jpg
INFO: [ app_init ] --START--
INFO: Run Behavior\BuildLiteBehavior [ RunTime:0.000058s ]
INFO: [ app_init ] --END-- [ RunTime:0.001169s ]
ERR: 无法加载模块:Public

[ 2018-04-12T21:34:17+08:00 ] ::1 /tongxun3/Public/Uploads/2018-03-20/5ab0cf2d027a6.jpg
INFO: [ app_init ] --START--
INFO: Run Behavior\BuildLiteBehavior [ RunTime:0.000073s ]
INFO: [ app_init ] --END-- [ RunTime:0.001800s ]
ERR: 无法加载模块:Public

[ 2018-04-12T21:34:47+08:00 ] ::1 /tongxun3/Public/Uploads/2018-03-20/5ab0cf2d027a6.jpg
INFO: [ app_init ] --START--
INFO: Run Behavior\BuildLiteBehavior [ RunTime:0.000060s ]
INFO: [ app_init ] --END-- [ RunTime:0.001334s ]
ERR: 无法加载模块:Public

[ 2018-04-12T21:36:36+08:00 ] ::1 /tongxun3/Public/Uploads/2018-03-20/5ab0cf2d027a6.jpg
INFO: [ app_init ] --START--
INFO: Run Behavior\BuildLiteBehavior [ RunTime:0.000066s ]
INFO: [ app_init ] --END-- [ RunTime:0.001484s ]
ERR: 无法加载模块:Public

[ 2018-04-12T21:38:19+08:00 ] ::1 /tongxun3/Public/Uploads/2018-03-20/5ab0cf2d027a6.jpg
INFO: [ app_init ] --START--
INFO: Run Behavior\BuildLiteBehavior [ RunTime:0.000069s ]
INFO: [ app_init ] --END-- [ RunTime:0.001389s ]
ERR: 无法加载模块:Public

