[ 2018-04-06T09:36:49+08:00 ] ::1 /tongxun/index.php/Admin/index/login.html
INFO: [ app_init ] --START--
INFO: Run Behavior\BuildLiteBehavior [ RunTime:0.000035s ]
INFO: [ app_init ] --END-- [ RunTime:0.001072s ]
INFO: [ app_begin ] --START--
INFO: Run Behavior\ReadHtmlCacheBehavior [ RunTime:0.001868s ]
INFO: [ app_begin ] --END-- [ RunTime:0.002133s ]
INFO: [ view_parse ] --START--
INFO: [ template_filter ] --START--
INFO: Run Behavior\ContentReplaceBehavior [ RunTime:0.000071s ]
INFO: [ template_filter ] --END-- [ RunTime:0.000184s ]
INFO: Run Behavior\ParseTemplateBehavior [ RunTime:0.015130s ]
INFO: [ view_parse ] --END-- [ RunTime:0.015399s ]
INFO: [ view_filter ] --START--
INFO: Run Behavior\WriteHtmlCacheBehavior [ RunTime:0.001144s ]
INFO: [ view_filter ] --END-- [ RunTime:0.001241s ]

[ 2018-04-06T09:36:49+08:00 ] ::1 /tongxun/index.php/Admin/index/css/pintuer.css
INFO: [ app_init ] --START--
INFO: Run Behavior\BuildLiteBehavior [ RunTime:0.000043s ]
INFO: [ app_init ] --END-- [ RunTime:0.001484s ]
INFO: [ app_begin ] --START--
INFO: Run Behavior\ReadHtmlCacheBehavior [ RunTime:0.001466s ]
INFO: [ app_begin ] --END-- [ RunTime:0.001605s ]
INFO: [ view_parse ] --START--
INFO: [ template_filter ] --START--
INFO: Run Behavior\ContentReplaceBehavior [ RunTime:0.000062s ]
INFO: [ template_filter ] --END-- [ RunTime:0.000162s ]
INFO: Run Behavior\ParseTemplateBehavior [ RunTime:0.013743s ]
INFO: [ view_parse ] --END-- [ RunTime:0.013916s ]
INFO: [ view_filter ] --START--
INFO: Run Behavior\WriteHtmlCacheBehavior [ RunTime:0.001032s ]
INFO: [ view_filter ] --END-- [ RunTime:0.001193s ]

[ 2018-04-06T09:36:55+08:00 ] ::1 /tongxun/index.php/Admin/Login/login.html
INFO: [ app_init ] --START--
INFO: Run Behavior\BuildLiteBehavior [ RunTime:0.000046s ]
INFO: [ app_init ] --END-- [ RunTime:0.000890s ]
INFO: [ app_begin ] --START--
INFO: Run Behavior\ReadHtmlCacheBehavior [ RunTime:0.001643s ]
INFO: [ app_begin ] --END-- [ RunTime:0.001776s ]
INFO: [ view_parse ] --START--
INFO: [ template_filter ] --START--
INFO: Run Behavior\ContentReplaceBehavior [ RunTime:0.000129s ]
INFO: [ template_filter ] --END-- [ RunTime:0.000260s ]
INFO: Run Behavior\ParseTemplateBehavior [ RunTime:0.014672s ]
INFO: [ view_parse ] --END-- [ RunTime:0.015040s ]
INFO: [ view_filter ] --START--
INFO: Run Behavior\WriteHtmlCacheBehavior [ RunTime:0.001783s ]
INFO: [ view_filter ] --END-- [ RunTime:0.001934s ]
INFO: [ app_end ] --START--
INFO: Run Behavior\ShowPageTraceBehavior [ RunTime:0.001717s ]
INFO: [ app_end ] --END-- [ RunTime:0.001838s ]

[ 2018-04-06T09:38:46+08:00 ] ::1 /tongxun/index.php/Admin/Login/login.html
INFO: [ app_init ] --START--
INFO: Run Behavior\BuildLiteBehavior [ RunTime:0.000103s ]
INFO: [ app_init ] --END-- [ RunTime:0.002654s ]
INFO: [ app_begin ] --START--
INFO: Run Behavior\ReadHtmlCacheBehavior [ RunTime:0.002123s ]
INFO: [ app_begin ] --END-- [ RunTime:0.002336s ]
SQL: SHOW COLUMNS FROM `a_user` [ RunTime:0.0072s ]
SQL: SELECT * FROM `a_user` WHERE `tel` = 'admin' AND `password` = 'admin' AND `status` > 1 LIMIT 1   [ RunTime:0.0010s ]
INFO: [ view_parse ] --START--
INFO: [ template_filter ] --START--
INFO: Run Behavior\ContentReplaceBehavior [ RunTime:0.000076s ]
INFO: [ template_filter ] --END-- [ RunTime:0.000186s ]
INFO: Run Behavior\ParseTemplateBehavior [ RunTime:0.014621s ]
INFO: [ view_parse ] --END-- [ RunTime:0.014854s ]
INFO: [ view_filter ] --START--
INFO: Run Behavior\WriteHtmlCacheBehavior [ RunTime:0.001281s ]
INFO: [ view_filter ] --END-- [ RunTime:0.001382s ]

[ 2018-04-06T09:38:46+08:00 ] ::1 /tongxun/index.php/Admin/Login/css/pintuer.css
INFO: [ app_init ] --START--
INFO: Run Behavior\BuildLiteBehavior [ RunTime:0.000045s ]
INFO: [ app_init ] --END-- [ RunTime:0.001810s ]
INFO: [ app_begin ] --START--
INFO: Run Behavior\ReadHtmlCacheBehavior [ RunTime:0.001957s ]
INFO: [ app_begin ] --END-- [ RunTime:0.002134s ]
ERR: 非法操作:css

[ 2018-04-06T09:38:48+08:00 ] ::1 /tongxun/index.php/Admin/index/index.html
INFO: [ app_init ] --START--
INFO: Run Behavior\BuildLiteBehavior [ RunTime:0.000028s ]
INFO: [ app_init ] --END-- [ RunTime:0.000745s ]
INFO: [ app_begin ] --START--
INFO: Run Behavior\ReadHtmlCacheBehavior [ RunTime:0.001509s ]
INFO: [ app_begin ] --END-- [ RunTime:0.001640s ]
SQL: SHOW COLUMNS FROM `a_user` [ RunTime:0.0061s ]
SQL: SELECT a.*,b.title FROM a_user a left join a_bumen b on b.id = a.bumen  WHERE ( a.status > 0 )  [ RunTime:0.0008s ]
INFO: [ view_parse ] --START--
INFO: [ template_filter ] --START--
INFO: Run Behavior\ContentReplaceBehavior [ RunTime:0.000332s ]
INFO: [ template_filter ] --END-- [ RunTime:0.000473s ]
NOTIC: [8] Use of undefined constant index - assumed 'index' E:\wamp\www\tongxun\Application\Runtime\Cache\Admin\b595b808c2ebeeeb0478ffc30bb4e87a.php 第 61 行.
NOTIC: [8] Undefined variable: page E:\wamp\www\tongxun\Application\Runtime\Cache\Admin\b595b808c2ebeeeb0478ffc30bb4e87a.php 第 204 行.
INFO: Run Behavior\ParseTemplateBehavior [ RunTime:0.032372s ]
INFO: [ view_parse ] --END-- [ RunTime:0.032626s ]
INFO: [ view_filter ] --START--
INFO: Run Behavior\WriteHtmlCacheBehavior [ RunTime:0.002073s ]
INFO: [ view_filter ] --END-- [ RunTime:0.002200s ]
INFO: [ app_end ] --START--
INFO: Run Behavior\ShowPageTraceBehavior [ RunTime:0.001666s ]
INFO: [ app_end ] --END-- [ RunTime:0.001822s ]

[ 2018-04-06T09:38:54+08:00 ] ::1 /tongxun/index.php/Admin/Index/add/id/9
INFO: [ app_init ] --START--
INFO: Run Behavior\BuildLiteBehavior [ RunTime:0.000034s ]
INFO: [ app_init ] --END-- [ RunTime:0.000773s ]
INFO: [ app_begin ] --START--
INFO: Run Behavior\ReadHtmlCacheBehavior [ RunTime:0.001492s ]
INFO: [ app_begin ] --END-- [ RunTime:0.001679s ]
SQL: SHOW COLUMNS FROM `a_bumen` [ RunTime:0.0077s ]
SQL: SELECT * FROM `a_bumen` WHERE ( status = 1 )  [ RunTime:0.0006s ]
SQL: SHOW COLUMNS FROM `a_user` [ RunTime:0.0098s ]
SQL: SELECT * FROM `a_user` WHERE ( id=9 ) LIMIT 1   [ RunTime:0.0008s ]
INFO: [ view_parse ] --START--
INFO: [ template_filter ] --START--
INFO: Run Behavior\ContentReplaceBehavior [ RunTime:0.000316s ]
INFO: [ template_filter ] --END-- [ RunTime:0.000454s ]
NOTIC: [8] Use of undefined constant index - assumed 'index' E:\wamp\www\tongxun\Application\Runtime\Cache\Admin\b8c0556e904e1d0641126f3ef183ecde.php 第 61 行.
NOTIC: [8] Undefined variable: index E:\wamp\www\tongxun\Application\Runtime\Cache\Admin\b8c0556e904e1d0641126f3ef183ecde.php 第 61 行.
NOTIC: [8] Use of undefined constant copyright - assumed 'copyright' E:\wamp\www\tongxun\Application\Runtime\Cache\Admin\b8c0556e904e1d0641126f3ef183ecde.php 第 61 行.
NOTIC: [8] Undefined variable: index E:\wamp\www\tongxun\Application\Runtime\Cache\Admin\b8c0556e904e1d0641126f3ef183ecde.php 第 61 行.
NOTIC: [8] Undefined variable: index E:\wamp\www\tongxun\Application\Runtime\Cache\Admin\b8c0556e904e1d0641126f3ef183ecde.php 第 66 行.
NOTIC: [8] Undefined variable: index E:\wamp\www\tongxun\Application\Runtime\Cache\Admin\b8c0556e904e1d0641126f3ef183ecde.php 第 66 行.
NOTIC: [8] Undefined variable: index E:\wamp\www\tongxun\Application\Runtime\Cache\Admin\b8c0556e904e1d0641126f3ef183ecde.php 第 68 行.
NOTIC: [8] Undefined variable: index E:\wamp\www\tongxun\Application\Runtime\Cache\Admin\b8c0556e904e1d0641126f3ef183ecde.php 第 81 行.
NOTIC: [8] Undefined variable: index E:\wamp\www\tongxun\Application\Runtime\Cache\Admin\b8c0556e904e1d0641126f3ef183ecde.php 第 81 行.
NOTIC: [8] Undefined variable: index E:\wamp\www\tongxun\Application\Runtime\Cache\Admin\b8c0556e904e1d0641126f3ef183ecde.php 第 83 行.
NOTIC: [8] Undefined variable: index E:\wamp\www\tongxun\Application\Runtime\Cache\Admin\b8c0556e904e1d0641126f3ef183ecde.php 第 87 行.
NOTIC: [8] Undefined variable: index E:\wamp\www\tongxun\Application\Runtime\Cache\Admin\b8c0556e904e1d0641126f3ef183ecde.php 第 100 行.
NOTIC: [8] Undefined variable: index E:\wamp\www\tongxun\Application\Runtime\Cache\Admin\b8c0556e904e1d0641126f3ef183ecde.php 第 100 行.
NOTIC: [8] Undefined variable: index E:\wamp\www\tongxun\Application\Runtime\Cache\Admin\b8c0556e904e1d0641126f3ef183ecde.php 第 102 行.
NOTIC: [8] Undefined variable: index E:\wamp\www\tongxun\Application\Runtime\Cache\Admin\b8c0556e904e1d0641126f3ef183ecde.php 第 106 行.
NOTIC: [8] Undefined variable: index E:\wamp\www\tongxun\Application\Runtime\Cache\Admin\b8c0556e904e1d0641126f3ef183ecde.php 第 119 行.
NOTIC: [8] Undefined variable: index E:\wamp\www\tongxun\Application\Runtime\Cache\Admin\b8c0556e904e1d0641126f3ef183ecde.php 第 119 行.
NOTIC: [8] Undefined variable: index E:\wamp\www\tongxun\Application\Runtime\Cache\Admin\b8c0556e904e1d0641126f3ef183ecde.php 第 121 行.
NOTIC: [8] Undefined variable: index E:\wamp\www\tongxun\Application\Runtime\Cache\Admin\b8c0556e904e1d0641126f3ef183ecde.php 第 125 行.
INFO: Run Behavior\ParseTemplateBehavior [ RunTime:0.027367s ]
INFO: [ view_parse ] --END-- [ RunTime:0.027507s ]
INFO: [ view_filter ] --START--
INFO: Run Behavior\WriteHtmlCacheBehavior [ RunTime:0.002010s ]
INFO: [ view_filter ] --END-- [ RunTime:0.002300s ]
INFO: [ app_end ] --START--
INFO: Run Behavior\ShowPageTraceBehavior [ RunTime:0.001501s ]
INFO: [ app_end ] --END-- [ RunTime:0.001650s ]

[ 2018-04-06T09:39:53+08:00 ] ::1 /tongxun/index.php/Admin/Index/add/id/9
INFO: [ app_init ] --START--
INFO: Run Behavior\BuildLiteBehavior [ RunTime:0.000036s ]
INFO: [ app_init ] --END-- [ RunTime:0.001035s ]
INFO: [ app_begin ] --START--
INFO: Run Behavior\ReadHtmlCacheBehavior [ RunTime:0.001743s ]
INFO: [ app_begin ] --END-- [ RunTime:0.001913s ]
NOTIC: [2] call_user_func() expects parameter 1 to be a valid callback, no array or string given E:\wamp\www\tongxun\ThinkPHP\Library\Think\Upload.class.php 第 170 行.
SQL: SHOW COLUMNS FROM `a_user` [ RunTime:0.0074s ]
SQL: UPDATE `a_user` SET `tel`='admin',`password`='admin',`username`='超级管理员',`email`='admin@qq.com',`sex`='男',`bumen`='2',`touxiang`='./Uploads/2018-04-06/5ac6cfe90a838.jpg',`status`='3',`ctime`='2018-04-06 09:39:53' WHERE ( id=9 ) [ RunTime:0.0338s ]
INFO: [ view_parse ] --START--
INFO: [ template_filter ] --START--
INFO: Run Behavior\ContentReplaceBehavior [ RunTime:0.000095s ]
INFO: [ template_filter ] --END-- [ RunTime:0.000243s ]
INFO: Run Behavior\ParseTemplateBehavior [ RunTime:0.014378s ]
INFO: [ view_parse ] --END-- [ RunTime:0.014517s ]
INFO: [ view_filter ] --START--
INFO: Run Behavior\WriteHtmlCacheBehavior [ RunTime:0.001370s ]
INFO: [ view_filter ] --END-- [ RunTime:0.001484s ]

[ 2018-04-06T09:39:53+08:00 ] ::1 /tongxun/index.php/Admin/Index/add/id/css/pintuer.css
INFO: [ app_init ] --START--
INFO: Run Behavior\BuildLiteBehavior [ RunTime:0.000038s ]
INFO: [ app_init ] --END-- [ RunTime:0.001250s ]
INFO: [ app_begin ] --START--
INFO: Run Behavior\ReadHtmlCacheBehavior [ RunTime:0.001564s ]
INFO: [ app_begin ] --END-- [ RunTime:0.001725s ]
SQL: SHOW COLUMNS FROM `a_bumen` [ RunTime:0.0058s ]
SQL: SELECT * FROM `a_bumen` WHERE ( status = 1 )  [ RunTime:0.0007s ]
SQL: SHOW COLUMNS FROM `a_user` [ RunTime:0.0073s ]
SQL: SELECT * FROM `a_user` WHERE ( id=0 ) LIMIT 1   [ RunTime:0.0007s ]
INFO: [ view_parse ] --START--
INFO: [ template_filter ] --START--
INFO: Run Behavior\ContentReplaceBehavior [ RunTime:0.000218s ]
INFO: [ template_filter ] --END-- [ RunTime:0.000322s ]
NOTIC: [8] Use of undefined constant index - assumed 'index' E:\wamp\www\tongxun\Application\Runtime\Cache\Admin\b8c0556e904e1d0641126f3ef183ecde.php 第 61 行.
NOTIC: [8] Undefined variable: index E:\wamp\www\tongxun\Application\Runtime\Cache\Admin\b8c0556e904e1d0641126f3ef183ecde.php 第 61 行.
NOTIC: [8] Use of undefined constant copyright - assumed 'copyright' E:\wamp\www\tongxun\Application\Runtime\Cache\Admin\b8c0556e904e1d0641126f3ef183ecde.php 第 61 行.
NOTIC: [8] Undefined variable: index E:\wamp\www\tongxun\Application\Runtime\Cache\Admin\b8c0556e904e1d0641126f3ef183ecde.php 第 61 行.
NOTIC: [8] Undefined variable: index E:\wamp\www\tongxun\Application\Runtime\Cache\Admin\b8c0556e904e1d0641126f3ef183ecde.php 第 66 行.
NOTIC: [8] Undefined variable: index E:\wamp\www\tongxun\Application\Runtime\Cache\Admin\b8c0556e904e1d0641126f3ef183ecde.php 第 66 行.
NOTIC: [8] Undefined variable: index E:\wamp\www\tongxun\Application\Runtime\Cache\Admin\b8c0556e904e1d0641126f3ef183ecde.php 第 68 行.
NOTIC: [8] Undefined variable: index E:\wamp\www\tongxun\Application\Runtime\Cache\Admin\b8c0556e904e1d0641126f3ef183ecde.php 第 81 行.
NOTIC: [8] Undefined variable: index E:\wamp\www\tongxun\Application\Runtime\Cache\Admin\b8c0556e904e1d0641126f3ef183ecde.php 第 81 行.
NOTIC: [8] Undefined variable: index E:\wamp\www\tongxun\Application\Runtime\Cache\Admin\b8c0556e904e1d0641126f3ef183ecde.php 第 83 行.
NOTIC: [8] Undefined variable: index E:\wamp\www\tongxun\Application\Runtime\Cache\Admin\b8c0556e904e1d0641126f3ef183ecde.php 第 87 行.
NOTIC: [8] Undefined variable: index E:\wamp\www\tongxun\Application\Runtime\Cache\Admin\b8c0556e904e1d0641126f3ef183ecde.php 第 100 行.
NOTIC: [8] Undefined variable: index E:\wamp\www\tongxun\Application\Runtime\Cache\Admin\b8c0556e904e1d0641126f3ef183ecde.php 第 100 行.
NOTIC: [8] Undefined variable: index E:\wamp\www\tongxun\Application\Runtime\Cache\Admin\b8c0556e904e1d0641126f3ef183ecde.php 第 102 行.
NOTIC: [8] Undefined variable: index E:\wamp\www\tongxun\Application\Runtime\Cache\Admin\b8c0556e904e1d0641126f3ef183ecde.php 第 106 行.
NOTIC: [8] Undefined variable: index E:\wamp\www\tongxun\Application\Runtime\Cache\Admin\b8c0556e904e1d0641126f3ef183ecde.php 第 119 行.
NOTIC: [8] Undefined variable: index E:\wamp\www\tongxun\Application\Runtime\Cache\Admin\b8c0556e904e1d0641126f3ef183ecde.php 第 119 行.
NOTIC: [8] Undefined variable: index E:\wamp\www\tongxun\Application\Runtime\Cache\Admin\b8c0556e904e1d0641126f3ef183ecde.php 第 121 行.
NOTIC: [8] Undefined variable: index E:\wamp\www\tongxun\Application\Runtime\Cache\Admin\b8c0556e904e1d0641126f3ef183ecde.php 第 125 行.
INFO: Run Behavior\ParseTemplateBehavior [ RunTime:0.025201s ]
INFO: [ view_parse ] --END-- [ RunTime:0.025356s ]
INFO: [ view_filter ] --START--
INFO: Run Behavior\WriteHtmlCacheBehavior [ RunTime:0.001288s ]
INFO: [ view_filter ] --END-- [ RunTime:0.001397s ]
INFO: [ app_end ] --START--
INFO: Run Behavior\ShowPageTraceBehavior [ RunTime:0.002089s ]
INFO: [ app_end ] --END-- [ RunTime:0.002243s ]

[ 2018-04-06T09:39:55+08:00 ] ::1 /tongxun/index.php/Admin/Index/index.html
INFO: [ app_init ] --START--
INFO: Run Behavior\BuildLiteBehavior [ RunTime:0.000042s ]
INFO: [ app_init ] --END-- [ RunTime:0.000793s ]
INFO: [ app_begin ] --START--
INFO: Run Behavior\ReadHtmlCacheBehavior [ RunTime:0.001413s ]
INFO: [ app_begin ] --END-- [ RunTime:0.001543s ]
SQL: SHOW COLUMNS FROM `a_user` [ RunTime:0.0072s ]
SQL: SELECT a.*,b.title FROM a_user a left join a_bumen b on b.id = a.bumen  WHERE ( a.status > 0 )  [ RunTime:0.0008s ]
INFO: [ view_parse ] --START--
INFO: [ template_filter ] --START--
INFO: Run Behavior\ContentReplaceBehavior [ RunTime:0.000290s ]
INFO: [ template_filter ] --END-- [ RunTime:0.000441s ]
NOTIC: [8] Use of undefined constant index - assumed 'index' E:\wamp\www\tongxun\Application\Runtime\Cache\Admin\b595b808c2ebeeeb0478ffc30bb4e87a.php 第 61 行.
NOTIC: [8] Undefined variable: page E:\wamp\www\tongxun\Application\Runtime\Cache\Admin\b595b808c2ebeeeb0478ffc30bb4e87a.php 第 204 行.
INFO: Run Behavior\ParseTemplateBehavior [ RunTime:0.029378s ]
INFO: [ view_parse ] --END-- [ RunTime:0.029601s ]
INFO: [ view_filter ] --START--
INFO: Run Behavior\WriteHtmlCacheBehavior [ RunTime:0.001683s ]
INFO: [ view_filter ] --END-- [ RunTime:0.001845s ]
INFO: [ app_end ] --START--
INFO: Run Behavior\ShowPageTraceBehavior [ RunTime:0.002216s ]
INFO: [ app_end ] --END-- [ RunTime:0.002368s ]

[ 2018-04-06T09:39:59+08:00 ] ::1 /tongxun/index.php/Admin/Index/add/id/14
INFO: [ app_init ] --START--
INFO: Run Behavior\BuildLiteBehavior [ RunTime:0.000038s ]
INFO: [ app_init ] --END-- [ RunTime:0.001011s ]
INFO: [ app_begin ] --START--
INFO: Run Behavior\ReadHtmlCacheBehavior [ RunTime:0.001897s ]
INFO: [ app_begin ] --END-- [ RunTime:0.002089s ]
SQL: SHOW COLUMNS FROM `a_bumen` [ RunTime:0.0077s ]
SQL: SELECT * FROM `a_bumen` WHERE ( status = 1 )  [ RunTime:0.0006s ]
SQL: SHOW COLUMNS FROM `a_user` [ RunTime:0.0064s ]
SQL: SELECT * FROM `a_user` WHERE ( id=14 ) LIMIT 1   [ RunTime:0.0020s ]
INFO: [ view_parse ] --START--
INFO: [ template_filter ] --START--
INFO: Run Behavior\ContentReplaceBehavior [ RunTime:0.000451s ]
INFO: [ template_filter ] --END-- [ RunTime:0.000685s ]
NOTIC: [8] Use of undefined constant index - assumed 'index' E:\wamp\www\tongxun\Application\Runtime\Cache\Admin\b8c0556e904e1d0641126f3ef183ecde.php 第 61 行.
NOTIC: [8] Undefined variable: index E:\wamp\www\tongxun\Application\Runtime\Cache\Admin\b8c0556e904e1d0641126f3ef183ecde.php 第 61 行.
NOTIC: [8] Use of undefined constant copyright - assumed 'copyright' E:\wamp\www\tongxun\Application\Runtime\Cache\Admin\b8c0556e904e1d0641126f3ef183ecde.php 第 61 行.
NOTIC: [8] Undefined variable: index E:\wamp\www\tongxun\Application\Runtime\Cache\Admin\b8c0556e904e1d0641126f3ef183ecde.php 第 61 行.
NOTIC: [8] Undefined variable: index E:\wamp\www\tongxun\Application\Runtime\Cache\Admin\b8c0556e904e1d0641126f3ef183ecde.php 第 66 行.
NOTIC: [8] Undefined variable: index E:\wamp\www\tongxun\Application\Runtime\Cache\Admin\b8c0556e904e1d0641126f3ef183ecde.php 第 66 行.
NOTIC: [8] Undefined variable: index E:\wamp\www\tongxun\Application\Runtime\Cache\Admin\b8c0556e904e1d0641126f3ef183ecde.php 第 68 行.
NOTIC: [8] Undefined variable: index E:\wamp\www\tongxun\Application\Runtime\Cache\Admin\b8c0556e904e1d0641126f3ef183ecde.php 第 81 行.
NOTIC: [8] Undefined variable: index E:\wamp\www\tongxun\Application\Runtime\Cache\Admin\b8c0556e904e1d0641126f3ef183ecde.php 第 81 行.
NOTIC: [8] Undefined variable: index E:\wamp\www\tongxun\Application\Runtime\Cache\Admin\b8c0556e904e1d0641126f3ef183ecde.php 第 83 行.
NOTIC: [8] Undefined variable: index E:\wamp\www\tongxun\Application\Runtime\Cache\Admin\b8c0556e904e1d0641126f3ef183ecde.php 第 87 行.
NOTIC: [8] Undefined variable: index E:\wamp\www\tongxun\Application\Runtime\Cache\Admin\b8c0556e904e1d0641126f3ef183ecde.php 第 100 行.
NOTIC: [8] Undefined variable: index E:\wamp\www\tongxun\Application\Runtime\Cache\Admin\b8c0556e904e1d0641126f3ef183ecde.php 第 100 行.
NOTIC: [8] Undefined variable: index E:\wamp\www\tongxun\Application\Runtime\Cache\Admin\b8c0556e904e1d0641126f3ef183ecde.php 第 102 行.
NOTIC: [8] Undefined variable: index E:\wamp\www\tongxun\Application\Runtime\Cache\Admin\b8c0556e904e1d0641126f3ef183ecde.php 第 106 行.
NOTIC: [8] Undefined variable: index E:\wamp\www\tongxun\Application\Runtime\Cache\Admin\b8c0556e904e1d0641126f3ef183ecde.php 第 119 行.
NOTIC: [8] Undefined variable: index E:\wamp\www\tongxun\Application\Runtime\Cache\Admin\b8c0556e904e1d0641126f3ef183ecde.php 第 119 行.
NOTIC: [8] Undefined variable: index E:\wamp\www\tongxun\Application\Runtime\Cache\Admin\b8c0556e904e1d0641126f3ef183ecde.php 第 121 行.
NOTIC: [8] Undefined variable: index E:\wamp\www\tongxun\Application\Runtime\Cache\Admin\b8c0556e904e1d0641126f3ef183ecde.php 第 125 行.
INFO: Run Behavior\ParseTemplateBehavior [ RunTime:0.070175s ]
INFO: [ view_parse ] --END-- [ RunTime:0.070358s ]
INFO: [ view_filter ] --START--
INFO: Run Behavior\WriteHtmlCacheBehavior [ RunTime:0.001877s ]
INFO: [ view_filter ] --END-- [ RunTime:0.002339s ]
INFO: [ app_end ] --START--
INFO: Run Behavior\ShowPageTraceBehavior [ RunTime:0.002119s ]
INFO: [ app_end ] --END-- [ RunTime:0.002300s ]

[ 2018-04-06T09:40:48+08:00 ] ::1 /tongxun/index.php/Admin/Index/add/id/14
INFO: [ app_init ] --START--
INFO: Run Behavior\BuildLiteBehavior [ RunTime:0.000028s ]
INFO: [ app_init ] --END-- [ RunTime:0.000728s ]
INFO: [ app_begin ] --START--
INFO: Run Behavior\ReadHtmlCacheBehavior [ RunTime:0.001482s ]
INFO: [ app_begin ] --END-- [ RunTime:0.001708s ]
NOTIC: [2] call_user_func() expects parameter 1 to be a valid callback, no array or string given E:\wamp\www\tongxun\ThinkPHP\Library\Think\Upload.class.php 第 170 行.
SQL: SHOW COLUMNS FROM `a_user` [ RunTime:0.0062s ]
SQL: UPDATE `a_user` SET `tel`='13393232032',`password`='test',`username`='普通管理员',`email`='pt@qq.com',`sex`='男',`bumen`='1',`touxiang`='./Uploads/2018-04-06/5ac6d01fdcfb5.jpg',`status`='2',`ctime`='2018-04-06 09:40:47' WHERE ( id=14 ) [ RunTime:0.0621s ]
INFO: [ view_parse ] --START--
INFO: [ template_filter ] --START--
INFO: Run Behavior\ContentReplaceBehavior [ RunTime:0.000171s ]
INFO: [ template_filter ] --END-- [ RunTime:0.000448s ]
INFO: Run Behavior\ParseTemplateBehavior [ RunTime:0.024671s ]
INFO: [ view_parse ] --END-- [ RunTime:0.024970s ]
INFO: [ view_filter ] --START--
INFO: Run Behavior\WriteHtmlCacheBehavior [ RunTime:0.001345s ]
INFO: [ view_filter ] --END-- [ RunTime:0.001461s ]

[ 2018-04-06T09:40:48+08:00 ] ::1 /tongxun/index.php/Admin/Index/add/id/css/pintuer.css
INFO: [ app_init ] --START--
INFO: Run Behavior\BuildLiteBehavior [ RunTime:0.000061s ]
INFO: [ app_init ] --END-- [ RunTime:0.001333s ]
INFO: [ app_begin ] --START--
INFO: Run Behavior\ReadHtmlCacheBehavior [ RunTime:0.002022s ]
INFO: [ app_begin ] --END-- [ RunTime:0.002264s ]
SQL: SHOW COLUMNS FROM `a_bumen` [ RunTime:0.0065s ]
SQL: SELECT * FROM `a_bumen` WHERE ( status = 1 )  [ RunTime:0.0007s ]
SQL: SHOW COLUMNS FROM `a_user` [ RunTime:0.0073s ]
SQL: SELECT * FROM `a_user` WHERE ( id=0 ) LIMIT 1   [ RunTime:0.0007s ]
INFO: [ view_parse ] --START--
INFO: [ template_filter ] --START--
INFO: Run Behavior\ContentReplaceBehavior [ RunTime:0.000280s ]
INFO: [ template_filter ] --END-- [ RunTime:0.000402s ]
NOTIC: [8] Use of undefined constant index - assumed 'index' E:\wamp\www\tongxun\Application\Runtime\Cache\Admin\b8c0556e904e1d0641126f3ef183ecde.php 第 61 行.
NOTIC: [8] Undefined variable: index E:\wamp\www\tongxun\Application\Runtime\Cache\Admin\b8c0556e904e1d0641126f3ef183ecde.php 第 61 行.
NOTIC: [8] Use of undefined constant copyright - assumed 'copyright' E:\wamp\www\tongxun\Application\Runtime\Cache\Admin\b8c0556e904e1d0641126f3ef183ecde.php 第 61 行.
NOTIC: [8] Undefined variable: index E:\wamp\www\tongxun\Application\Runtime\Cache\Admin\b8c0556e904e1d0641126f3ef183ecde.php 第 61 行.
NOTIC: [8] Undefined variable: index E:\wamp\www\tongxun\Application\Runtime\Cache\Admin\b8c0556e904e1d0641126f3ef183ecde.php 第 66 行.
NOTIC: [8] Undefined variable: index E:\wamp\www\tongxun\Application\Runtime\Cache\Admin\b8c0556e904e1d0641126f3ef183ecde.php 第 66 行.
NOTIC: [8] Undefined variable: index E:\wamp\www\tongxun\Application\Runtime\Cache\Admin\b8c0556e904e1d0641126f3ef183ecde.php 第 68 行.
NOTIC: [8] Undefined variable: index E:\wamp\www\tongxun\Application\Runtime\Cache\Admin\b8c0556e904e1d0641126f3ef183ecde.php 第 81 行.
NOTIC: [8] Undefined variable: index E:\wamp\www\tongxun\Application\Runtime\Cache\Admin\b8c0556e904e1d0641126f3ef183ecde.php 第 81 行.
NOTIC: [8] Undefined variable: index E:\wamp\www\tongxun\Application\Runtime\Cache\Admin\b8c0556e904e1d0641126f3ef183ecde.php 第 83 行.
NOTIC: [8] Undefined variable: index E:\wamp\www\tongxun\Application\Runtime\Cache\Admin\b8c0556e904e1d0641126f3ef183ecde.php 第 87 行.
NOTIC: [8] Undefined variable: index E:\wamp\www\tongxun\Application\Runtime\Cache\Admin\b8c0556e904e1d0641126f3ef183ecde.php 第 100 行.
NOTIC: [8] Undefined variable: index E:\wamp\www\tongxun\Application\Runtime\Cache\Admin\b8c0556e904e1d0641126f3ef183ecde.php 第 100 行.
NOTIC: [8] Undefined variable: index E:\wamp\www\tongxun\Application\Runtime\Cache\Admin\b8c0556e904e1d0641126f3ef183ecde.php 第 102 行.
NOTIC: [8] Undefined variable: index E:\wamp\www\tongxun\Application\Runtime\Cache\Admin\b8c0556e904e1d0641126f3ef183ecde.php 第 106 行.
NOTIC: [8] Undefined variable: index E:\wamp\www\tongxun\Application\Runtime\Cache\Admin\b8c0556e904e1d0641126f3ef183ecde.php 第 119 行.
NOTIC: [8] Undefined variable: index E:\wamp\www\tongxun\Application\Runtime\Cache\Admin\b8c0556e904e1d0641126f3ef183ecde.php 第 119 行.
NOTIC: [8] Undefined variable: index E:\wamp\www\tongxun\Application\Runtime\Cache\Admin\b8c0556e904e1d0641126f3ef183ecde.php 第 121 行.
NOTIC: [8] Undefined variable: index E:\wamp\www\tongxun\Application\Runtime\Cache\Admin\b8c0556e904e1d0641126f3ef183ecde.php 第 125 行.
INFO: Run Behavior\ParseTemplateBehavior [ RunTime:0.024122s ]
INFO: [ view_parse ] --END-- [ RunTime:0.024256s ]
INFO: [ view_filter ] --START--
INFO: Run Behavior\WriteHtmlCacheBehavior [ RunTime:0.001616s ]
INFO: [ view_filter ] --END-- [ RunTime:0.001754s ]
INFO: [ app_end ] --START--
INFO: Run Behavior\ShowPageTraceBehavior [ RunTime:0.002996s ]
INFO: [ app_end ] --END-- [ RunTime:0.003249s ]

[ 2018-04-06T09:40:50+08:00 ] ::1 /tongxun/index.php/Admin/Index/index.html
INFO: [ app_init ] --START--
INFO: Run Behavior\BuildLiteBehavior [ RunTime:0.000033s ]
INFO: [ app_init ] --END-- [ RunTime:0.000862s ]
INFO: [ app_begin ] --START--
INFO: Run Behavior\ReadHtmlCacheBehavior [ RunTime:0.001595s ]
INFO: [ app_begin ] --END-- [ RunTime:0.001767s ]
SQL: SHOW COLUMNS FROM `a_user` [ RunTime:0.0079s ]
SQL: SELECT a.*,b.title FROM a_user a left join a_bumen b on b.id = a.bumen  WHERE ( a.status > 0 )  [ RunTime:0.0008s ]
INFO: [ view_parse ] --START--
INFO: [ template_filter ] --START--
INFO: Run Behavior\ContentReplaceBehavior [ RunTime:0.000265s ]
INFO: [ template_filter ] --END-- [ RunTime:0.000384s ]
NOTIC: [8] Use of undefined constant index - assumed 'index' E:\wamp\www\tongxun\Application\Runtime\Cache\Admin\b595b808c2ebeeeb0478ffc30bb4e87a.php 第 61 行.
NOTIC: [8] Undefined variable: page E:\wamp\www\tongxun\Application\Runtime\Cache\Admin\b595b808c2ebeeeb0478ffc30bb4e87a.php 第 204 行.
INFO: Run Behavior\ParseTemplateBehavior [ RunTime:0.023389s ]
INFO: [ view_parse ] --END-- [ RunTime:0.023566s ]
INFO: [ view_filter ] --START--
INFO: Run Behavior\WriteHtmlCacheBehavior [ RunTime:0.001577s ]
INFO: [ view_filter ] --END-- [ RunTime:0.001729s ]
INFO: [ app_end ] --START--
INFO: Run Behavior\ShowPageTraceBehavior [ RunTime:0.002577s ]
INFO: [ app_end ] --END-- [ RunTime:0.002713s ]

[ 2018-04-06T09:40:56+08:00 ] ::1 /tongxun/index.php/Admin/Index/add/id/17
INFO: [ app_init ] --START--
INFO: Run Behavior\BuildLiteBehavior [ RunTime:0.000040s ]
INFO: [ app_init ] --END-- [ RunTime:0.000850s ]
INFO: [ app_begin ] --START--
INFO: Run Behavior\ReadHtmlCacheBehavior [ RunTime:0.001648s ]
INFO: [ app_begin ] --END-- [ RunTime:0.001927s ]
SQL: SHOW COLUMNS FROM `a_bumen` [ RunTime:0.0076s ]
SQL: SELECT * FROM `a_bumen` WHERE ( status = 1 )  [ RunTime:0.0010s ]
SQL: SHOW COLUMNS FROM `a_user` [ RunTime:0.0102s ]
SQL: SELECT * FROM `a_user` WHERE ( id=17 ) LIMIT 1   [ RunTime:0.0006s ]
INFO: [ view_parse ] --START--
INFO: [ template_filter ] --START--
INFO: Run Behavior\ContentReplaceBehavior [ RunTime:0.000322s ]
INFO: [ template_filter ] --END-- [ RunTime:0.000455s ]
NOTIC: [8] Use of undefined constant index - assumed 'index' E:\wamp\www\tongxun\Application\Runtime\Cache\Admin\b8c0556e904e1d0641126f3ef183ecde.php 第 61 行.
NOTIC: [8] Undefined variable: index E:\wamp\www\tongxun\Application\Runtime\Cache\Admin\b8c0556e904e1d0641126f3ef183ecde.php 第 61 行.
NOTIC: [8] Use of undefined constant copyright - assumed 'copyright' E:\wamp\www\tongxun\Application\Runtime\Cache\Admin\b8c0556e904e1d0641126f3ef183ecde.php 第 61 行.
NOTIC: [8] Undefined variable: index E:\wamp\www\tongxun\Application\Runtime\Cache\Admin\b8c0556e904e1d0641126f3ef183ecde.php 第 61 行.
NOTIC: [8] Undefined variable: index E:\wamp\www\tongxun\Application\Runtime\Cache\Admin\b8c0556e904e1d0641126f3ef183ecde.php 第 66 行.
NOTIC: [8] Undefined variable: index E:\wamp\www\tongxun\Application\Runtime\Cache\Admin\b8c0556e904e1d0641126f3ef183ecde.php 第 66 行.
NOTIC: [8] Undefined variable: index E:\wamp\www\tongxun\Application\Runtime\Cache\Admin\b8c0556e904e1d0641126f3ef183ecde.php 第 68 行.
NOTIC: [8] Undefined variable: index E:\wamp\www\tongxun\Application\Runtime\Cache\Admin\b8c0556e904e1d0641126f3ef183ecde.php 第 81 行.
NOTIC: [8] Undefined variable: index E:\wamp\www\tongxun\Application\Runtime\Cache\Admin\b8c0556e904e1d0641126f3ef183ecde.php 第 81 行.
NOTIC: [8] Undefined variable: index E:\wamp\www\tongxun\Application\Runtime\Cache\Admin\b8c0556e904e1d0641126f3ef183ecde.php 第 83 行.
NOTIC: [8] Undefined variable: index E:\wamp\www\tongxun\Application\Runtime\Cache\Admin\b8c0556e904e1d0641126f3ef183ecde.php 第 87 行.
NOTIC: [8] Undefined variable: index E:\wamp\www\tongxun\Application\Runtime\Cache\Admin\b8c0556e904e1d0641126f3ef183ecde.php 第 100 行.
NOTIC: [8] Undefined variable: index E:\wamp\www\tongxun\Application\Runtime\Cache\Admin\b8c0556e904e1d0641126f3ef183ecde.php 第 100 行.
NOTIC: [8] Undefined variable: index E:\wamp\www\tongxun\Application\Runtime\Cache\Admin\b8c0556e904e1d0641126f3ef183ecde.php 第 102 行.
NOTIC: [8] Undefined variable: index E:\wamp\www\tongxun\Application\Runtime\Cache\Admin\b8c0556e904e1d0641126f3ef183ecde.php 第 106 行.
NOTIC: [8] Undefined variable: index E:\wamp\www\tongxun\Application\Runtime\Cache\Admin\b8c0556e904e1d0641126f3ef183ecde.php 第 119 行.
NOTIC: [8] Undefined variable: index E:\wamp\www\tongxun\Application\Runtime\Cache\Admin\b8c0556e904e1d0641126f3ef183ecde.php 第 119 行.
NOTIC: [8] Undefined variable: index E:\wamp\www\tongxun\Application\Runtime\Cache\Admin\b8c0556e904e1d0641126f3ef183ecde.php 第 121 行.
NOTIC: [8] Undefined variable: index E:\wamp\www\tongxun\Application\Runtime\Cache\Admin\b8c0556e904e1d0641126f3ef183ecde.php 第 125 行.
INFO: Run Behavior\ParseTemplateBehavior [ RunTime:0.027204s ]
INFO: [ view_parse ] --END-- [ RunTime:0.027394s ]
INFO: [ view_filter ] --START--
INFO: Run Behavior\WriteHtmlCacheBehavior [ RunTime:0.001556s ]
INFO: [ view_filter ] --END-- [ RunTime:0.001690s ]
INFO: [ app_end ] --START--
INFO: Run Behavior\ShowPageTraceBehavior [ RunTime:0.001220s ]
INFO: [ app_end ] --END-- [ RunTime:0.001368s ]

[ 2018-04-06T09:41:53+08:00 ] ::1 /tongxun/index.php/Admin/Index/add/id/17
INFO: [ app_init ] --START--
INFO: Run Behavior\BuildLiteBehavior [ RunTime:0.000057s ]
INFO: [ app_init ] --END-- [ RunTime:0.001148s ]
INFO: [ app_begin ] --START--
INFO: Run Behavior\ReadHtmlCacheBehavior [ RunTime:0.000746s ]
INFO: [ app_begin ] --END-- [ RunTime:0.000921s ]
NOTIC: [2] call_user_func() expects parameter 1 to be a valid callback, no array or string given E:\wamp\www\tongxun\ThinkPHP\Library\Think\Upload.class.php 第 170 行.
SQL: SHOW COLUMNS FROM `a_user` [ RunTime:0.0061s ]
SQL: UPDATE `a_user` SET `tel`='13333333333',`password`='test',`username`='安妮',`email`='yh1@qq.com',`sex`='女',`bumen`='7',`touxiang`='./Uploads/2018-04-06/5ac6d060f2d5c.jpg',`status`='1',`ctime`='2018-04-06 09:41:53' WHERE ( id=17 ) [ RunTime:0.0368s ]
INFO: [ view_parse ] --START--
INFO: [ template_filter ] --START--
INFO: Run Behavior\ContentReplaceBehavior [ RunTime:0.000161s ]
INFO: [ template_filter ] --END-- [ RunTime:0.000427s ]
INFO: Run Behavior\ParseTemplateBehavior [ RunTime:0.023798s ]
INFO: [ view_parse ] --END-- [ RunTime:0.024132s ]
INFO: [ view_filter ] --START--
INFO: Run Behavior\WriteHtmlCacheBehavior [ RunTime:0.001518s ]
INFO: [ view_filter ] --END-- [ RunTime:0.001752s ]

[ 2018-04-06T09:41:53+08:00 ] ::1 /tongxun/index.php/Admin/Index/add/id/css/pintuer.css
INFO: [ app_init ] --START--
INFO: Run Behavior\BuildLiteBehavior [ RunTime:0.000036s ]
INFO: [ app_init ] --END-- [ RunTime:0.000855s ]
INFO: [ app_begin ] --START--
INFO: Run Behavior\ReadHtmlCacheBehavior [ RunTime:0.000798s ]
INFO: [ app_begin ] --END-- [ RunTime:0.000951s ]
SQL: SHOW COLUMNS FROM `a_bumen` [ RunTime:0.0070s ]
SQL: SELECT * FROM `a_bumen` WHERE ( status = 1 )  [ RunTime:0.0006s ]
SQL: SHOW COLUMNS FROM `a_user` [ RunTime:0.0061s ]
SQL: SELECT * FROM `a_user` WHERE ( id=0 ) LIMIT 1   [ RunTime:0.0005s ]
INFO: [ view_parse ] --START--
INFO: [ template_filter ] --START--
INFO: Run Behavior\ContentReplaceBehavior [ RunTime:0.000303s ]
INFO: [ template_filter ] --END-- [ RunTime:0.000444s ]
NOTIC: [8] Use of undefined constant index - assumed 'index' E:\wamp\www\tongxun\Application\Runtime\Cache\Admin\b8c0556e904e1d0641126f3ef183ecde.php 第 61 行.
NOTIC: [8] Undefined variable: index E:\wamp\www\tongxun\Application\Runtime\Cache\Admin\b8c0556e904e1d0641126f3ef183ecde.php 第 61 行.
NOTIC: [8] Use of undefined constant copyright - assumed 'copyright' E:\wamp\www\tongxun\Application\Runtime\Cache\Admin\b8c0556e904e1d0641126f3ef183ecde.php 第 61 行.
NOTIC: [8] Undefined variable: index E:\wamp\www\tongxun\Application\Runtime\Cache\Admin\b8c0556e904e1d0641126f3ef183ecde.php 第 61 行.
NOTIC: [8] Undefined variable: index E:\wamp\www\tongxun\Application\Runtime\Cache\Admin\b8c0556e904e1d0641126f3ef183ecde.php 第 66 行.
NOTIC: [8] Undefined variable: index E:\wamp\www\tongxun\Application\Runtime\Cache\Admin\b8c0556e904e1d0641126f3ef183ecde.php 第 66 行.
NOTIC: [8] Undefined variable: index E:\wamp\www\tongxun\Application\Runtime\Cache\Admin\b8c0556e904e1d0641126f3ef183ecde.php 第 68 行.
NOTIC: [8] Undefined variable: index E:\wamp\www\tongxun\Application\Runtime\Cache\Admin\b8c0556e904e1d0641126f3ef183ecde.php 第 81 行.
NOTIC: [8] Undefined variable: index E:\wamp\www\tongxun\Application\Runtime\Cache\Admin\b8c0556e904e1d0641126f3ef183ecde.php 第 81 行.
NOTIC: [8] Undefined variable: index E:\wamp\www\tongxun\Application\Runtime\Cache\Admin\b8c0556e904e1d0641126f3ef183ecde.php 第 83 行.
NOTIC: [8] Undefined variable: index E:\wamp\www\tongxun\Application\Runtime\Cache\Admin\b8c0556e904e1d0641126f3ef183ecde.php 第 87 行.
NOTIC: [8] Undefined variable: index E:\wamp\www\tongxun\Application\Runtime\Cache\Admin\b8c0556e904e1d0641126f3ef183ecde.php 第 100 行.
NOTIC: [8] Undefined variable: index E:\wamp\www\tongxun\Application\Runtime\Cache\Admin\b8c0556e904e1d0641126f3ef183ecde.php 第 100 行.
NOTIC: [8] Undefined variable: index E:\wamp\www\tongxun\Application\Runtime\Cache\Admin\b8c0556e904e1d0641126f3ef183ecde.php 第 102 行.
NOTIC: [8] Undefined variable: index E:\wamp\www\tongxun\Application\Runtime\Cache\Admin\b8c0556e904e1d0641126f3ef183ecde.php 第 106 行.
NOTIC: [8] Undefined variable: index E:\wamp\www\tongxun\Application\Runtime\Cache\Admin\b8c0556e904e1d0641126f3ef183ecde.php 第 119 行.
NOTIC: [8] Undefined variable: index E:\wamp\www\tongxun\Application\Runtime\Cache\Admin\b8c0556e904e1d0641126f3ef183ecde.php 第 119 行.
NOTIC: [8] Undefined variable: index E:\wamp\www\tongxun\Application\Runtime\Cache\Admin\b8c0556e904e1d0641126f3ef183ecde.php 第 121 行.
NOTIC: [8] Undefined variable: index E:\wamp\www\tongxun\Application\Runtime\Cache\Admin\b8c0556e904e1d0641126f3ef183ecde.php 第 125 行.
INFO: Run Behavior\ParseTemplateBehavior [ RunTime:0.024987s ]
INFO: [ view_parse ] --END-- [ RunTime:0.025090s ]
INFO: [ view_filter ] --START--
INFO: Run Behavior\WriteHtmlCacheBehavior [ RunTime:0.000925s ]
INFO: [ view_filter ] --END-- [ RunTime:0.001025s ]
INFO: [ app_end ] --START--
INFO: Run Behavior\ShowPageTraceBehavior [ RunTime:0.001606s ]
INFO: [ app_end ] --END-- [ RunTime:0.001713s ]

[ 2018-04-06T09:41:55+08:00 ] ::1 /tongxun/index.php/Admin/Index/index.html
INFO: [ app_init ] --START--
INFO: Run Behavior\BuildLiteBehavior [ RunTime:0.000033s ]
INFO: [ app_init ] --END-- [ RunTime:0.000708s ]
INFO: [ app_begin ] --START--
INFO: Run Behavior\ReadHtmlCacheBehavior [ RunTime:0.000911s ]
INFO: [ app_begin ] --END-- [ RunTime:0.001049s ]
SQL: SHOW COLUMNS FROM `a_user` [ RunTime:0.0057s ]
SQL: SELECT a.*,b.title FROM a_user a left join a_bumen b on b.id = a.bumen  WHERE ( a.status > 0 )  [ RunTime:0.0006s ]
INFO: [ view_parse ] --START--
INFO: [ template_filter ] --START--
INFO: Run Behavior\ContentReplaceBehavior [ RunTime:0.000333s ]
INFO: [ template_filter ] --END-- [ RunTime:0.000511s ]
NOTIC: [8] Use of undefined constant index - assumed 'index' E:\wamp\www\tongxun\Application\Runtime\Cache\Admin\b595b808c2ebeeeb0478ffc30bb4e87a.php 第 61 行.
NOTIC: [8] Undefined variable: page E:\wamp\www\tongxun\Application\Runtime\Cache\Admin\b595b808c2ebeeeb0478ffc30bb4e87a.php 第 204 行.
INFO: Run Behavior\ParseTemplateBehavior [ RunTime:0.022885s ]
INFO: [ view_parse ] --END-- [ RunTime:0.023035s ]
INFO: [ view_filter ] --START--
INFO: Run Behavior\WriteHtmlCacheBehavior [ RunTime:0.000979s ]
INFO: [ view_filter ] --END-- [ RunTime:0.001113s ]
INFO: [ app_end ] --START--
INFO: Run Behavior\ShowPageTraceBehavior [ RunTime:0.001277s ]
INFO: [ app_end ] --END-- [ RunTime:0.001406s ]

[ 2018-04-06T09:51:27+08:00 ] ::1 /tongxun/index.php/Admin/index/login.html
INFO: [ app_init ] --START--
INFO: Run Behavior\BuildLiteBehavior [ RunTime:0.000042s ]
INFO: [ app_init ] --END-- [ RunTime:0.001230s ]
INFO: [ app_begin ] --START--
INFO: Run Behavior\ReadHtmlCacheBehavior [ RunTime:0.003419s ]
INFO: [ app_begin ] --END-- [ RunTime:0.003655s ]
ERR: 非法操作:login

[ 2018-04-06T09:51:41+08:00 ] ::1 /tongxun/index.php/Admin/Index/add.html
INFO: [ app_init ] --START--
INFO: Run Behavior\BuildLiteBehavior [ RunTime:0.000029s ]
INFO: [ app_init ] --END-- [ RunTime:0.000760s ]
INFO: [ app_begin ] --START--
INFO: Run Behavior\ReadHtmlCacheBehavior [ RunTime:0.001451s ]
INFO: [ app_begin ] --END-- [ RunTime:0.001588s ]
SQL: SHOW COLUMNS FROM `a_bumen` [ RunTime:0.0083s ]
SQL: SELECT * FROM `a_bumen` WHERE ( status = 1 )  [ RunTime:0.0007s ]
SQL: SHOW COLUMNS FROM `a_user` [ RunTime:0.0069s ]
SQL: SELECT * FROM `a_user` WHERE ( id=0 ) LIMIT 1   [ RunTime:0.0006s ]
INFO: [ view_parse ] --START--
INFO: [ template_filter ] --START--
INFO: Run Behavior\ContentReplaceBehavior [ RunTime:0.000480s ]
INFO: [ template_filter ] --END-- [ RunTime:0.000736s ]
NOTIC: [8] Use of undefined constant index - assumed 'index' E:\wamp\www\tongxun\Application\Runtime\Cache\Admin\b8c0556e904e1d0641126f3ef183ecde.php 第 61 行.
NOTIC: [8] Undefined variable: index E:\wamp\www\tongxun\Application\Runtime\Cache\Admin\b8c0556e904e1d0641126f3ef183ecde.php 第 61 行.
NOTIC: [8] Use of undefined constant copyright - assumed 'copyright' E:\wamp\www\tongxun\Application\Runtime\Cache\Admin\b8c0556e904e1d0641126f3ef183ecde.php 第 61 行.
NOTIC: [8] Undefined variable: index E:\wamp\www\tongxun\Application\Runtime\Cache\Admin\b8c0556e904e1d0641126f3ef183ecde.php 第 61 行.
NOTIC: [8] Undefined variable: index E:\wamp\www\tongxun\Application\Runtime\Cache\Admin\b8c0556e904e1d0641126f3ef183ecde.php 第 66 行.
NOTIC: [8] Undefined variable: index E:\wamp\www\tongxun\Application\Runtime\Cache\Admin\b8c0556e904e1d0641126f3ef183ecde.php 第 66 行.
NOTIC: [8] Undefined variable: index E:\wamp\www\tongxun\Application\Runtime\Cache\Admin\b8c0556e904e1d0641126f3ef183ecde.php 第 68 行.
NOTIC: [8] Undefined variable: index E:\wamp\www\tongxun\Application\Runtime\Cache\Admin\b8c0556e904e1d0641126f3ef183ecde.php 第 81 行.
NOTIC: [8] Undefined variable: index E:\wamp\www\tongxun\Application\Runtime\Cache\Admin\b8c0556e904e1d0641126f3ef183ecde.php 第 81 行.
NOTIC: [8] Undefined variable: index E:\wamp\www\tongxun\Application\Runtime\Cache\Admin\b8c0556e904e1d0641126f3ef183ecde.php 第 83 行.
NOTIC: [8] Undefined variable: index E:\wamp\www\tongxun\Application\Runtime\Cache\Admin\b8c0556e904e1d0641126f3ef183ecde.php 第 87 行.
NOTIC: [8] Undefined variable: index E:\wamp\www\tongxun\Application\Runtime\Cache\Admin\b8c0556e904e1d0641126f3ef183ecde.php 第 100 行.
NOTIC: [8] Undefined variable: index E:\wamp\www\tongxun\Application\Runtime\Cache\Admin\b8c0556e904e1d0641126f3ef183ecde.php 第 100 行.
NOTIC: [8] Undefined variable: index E:\wamp\www\tongxun\Application\Runtime\Cache\Admin\b8c0556e904e1d0641126f3ef183ecde.php 第 102 行.
NOTIC: [8] Undefined variable: index E:\wamp\www\tongxun\Application\Runtime\Cache\Admin\b8c0556e904e1d0641126f3ef183ecde.php 第 106 行.
NOTIC: [8] Undefined variable: index E:\wamp\www\tongxun\Application\Runtime\Cache\Admin\b8c0556e904e1d0641126f3ef183ecde.php 第 119 行.
NOTIC: [8] Undefined variable: index E:\wamp\www\tongxun\Application\Runtime\Cache\Admin\b8c0556e904e1d0641126f3ef183ecde.php 第 119 行.
NOTIC: [8] Undefined variable: index E:\wamp\www\tongxun\Application\Runtime\Cache\Admin\b8c0556e904e1d0641126f3ef183ecde.php 第 121 行.
NOTIC: [8] Undefined variable: index E:\wamp\www\tongxun\Application\Runtime\Cache\Admin\b8c0556e904e1d0641126f3ef183ecde.php 第 125 行.
INFO: Run Behavior\ParseTemplateBehavior [ RunTime:0.079797s ]
INFO: [ view_parse ] --END-- [ RunTime:0.080010s ]
INFO: [ view_filter ] --START--
INFO: Run Behavior\WriteHtmlCacheBehavior [ RunTime:0.008500s ]
INFO: [ view_filter ] --END-- [ RunTime:0.008680s ]
INFO: [ app_end ] --START--
INFO: Run Behavior\ShowPageTraceBehavior [ RunTime:0.001591s ]
INFO: [ app_end ] --END-- [ RunTime:0.001726s ]

[ 2018-04-06T09:51:45+08:00 ] ::1 /tongxun/index.php/Admin/index/index.html
INFO: [ app_init ] --START--
INFO: Run Behavior\BuildLiteBehavior [ RunTime:0.000034s ]
INFO: [ app_init ] --END-- [ RunTime:0.000906s ]
INFO: [ app_begin ] --START--
INFO: Run Behavior\ReadHtmlCacheBehavior [ RunTime:0.001432s ]
INFO: [ app_begin ] --END-- [ RunTime:0.001588s ]
SQL: SHOW COLUMNS FROM `a_user` [ RunTime:0.0067s ]
SQL: SELECT a.*,b.title FROM a_user a left join a_bumen b on b.id = a.bumen  WHERE ( a.status > 0 )  [ RunTime:0.0010s ]
INFO: [ view_parse ] --START--
INFO: [ template_filter ] --START--
INFO: Run Behavior\ContentReplaceBehavior [ RunTime:0.000264s ]
INFO: [ template_filter ] --END-- [ RunTime:0.000522s ]
NOTIC: [8] Use of undefined constant index - assumed 'index' E:\wamp\www\tongxun\Application\Runtime\Cache\Admin\b595b808c2ebeeeb0478ffc30bb4e87a.php 第 61 行.
NOTIC: [8] Undefined variable: page E:\wamp\www\tongxun\Application\Runtime\Cache\Admin\b595b808c2ebeeeb0478ffc30bb4e87a.php 第 204 行.
INFO: Run Behavior\ParseTemplateBehavior [ RunTime:0.024776s ]
INFO: [ view_parse ] --END-- [ RunTime:0.024924s ]
INFO: [ view_filter ] --START--
INFO: Run Behavior\WriteHtmlCacheBehavior [ RunTime:0.001321s ]
INFO: [ view_filter ] --END-- [ RunTime:0.001458s ]
INFO: [ app_end ] --START--
INFO: Run Behavior\ShowPageTraceBehavior [ RunTime:0.001613s ]
INFO: [ app_end ] --END-- [ RunTime:0.001744s ]

[ 2018-04-06T09:52:24+08:00 ] 127.0.0.1 /tongxun/index.php/Admin/index/login.html
INFO: [ app_init ] --START--
INFO: Run Behavior\BuildLiteBehavior [ RunTime:0.000062s ]
INFO: [ app_init ] --END-- [ RunTime:0.000944s ]
INFO: [ app_begin ] --START--
INFO: Run Behavior\ReadHtmlCacheBehavior [ RunTime:0.001849s ]
INFO: [ app_begin ] --END-- [ RunTime:0.002047s ]
INFO: [ view_parse ] --START--
INFO: [ template_filter ] --START--
INFO: Run Behavior\ContentReplaceBehavior [ RunTime:0.000067s ]
INFO: [ template_filter ] --END-- [ RunTime:0.000218s ]
INFO: Run Behavior\ParseTemplateBehavior [ RunTime:0.059812s ]
INFO: [ view_parse ] --END-- [ RunTime:0.060035s ]
INFO: [ view_filter ] --START--
INFO: Run Behavior\WriteHtmlCacheBehavior [ RunTime:0.001211s ]
INFO: [ view_filter ] --END-- [ RunTime:0.001317s ]

[ 2018-04-06T09:52:24+08:00 ] 127.0.0.1 /tongxun/index.php/Admin/index/css/pintuer.css
INFO: [ app_init ] --START--
INFO: Run Behavior\BuildLiteBehavior [ RunTime:0.000041s ]
INFO: [ app_init ] --END-- [ RunTime:0.001014s ]
INFO: [ app_begin ] --START--
INFO: Run Behavior\ReadHtmlCacheBehavior [ RunTime:0.001825s ]
INFO: [ app_begin ] --END-- [ RunTime:0.002018s ]
INFO: [ view_parse ] --START--
INFO: [ template_filter ] --START--
INFO: Run Behavior\ContentReplaceBehavior [ RunTime:0.000086s ]
INFO: [ template_filter ] --END-- [ RunTime:0.000227s ]
INFO: Run Behavior\ParseTemplateBehavior [ RunTime:0.012483s ]
INFO: [ view_parse ] --END-- [ RunTime:0.012626s ]
INFO: [ view_filter ] --START--
INFO: Run Behavior\WriteHtmlCacheBehavior [ RunTime:0.001139s ]
INFO: [ view_filter ] --END-- [ RunTime:0.001294s ]

[ 2018-04-06T09:52:30+08:00 ] 127.0.0.1 /tongxun/index.php/Admin/Login/login.html
INFO: [ app_init ] --START--
INFO: Run Behavior\BuildLiteBehavior [ RunTime:0.000029s ]
INFO: [ app_init ] --END-- [ RunTime:0.000612s ]
INFO: [ app_begin ] --START--
INFO: Run Behavior\ReadHtmlCacheBehavior [ RunTime:0.001346s ]
INFO: [ app_begin ] --END-- [ RunTime:0.001500s ]
INFO: [ view_parse ] --START--
INFO: [ template_filter ] --START--
INFO: Run Behavior\ContentReplaceBehavior [ RunTime:0.000128s ]
INFO: [ template_filter ] --END-- [ RunTime:0.000290s ]
INFO: Run Behavior\ParseTemplateBehavior [ RunTime:0.012984s ]
INFO: [ view_parse ] --END-- [ RunTime:0.013153s ]
INFO: [ view_filter ] --START--
INFO: Run Behavior\WriteHtmlCacheBehavior [ RunTime:0.000981s ]
INFO: [ view_filter ] --END-- [ RunTime:0.001071s ]
INFO: [ app_end ] --START--
INFO: Run Behavior\ShowPageTraceBehavior [ RunTime:0.001677s ]
INFO: [ app_end ] --END-- [ RunTime:0.001931s ]

[ 2018-04-06T10:07:12+08:00 ] ::1 /tongxun/index.php/Admin/Index/add.html
INFO: [ app_init ] --START--
INFO: Run Behavior\BuildLiteBehavior [ RunTime:0.000032s ]
INFO: [ app_init ] --END-- [ RunTime:0.001045s ]
INFO: [ app_begin ] --START--
INFO: Run Behavior\ReadHtmlCacheBehavior [ RunTime:0.001671s ]
INFO: [ app_begin ] --END-- [ RunTime:0.001904s ]
SQL: SHOW COLUMNS FROM `a_bumen` [ RunTime:0.0065s ]
SQL: SELECT * FROM `a_bumen` WHERE ( status = 1 )  [ RunTime:0.0007s ]
SQL: SHOW COLUMNS FROM `a_user` [ RunTime:0.0065s ]
SQL: SELECT * FROM `a_user` WHERE ( id=0 ) LIMIT 1   [ RunTime:0.0006s ]
INFO: [ view_parse ] --START--
INFO: [ template_filter ] --START--
INFO: Run Behavior\ContentReplaceBehavior [ RunTime:0.000288s ]
INFO: [ template_filter ] --END-- [ RunTime:0.000407s ]
NOTIC: [8] Use of undefined constant index - assumed 'index' E:\wamp\www\tongxun\Application\Runtime\Cache\Admin\b8c0556e904e1d0641126f3ef183ecde.php 第 61 行.
NOTIC: [8] Undefined variable: index E:\wamp\www\tongxun\Application\Runtime\Cache\Admin\b8c0556e904e1d0641126f3ef183ecde.php 第 61 行.
NOTIC: [8] Use of undefined constant copyright - assumed 'copyright' E:\wamp\www\tongxun\Application\Runtime\Cache\Admin\b8c0556e904e1d0641126f3ef183ecde.php 第 61 行.
NOTIC: [8] Undefined variable: index E:\wamp\www\tongxun\Application\Runtime\Cache\Admin\b8c0556e904e1d0641126f3ef183ecde.php 第 61 行.
NOTIC: [8] Undefined variable: index E:\wamp\www\tongxun\Application\Runtime\Cache\Admin\b8c0556e904e1d0641126f3ef183ecde.php 第 66 行.
NOTIC: [8] Undefined variable: index E:\wamp\www\tongxun\Application\Runtime\Cache\Admin\b8c0556e904e1d0641126f3ef183ecde.php 第 66 行.
NOTIC: [8] Undefined variable: index E:\wamp\www\tongxun\Application\Runtime\Cache\Admin\b8c0556e904e1d0641126f3ef183ecde.php 第 68 行.
NOTIC: [8] Undefined variable: index E:\wamp\www\tongxun\Application\Runtime\Cache\Admin\b8c0556e904e1d0641126f3ef183ecde.php 第 81 行.
NOTIC: [8] Undefined variable: index E:\wamp\www\tongxun\Application\Runtime\Cache\Admin\b8c0556e904e1d0641126f3ef183ecde.php 第 81 行.
NOTIC: [8] Undefined variable: index E:\wamp\www\tongxun\Application\Runtime\Cache\Admin\b8c0556e904e1d0641126f3ef183ecde.php 第 83 行.
NOTIC: [8] Undefined variable: index E:\wamp\www\tongxun\Application\Runtime\Cache\Admin\b8c0556e904e1d0641126f3ef183ecde.php 第 87 行.
NOTIC: [8] Undefined variable: index E:\wamp\www\tongxun\Application\Runtime\Cache\Admin\b8c0556e904e1d0641126f3ef183ecde.php 第 100 行.
NOTIC: [8] Undefined variable: index E:\wamp\www\tongxun\Application\Runtime\Cache\Admin\b8c0556e904e1d0641126f3ef183ecde.php 第 100 行.
NOTIC: [8] Undefined variable: index E:\wamp\www\tongxun\Application\Runtime\Cache\Admin\b8c0556e904e1d0641126f3ef183ecde.php 第 102 行.
NOTIC: [8] Undefined variable: index E:\wamp\www\tongxun\Application\Runtime\Cache\Admin\b8c0556e904e1d0641126f3ef183ecde.php 第 106 行.
NOTIC: [8] Undefined variable: index E:\wamp\www\tongxun\Application\Runtime\Cache\Admin\b8c0556e904e1d0641126f3ef183ecde.php 第 119 行.
NOTIC: [8] Undefined variable: index E:\wamp\www\tongxun\Application\Runtime\Cache\Admin\b8c0556e904e1d0641126f3ef183ecde.php 第 119 行.
NOTIC: [8] Undefined variable: index E:\wamp\www\tongxun\Application\Runtime\Cache\Admin\b8c0556e904e1d0641126f3ef183ecde.php 第 121 行.
NOTIC: [8] Undefined variable: index E:\wamp\www\tongxun\Application\Runtime\Cache\Admin\b8c0556e904e1d0641126f3ef183ecde.php 第 125 行.
INFO: Run Behavior\ParseTemplateBehavior [ RunTime:0.031447s ]
INFO: [ view_parse ] --END-- [ RunTime:0.031581s ]
INFO: [ view_filter ] --START--
INFO: Run Behavior\WriteHtmlCacheBehavior [ RunTime:0.001092s ]
INFO: [ view_filter ] --END-- [ RunTime:0.001235s ]
INFO: [ app_end ] --START--
INFO: Run Behavior\ShowPageTraceBehavior [ RunTime:0.001464s ]
INFO: [ app_end ] --END-- [ RunTime:0.001607s ]

[ 2018-04-06T10:11:07+08:00 ] ::1 /tongxun/index.php/Admin/index/index.html
INFO: [ app_init ] --START--
INFO: Run Behavior\BuildLiteBehavior [ RunTime:0.000064s ]
INFO: [ app_init ] --END-- [ RunTime:0.000896s ]
INFO: [ app_begin ] --START--
INFO: Run Behavior\ReadHtmlCacheBehavior [ RunTime:0.001078s ]
INFO: [ app_begin ] --END-- [ RunTime:0.001202s ]
SQL: SHOW COLUMNS FROM `a_user` [ RunTime:0.0063s ]
SQL: SELECT a.*,b.title FROM a_user a left join a_bumen b on b.id = a.bumen  WHERE ( a.status > 0 )  [ RunTime:0.0009s ]
INFO: [ view_parse ] --START--
INFO: [ template_filter ] --START--
INFO: Run Behavior\ContentReplaceBehavior [ RunTime:0.000207s ]
INFO: [ template_filter ] --END-- [ RunTime:0.000316s ]
NOTIC: [8] Use of undefined constant index - assumed 'index' E:\wamp\www\tongxun\Application\Runtime\Cache\Admin\b595b808c2ebeeeb0478ffc30bb4e87a.php 第 61 行.
NOTIC: [8] Undefined variable: page E:\wamp\www\tongxun\Application\Runtime\Cache\Admin\b595b808c2ebeeeb0478ffc30bb4e87a.php 第 204 行.
INFO: Run Behavior\ParseTemplateBehavior [ RunTime:2.324104s ]
INFO: [ view_parse ] --END-- [ RunTime:2.324316s ]
INFO: [ view_filter ] --START--
INFO: Run Behavior\WriteHtmlCacheBehavior [ RunTime:0.001493s ]
INFO: [ view_filter ] --END-- [ RunTime:0.001658s ]
INFO: [ app_end ] --START--
INFO: Run Behavior\ShowPageTraceBehavior [ RunTime:0.002455s ]
INFO: [ app_end ] --END-- [ RunTime:0.002699s ]

[ 2018-04-06T10:11:47+08:00 ] ::1 /tongxun/index.php/Admin/Index/add.html
INFO: [ app_init ] --START--
INFO: Run Behavior\BuildLiteBehavior [ RunTime:0.000045s ]
INFO: [ app_init ] --END-- [ RunTime:0.000779s ]
INFO: [ app_begin ] --START--
INFO: Run Behavior\ReadHtmlCacheBehavior [ RunTime:0.001489s ]
INFO: [ app_begin ] --END-- [ RunTime:0.001623s ]
SQL: SHOW COLUMNS FROM `a_bumen` [ RunTime:0.0071s ]
SQL: SELECT * FROM `a_bumen` WHERE ( status = 1 )  [ RunTime:0.0006s ]
SQL: SHOW COLUMNS FROM `a_user` [ RunTime:0.0069s ]
SQL: SELECT * FROM `a_user` WHERE ( id=0 ) LIMIT 1   [ RunTime:0.0004s ]
INFO: [ view_parse ] --START--
INFO: [ template_filter ] --START--
INFO: Run Behavior\ContentReplaceBehavior [ RunTime:0.000234s ]
INFO: [ template_filter ] --END-- [ RunTime:0.000382s ]
NOTIC: [8] Use of undefined constant index - assumed 'index' E:\wamp\www\tongxun\Application\Runtime\Cache\Admin\b8c0556e904e1d0641126f3ef183ecde.php 第 61 行.
NOTIC: [8] Undefined variable: index E:\wamp\www\tongxun\Application\Runtime\Cache\Admin\b8c0556e904e1d0641126f3ef183ecde.php 第 61 行.
NOTIC: [8] Use of undefined constant copyright - assumed 'copyright' E:\wamp\www\tongxun\Application\Runtime\Cache\Admin\b8c0556e904e1d0641126f3ef183ecde.php 第 61 行.
NOTIC: [8] Undefined variable: index E:\wamp\www\tongxun\Application\Runtime\Cache\Admin\b8c0556e904e1d0641126f3ef183ecde.php 第 61 行.
NOTIC: [8] Undefined variable: index E:\wamp\www\tongxun\Application\Runtime\Cache\Admin\b8c0556e904e1d0641126f3ef183ecde.php 第 66 行.
NOTIC: [8] Undefined variable: index E:\wamp\www\tongxun\Application\Runtime\Cache\Admin\b8c0556e904e1d0641126f3ef183ecde.php 第 66 行.
NOTIC: [8] Undefined variable: index E:\wamp\www\tongxun\Application\Runtime\Cache\Admin\b8c0556e904e1d0641126f3ef183ecde.php 第 68 行.
NOTIC: [8] Undefined variable: index E:\wamp\www\tongxun\Application\Runtime\Cache\Admin\b8c0556e904e1d0641126f3ef183ecde.php 第 81 行.
NOTIC: [8] Undefined variable: index E:\wamp\www\tongxun\Application\Runtime\Cache\Admin\b8c0556e904e1d0641126f3ef183ecde.php 第 81 行.
NOTIC: [8] Undefined variable: index E:\wamp\www\tongxun\Application\Runtime\Cache\Admin\b8c0556e904e1d0641126f3ef183ecde.php 第 83 行.
NOTIC: [8] Undefined variable: index E:\wamp\www\tongxun\Application\Runtime\Cache\Admin\b8c0556e904e1d0641126f3ef183ecde.php 第 87 行.
NOTIC: [8] Undefined variable: index E:\wamp\www\tongxun\Application\Runtime\Cache\Admin\b8c0556e904e1d0641126f3ef183ecde.php 第 100 行.
NOTIC: [8] Undefined variable: index E:\wamp\www\tongxun\Application\Runtime\Cache\Admin\b8c0556e904e1d0641126f3ef183ecde.php 第 100 行.
NOTIC: [8] Undefined variable: index E:\wamp\www\tongxun\Application\Runtime\Cache\Admin\b8c0556e904e1d0641126f3ef183ecde.php 第 102 行.
NOTIC: [8] Undefined variable: index E:\wamp\www\tongxun\Application\Runtime\Cache\Admin\b8c0556e904e1d0641126f3ef183ecde.php 第 106 行.
NOTIC: [8] Undefined variable: index E:\wamp\www\tongxun\Application\Runtime\Cache\Admin\b8c0556e904e1d0641126f3ef183ecde.php 第 119 行.
NOTIC: [8] Undefined variable: index E:\wamp\www\tongxun\Application\Runtime\Cache\Admin\b8c0556e904e1d0641126f3ef183ecde.php 第 119 行.
NOTIC: [8] Undefined variable: index E:\wamp\www\tongxun\Application\Runtime\Cache\Admin\b8c0556e904e1d0641126f3ef183ecde.php 第 121 行.
NOTIC: [8] Undefined variable: index E:\wamp\www\tongxun\Application\Runtime\Cache\Admin\b8c0556e904e1d0641126f3ef183ecde.php 第 125 行.
INFO: Run Behavior\ParseTemplateBehavior [ RunTime:0.027619s ]
INFO: [ view_parse ] --END-- [ RunTime:0.027774s ]
INFO: [ view_filter ] --START--
INFO: Run Behavior\WriteHtmlCacheBehavior [ RunTime:0.001277s ]
INFO: [ view_filter ] --END-- [ RunTime:0.001466s ]
INFO: [ app_end ] --START--
INFO: Run Behavior\ShowPageTraceBehavior [ RunTime:0.001827s ]
INFO: [ app_end ] --END-- [ RunTime:0.001978s ]

[ 2018-04-06T10:12:30+08:00 ] ::1 /tongxun/index.php/Admin/index/index.html
INFO: [ app_init ] --START--
INFO: Run Behavior\BuildLiteBehavior [ RunTime:0.000032s ]
INFO: [ app_init ] --END-- [ RunTime:0.000890s ]
INFO: [ app_begin ] --START--
INFO: Run Behavior\ReadHtmlCacheBehavior [ RunTime:0.001579s ]
INFO: [ app_begin ] --END-- [ RunTime:0.001736s ]
SQL: SHOW COLUMNS FROM `a_user` [ RunTime:0.0080s ]
SQL: SELECT a.*,b.title FROM a_user a left join a_bumen b on b.id = a.bumen  WHERE ( a.status > 0 )  [ RunTime:0.0011s ]
INFO: [ view_parse ] --START--
INFO: [ template_filter ] --START--
INFO: Run Behavior\ContentReplaceBehavior [ RunTime:0.000271s ]
INFO: [ template_filter ] --END-- [ RunTime:0.000465s ]
NOTIC: [8] Use of undefined constant index - assumed 'index' E:\wamp\www\tongxun\Application\Runtime\Cache\Admin\b595b808c2ebeeeb0478ffc30bb4e87a.php 第 61 行.
NOTIC: [8] Undefined variable: page E:\wamp\www\tongxun\Application\Runtime\Cache\Admin\b595b808c2ebeeeb0478ffc30bb4e87a.php 第 204 行.
INFO: Run Behavior\ParseTemplateBehavior [ RunTime:0.025771s ]
INFO: [ view_parse ] --END-- [ RunTime:0.025890s ]
INFO: [ view_filter ] --START--
INFO: Run Behavior\WriteHtmlCacheBehavior [ RunTime:0.001528s ]
INFO: [ view_filter ] --END-- [ RunTime:0.001639s ]
INFO: [ app_end ] --START--
INFO: Run Behavior\ShowPageTraceBehavior [ RunTime:0.003082s ]
INFO: [ app_end ] --END-- [ RunTime:0.003238s ]

[ 2018-04-06T10:13:21+08:00 ] ::1 /tongxun/index.php/Admin/Index/add.html
INFO: [ app_init ] --START--
INFO: Run Behavior\BuildLiteBehavior [ RunTime:0.000029s ]
INFO: [ app_init ] --END-- [ RunTime:0.000766s ]
INFO: [ app_begin ] --START--
INFO: Run Behavior\ReadHtmlCacheBehavior [ RunTime:0.001443s ]
INFO: [ app_begin ] --END-- [ RunTime:0.001619s ]
SQL: SHOW COLUMNS FROM `a_bumen` [ RunTime:0.0072s ]
SQL: SELECT * FROM `a_bumen` WHERE ( status = 1 )  [ RunTime:0.0011s ]
SQL: SHOW COLUMNS FROM `a_user` [ RunTime:0.0077s ]
SQL: SELECT * FROM `a_user` WHERE ( id=0 ) LIMIT 1   [ RunTime:0.0005s ]
INFO: [ view_parse ] --START--
INFO: [ template_filter ] --START--
INFO: Run Behavior\ContentReplaceBehavior [ RunTime:0.000461s ]
INFO: [ template_filter ] --END-- [ RunTime:0.000685s ]
NOTIC: [8] Use of undefined constant index - assumed 'index' E:\wamp\www\tongxun\Application\Runtime\Cache\Admin\b8c0556e904e1d0641126f3ef183ecde.php 第 61 行.
NOTIC: [8] Undefined variable: index E:\wamp\www\tongxun\Application\Runtime\Cache\Admin\b8c0556e904e1d0641126f3ef183ecde.php 第 61 行.
NOTIC: [8] Use of undefined constant copyright - assumed 'copyright' E:\wamp\www\tongxun\Application\Runtime\Cache\Admin\b8c0556e904e1d0641126f3ef183ecde.php 第 61 行.
NOTIC: [8] Undefined variable: index E:\wamp\www\tongxun\Application\Runtime\Cache\Admin\b8c0556e904e1d0641126f3ef183ecde.php 第 61 行.
NOTIC: [8] Undefined variable: index E:\wamp\www\tongxun\Application\Runtime\Cache\Admin\b8c0556e904e1d0641126f3ef183ecde.php 第 66 行.
NOTIC: [8] Undefined variable: index E:\wamp\www\tongxun\Application\Runtime\Cache\Admin\b8c0556e904e1d0641126f3ef183ecde.php 第 66 行.
NOTIC: [8] Undefined variable: index E:\wamp\www\tongxun\Application\Runtime\Cache\Admin\b8c0556e904e1d0641126f3ef183ecde.php 第 68 行.
NOTIC: [8] Undefined variable: index E:\wamp\www\tongxun\Application\Runtime\Cache\Admin\b8c0556e904e1d0641126f3ef183ecde.php 第 81 行.
NOTIC: [8] Undefined variable: index E:\wamp\www\tongxun\Application\Runtime\Cache\Admin\b8c0556e904e1d0641126f3ef183ecde.php 第 81 行.
NOTIC: [8] Undefined variable: index E:\wamp\www\tongxun\Application\Runtime\Cache\Admin\b8c0556e904e1d0641126f3ef183ecde.php 第 83 行.
NOTIC: [8] Undefined variable: index E:\wamp\www\tongxun\Application\Runtime\Cache\Admin\b8c0556e904e1d0641126f3ef183ecde.php 第 87 行.
NOTIC: [8] Undefined variable: index E:\wamp\www\tongxun\Application\Runtime\Cache\Admin\b8c0556e904e1d0641126f3ef183ecde.php 第 100 行.
NOTIC: [8] Undefined variable: index E:\wamp\www\tongxun\Application\Runtime\Cache\Admin\b8c0556e904e1d0641126f3ef183ecde.php 第 100 行.
NOTIC: [8] Undefined variable: index E:\wamp\www\tongxun\Application\Runtime\Cache\Admin\b8c0556e904e1d0641126f3ef183ecde.php 第 102 行.
NOTIC: [8] Undefined variable: index E:\wamp\www\tongxun\Application\Runtime\Cache\Admin\b8c0556e904e1d0641126f3ef183ecde.php 第 106 行.
NOTIC: [8] Undefined variable: index E:\wamp\www\tongxun\Application\Runtime\Cache\Admin\b8c0556e904e1d0641126f3ef183ecde.php 第 119 行.
NOTIC: [8] Undefined variable: index E:\wamp\www\tongxun\Application\Runtime\Cache\Admin\b8c0556e904e1d0641126f3ef183ecde.php 第 119 行.
NOTIC: [8] Undefined variable: index E:\wamp\www\tongxun\Application\Runtime\Cache\Admin\b8c0556e904e1d0641126f3ef183ecde.php 第 121 行.
NOTIC: [8] Undefined variable: index E:\wamp\www\tongxun\Application\Runtime\Cache\Admin\b8c0556e904e1d0641126f3ef183ecde.php 第 125 行.
INFO: Run Behavior\ParseTemplateBehavior [ RunTime:0.028736s ]
INFO: [ view_parse ] --END-- [ RunTime:0.028835s ]
INFO: [ view_filter ] --START--
INFO: Run Behavior\WriteHtmlCacheBehavior [ RunTime:0.001434s ]
INFO: [ view_filter ] --END-- [ RunTime:0.001558s ]
INFO: [ app_end ] --START--
INFO: Run Behavior\ShowPageTraceBehavior [ RunTime:0.001596s ]
INFO: [ app_end ] --END-- [ RunTime:0.001724s ]

[ 2018-04-06T10:20:45+08:00 ] ::1 /tongxun/index.php/Admin/index/index.html
INFO: [ app_init ] --START--
INFO: Run Behavior\BuildLiteBehavior [ RunTime:0.000036s ]
INFO: [ app_init ] --END-- [ RunTime:0.000834s ]
INFO: [ app_begin ] --START--
INFO: Run Behavior\ReadHtmlCacheBehavior [ RunTime:0.001583s ]
INFO: [ app_begin ] --END-- [ RunTime:0.001716s ]
SQL: SHOW COLUMNS FROM `a_user` [ RunTime:0.0062s ]
SQL: SELECT a.*,b.title FROM a_user a left join a_bumen b on b.id = a.bumen  WHERE ( a.status > 0 )  [ RunTime:0.0008s ]
INFO: [ view_parse ] --START--
INFO: [ template_filter ] --START--
INFO: Run Behavior\ContentReplaceBehavior [ RunTime:0.000312s ]
INFO: [ template_filter ] --END-- [ RunTime:0.000425s ]
NOTIC: [8] Use of undefined constant index - assumed 'index' E:\wamp\www\tongxun\Application\Runtime\Cache\Admin\b595b808c2ebeeeb0478ffc30bb4e87a.php 第 61 行.
NOTIC: [8] Undefined variable: page E:\wamp\www\tongxun\Application\Runtime\Cache\Admin\b595b808c2ebeeeb0478ffc30bb4e87a.php 第 204 行.
INFO: Run Behavior\ParseTemplateBehavior [ RunTime:0.022304s ]
INFO: [ view_parse ] --END-- [ RunTime:0.022435s ]
INFO: [ view_filter ] --START--
INFO: Run Behavior\WriteHtmlCacheBehavior [ RunTime:0.001355s ]
INFO: [ view_filter ] --END-- [ RunTime:0.001470s ]
INFO: [ app_end ] --START--
INFO: Run Behavior\ShowPageTraceBehavior [ RunTime:0.001679s ]
INFO: [ app_end ] --END-- [ RunTime:0.001799s ]

[ 2018-04-06T10:20:48+08:00 ] ::1 /tongxun/index.php/Admin/Index/add/id/9
INFO: [ app_init ] --START--
INFO: Run Behavior\BuildLiteBehavior [ RunTime:0.000073s ]
INFO: [ app_init ] --END-- [ RunTime:0.001449s ]
INFO: [ app_begin ] --START--
INFO: Run Behavior\ReadHtmlCacheBehavior [ RunTime:0.001704s ]
INFO: [ app_begin ] --END-- [ RunTime:0.001921s ]
SQL: SHOW COLUMNS FROM `a_bumen` [ RunTime:0.0075s ]
SQL: SELECT * FROM `a_bumen` WHERE ( status = 1 )  [ RunTime:0.0011s ]
SQL: SHOW COLUMNS FROM `a_user` [ RunTime:0.0069s ]
SQL: SELECT * FROM `a_user` WHERE ( id=9 ) LIMIT 1   [ RunTime:0.0005s ]
INFO: [ view_parse ] --START--
INFO: [ template_filter ] --START--
INFO: Run Behavior\ContentReplaceBehavior [ RunTime:0.000374s ]
INFO: [ template_filter ] --END-- [ RunTime:0.000676s ]
NOTIC: [8] Use of undefined constant index - assumed 'index' E:\wamp\www\tongxun\Application\Runtime\Cache\Admin\b8c0556e904e1d0641126f3ef183ecde.php 第 61 行.
NOTIC: [8] Undefined variable: index E:\wamp\www\tongxun\Application\Runtime\Cache\Admin\b8c0556e904e1d0641126f3ef183ecde.php 第 61 行.
NOTIC: [8] Use of undefined constant copyright - assumed 'copyright' E:\wamp\www\tongxun\Application\Runtime\Cache\Admin\b8c0556e904e1d0641126f3ef183ecde.php 第 61 行.
NOTIC: [8] Undefined variable: index E:\wamp\www\tongxun\Application\Runtime\Cache\Admin\b8c0556e904e1d0641126f3ef183ecde.php 第 61 行.
NOTIC: [8] Undefined variable: index E:\wamp\www\tongxun\Application\Runtime\Cache\Admin\b8c0556e904e1d0641126f3ef183ecde.php 第 66 行.
NOTIC: [8] Undefined variable: index E:\wamp\www\tongxun\Application\Runtime\Cache\Admin\b8c0556e904e1d0641126f3ef183ecde.php 第 66 行.
NOTIC: [8] Undefined variable: index E:\wamp\www\tongxun\Application\Runtime\Cache\Admin\b8c0556e904e1d0641126f3ef183ecde.php 第 68 行.
NOTIC: [8] Undefined variable: index E:\wamp\www\tongxun\Application\Runtime\Cache\Admin\b8c0556e904e1d0641126f3ef183ecde.php 第 81 行.
NOTIC: [8] Undefined variable: index E:\wamp\www\tongxun\Application\Runtime\Cache\Admin\b8c0556e904e1d0641126f3ef183ecde.php 第 81 行.
NOTIC: [8] Undefined variable: index E:\wamp\www\tongxun\Application\Runtime\Cache\Admin\b8c0556e904e1d0641126f3ef183ecde.php 第 83 行.
NOTIC: [8] Undefined variable: index E:\wamp\www\tongxun\Application\Runtime\Cache\Admin\b8c0556e904e1d0641126f3ef183ecde.php 第 87 行.
NOTIC: [8] Undefined variable: index E:\wamp\www\tongxun\Application\Runtime\Cache\Admin\b8c0556e904e1d0641126f3ef183ecde.php 第 100 行.
NOTIC: [8] Undefined variable: index E:\wamp\www\tongxun\Application\Runtime\Cache\Admin\b8c0556e904e1d0641126f3ef183ecde.php 第 100 行.
NOTIC: [8] Undefined variable: index E:\wamp\www\tongxun\Application\Runtime\Cache\Admin\b8c0556e904e1d0641126f3ef183ecde.php 第 102 行.
NOTIC: [8] Undefined variable: index E:\wamp\www\tongxun\Application\Runtime\Cache\Admin\b8c0556e904e1d0641126f3ef183ecde.php 第 106 行.
NOTIC: [8] Undefined variable: index E:\wamp\www\tongxun\Application\Runtime\Cache\Admin\b8c0556e904e1d0641126f3ef183ecde.php 第 119 行.
NOTIC: [8] Undefined variable: index E:\wamp\www\tongxun\Application\Runtime\Cache\Admin\b8c0556e904e1d0641126f3ef183ecde.php 第 119 行.
NOTIC: [8] Undefined variable: index E:\wamp\www\tongxun\Application\Runtime\Cache\Admin\b8c0556e904e1d0641126f3ef183ecde.php 第 121 行.
NOTIC: [8] Undefined variable: index E:\wamp\www\tongxun\Application\Runtime\Cache\Admin\b8c0556e904e1d0641126f3ef183ecde.php 第 125 行.
INFO: Run Behavior\ParseTemplateBehavior [ RunTime:0.029653s ]
INFO: [ view_parse ] --END-- [ RunTime:0.029804s ]
INFO: [ view_filter ] --START--
INFO: Run Behavior\WriteHtmlCacheBehavior [ RunTime:0.002148s ]
INFO: [ view_filter ] --END-- [ RunTime:0.002411s ]
INFO: [ app_end ] --START--
INFO: Run Behavior\ShowPageTraceBehavior [ RunTime:0.002560s ]
INFO: [ app_end ] --END-- [ RunTime:0.002796s ]

[ 2018-04-06T10:22:45+08:00 ] ::1 /tongxun/index.php/Admin/index/index.html
INFO: [ app_init ] --START--
INFO: Run Behavior\BuildLiteBehavior [ RunTime:0.000078s ]
INFO: [ app_init ] --END-- [ RunTime:0.000956s ]
INFO: [ app_begin ] --START--
INFO: Run Behavior\ReadHtmlCacheBehavior [ RunTime:0.001718s ]
INFO: [ app_begin ] --END-- [ RunTime:0.001929s ]
SQL: SHOW COLUMNS FROM `a_user` [ RunTime:0.0071s ]
SQL: SELECT a.*,b.title FROM a_user a left join a_bumen b on b.id = a.bumen  WHERE ( a.status > 0 )  [ RunTime:0.0007s ]
INFO: [ view_parse ] --START--
INFO: [ template_filter ] --START--
INFO: Run Behavior\ContentReplaceBehavior [ RunTime:0.000325s ]
INFO: [ template_filter ] --END-- [ RunTime:0.000519s ]
NOTIC: [8] Use of undefined constant index - assumed 'index' E:\wamp\www\tongxun\Application\Runtime\Cache\Admin\b595b808c2ebeeeb0478ffc30bb4e87a.php 第 61 行.
NOTIC: [8] Undefined variable: page E:\wamp\www\tongxun\Application\Runtime\Cache\Admin\b595b808c2ebeeeb0478ffc30bb4e87a.php 第 204 行.
INFO: Run Behavior\ParseTemplateBehavior [ RunTime:0.022831s ]
INFO: [ view_parse ] --END-- [ RunTime:0.022968s ]
INFO: [ view_filter ] --START--
INFO: Run Behavior\WriteHtmlCacheBehavior [ RunTime:0.001321s ]
INFO: [ view_filter ] --END-- [ RunTime:0.001452s ]
INFO: [ app_end ] --START--
INFO: Run Behavior\ShowPageTraceBehavior [ RunTime:0.001513s ]
INFO: [ app_end ] --END-- [ RunTime:0.001734s ]

[ 2018-04-06T10:38:17+08:00 ] ::1 /tongxun/index.php/Admin/Index/del
INFO: [ app_init ] --START--
INFO: Run Behavior\BuildLiteBehavior [ RunTime:0.000058s ]
INFO: [ app_init ] --END-- [ RunTime:0.000918s ]
INFO: [ app_begin ] --START--
INFO: Run Behavior\ReadHtmlCacheBehavior [ RunTime:0.001299s ]
INFO: [ app_begin ] --END-- [ RunTime:0.001492s ]
SQL: SHOW COLUMNS FROM `a_user` [ RunTime:0.0070s ]
SQL: SELECT `status` FROM `a_user` WHERE `id` = 18 LIMIT 1   [ RunTime:0.0009s ]
SQL: UPDATE `a_user` SET `status`='0' WHERE ( id=18 ) [ RunTime:0.0837s ]

[ 2018-04-06T10:38:17+08:00 ] ::1 /tongxun/index.php/Admin/index/index.html
INFO: [ app_init ] --START--
INFO: Run Behavior\BuildLiteBehavior [ RunTime:0.000047s ]
INFO: [ app_init ] --END-- [ RunTime:0.000689s ]
INFO: [ app_begin ] --START--
INFO: Run Behavior\ReadHtmlCacheBehavior [ RunTime:0.001360s ]
INFO: [ app_begin ] --END-- [ RunTime:0.001530s ]
SQL: SHOW COLUMNS FROM `a_user` [ RunTime:0.0065s ]
SQL: SELECT a.*,b.title FROM a_user a left join a_bumen b on b.id = a.bumen  WHERE ( a.status > 0 )  [ RunTime:0.0009s ]
INFO: [ view_parse ] --START--
INFO: [ template_filter ] --START--
INFO: Run Behavior\ContentReplaceBehavior [ RunTime:0.000246s ]
INFO: [ template_filter ] --END-- [ RunTime:0.000377s ]
NOTIC: [8] Use of undefined constant index - assumed 'index' E:\wamp\www\tongxun\Application\Runtime\Cache\Admin\b595b808c2ebeeeb0478ffc30bb4e87a.php 第 61 行.
NOTIC: [8] Undefined variable: page E:\wamp\www\tongxun\Application\Runtime\Cache\Admin\b595b808c2ebeeeb0478ffc30bb4e87a.php 第 204 行.
INFO: Run Behavior\ParseTemplateBehavior [ RunTime:0.022338s ]
INFO: [ view_parse ] --END-- [ RunTime:0.022495s ]
INFO: [ view_filter ] --START--
INFO: Run Behavior\WriteHtmlCacheBehavior [ RunTime:0.001261s ]
INFO: [ view_filter ] --END-- [ RunTime:0.001410s ]
INFO: [ app_end ] --START--
INFO: Run Behavior\ShowPageTraceBehavior [ RunTime:0.001718s ]
INFO: [ app_end ] --END-- [ RunTime:0.001889s ]

