[ 2018-03-14T10:34:13+08:00 ] 127.0.0.1 /tongxun/index.php/Admin/Login/login.html
INFO: [ app_init ] --START--
INFO: Run Behavior\BuildLiteBehavior [ RunTime:0.000094s ]
INFO: [ app_init ] --END-- [ RunTime:0.001956s ]
INFO: [ app_begin ] --START--
INFO: Run Behavior\ReadHtmlCacheBehavior [ RunTime:0.002992s ]
INFO: [ app_begin ] --END-- [ RunTime:0.003500s ]
INFO: [ view_parse ] --START--
INFO: [ template_filter ] --START--
INFO: Run Behavior\ContentReplaceBehavior [ RunTime:0.000331s ]
INFO: [ template_filter ] --END-- [ RunTime:0.000824s ]
INFO: Run Behavior\ParseTemplateBehavior [ RunTime:0.048805s ]
INFO: [ view_parse ] --END-- [ RunTime:0.049341s ]
INFO: [ view_filter ] --START--
INFO: Run Behavior\WriteHtmlCacheBehavior [ RunTime:0.001621s ]
INFO: [ view_filter ] --END-- [ RunTime:0.002025s ]
INFO: [ app_end ] --START--
INFO: Run Behavior\ShowPageTraceBehavior [ RunTime:0.002571s ]
INFO: [ app_end ] --END-- [ RunTime:0.002974s ]

[ 2018-03-14T10:34:32+08:00 ] 127.0.0.1 /tongxun/index.php/Admin/Login/login.html
INFO: [ app_init ] --START--
INFO: Run Behavior\BuildLiteBehavior [ RunTime:0.000095s ]
INFO: [ app_init ] --END-- [ RunTime:0.002053s ]
INFO: [ app_begin ] --START--
INFO: Run Behavior\ReadHtmlCacheBehavior [ RunTime:0.002961s ]
INFO: [ app_begin ] --END-- [ RunTime:0.003446s ]
SQL: SHOW COLUMNS FROM `a_user` [ RunTime:0.0177s ]
SQL: SELECT * FROM `a_user` WHERE `tel` = 'admin' AND `password` = 'admin' AND `status` > 1 LIMIT 1   [ RunTime:0.0015s ]
INFO: [ view_parse ] --START--
INFO: [ template_filter ] --START--
INFO: Run Behavior\ContentReplaceBehavior [ RunTime:0.000286s ]
INFO: [ template_filter ] --END-- [ RunTime:0.000737s ]
INFO: Run Behavior\ParseTemplateBehavior [ RunTime:0.099658s ]
INFO: [ view_parse ] --END-- [ RunTime:0.100185s ]
INFO: [ view_filter ] --START--
INFO: Run Behavior\WriteHtmlCacheBehavior [ RunTime:0.001796s ]
INFO: [ view_filter ] --END-- [ RunTime:0.002296s ]

[ 2018-03-14T10:34:32+08:00 ] 127.0.0.1 /tongxun/index.php/Admin/Login/css/pintuer.css
INFO: [ app_init ] --START--
INFO: Run Behavior\BuildLiteBehavior [ RunTime:0.000097s ]
INFO: [ app_init ] --END-- [ RunTime:0.002018s ]
INFO: [ app_begin ] --START--
INFO: Run Behavior\ReadHtmlCacheBehavior [ RunTime:0.002833s ]
INFO: [ app_begin ] --END-- [ RunTime:0.003292s ]
ERR: 非法操作:css

[ 2018-03-14T10:34:35+08:00 ] 127.0.0.1 /tongxun/index.php/Admin/index/index.html
INFO: [ app_init ] --START--
INFO: Run Behavior\BuildLiteBehavior [ RunTime:0.000094s ]
INFO: [ app_init ] --END-- [ RunTime:0.001873s ]
INFO: [ app_begin ] --START--
INFO: Run Behavior\ReadHtmlCacheBehavior [ RunTime:0.003060s ]
INFO: [ app_begin ] --END-- [ RunTime:0.003527s ]
SQL: SHOW COLUMNS FROM `a_user` [ RunTime:0.0170s ]
SQL: SELECT a.*,b.title FROM a_user a left join a_bumen b on b.id = a.bumen  WHERE ( a.status > 0 )  [ RunTime:0.1089s ]
INFO: [ view_parse ] --START--
INFO: [ template_filter ] --START--
INFO: Run Behavior\ContentReplaceBehavior [ RunTime:0.000904s ]
INFO: [ template_filter ] --END-- [ RunTime:0.001353s ]
NOTIC: [8] Use of undefined constant index - assumed 'index' F:\wamp\www\tongxun\Application\Runtime\Cache\Admin\b595b808c2ebeeeb0478ffc30bb4e87a.php 第 61 行.
NOTIC: [8] Undefined variable: page F:\wamp\www\tongxun\Application\Runtime\Cache\Admin\b595b808c2ebeeeb0478ffc30bb4e87a.php 第 204 行.
INFO: Run Behavior\ParseTemplateBehavior [ RunTime:0.133761s ]
INFO: [ view_parse ] --END-- [ RunTime:0.134253s ]
INFO: [ view_filter ] --START--
INFO: Run Behavior\WriteHtmlCacheBehavior [ RunTime:0.005355s ]
INFO: [ view_filter ] --END-- [ RunTime:0.005792s ]
INFO: [ app_end ] --START--
INFO: Run Behavior\ShowPageTraceBehavior [ RunTime:0.005886s ]
INFO: [ app_end ] --END-- [ RunTime:0.006392s ]

[ 2018-03-14T10:38:42+08:00 ] 127.0.0.1 /tongxun/index.php/Admin/index/product.html
INFO: [ app_init ] --START--
INFO: Run Behavior\BuildLiteBehavior [ RunTime:0.000096s ]
INFO: [ app_init ] --END-- [ RunTime:0.002237s ]
INFO: [ app_begin ] --START--
INFO: Run Behavior\ReadHtmlCacheBehavior [ RunTime:0.003465s ]
INFO: [ app_begin ] --END-- [ RunTime:0.003906s ]
SQL: SHOW COLUMNS FROM `a_log` [ RunTime:0.0654s ]
SQL: SELECT a.*,b.username FROM a_log a left join a_user b on b.id = a.uid  ORDER BY a.id asc  [ RunTime:0.0313s ]
INFO: [ view_parse ] --START--
INFO: [ template_filter ] --START--
INFO: Run Behavior\ContentReplaceBehavior [ RunTime:0.000828s ]
INFO: [ template_filter ] --END-- [ RunTime:0.001265s ]
NOTIC: [8] Use of undefined constant index - assumed 'index' F:\wamp\www\tongxun\Application\Runtime\Cache\Admin\394283bae9774cfd50e961762da98983.php 第 61 行.
NOTIC: [8] Undefined variable: index F:\wamp\www\tongxun\Application\Runtime\Cache\Admin\394283bae9774cfd50e961762da98983.php 第 61 行.
NOTIC: [8] Use of undefined constant copyright - assumed 'copyright' F:\wamp\www\tongxun\Application\Runtime\Cache\Admin\394283bae9774cfd50e961762da98983.php 第 61 行.
NOTIC: [8] Undefined variable: index F:\wamp\www\tongxun\Application\Runtime\Cache\Admin\394283bae9774cfd50e961762da98983.php 第 61 行.
NOTIC: [8] Undefined variable: index F:\wamp\www\tongxun\Application\Runtime\Cache\Admin\394283bae9774cfd50e961762da98983.php 第 66 行.
NOTIC: [8] Undefined variable: index F:\wamp\www\tongxun\Application\Runtime\Cache\Admin\394283bae9774cfd50e961762da98983.php 第 66 行.
NOTIC: [8] Undefined variable: index F:\wamp\www\tongxun\Application\Runtime\Cache\Admin\394283bae9774cfd50e961762da98983.php 第 68 行.
NOTIC: [8] Undefined variable: index F:\wamp\www\tongxun\Application\Runtime\Cache\Admin\394283bae9774cfd50e961762da98983.php 第 81 行.
NOTIC: [8] Undefined variable: index F:\wamp\www\tongxun\Application\Runtime\Cache\Admin\394283bae9774cfd50e961762da98983.php 第 81 行.
NOTIC: [8] Undefined variable: index F:\wamp\www\tongxun\Application\Runtime\Cache\Admin\394283bae9774cfd50e961762da98983.php 第 83 行.
NOTIC: [8] Undefined variable: index F:\wamp\www\tongxun\Application\Runtime\Cache\Admin\394283bae9774cfd50e961762da98983.php 第 87 行.
NOTIC: [8] Undefined variable: index F:\wamp\www\tongxun\Application\Runtime\Cache\Admin\394283bae9774cfd50e961762da98983.php 第 100 行.
NOTIC: [8] Undefined variable: index F:\wamp\www\tongxun\Application\Runtime\Cache\Admin\394283bae9774cfd50e961762da98983.php 第 100 行.
NOTIC: [8] Undefined variable: index F:\wamp\www\tongxun\Application\Runtime\Cache\Admin\394283bae9774cfd50e961762da98983.php 第 102 行.
NOTIC: [8] Undefined variable: index F:\wamp\www\tongxun\Application\Runtime\Cache\Admin\394283bae9774cfd50e961762da98983.php 第 106 行.
NOTIC: [8] Undefined variable: index F:\wamp\www\tongxun\Application\Runtime\Cache\Admin\394283bae9774cfd50e961762da98983.php 第 119 行.
NOTIC: [8] Undefined variable: index F:\wamp\www\tongxun\Application\Runtime\Cache\Admin\394283bae9774cfd50e961762da98983.php 第 119 行.
NOTIC: [8] Undefined variable: index F:\wamp\www\tongxun\Application\Runtime\Cache\Admin\394283bae9774cfd50e961762da98983.php 第 121 行.
NOTIC: [8] Undefined variable: index F:\wamp\www\tongxun\Application\Runtime\Cache\Admin\394283bae9774cfd50e961762da98983.php 第 125 行.
NOTIC: [8] Undefined variable: page F:\wamp\www\tongxun\Application\Runtime\Cache\Admin\394283bae9774cfd50e961762da98983.php 第 179 行.
NOTIC: [8] Undefined variable: page F:\wamp\www\tongxun\Application\Runtime\Cache\Admin\394283bae9774cfd50e961762da98983.php 第 192 行.
INFO: Run Behavior\ParseTemplateBehavior [ RunTime:0.087825s ]
INFO: [ view_parse ] --END-- [ RunTime:0.088269s ]
INFO: [ view_filter ] --START--
INFO: Run Behavior\WriteHtmlCacheBehavior [ RunTime:0.002513s ]
INFO: [ view_filter ] --END-- [ RunTime:0.002914s ]
INFO: [ app_end ] --START--
INFO: Run Behavior\ShowPageTraceBehavior [ RunTime:0.003346s ]
INFO: [ app_end ] --END-- [ RunTime:0.003742s ]

[ 2018-03-14T10:38:47+08:00 ] 127.0.0.1 /tongxun/index.php/Admin/index/product.html
INFO: [ app_init ] --START--
INFO: Run Behavior\BuildLiteBehavior [ RunTime:0.000105s ]
INFO: [ app_init ] --END-- [ RunTime:0.002098s ]
INFO: [ app_begin ] --START--
INFO: Run Behavior\ReadHtmlCacheBehavior [ RunTime:0.003190s ]
INFO: [ app_begin ] --END-- [ RunTime:0.003616s ]
SQL: SHOW COLUMNS FROM `a_log` [ RunTime:0.0175s ]
SQL: SELECT a.*,b.username FROM a_log a left join a_user b on b.id = a.uid  ORDER BY a.id asc  [ RunTime:0.0084s ]
INFO: [ view_parse ] --START--
INFO: [ template_filter ] --START--
INFO: Run Behavior\ContentReplaceBehavior [ RunTime:0.000817s ]
INFO: [ template_filter ] --END-- [ RunTime:0.001247s ]
NOTIC: [8] Use of undefined constant index - assumed 'index' F:\wamp\www\tongxun\Application\Runtime\Cache\Admin\394283bae9774cfd50e961762da98983.php 第 61 行.
NOTIC: [8] Undefined variable: index F:\wamp\www\tongxun\Application\Runtime\Cache\Admin\394283bae9774cfd50e961762da98983.php 第 61 行.
NOTIC: [8] Use of undefined constant copyright - assumed 'copyright' F:\wamp\www\tongxun\Application\Runtime\Cache\Admin\394283bae9774cfd50e961762da98983.php 第 61 行.
NOTIC: [8] Undefined variable: index F:\wamp\www\tongxun\Application\Runtime\Cache\Admin\394283bae9774cfd50e961762da98983.php 第 61 行.
NOTIC: [8] Undefined variable: index F:\wamp\www\tongxun\Application\Runtime\Cache\Admin\394283bae9774cfd50e961762da98983.php 第 66 行.
NOTIC: [8] Undefined variable: index F:\wamp\www\tongxun\Application\Runtime\Cache\Admin\394283bae9774cfd50e961762da98983.php 第 66 行.
NOTIC: [8] Undefined variable: index F:\wamp\www\tongxun\Application\Runtime\Cache\Admin\394283bae9774cfd50e961762da98983.php 第 68 行.
NOTIC: [8] Undefined variable: index F:\wamp\www\tongxun\Application\Runtime\Cache\Admin\394283bae9774cfd50e961762da98983.php 第 81 行.
NOTIC: [8] Undefined variable: index F:\wamp\www\tongxun\Application\Runtime\Cache\Admin\394283bae9774cfd50e961762da98983.php 第 81 行.
NOTIC: [8] Undefined variable: index F:\wamp\www\tongxun\Application\Runtime\Cache\Admin\394283bae9774cfd50e961762da98983.php 第 83 行.
NOTIC: [8] Undefined variable: index F:\wamp\www\tongxun\Application\Runtime\Cache\Admin\394283bae9774cfd50e961762da98983.php 第 87 行.
NOTIC: [8] Undefined variable: index F:\wamp\www\tongxun\Application\Runtime\Cache\Admin\394283bae9774cfd50e961762da98983.php 第 100 行.
NOTIC: [8] Undefined variable: index F:\wamp\www\tongxun\Application\Runtime\Cache\Admin\394283bae9774cfd50e961762da98983.php 第 100 行.
NOTIC: [8] Undefined variable: index F:\wamp\www\tongxun\Application\Runtime\Cache\Admin\394283bae9774cfd50e961762da98983.php 第 102 行.
NOTIC: [8] Undefined variable: index F:\wamp\www\tongxun\Application\Runtime\Cache\Admin\394283bae9774cfd50e961762da98983.php 第 106 行.
NOTIC: [8] Undefined variable: index F:\wamp\www\tongxun\Application\Runtime\Cache\Admin\394283bae9774cfd50e961762da98983.php 第 119 行.
NOTIC: [8] Undefined variable: index F:\wamp\www\tongxun\Application\Runtime\Cache\Admin\394283bae9774cfd50e961762da98983.php 第 119 行.
NOTIC: [8] Undefined variable: index F:\wamp\www\tongxun\Application\Runtime\Cache\Admin\394283bae9774cfd50e961762da98983.php 第 121 行.
NOTIC: [8] Undefined variable: index F:\wamp\www\tongxun\Application\Runtime\Cache\Admin\394283bae9774cfd50e961762da98983.php 第 125 行.
NOTIC: [8] Undefined variable: page F:\wamp\www\tongxun\Application\Runtime\Cache\Admin\394283bae9774cfd50e961762da98983.php 第 179 行.
NOTIC: [8] Undefined variable: page F:\wamp\www\tongxun\Application\Runtime\Cache\Admin\394283bae9774cfd50e961762da98983.php 第 192 行.
INFO: Run Behavior\ParseTemplateBehavior [ RunTime:0.073199s ]
INFO: [ view_parse ] --END-- [ RunTime:0.073793s ]
INFO: [ view_filter ] --START--
INFO: Run Behavior\WriteHtmlCacheBehavior [ RunTime:0.002537s ]
INFO: [ view_filter ] --END-- [ RunTime:0.003003s ]
INFO: [ app_end ] --START--
INFO: Run Behavior\ShowPageTraceBehavior [ RunTime:0.004333s ]
INFO: [ app_end ] --END-- [ RunTime:0.004786s ]

[ 2018-03-14T10:38:51+08:00 ] 127.0.0.1 /tongxun/index.php/Admin/index/index.html
INFO: [ app_init ] --START--
INFO: Run Behavior\BuildLiteBehavior [ RunTime:0.000095s ]
INFO: [ app_init ] --END-- [ RunTime:0.002114s ]
INFO: [ app_begin ] --START--
INFO: Run Behavior\ReadHtmlCacheBehavior [ RunTime:0.003211s ]
INFO: [ app_begin ] --END-- [ RunTime:0.003636s ]
SQL: SHOW COLUMNS FROM `a_user` [ RunTime:0.0172s ]
SQL: SELECT a.*,b.title FROM a_user a left join a_bumen b on b.id = a.bumen  WHERE ( a.status > 0 )  [ RunTime:0.0018s ]
INFO: [ view_parse ] --START--
INFO: [ template_filter ] --START--
INFO: Run Behavior\ContentReplaceBehavior [ RunTime:0.000949s ]
INFO: [ template_filter ] --END-- [ RunTime:0.001430s ]
NOTIC: [8] Use of undefined constant index - assumed 'index' F:\wamp\www\tongxun\Application\Runtime\Cache\Admin\b595b808c2ebeeeb0478ffc30bb4e87a.php 第 61 行.
NOTIC: [8] Undefined variable: page F:\wamp\www\tongxun\Application\Runtime\Cache\Admin\b595b808c2ebeeeb0478ffc30bb4e87a.php 第 204 行.
INFO: Run Behavior\ParseTemplateBehavior [ RunTime:0.069297s ]
INFO: [ view_parse ] --END-- [ RunTime:0.069729s ]
INFO: [ view_filter ] --START--
INFO: Run Behavior\WriteHtmlCacheBehavior [ RunTime:0.002624s ]
INFO: [ view_filter ] --END-- [ RunTime:0.003120s ]
INFO: [ app_end ] --START--
INFO: Run Behavior\ShowPageTraceBehavior [ RunTime:0.003223s ]
INFO: [ app_end ] --END-- [ RunTime:0.003619s ]

[ 2018-03-14T10:43:37+08:00 ] 127.0.0.1 /tongxun/index.php/Admin/index/product.html
INFO: [ app_init ] --START--
INFO: Run Behavior\BuildLiteBehavior [ RunTime:0.000098s ]
INFO: [ app_init ] --END-- [ RunTime:0.002177s ]
INFO: [ app_begin ] --START--
INFO: Run Behavior\ReadHtmlCacheBehavior [ RunTime:0.003424s ]
INFO: [ app_begin ] --END-- [ RunTime:0.003897s ]
SQL: SHOW COLUMNS FROM `a_log` [ RunTime:0.0166s ]
SQL: SELECT a.*,b.username FROM a_log a left join a_user b on b.id = a.uid  ORDER BY a.id asc  [ RunTime:0.0088s ]
INFO: [ view_parse ] --START--
INFO: [ template_filter ] --START--
INFO: Run Behavior\ContentReplaceBehavior [ RunTime:0.000836s ]
INFO: [ template_filter ] --END-- [ RunTime:0.001276s ]
NOTIC: [8] Use of undefined constant index - assumed 'index' F:\wamp\www\tongxun\Application\Runtime\Cache\Admin\394283bae9774cfd50e961762da98983.php 第 61 行.
NOTIC: [8] Undefined variable: index F:\wamp\www\tongxun\Application\Runtime\Cache\Admin\394283bae9774cfd50e961762da98983.php 第 61 行.
NOTIC: [8] Use of undefined constant copyright - assumed 'copyright' F:\wamp\www\tongxun\Application\Runtime\Cache\Admin\394283bae9774cfd50e961762da98983.php 第 61 行.
NOTIC: [8] Undefined variable: index F:\wamp\www\tongxun\Application\Runtime\Cache\Admin\394283bae9774cfd50e961762da98983.php 第 61 行.
NOTIC: [8] Undefined variable: index F:\wamp\www\tongxun\Application\Runtime\Cache\Admin\394283bae9774cfd50e961762da98983.php 第 66 行.
NOTIC: [8] Undefined variable: index F:\wamp\www\tongxun\Application\Runtime\Cache\Admin\394283bae9774cfd50e961762da98983.php 第 66 行.
NOTIC: [8] Undefined variable: index F:\wamp\www\tongxun\Application\Runtime\Cache\Admin\394283bae9774cfd50e961762da98983.php 第 68 行.
NOTIC: [8] Undefined variable: index F:\wamp\www\tongxun\Application\Runtime\Cache\Admin\394283bae9774cfd50e961762da98983.php 第 81 行.
NOTIC: [8] Undefined variable: index F:\wamp\www\tongxun\Application\Runtime\Cache\Admin\394283bae9774cfd50e961762da98983.php 第 81 行.
NOTIC: [8] Undefined variable: index F:\wamp\www\tongxun\Application\Runtime\Cache\Admin\394283bae9774cfd50e961762da98983.php 第 83 行.
NOTIC: [8] Undefined variable: index F:\wamp\www\tongxun\Application\Runtime\Cache\Admin\394283bae9774cfd50e961762da98983.php 第 87 行.
NOTIC: [8] Undefined variable: index F:\wamp\www\tongxun\Application\Runtime\Cache\Admin\394283bae9774cfd50e961762da98983.php 第 100 行.
NOTIC: [8] Undefined variable: index F:\wamp\www\tongxun\Application\Runtime\Cache\Admin\394283bae9774cfd50e961762da98983.php 第 100 行.
NOTIC: [8] Undefined variable: index F:\wamp\www\tongxun\Application\Runtime\Cache\Admin\394283bae9774cfd50e961762da98983.php 第 102 行.
NOTIC: [8] Undefined variable: index F:\wamp\www\tongxun\Application\Runtime\Cache\Admin\394283bae9774cfd50e961762da98983.php 第 106 行.
NOTIC: [8] Undefined variable: index F:\wamp\www\tongxun\Application\Runtime\Cache\Admin\394283bae9774cfd50e961762da98983.php 第 119 行.
NOTIC: [8] Undefined variable: index F:\wamp\www\tongxun\Application\Runtime\Cache\Admin\394283bae9774cfd50e961762da98983.php 第 119 行.
NOTIC: [8] Undefined variable: index F:\wamp\www\tongxun\Application\Runtime\Cache\Admin\394283bae9774cfd50e961762da98983.php 第 121 行.
NOTIC: [8] Undefined variable: index F:\wamp\www\tongxun\Application\Runtime\Cache\Admin\394283bae9774cfd50e961762da98983.php 第 125 行.
NOTIC: [8] Undefined variable: page F:\wamp\www\tongxun\Application\Runtime\Cache\Admin\394283bae9774cfd50e961762da98983.php 第 179 行.
NOTIC: [8] Undefined variable: page F:\wamp\www\tongxun\Application\Runtime\Cache\Admin\394283bae9774cfd50e961762da98983.php 第 192 行.
INFO: Run Behavior\ParseTemplateBehavior [ RunTime:0.072618s ]
INFO: [ view_parse ] --END-- [ RunTime:0.073170s ]
INFO: [ view_filter ] --START--
INFO: Run Behavior\WriteHtmlCacheBehavior [ RunTime:0.003160s ]
INFO: [ view_filter ] --END-- [ RunTime:0.003672s ]
INFO: [ app_end ] --START--
INFO: Run Behavior\ShowPageTraceBehavior [ RunTime:0.003439s ]
INFO: [ app_end ] --END-- [ RunTime:0.003870s ]

[ 2018-03-14T11:10:51+08:00 ] 127.0.0.1 /tongxun/index.php/Admin/index/index.html
INFO: [ app_init ] --START--
INFO: Run Behavior\BuildLiteBehavior [ RunTime:0.000109s ]
INFO: [ app_init ] --END-- [ RunTime:0.002416s ]
INFO: [ app_begin ] --START--
INFO: Run Behavior\ReadHtmlCacheBehavior [ RunTime:0.003400s ]
INFO: [ app_begin ] --END-- [ RunTime:0.003835s ]
SQL: SHOW COLUMNS FROM `a_user` [ RunTime:0.0181s ]
SQL: SELECT a.*,b.title FROM a_user a left join a_bumen b on b.id = a.bumen  WHERE ( a.status > 0 )  [ RunTime:0.0018s ]
INFO: [ view_parse ] --START--
INFO: [ template_filter ] --START--
INFO: Run Behavior\ContentReplaceBehavior [ RunTime:0.000867s ]
INFO: [ template_filter ] --END-- [ RunTime:0.001309s ]
NOTIC: [8] Use of undefined constant index - assumed 'index' F:\wamp\www\tongxun\Application\Runtime\Cache\Admin\b595b808c2ebeeeb0478ffc30bb4e87a.php 第 61 行.
NOTIC: [8] Undefined variable: page F:\wamp\www\tongxun\Application\Runtime\Cache\Admin\b595b808c2ebeeeb0478ffc30bb4e87a.php 第 204 行.
INFO: Run Behavior\ParseTemplateBehavior [ RunTime:0.066737s ]
INFO: [ view_parse ] --END-- [ RunTime:0.067171s ]
INFO: [ view_filter ] --START--
INFO: Run Behavior\WriteHtmlCacheBehavior [ RunTime:0.002123s ]
INFO: [ view_filter ] --END-- [ RunTime:0.002508s ]
INFO: [ app_end ] --START--
INFO: Run Behavior\ShowPageTraceBehavior [ RunTime:0.003059s ]
INFO: [ app_end ] --END-- [ RunTime:0.003447s ]

[ 2018-03-14T11:12:41+08:00 ] 127.0.0.1 /tongxun/index.php/Admin/Index/add/id/25
INFO: [ app_init ] --START--
INFO: Run Behavior\BuildLiteBehavior [ RunTime:0.000115s ]
INFO: [ app_init ] --END-- [ RunTime:0.002252s ]
INFO: [ app_begin ] --START--
INFO: Run Behavior\ReadHtmlCacheBehavior [ RunTime:0.003815s ]
INFO: [ app_begin ] --END-- [ RunTime:0.004324s ]
SQL: SHOW COLUMNS FROM `a_bumen` [ RunTime:0.0197s ]
SQL: SELECT * FROM `a_bumen` WHERE ( status = 1 )  [ RunTime:0.0014s ]
SQL: SHOW COLUMNS FROM `a_user` [ RunTime:0.0186s ]
SQL: SELECT * FROM `a_user` WHERE ( id=25 ) LIMIT 1   [ RunTime:0.0810s ]
INFO: [ view_parse ] --START--
INFO: [ template_filter ] --START--
INFO: Run Behavior\ContentReplaceBehavior [ RunTime:0.000943s ]
INFO: [ template_filter ] --END-- [ RunTime:0.001370s ]
NOTIC: [8] Use of undefined constant index - assumed 'index' F:\wamp\www\tongxun\Application\Runtime\Cache\Admin\b8c0556e904e1d0641126f3ef183ecde.php 第 61 行.
NOTIC: [8] Undefined variable: index F:\wamp\www\tongxun\Application\Runtime\Cache\Admin\b8c0556e904e1d0641126f3ef183ecde.php 第 61 行.
NOTIC: [8] Use of undefined constant copyright - assumed 'copyright' F:\wamp\www\tongxun\Application\Runtime\Cache\Admin\b8c0556e904e1d0641126f3ef183ecde.php 第 61 行.
NOTIC: [8] Undefined variable: index F:\wamp\www\tongxun\Application\Runtime\Cache\Admin\b8c0556e904e1d0641126f3ef183ecde.php 第 61 行.
NOTIC: [8] Undefined variable: index F:\wamp\www\tongxun\Application\Runtime\Cache\Admin\b8c0556e904e1d0641126f3ef183ecde.php 第 66 行.
NOTIC: [8] Undefined variable: index F:\wamp\www\tongxun\Application\Runtime\Cache\Admin\b8c0556e904e1d0641126f3ef183ecde.php 第 66 行.
NOTIC: [8] Undefined variable: index F:\wamp\www\tongxun\Application\Runtime\Cache\Admin\b8c0556e904e1d0641126f3ef183ecde.php 第 68 行.
NOTIC: [8] Undefined variable: index F:\wamp\www\tongxun\Application\Runtime\Cache\Admin\b8c0556e904e1d0641126f3ef183ecde.php 第 81 行.
NOTIC: [8] Undefined variable: index F:\wamp\www\tongxun\Application\Runtime\Cache\Admin\b8c0556e904e1d0641126f3ef183ecde.php 第 81 行.
NOTIC: [8] Undefined variable: index F:\wamp\www\tongxun\Application\Runtime\Cache\Admin\b8c0556e904e1d0641126f3ef183ecde.php 第 83 行.
NOTIC: [8] Undefined variable: index F:\wamp\www\tongxun\Application\Runtime\Cache\Admin\b8c0556e904e1d0641126f3ef183ecde.php 第 87 行.
NOTIC: [8] Undefined variable: index F:\wamp\www\tongxun\Application\Runtime\Cache\Admin\b8c0556e904e1d0641126f3ef183ecde.php 第 100 行.
NOTIC: [8] Undefined variable: index F:\wamp\www\tongxun\Application\Runtime\Cache\Admin\b8c0556e904e1d0641126f3ef183ecde.php 第 100 行.
NOTIC: [8] Undefined variable: index F:\wamp\www\tongxun\Application\Runtime\Cache\Admin\b8c0556e904e1d0641126f3ef183ecde.php 第 102 行.
NOTIC: [8] Undefined variable: index F:\wamp\www\tongxun\Application\Runtime\Cache\Admin\b8c0556e904e1d0641126f3ef183ecde.php 第 106 行.
NOTIC: [8] Undefined variable: index F:\wamp\www\tongxun\Application\Runtime\Cache\Admin\b8c0556e904e1d0641126f3ef183ecde.php 第 119 行.
NOTIC: [8] Undefined variable: index F:\wamp\www\tongxun\Application\Runtime\Cache\Admin\b8c0556e904e1d0641126f3ef183ecde.php 第 119 行.
NOTIC: [8] Undefined variable: index F:\wamp\www\tongxun\Application\Runtime\Cache\Admin\b8c0556e904e1d0641126f3ef183ecde.php 第 121 行.
NOTIC: [8] Undefined variable: index F:\wamp\www\tongxun\Application\Runtime\Cache\Admin\b8c0556e904e1d0641126f3ef183ecde.php 第 125 行.
INFO: Run Behavior\ParseTemplateBehavior [ RunTime:0.109700s ]
INFO: [ view_parse ] --END-- [ RunTime:0.110111s ]
INFO: [ view_filter ] --START--
INFO: Run Behavior\WriteHtmlCacheBehavior [ RunTime:0.002991s ]
INFO: [ view_filter ] --END-- [ RunTime:0.003480s ]
INFO: [ app_end ] --START--
INFO: Run Behavior\ShowPageTraceBehavior [ RunTime:0.003698s ]
INFO: [ app_end ] --END-- [ RunTime:0.004117s ]

