[ 2018-03-07T09:40:53+08:00 ] 127.0.0.1 /tongxun/index.php/Admin/Login/login.html
INFO: [ app_init ] --START--
INFO: Run Behavior\BuildLiteBehavior [ RunTime:0.000058s ]
INFO: [ app_init ] --END-- [ RunTime:0.001158s ]
INFO: [ app_begin ] --START--
INFO: Run Behavior\ReadHtmlCacheBehavior [ RunTime:0.001766s ]
INFO: [ app_begin ] --END-- [ RunTime:0.002033s ]
INFO: [ view_parse ] --START--
INFO: [ template_filter ] --START--
INFO: Run Behavior\ContentReplaceBehavior [ RunTime:0.000213s ]
INFO: [ template_filter ] --END-- [ RunTime:0.000503s ]
INFO: Run Behavior\ParseTemplateBehavior [ RunTime:0.031094s ]
INFO: [ view_parse ] --END-- [ RunTime:0.031373s ]
INFO: [ view_filter ] --START--
INFO: Run Behavior\WriteHtmlCacheBehavior [ RunTime:0.000993s ]
INFO: [ view_filter ] --END-- [ RunTime:0.001224s ]
INFO: [ app_end ] --START--
INFO: Run Behavior\ShowPageTraceBehavior [ RunTime:0.005979s ]
INFO: [ app_end ] --END-- [ RunTime:0.006251s ]

[ 2018-03-07T09:40:58+08:00 ] 127.0.0.1 /tongxun/index.php/Admin/Login/login.html
INFO: [ app_init ] --START--
INFO: Run Behavior\BuildLiteBehavior [ RunTime:0.000067s ]
INFO: [ app_init ] --END-- [ RunTime:0.001403s ]
INFO: [ app_begin ] --START--
INFO: Run Behavior\ReadHtmlCacheBehavior [ RunTime:0.001974s ]
INFO: [ app_begin ] --END-- [ RunTime:0.002298s ]
SQL: SHOW COLUMNS FROM `a_user` [ RunTime:0.1241s ]
SQL: SELECT * FROM `a_user` WHERE `tel` = 'admin' AND `password` = 'admin' AND `status` > 1 LIMIT 1   [ RunTime:0.0398s ]
INFO: [ view_parse ] --START--
INFO: [ template_filter ] --START--
INFO: Run Behavior\ContentReplaceBehavior [ RunTime:0.000188s ]
INFO: [ template_filter ] --END-- [ RunTime:0.000557s ]
INFO: Run Behavior\ParseTemplateBehavior [ RunTime:0.034381s ]
INFO: [ view_parse ] --END-- [ RunTime:0.034667s ]
INFO: [ view_filter ] --START--
INFO: Run Behavior\WriteHtmlCacheBehavior [ RunTime:0.001039s ]
INFO: [ view_filter ] --END-- [ RunTime:0.001281s ]

[ 2018-03-07T09:40:58+08:00 ] 127.0.0.1 /tongxun/index.php/Admin/Login/css/pintuer.css
INFO: [ app_init ] --START--
INFO: Run Behavior\BuildLiteBehavior [ RunTime:0.000060s ]
INFO: [ app_init ] --END-- [ RunTime:0.001161s ]
INFO: [ app_begin ] --START--
INFO: Run Behavior\ReadHtmlCacheBehavior [ RunTime:0.001545s ]
INFO: [ app_begin ] --END-- [ RunTime:0.001790s ]
ERR: 非法操作:css

[ 2018-03-07T09:41:01+08:00 ] 127.0.0.1 /tongxun/index.php/Admin/index/index.html
INFO: [ app_init ] --START--
INFO: Run Behavior\BuildLiteBehavior [ RunTime:0.000064s ]
INFO: [ app_init ] --END-- [ RunTime:0.001247s ]
INFO: [ app_begin ] --START--
INFO: Run Behavior\ReadHtmlCacheBehavior [ RunTime:0.002018s ]
INFO: [ app_begin ] --END-- [ RunTime:0.002300s ]
SQL: SHOW COLUMNS FROM `a_user` [ RunTime:0.0102s ]
SQL: SELECT a.*,b.title FROM a_user a left join a_bumen b on b.id = a.bumen  WHERE ( a.status > 0 )  [ RunTime:0.0968s ]
INFO: [ view_parse ] --START--
INFO: [ template_filter ] --START--
INFO: Run Behavior\ContentReplaceBehavior [ RunTime:0.000502s ]
INFO: [ template_filter ] --END-- [ RunTime:0.000779s ]
NOTIC: [8] Use of undefined constant index - assumed 'index' F:\wamp\www\tongxun\Application\Runtime\Cache\Admin\b595b808c2ebeeeb0478ffc30bb4e87a.php 第 61 行.
NOTIC: [8] Undefined variable: page F:\wamp\www\tongxun\Application\Runtime\Cache\Admin\b595b808c2ebeeeb0478ffc30bb4e87a.php 第 204 行.
INFO: Run Behavior\ParseTemplateBehavior [ RunTime:0.090933s ]
INFO: [ view_parse ] --END-- [ RunTime:0.091276s ]
INFO: [ view_filter ] --START--
INFO: Run Behavior\WriteHtmlCacheBehavior [ RunTime:0.003791s ]
INFO: [ view_filter ] --END-- [ RunTime:0.004079s ]
INFO: [ app_end ] --START--
INFO: Run Behavior\ShowPageTraceBehavior [ RunTime:0.003463s ]
INFO: [ app_end ] --END-- [ RunTime:0.003698s ]

[ 2018-03-07T09:41:36+08:00 ] 127.0.0.1 /tongxun/index.php/Admin/Index/add.html
INFO: [ app_init ] --START--
INFO: Run Behavior\BuildLiteBehavior [ RunTime:0.000059s ]
INFO: [ app_init ] --END-- [ RunTime:0.001609s ]
INFO: [ app_begin ] --START--
INFO: Run Behavior\ReadHtmlCacheBehavior [ RunTime:0.004637s ]
INFO: [ app_begin ] --END-- [ RunTime:0.004961s ]
SQL: SHOW COLUMNS FROM `a_bumen` [ RunTime:0.0102s ]
SQL: SELECT * FROM `a_bumen` WHERE ( status = 1 )  [ RunTime:0.0011s ]
SQL: SHOW COLUMNS FROM `a_user` [ RunTime:0.0107s ]
SQL: SELECT * FROM `a_user` WHERE ( id=0 ) LIMIT 1   [ RunTime:0.0008s ]
INFO: [ view_parse ] --START--
INFO: [ template_filter ] --START--
INFO: Run Behavior\ContentReplaceBehavior [ RunTime:0.000559s ]
INFO: [ template_filter ] --END-- [ RunTime:0.000821s ]
NOTIC: [8] Use of undefined constant index - assumed 'index' F:\wamp\www\tongxun\Application\Runtime\Cache\Admin\b8c0556e904e1d0641126f3ef183ecde.php 第 61 行.
NOTIC: [8] Undefined variable: index F:\wamp\www\tongxun\Application\Runtime\Cache\Admin\b8c0556e904e1d0641126f3ef183ecde.php 第 61 行.
NOTIC: [8] Use of undefined constant copyright - assumed 'copyright' F:\wamp\www\tongxun\Application\Runtime\Cache\Admin\b8c0556e904e1d0641126f3ef183ecde.php 第 61 行.
NOTIC: [8] Undefined variable: index F:\wamp\www\tongxun\Application\Runtime\Cache\Admin\b8c0556e904e1d0641126f3ef183ecde.php 第 61 行.
NOTIC: [8] Undefined variable: index F:\wamp\www\tongxun\Application\Runtime\Cache\Admin\b8c0556e904e1d0641126f3ef183ecde.php 第 66 行.
NOTIC: [8] Undefined variable: index F:\wamp\www\tongxun\Application\Runtime\Cache\Admin\b8c0556e904e1d0641126f3ef183ecde.php 第 66 行.
NOTIC: [8] Undefined variable: index F:\wamp\www\tongxun\Application\Runtime\Cache\Admin\b8c0556e904e1d0641126f3ef183ecde.php 第 68 行.
NOTIC: [8] Undefined variable: index F:\wamp\www\tongxun\Application\Runtime\Cache\Admin\b8c0556e904e1d0641126f3ef183ecde.php 第 81 行.
NOTIC: [8] Undefined variable: index F:\wamp\www\tongxun\Application\Runtime\Cache\Admin\b8c0556e904e1d0641126f3ef183ecde.php 第 81 行.
NOTIC: [8] Undefined variable: index F:\wamp\www\tongxun\Application\Runtime\Cache\Admin\b8c0556e904e1d0641126f3ef183ecde.php 第 83 行.
NOTIC: [8] Undefined variable: index F:\wamp\www\tongxun\Application\Runtime\Cache\Admin\b8c0556e904e1d0641126f3ef183ecde.php 第 87 行.
NOTIC: [8] Undefined variable: index F:\wamp\www\tongxun\Application\Runtime\Cache\Admin\b8c0556e904e1d0641126f3ef183ecde.php 第 100 行.
NOTIC: [8] Undefined variable: index F:\wamp\www\tongxun\Application\Runtime\Cache\Admin\b8c0556e904e1d0641126f3ef183ecde.php 第 100 行.
NOTIC: [8] Undefined variable: index F:\wamp\www\tongxun\Application\Runtime\Cache\Admin\b8c0556e904e1d0641126f3ef183ecde.php 第 102 行.
NOTIC: [8] Undefined variable: index F:\wamp\www\tongxun\Application\Runtime\Cache\Admin\b8c0556e904e1d0641126f3ef183ecde.php 第 106 行.
NOTIC: [8] Undefined variable: index F:\wamp\www\tongxun\Application\Runtime\Cache\Admin\b8c0556e904e1d0641126f3ef183ecde.php 第 119 行.
NOTIC: [8] Undefined variable: index F:\wamp\www\tongxun\Application\Runtime\Cache\Admin\b8c0556e904e1d0641126f3ef183ecde.php 第 119 行.
NOTIC: [8] Undefined variable: index F:\wamp\www\tongxun\Application\Runtime\Cache\Admin\b8c0556e904e1d0641126f3ef183ecde.php 第 121 行.
NOTIC: [8] Undefined variable: index F:\wamp\www\tongxun\Application\Runtime\Cache\Admin\b8c0556e904e1d0641126f3ef183ecde.php 第 125 行.
INFO: Run Behavior\ParseTemplateBehavior [ RunTime:0.134997s ]
INFO: [ view_parse ] --END-- [ RunTime:0.135245s ]
INFO: [ view_filter ] --START--
INFO: Run Behavior\WriteHtmlCacheBehavior [ RunTime:0.003095s ]
INFO: [ view_filter ] --END-- [ RunTime:0.003336s ]
INFO: [ app_end ] --START--
INFO: Run Behavior\ShowPageTraceBehavior [ RunTime:0.003460s ]
INFO: [ app_end ] --END-- [ RunTime:0.003724s ]

[ 2018-03-07T09:42:24+08:00 ] 127.0.0.1 /tongxun/index.php/Admin/Index/add.html
INFO: [ app_init ] --START--
INFO: Run Behavior\BuildLiteBehavior [ RunTime:0.000090s ]
INFO: [ app_init ] --END-- [ RunTime:0.003710s ]
INFO: [ app_begin ] --START--
INFO: Run Behavior\ReadHtmlCacheBehavior [ RunTime:0.002437s ]
INFO: [ app_begin ] --END-- [ RunTime:0.002799s ]
SQL: SHOW COLUMNS FROM `a_user` [ RunTime:0.0106s ]
SQL: SELECT `id` FROM `a_user` WHERE ( tel = 18311111111 ) LIMIT 1   [ RunTime:0.0464s ]
SQL: INSERT INTO `a_user` (`tel`,`password`,`username`,`email`,`sex`,`bumen`,`status`,`ctime`) VALUES ('18311111111','12345','miyq','miyq@163.com','女','10','1','2018-03-07 09:42:24') [ RunTime:0.0207s ]
INFO: [ view_parse ] --START--
INFO: [ template_filter ] --START--
INFO: Run Behavior\ContentReplaceBehavior [ RunTime:0.000172s ]
INFO: [ template_filter ] --END-- [ RunTime:0.000500s ]
INFO: Run Behavior\ParseTemplateBehavior [ RunTime:0.019894s ]
INFO: [ view_parse ] --END-- [ RunTime:0.020144s ]
INFO: [ view_filter ] --START--
INFO: Run Behavior\WriteHtmlCacheBehavior [ RunTime:0.001524s ]
INFO: [ view_filter ] --END-- [ RunTime:0.001758s ]

[ 2018-03-07T09:42:24+08:00 ] 127.0.0.1 /tongxun/index.php/Admin/Index/css/pintuer.css
INFO: [ app_init ] --START--
INFO: Run Behavior\BuildLiteBehavior [ RunTime:0.000065s ]
INFO: [ app_init ] --END-- [ RunTime:0.001541s ]
INFO: [ app_begin ] --START--
INFO: Run Behavior\ReadHtmlCacheBehavior [ RunTime:0.002353s ]
INFO: [ app_begin ] --END-- [ RunTime:0.002661s ]
ERR: 非法操作:css

[ 2018-03-07T09:42:26+08:00 ] 127.0.0.1 /tongxun/index.php/Admin/Index/index.html
INFO: [ app_init ] --START--
INFO: Run Behavior\BuildLiteBehavior [ RunTime:0.000057s ]
INFO: [ app_init ] --END-- [ RunTime:0.001215s ]
INFO: [ app_begin ] --START--
INFO: Run Behavior\ReadHtmlCacheBehavior [ RunTime:0.002281s ]
INFO: [ app_begin ] --END-- [ RunTime:0.002544s ]
SQL: SHOW COLUMNS FROM `a_user` [ RunTime:0.0101s ]
SQL: SELECT a.*,b.title FROM a_user a left join a_bumen b on b.id = a.bumen  WHERE ( a.status > 0 )  [ RunTime:0.0012s ]
INFO: [ view_parse ] --START--
INFO: [ template_filter ] --START--
INFO: Run Behavior\ContentReplaceBehavior [ RunTime:0.000505s ]
INFO: [ template_filter ] --END-- [ RunTime:0.000778s ]
NOTIC: [8] Use of undefined constant index - assumed 'index' F:\wamp\www\tongxun\Application\Runtime\Cache\Admin\b595b808c2ebeeeb0478ffc30bb4e87a.php 第 61 行.
NOTIC: [8] Undefined variable: page F:\wamp\www\tongxun\Application\Runtime\Cache\Admin\b595b808c2ebeeeb0478ffc30bb4e87a.php 第 204 行.
INFO: Run Behavior\ParseTemplateBehavior [ RunTime:0.039842s ]
INFO: [ view_parse ] --END-- [ RunTime:0.040093s ]
INFO: [ view_filter ] --START--
INFO: Run Behavior\WriteHtmlCacheBehavior [ RunTime:0.001773s ]
INFO: [ view_filter ] --END-- [ RunTime:0.002022s ]
INFO: [ app_end ] --START--
INFO: Run Behavior\ShowPageTraceBehavior [ RunTime:0.002347s ]
INFO: [ app_end ] --END-- [ RunTime:0.002601s ]

[ 2018-03-07T09:43:09+08:00 ] 127.0.0.1 /tongxun/index.php/Admin/Index/add/id/25
INFO: [ app_init ] --START--
INFO: Run Behavior\BuildLiteBehavior [ RunTime:0.000068s ]
INFO: [ app_init ] --END-- [ RunTime:0.001251s ]
INFO: [ app_begin ] --START--
INFO: Run Behavior\ReadHtmlCacheBehavior [ RunTime:0.002066s ]
INFO: [ app_begin ] --END-- [ RunTime:0.002307s ]
SQL: SHOW COLUMNS FROM `a_bumen` [ RunTime:0.0101s ]
SQL: SELECT * FROM `a_bumen` WHERE ( status = 1 )  [ RunTime:0.0008s ]
SQL: SHOW COLUMNS FROM `a_user` [ RunTime:0.0105s ]
SQL: SELECT * FROM `a_user` WHERE ( id=25 ) LIMIT 1   [ RunTime:0.0010s ]
INFO: [ view_parse ] --START--
INFO: [ template_filter ] --START--
INFO: Run Behavior\ContentReplaceBehavior [ RunTime:0.000569s ]
INFO: [ template_filter ] --END-- [ RunTime:0.000827s ]
NOTIC: [8] Use of undefined constant index - assumed 'index' F:\wamp\www\tongxun\Application\Runtime\Cache\Admin\b8c0556e904e1d0641126f3ef183ecde.php 第 61 行.
NOTIC: [8] Undefined variable: index F:\wamp\www\tongxun\Application\Runtime\Cache\Admin\b8c0556e904e1d0641126f3ef183ecde.php 第 61 行.
NOTIC: [8] Use of undefined constant copyright - assumed 'copyright' F:\wamp\www\tongxun\Application\Runtime\Cache\Admin\b8c0556e904e1d0641126f3ef183ecde.php 第 61 行.
NOTIC: [8] Undefined variable: index F:\wamp\www\tongxun\Application\Runtime\Cache\Admin\b8c0556e904e1d0641126f3ef183ecde.php 第 61 行.
NOTIC: [8] Undefined variable: index F:\wamp\www\tongxun\Application\Runtime\Cache\Admin\b8c0556e904e1d0641126f3ef183ecde.php 第 66 行.
NOTIC: [8] Undefined variable: index F:\wamp\www\tongxun\Application\Runtime\Cache\Admin\b8c0556e904e1d0641126f3ef183ecde.php 第 66 行.
NOTIC: [8] Undefined variable: index F:\wamp\www\tongxun\Application\Runtime\Cache\Admin\b8c0556e904e1d0641126f3ef183ecde.php 第 68 行.
NOTIC: [8] Undefined variable: index F:\wamp\www\tongxun\Application\Runtime\Cache\Admin\b8c0556e904e1d0641126f3ef183ecde.php 第 81 行.
NOTIC: [8] Undefined variable: index F:\wamp\www\tongxun\Application\Runtime\Cache\Admin\b8c0556e904e1d0641126f3ef183ecde.php 第 81 行.
NOTIC: [8] Undefined variable: index F:\wamp\www\tongxun\Application\Runtime\Cache\Admin\b8c0556e904e1d0641126f3ef183ecde.php 第 83 行.
NOTIC: [8] Undefined variable: index F:\wamp\www\tongxun\Application\Runtime\Cache\Admin\b8c0556e904e1d0641126f3ef183ecde.php 第 87 行.
NOTIC: [8] Undefined variable: index F:\wamp\www\tongxun\Application\Runtime\Cache\Admin\b8c0556e904e1d0641126f3ef183ecde.php 第 100 行.
NOTIC: [8] Undefined variable: index F:\wamp\www\tongxun\Application\Runtime\Cache\Admin\b8c0556e904e1d0641126f3ef183ecde.php 第 100 行.
NOTIC: [8] Undefined variable: index F:\wamp\www\tongxun\Application\Runtime\Cache\Admin\b8c0556e904e1d0641126f3ef183ecde.php 第 102 行.
NOTIC: [8] Undefined variable: index F:\wamp\www\tongxun\Application\Runtime\Cache\Admin\b8c0556e904e1d0641126f3ef183ecde.php 第 106 行.
NOTIC: [8] Undefined variable: index F:\wamp\www\tongxun\Application\Runtime\Cache\Admin\b8c0556e904e1d0641126f3ef183ecde.php 第 119 行.
NOTIC: [8] Undefined variable: index F:\wamp\www\tongxun\Application\Runtime\Cache\Admin\b8c0556e904e1d0641126f3ef183ecde.php 第 119 行.
NOTIC: [8] Undefined variable: index F:\wamp\www\tongxun\Application\Runtime\Cache\Admin\b8c0556e904e1d0641126f3ef183ecde.php 第 121 行.
NOTIC: [8] Undefined variable: index F:\wamp\www\tongxun\Application\Runtime\Cache\Admin\b8c0556e904e1d0641126f3ef183ecde.php 第 125 行.
INFO: Run Behavior\ParseTemplateBehavior [ RunTime:0.040966s ]
INFO: [ view_parse ] --END-- [ RunTime:0.041202s ]
INFO: [ view_filter ] --START--
INFO: Run Behavior\WriteHtmlCacheBehavior [ RunTime:0.001804s ]
INFO: [ view_filter ] --END-- [ RunTime:0.002060s ]
INFO: [ app_end ] --START--
INFO: Run Behavior\ShowPageTraceBehavior [ RunTime:0.002094s ]
INFO: [ app_end ] --END-- [ RunTime:0.002309s ]

[ 2018-03-07T09:43:19+08:00 ] 127.0.0.1 /tongxun/index.php/Admin/Index/add/id/25
INFO: [ app_init ] --START--
INFO: Run Behavior\BuildLiteBehavior [ RunTime:0.000060s ]
INFO: [ app_init ] --END-- [ RunTime:0.001336s ]
INFO: [ app_begin ] --START--
INFO: Run Behavior\ReadHtmlCacheBehavior [ RunTime:0.002372s ]
INFO: [ app_begin ] --END-- [ RunTime:0.002688s ]
NOTIC: [2] call_user_func() expects parameter 1 to be a valid callback, no array or string given F:\wamp\www\tongxun\ThinkPHP\Library\Think\Upload.class.php 第 170 行.
SQL: SHOW COLUMNS FROM `a_user` [ RunTime:0.0112s ]
SQL: UPDATE `a_user` SET `tel`='18311111111',`password`='12345',`username`='miyq',`email`='miyq@163.com',`sex`='女',`bumen`='10',`touxiang`='./Uploads/2018-03-07/5a9f43b792334.jpg',`status`='1',`ctime`='2018-03-07 09:43:19' WHERE ( id=25 ) [ RunTime:0.0707s ]
INFO: [ view_parse ] --START--
INFO: [ template_filter ] --START--
INFO: Run Behavior\ContentReplaceBehavior [ RunTime:0.000174s ]
INFO: [ template_filter ] --END-- [ RunTime:0.000447s ]
INFO: Run Behavior\ParseTemplateBehavior [ RunTime:0.021136s ]
INFO: [ view_parse ] --END-- [ RunTime:0.021469s ]
INFO: [ view_filter ] --START--
INFO: Run Behavior\WriteHtmlCacheBehavior [ RunTime:0.001985s ]
INFO: [ view_filter ] --END-- [ RunTime:0.002300s ]

[ 2018-03-07T09:43:20+08:00 ] 127.0.0.1 /tongxun/index.php/Admin/Index/add/id/css/pintuer.css
INFO: [ app_init ] --START--
INFO: Run Behavior\BuildLiteBehavior [ RunTime:0.000066s ]
INFO: [ app_init ] --END-- [ RunTime:0.001407s ]
INFO: [ app_begin ] --START--
INFO: Run Behavior\ReadHtmlCacheBehavior [ RunTime:0.002123s ]
INFO: [ app_begin ] --END-- [ RunTime:0.002385s ]
SQL: SHOW COLUMNS FROM `a_bumen` [ RunTime:0.0102s ]
SQL: SELECT * FROM `a_bumen` WHERE ( status = 1 )  [ RunTime:0.0008s ]
SQL: SHOW COLUMNS FROM `a_user` [ RunTime:0.0104s ]
SQL: SELECT * FROM `a_user` WHERE ( id=0 ) LIMIT 1   [ RunTime:0.0008s ]
INFO: [ view_parse ] --START--
INFO: [ template_filter ] --START--
INFO: Run Behavior\ContentReplaceBehavior [ RunTime:0.000569s ]
INFO: [ template_filter ] --END-- [ RunTime:0.000825s ]
NOTIC: [8] Use of undefined constant index - assumed 'index' F:\wamp\www\tongxun\Application\Runtime\Cache\Admin\b8c0556e904e1d0641126f3ef183ecde.php 第 61 行.
NOTIC: [8] Undefined variable: index F:\wamp\www\tongxun\Application\Runtime\Cache\Admin\b8c0556e904e1d0641126f3ef183ecde.php 第 61 行.
NOTIC: [8] Use of undefined constant copyright - assumed 'copyright' F:\wamp\www\tongxun\Application\Runtime\Cache\Admin\b8c0556e904e1d0641126f3ef183ecde.php 第 61 行.
NOTIC: [8] Undefined variable: index F:\wamp\www\tongxun\Application\Runtime\Cache\Admin\b8c0556e904e1d0641126f3ef183ecde.php 第 61 行.
NOTIC: [8] Undefined variable: index F:\wamp\www\tongxun\Application\Runtime\Cache\Admin\b8c0556e904e1d0641126f3ef183ecde.php 第 66 行.
NOTIC: [8] Undefined variable: index F:\wamp\www\tongxun\Application\Runtime\Cache\Admin\b8c0556e904e1d0641126f3ef183ecde.php 第 66 行.
NOTIC: [8] Undefined variable: index F:\wamp\www\tongxun\Application\Runtime\Cache\Admin\b8c0556e904e1d0641126f3ef183ecde.php 第 68 行.
NOTIC: [8] Undefined variable: index F:\wamp\www\tongxun\Application\Runtime\Cache\Admin\b8c0556e904e1d0641126f3ef183ecde.php 第 81 行.
NOTIC: [8] Undefined variable: index F:\wamp\www\tongxun\Application\Runtime\Cache\Admin\b8c0556e904e1d0641126f3ef183ecde.php 第 81 行.
NOTIC: [8] Undefined variable: index F:\wamp\www\tongxun\Application\Runtime\Cache\Admin\b8c0556e904e1d0641126f3ef183ecde.php 第 83 行.
NOTIC: [8] Undefined variable: index F:\wamp\www\tongxun\Application\Runtime\Cache\Admin\b8c0556e904e1d0641126f3ef183ecde.php 第 87 行.
NOTIC: [8] Undefined variable: index F:\wamp\www\tongxun\Application\Runtime\Cache\Admin\b8c0556e904e1d0641126f3ef183ecde.php 第 100 行.
NOTIC: [8] Undefined variable: index F:\wamp\www\tongxun\Application\Runtime\Cache\Admin\b8c0556e904e1d0641126f3ef183ecde.php 第 100 行.
NOTIC: [8] Undefined variable: index F:\wamp\www\tongxun\Application\Runtime\Cache\Admin\b8c0556e904e1d0641126f3ef183ecde.php 第 102 行.
NOTIC: [8] Undefined variable: index F:\wamp\www\tongxun\Application\Runtime\Cache\Admin\b8c0556e904e1d0641126f3ef183ecde.php 第 106 行.
NOTIC: [8] Undefined variable: index F:\wamp\www\tongxun\Application\Runtime\Cache\Admin\b8c0556e904e1d0641126f3ef183ecde.php 第 119 行.
NOTIC: [8] Undefined variable: index F:\wamp\www\tongxun\Application\Runtime\Cache\Admin\b8c0556e904e1d0641126f3ef183ecde.php 第 119 行.
NOTIC: [8] Undefined variable: index F:\wamp\www\tongxun\Application\Runtime\Cache\Admin\b8c0556e904e1d0641126f3ef183ecde.php 第 121 行.
NOTIC: [8] Undefined variable: index F:\wamp\www\tongxun\Application\Runtime\Cache\Admin\b8c0556e904e1d0641126f3ef183ecde.php 第 125 行.
INFO: Run Behavior\ParseTemplateBehavior [ RunTime:0.039690s ]
INFO: [ view_parse ] --END-- [ RunTime:0.039926s ]
INFO: [ view_filter ] --START--
INFO: Run Behavior\WriteHtmlCacheBehavior [ RunTime:0.001474s ]
INFO: [ view_filter ] --END-- [ RunTime:0.001686s ]
INFO: [ app_end ] --START--
INFO: Run Behavior\ShowPageTraceBehavior [ RunTime:0.002112s ]
INFO: [ app_end ] --END-- [ RunTime:0.002346s ]

[ 2018-03-07T09:43:22+08:00 ] 127.0.0.1 /tongxun/index.php/Admin/Index/index.html
INFO: [ app_init ] --START--
INFO: Run Behavior\BuildLiteBehavior [ RunTime:0.000066s ]
INFO: [ app_init ] --END-- [ RunTime:0.001554s ]
INFO: [ app_begin ] --START--
INFO: Run Behavior\ReadHtmlCacheBehavior [ RunTime:0.002293s ]
INFO: [ app_begin ] --END-- [ RunTime:0.002555s ]
SQL: SHOW COLUMNS FROM `a_user` [ RunTime:0.0102s ]
SQL: SELECT a.*,b.title FROM a_user a left join a_bumen b on b.id = a.bumen  WHERE ( a.status > 0 )  [ RunTime:0.0013s ]
INFO: [ view_parse ] --START--
INFO: [ template_filter ] --START--
INFO: Run Behavior\ContentReplaceBehavior [ RunTime:0.000697s ]
INFO: [ template_filter ] --END-- [ RunTime:0.001144s ]
NOTIC: [8] Use of undefined constant index - assumed 'index' F:\wamp\www\tongxun\Application\Runtime\Cache\Admin\b595b808c2ebeeeb0478ffc30bb4e87a.php 第 61 行.
NOTIC: [8] Undefined variable: page F:\wamp\www\tongxun\Application\Runtime\Cache\Admin\b595b808c2ebeeeb0478ffc30bb4e87a.php 第 204 行.
INFO: Run Behavior\ParseTemplateBehavior [ RunTime:0.040275s ]
INFO: [ view_parse ] --END-- [ RunTime:0.040543s ]
INFO: [ view_filter ] --START--
INFO: Run Behavior\WriteHtmlCacheBehavior [ RunTime:0.001690s ]
INFO: [ view_filter ] --END-- [ RunTime:0.001918s ]
INFO: [ app_end ] --START--
INFO: Run Behavior\ShowPageTraceBehavior [ RunTime:0.002163s ]
INFO: [ app_end ] --END-- [ RunTime:0.002407s ]

[ 2018-03-07T10:02:16+08:00 ] 127.0.0.1 /tongxun/index.php/Admin/index/index.html
INFO: [ app_init ] --START--
INFO: Run Behavior\BuildLiteBehavior [ RunTime:0.000057s ]
INFO: [ app_init ] --END-- [ RunTime:0.001196s ]
INFO: [ app_begin ] --START--
INFO: Run Behavior\ReadHtmlCacheBehavior [ RunTime:0.002376s ]
INFO: [ app_begin ] --END-- [ RunTime:0.002666s ]
INFO: [ view_parse ] --START--
INFO: [ template_filter ] --START--
INFO: Run Behavior\ContentReplaceBehavior [ RunTime:0.000153s ]
INFO: [ template_filter ] --END-- [ RunTime:0.000402s ]
INFO: Run Behavior\ParseTemplateBehavior [ RunTime:0.018911s ]
INFO: [ view_parse ] --END-- [ RunTime:0.019199s ]
INFO: [ view_filter ] --START--
INFO: Run Behavior\WriteHtmlCacheBehavior [ RunTime:0.001508s ]
INFO: [ view_filter ] --END-- [ RunTime:0.001727s ]

[ 2018-03-07T10:02:16+08:00 ] 127.0.0.1 /tongxun/index.php/Admin/index/css/pintuer.css
INFO: [ app_init ] --START--
INFO: Run Behavior\BuildLiteBehavior [ RunTime:0.000063s ]
INFO: [ app_init ] --END-- [ RunTime:0.001413s ]
INFO: [ app_begin ] --START--
INFO: Run Behavior\ReadHtmlCacheBehavior [ RunTime:0.002048s ]
INFO: [ app_begin ] --END-- [ RunTime:0.002297s ]
INFO: [ view_parse ] --START--
INFO: [ template_filter ] --START--
INFO: Run Behavior\ContentReplaceBehavior [ RunTime:0.000162s ]
INFO: [ template_filter ] --END-- [ RunTime:0.000431s ]
INFO: Run Behavior\ParseTemplateBehavior [ RunTime:0.018902s ]
INFO: [ view_parse ] --END-- [ RunTime:0.019202s ]
INFO: [ view_filter ] --START--
INFO: Run Behavior\WriteHtmlCacheBehavior [ RunTime:0.001729s ]
INFO: [ view_filter ] --END-- [ RunTime:0.001980s ]

[ 2018-03-07T10:02:22+08:00 ] 127.0.0.1 /tongxun/index.php/Admin/Login/login.html
INFO: [ app_init ] --START--
INFO: Run Behavior\BuildLiteBehavior [ RunTime:0.000056s ]
INFO: [ app_init ] --END-- [ RunTime:0.001192s ]
INFO: [ app_begin ] --START--
INFO: Run Behavior\ReadHtmlCacheBehavior [ RunTime:0.002159s ]
INFO: [ app_begin ] --END-- [ RunTime:0.002411s ]
INFO: [ view_parse ] --START--
INFO: [ template_filter ] --START--
INFO: Run Behavior\ContentReplaceBehavior [ RunTime:0.000189s ]
INFO: [ template_filter ] --END-- [ RunTime:0.000443s ]
INFO: Run Behavior\ParseTemplateBehavior [ RunTime:0.017796s ]
INFO: [ view_parse ] --END-- [ RunTime:0.018031s ]
INFO: [ view_filter ] --START--
INFO: Run Behavior\WriteHtmlCacheBehavior [ RunTime:0.001324s ]
INFO: [ view_filter ] --END-- [ RunTime:0.001543s ]
INFO: [ app_end ] --START--
INFO: Run Behavior\ShowPageTraceBehavior [ RunTime:0.002314s ]
INFO: [ app_end ] --END-- [ RunTime:0.002583s ]

[ 2018-03-07T10:03:01+08:00 ] 127.0.0.1 /tongxun/index.php/Admin/Login/login.html
INFO: [ app_init ] --START--
INFO: Run Behavior\BuildLiteBehavior [ RunTime:0.000059s ]
INFO: [ app_init ] --END-- [ RunTime:0.001223s ]
INFO: [ app_begin ] --START--
INFO: Run Behavior\ReadHtmlCacheBehavior [ RunTime:0.002249s ]
INFO: [ app_begin ] --END-- [ RunTime:0.002539s ]
SQL: SHOW COLUMNS FROM `a_user` [ RunTime:0.0106s ]
SQL: SELECT * FROM `a_user` WHERE `tel` = 'admin' AND `password` = 'admin' AND `status` > 1 LIMIT 1   [ RunTime:0.0009s ]
INFO: [ view_parse ] --START--
INFO: [ template_filter ] --START--
INFO: Run Behavior\ContentReplaceBehavior [ RunTime:0.000155s ]
INFO: [ template_filter ] --END-- [ RunTime:0.000398s ]
INFO: Run Behavior\ParseTemplateBehavior [ RunTime:0.018281s ]
INFO: [ view_parse ] --END-- [ RunTime:0.018561s ]
INFO: [ view_filter ] --START--
INFO: Run Behavior\WriteHtmlCacheBehavior [ RunTime:0.001436s ]
INFO: [ view_filter ] --END-- [ RunTime:0.001646s ]

[ 2018-03-07T10:03:01+08:00 ] 127.0.0.1 /tongxun/index.php/Admin/Login/css/pintuer.css
INFO: [ app_init ] --START--
INFO: Run Behavior\BuildLiteBehavior [ RunTime:0.000062s ]
INFO: [ app_init ] --END-- [ RunTime:0.001197s ]
INFO: [ app_begin ] --START--
INFO: Run Behavior\ReadHtmlCacheBehavior [ RunTime:0.001970s ]
INFO: [ app_begin ] --END-- [ RunTime:0.002204s ]
ERR: 非法操作:css

[ 2018-03-07T10:03:03+08:00 ] 127.0.0.1 /tongxun/index.php/Admin/index/index.html
INFO: [ app_init ] --START--
INFO: Run Behavior\BuildLiteBehavior [ RunTime:0.000057s ]
INFO: [ app_init ] --END-- [ RunTime:0.001177s ]
INFO: [ app_begin ] --START--
INFO: Run Behavior\ReadHtmlCacheBehavior [ RunTime:0.002036s ]
INFO: [ app_begin ] --END-- [ RunTime:0.002286s ]
SQL: SHOW COLUMNS FROM `a_user` [ RunTime:0.0107s ]
SQL: SELECT a.*,b.title FROM a_user a left join a_bumen b on b.id = a.bumen  WHERE ( a.status > 0 )  [ RunTime:0.0012s ]
INFO: [ view_parse ] --START--
INFO: [ template_filter ] --START--
INFO: Run Behavior\ContentReplaceBehavior [ RunTime:0.000498s ]
INFO: [ template_filter ] --END-- [ RunTime:0.000751s ]
NOTIC: [8] Use of undefined constant index - assumed 'index' F:\wamp\www\tongxun\Application\Runtime\Cache\Admin\b595b808c2ebeeeb0478ffc30bb4e87a.php 第 61 行.
NOTIC: [8] Undefined variable: page F:\wamp\www\tongxun\Application\Runtime\Cache\Admin\b595b808c2ebeeeb0478ffc30bb4e87a.php 第 204 行.
INFO: Run Behavior\ParseTemplateBehavior [ RunTime:0.036866s ]
INFO: [ view_parse ] --END-- [ RunTime:0.037100s ]
INFO: [ view_filter ] --START--
INFO: Run Behavior\WriteHtmlCacheBehavior [ RunTime:0.001477s ]
INFO: [ view_filter ] --END-- [ RunTime:0.001714s ]
INFO: [ app_end ] --START--
INFO: Run Behavior\ShowPageTraceBehavior [ RunTime:0.002487s ]
INFO: [ app_end ] --END-- [ RunTime:0.002746s ]

[ 2018-03-07T10:09:06+08:00 ] 127.0.0.1 /tongxun/index.php/Admin/Index/add.html
INFO: [ app_init ] --START--
INFO: Run Behavior\BuildLiteBehavior [ RunTime:0.000058s ]
INFO: [ app_init ] --END-- [ RunTime:0.001232s ]
INFO: [ app_begin ] --START--
INFO: Run Behavior\ReadHtmlCacheBehavior [ RunTime:0.002199s ]
INFO: [ app_begin ] --END-- [ RunTime:0.002503s ]
SQL: SHOW COLUMNS FROM `a_bumen` [ RunTime:0.0112s ]
SQL: SELECT * FROM `a_bumen` WHERE ( status = 1 )  [ RunTime:0.0010s ]
SQL: SHOW COLUMNS FROM `a_user` [ RunTime:0.0110s ]
SQL: SELECT * FROM `a_user` WHERE ( id=0 ) LIMIT 1   [ RunTime:0.0010s ]
INFO: [ view_parse ] --START--
INFO: [ template_filter ] --START--
INFO: Run Behavior\ContentReplaceBehavior [ RunTime:0.000566s ]
INFO: [ template_filter ] --END-- [ RunTime:0.000826s ]
NOTIC: [8] Use of undefined constant index - assumed 'index' F:\wamp\www\tongxun\Application\Runtime\Cache\Admin\b8c0556e904e1d0641126f3ef183ecde.php 第 61 行.
NOTIC: [8] Undefined variable: index F:\wamp\www\tongxun\Application\Runtime\Cache\Admin\b8c0556e904e1d0641126f3ef183ecde.php 第 61 行.
NOTIC: [8] Use of undefined constant copyright - assumed 'copyright' F:\wamp\www\tongxun\Application\Runtime\Cache\Admin\b8c0556e904e1d0641126f3ef183ecde.php 第 61 行.
NOTIC: [8] Undefined variable: index F:\wamp\www\tongxun\Application\Runtime\Cache\Admin\b8c0556e904e1d0641126f3ef183ecde.php 第 61 行.
NOTIC: [8] Undefined variable: index F:\wamp\www\tongxun\Application\Runtime\Cache\Admin\b8c0556e904e1d0641126f3ef183ecde.php 第 66 行.
NOTIC: [8] Undefined variable: index F:\wamp\www\tongxun\Application\Runtime\Cache\Admin\b8c0556e904e1d0641126f3ef183ecde.php 第 66 行.
NOTIC: [8] Undefined variable: index F:\wamp\www\tongxun\Application\Runtime\Cache\Admin\b8c0556e904e1d0641126f3ef183ecde.php 第 68 行.
NOTIC: [8] Undefined variable: index F:\wamp\www\tongxun\Application\Runtime\Cache\Admin\b8c0556e904e1d0641126f3ef183ecde.php 第 81 行.
NOTIC: [8] Undefined variable: index F:\wamp\www\tongxun\Application\Runtime\Cache\Admin\b8c0556e904e1d0641126f3ef183ecde.php 第 81 行.
NOTIC: [8] Undefined variable: index F:\wamp\www\tongxun\Application\Runtime\Cache\Admin\b8c0556e904e1d0641126f3ef183ecde.php 第 83 行.
NOTIC: [8] Undefined variable: index F:\wamp\www\tongxun\Application\Runtime\Cache\Admin\b8c0556e904e1d0641126f3ef183ecde.php 第 87 行.
NOTIC: [8] Undefined variable: index F:\wamp\www\tongxun\Application\Runtime\Cache\Admin\b8c0556e904e1d0641126f3ef183ecde.php 第 100 行.
NOTIC: [8] Undefined variable: index F:\wamp\www\tongxun\Application\Runtime\Cache\Admin\b8c0556e904e1d0641126f3ef183ecde.php 第 100 行.
NOTIC: [8] Undefined variable: index F:\wamp\www\tongxun\Application\Runtime\Cache\Admin\b8c0556e904e1d0641126f3ef183ecde.php 第 102 行.
NOTIC: [8] Undefined variable: index F:\wamp\www\tongxun\Application\Runtime\Cache\Admin\b8c0556e904e1d0641126f3ef183ecde.php 第 106 行.
NOTIC: [8] Undefined variable: index F:\wamp\www\tongxun\Application\Runtime\Cache\Admin\b8c0556e904e1d0641126f3ef183ecde.php 第 119 行.
NOTIC: [8] Undefined variable: index F:\wamp\www\tongxun\Application\Runtime\Cache\Admin\b8c0556e904e1d0641126f3ef183ecde.php 第 119 行.
NOTIC: [8] Undefined variable: index F:\wamp\www\tongxun\Application\Runtime\Cache\Admin\b8c0556e904e1d0641126f3ef183ecde.php 第 121 行.
NOTIC: [8] Undefined variable: index F:\wamp\www\tongxun\Application\Runtime\Cache\Admin\b8c0556e904e1d0641126f3ef183ecde.php 第 125 行.
INFO: Run Behavior\ParseTemplateBehavior [ RunTime:0.040661s ]
INFO: [ view_parse ] --END-- [ RunTime:0.040945s ]
INFO: [ view_filter ] --START--
INFO: Run Behavior\WriteHtmlCacheBehavior [ RunTime:0.001299s ]
INFO: [ view_filter ] --END-- [ RunTime:0.001521s ]
INFO: [ app_end ] --START--
INFO: Run Behavior\ShowPageTraceBehavior [ RunTime:0.002685s ]
INFO: [ app_end ] --END-- [ RunTime:0.002951s ]

[ 2018-03-07T10:09:47+08:00 ] 127.0.0.1 /tongxun/index.php/Admin/index/product.html
INFO: [ app_init ] --START--
INFO: Run Behavior\BuildLiteBehavior [ RunTime:0.000059s ]
INFO: [ app_init ] --END-- [ RunTime:0.001242s ]
INFO: [ app_begin ] --START--
INFO: Run Behavior\ReadHtmlCacheBehavior [ RunTime:0.001933s ]
INFO: [ app_begin ] --END-- [ RunTime:0.002174s ]
SQL: SHOW COLUMNS FROM `a_log` [ RunTime:0.0103s ]
SQL: SELECT a.*,b.username FROM a_log a left join a_user b on b.id = a.uid  ORDER BY a.id asc  [ RunTime:0.0052s ]
INFO: [ view_parse ] --START--
INFO: [ template_filter ] --START--
INFO: Run Behavior\ContentReplaceBehavior [ RunTime:0.000471s ]
INFO: [ template_filter ] --END-- [ RunTime:0.000716s ]
NOTIC: [8] Use of undefined constant index - assumed 'index' F:\wamp\www\tongxun\Application\Runtime\Cache\Admin\394283bae9774cfd50e961762da98983.php 第 61 行.
NOTIC: [8] Undefined variable: index F:\wamp\www\tongxun\Application\Runtime\Cache\Admin\394283bae9774cfd50e961762da98983.php 第 61 行.
NOTIC: [8] Use of undefined constant copyright - assumed 'copyright' F:\wamp\www\tongxun\Application\Runtime\Cache\Admin\394283bae9774cfd50e961762da98983.php 第 61 行.
NOTIC: [8] Undefined variable: index F:\wamp\www\tongxun\Application\Runtime\Cache\Admin\394283bae9774cfd50e961762da98983.php 第 61 行.
NOTIC: [8] Undefined variable: index F:\wamp\www\tongxun\Application\Runtime\Cache\Admin\394283bae9774cfd50e961762da98983.php 第 66 行.
NOTIC: [8] Undefined variable: index F:\wamp\www\tongxun\Application\Runtime\Cache\Admin\394283bae9774cfd50e961762da98983.php 第 66 行.
NOTIC: [8] Undefined variable: index F:\wamp\www\tongxun\Application\Runtime\Cache\Admin\394283bae9774cfd50e961762da98983.php 第 68 行.
NOTIC: [8] Undefined variable: index F:\wamp\www\tongxun\Application\Runtime\Cache\Admin\394283bae9774cfd50e961762da98983.php 第 81 行.
NOTIC: [8] Undefined variable: index F:\wamp\www\tongxun\Application\Runtime\Cache\Admin\394283bae9774cfd50e961762da98983.php 第 81 行.
NOTIC: [8] Undefined variable: index F:\wamp\www\tongxun\Application\Runtime\Cache\Admin\394283bae9774cfd50e961762da98983.php 第 83 行.
NOTIC: [8] Undefined variable: index F:\wamp\www\tongxun\Application\Runtime\Cache\Admin\394283bae9774cfd50e961762da98983.php 第 87 行.
NOTIC: [8] Undefined variable: index F:\wamp\www\tongxun\Application\Runtime\Cache\Admin\394283bae9774cfd50e961762da98983.php 第 100 行.
NOTIC: [8] Undefined variable: index F:\wamp\www\tongxun\Application\Runtime\Cache\Admin\394283bae9774cfd50e961762da98983.php 第 100 行.
NOTIC: [8] Undefined variable: index F:\wamp\www\tongxun\Application\Runtime\Cache\Admin\394283bae9774cfd50e961762da98983.php 第 102 行.
NOTIC: [8] Undefined variable: index F:\wamp\www\tongxun\Application\Runtime\Cache\Admin\394283bae9774cfd50e961762da98983.php 第 106 行.
NOTIC: [8] Undefined variable: index F:\wamp\www\tongxun\Application\Runtime\Cache\Admin\394283bae9774cfd50e961762da98983.php 第 119 行.
NOTIC: [8] Undefined variable: index F:\wamp\www\tongxun\Application\Runtime\Cache\Admin\394283bae9774cfd50e961762da98983.php 第 119 行.
NOTIC: [8] Undefined variable: index F:\wamp\www\tongxun\Application\Runtime\Cache\Admin\394283bae9774cfd50e961762da98983.php 第 121 行.
NOTIC: [8] Undefined variable: index F:\wamp\www\tongxun\Application\Runtime\Cache\Admin\394283bae9774cfd50e961762da98983.php 第 125 行.
NOTIC: [8] Undefined variable: page F:\wamp\www\tongxun\Application\Runtime\Cache\Admin\394283bae9774cfd50e961762da98983.php 第 179 行.
NOTIC: [8] Undefined variable: page F:\wamp\www\tongxun\Application\Runtime\Cache\Admin\394283bae9774cfd50e961762da98983.php 第 192 行.
INFO: Run Behavior\ParseTemplateBehavior [ RunTime:0.158241s ]
INFO: [ view_parse ] --END-- [ RunTime:0.158507s ]
INFO: [ view_filter ] --START--
INFO: Run Behavior\WriteHtmlCacheBehavior [ RunTime:0.001556s ]
INFO: [ view_filter ] --END-- [ RunTime:0.001770s ]
INFO: [ app_end ] --START--
INFO: Run Behavior\ShowPageTraceBehavior [ RunTime:0.001834s ]
INFO: [ app_end ] --END-- [ RunTime:0.002051s ]

[ 2018-03-07T10:09:50+08:00 ] 127.0.0.1 /tongxun/index.php/Admin/index/index.html
INFO: [ app_init ] --START--
INFO: Run Behavior\BuildLiteBehavior [ RunTime:0.000057s ]
INFO: [ app_init ] --END-- [ RunTime:0.001193s ]
INFO: [ app_begin ] --START--
INFO: Run Behavior\ReadHtmlCacheBehavior [ RunTime:0.001808s ]
INFO: [ app_begin ] --END-- [ RunTime:0.002031s ]
SQL: SHOW COLUMNS FROM `a_user` [ RunTime:0.0106s ]
SQL: SELECT a.*,b.title FROM a_user a left join a_bumen b on b.id = a.bumen  WHERE ( a.status > 0 )  [ RunTime:0.0012s ]
INFO: [ view_parse ] --START--
INFO: [ template_filter ] --START--
INFO: Run Behavior\ContentReplaceBehavior [ RunTime:0.000523s ]
INFO: [ template_filter ] --END-- [ RunTime:0.000879s ]
NOTIC: [8] Use of undefined constant index - assumed 'index' F:\wamp\www\tongxun\Application\Runtime\Cache\Admin\b595b808c2ebeeeb0478ffc30bb4e87a.php 第 61 行.
NOTIC: [8] Undefined variable: page F:\wamp\www\tongxun\Application\Runtime\Cache\Admin\b595b808c2ebeeeb0478ffc30bb4e87a.php 第 204 行.
INFO: Run Behavior\ParseTemplateBehavior [ RunTime:0.036911s ]
INFO: [ view_parse ] --END-- [ RunTime:0.037149s ]
INFO: [ view_filter ] --START--
INFO: Run Behavior\WriteHtmlCacheBehavior [ RunTime:0.001320s ]
INFO: [ view_filter ] --END-- [ RunTime:0.001545s ]
INFO: [ app_end ] --START--
INFO: Run Behavior\ShowPageTraceBehavior [ RunTime:0.002011s ]
INFO: [ app_end ] --END-- [ RunTime:0.002241s ]

[ 2018-03-07T02:09:53+00:00 ] 127.0.0.1 /tongxun/index.php/Admin/Index/getData
INFO: [ app_init ] --START--
INFO: Run Behavior\BuildLiteBehavior [ RunTime:0.000060s ]
INFO: [ app_init ] --END-- [ RunTime:0.001274s ]
INFO: [ app_begin ] --START--
INFO: Run Behavior\ReadHtmlCacheBehavior [ RunTime:0.001813s ]
INFO: [ app_begin ] --END-- [ RunTime:0.002053s ]
SQL: SHOW COLUMNS FROM `a_user` [ RunTime:0.0104s ]
SQL: SELECT `id`,`username`,`tel` FROM `a_user` WHERE ( status >0 )  [ RunTime:0.0009s ]
NOTIC: [8] Undefined variable: letter F:\wamp\www\tongxun\Application\Admin\Controller\IndexController.class.php 第 171 行.
NOTIC: [8] Undefined variable: i F:\wamp\www\tongxun\Application\Admin\Controller\IndexController.class.php 第 171 行.

[ 2018-03-07T10:11:06+08:00 ] 127.0.0.1 /tongxun/index.php/Admin/index/product.html
INFO: [ app_init ] --START--
INFO: Run Behavior\BuildLiteBehavior [ RunTime:0.000057s ]
INFO: [ app_init ] --END-- [ RunTime:0.001174s ]
INFO: [ app_begin ] --START--
INFO: Run Behavior\ReadHtmlCacheBehavior [ RunTime:0.001786s ]
INFO: [ app_begin ] --END-- [ RunTime:0.002028s ]
SQL: SHOW COLUMNS FROM `a_log` [ RunTime:0.0188s ]
SQL: SELECT a.*,b.username FROM a_log a left join a_user b on b.id = a.uid  ORDER BY a.id asc  [ RunTime:0.0046s ]
INFO: [ view_parse ] --START--
INFO: [ template_filter ] --START--
INFO: Run Behavior\ContentReplaceBehavior [ RunTime:0.000481s ]
INFO: [ template_filter ] --END-- [ RunTime:0.000746s ]
NOTIC: [8] Use of undefined constant index - assumed 'index' F:\wamp\www\tongxun\Application\Runtime\Cache\Admin\394283bae9774cfd50e961762da98983.php 第 61 行.
NOTIC: [8] Undefined variable: index F:\wamp\www\tongxun\Application\Runtime\Cache\Admin\394283bae9774cfd50e961762da98983.php 第 61 行.
NOTIC: [8] Use of undefined constant copyright - assumed 'copyright' F:\wamp\www\tongxun\Application\Runtime\Cache\Admin\394283bae9774cfd50e961762da98983.php 第 61 行.
NOTIC: [8] Undefined variable: index F:\wamp\www\tongxun\Application\Runtime\Cache\Admin\394283bae9774cfd50e961762da98983.php 第 61 行.
NOTIC: [8] Undefined variable: index F:\wamp\www\tongxun\Application\Runtime\Cache\Admin\394283bae9774cfd50e961762da98983.php 第 66 行.
NOTIC: [8] Undefined variable: index F:\wamp\www\tongxun\Application\Runtime\Cache\Admin\394283bae9774cfd50e961762da98983.php 第 66 行.
NOTIC: [8] Undefined variable: index F:\wamp\www\tongxun\Application\Runtime\Cache\Admin\394283bae9774cfd50e961762da98983.php 第 68 行.
NOTIC: [8] Undefined variable: index F:\wamp\www\tongxun\Application\Runtime\Cache\Admin\394283bae9774cfd50e961762da98983.php 第 81 行.
NOTIC: [8] Undefined variable: index F:\wamp\www\tongxun\Application\Runtime\Cache\Admin\394283bae9774cfd50e961762da98983.php 第 81 行.
NOTIC: [8] Undefined variable: index F:\wamp\www\tongxun\Application\Runtime\Cache\Admin\394283bae9774cfd50e961762da98983.php 第 83 行.
NOTIC: [8] Undefined variable: index F:\wamp\www\tongxun\Application\Runtime\Cache\Admin\394283bae9774cfd50e961762da98983.php 第 87 行.
NOTIC: [8] Undefined variable: index F:\wamp\www\tongxun\Application\Runtime\Cache\Admin\394283bae9774cfd50e961762da98983.php 第 100 行.
NOTIC: [8] Undefined variable: index F:\wamp\www\tongxun\Application\Runtime\Cache\Admin\394283bae9774cfd50e961762da98983.php 第 100 行.
NOTIC: [8] Undefined variable: index F:\wamp\www\tongxun\Application\Runtime\Cache\Admin\394283bae9774cfd50e961762da98983.php 第 102 行.
NOTIC: [8] Undefined variable: index F:\wamp\www\tongxun\Application\Runtime\Cache\Admin\394283bae9774cfd50e961762da98983.php 第 106 行.
NOTIC: [8] Undefined variable: index F:\wamp\www\tongxun\Application\Runtime\Cache\Admin\394283bae9774cfd50e961762da98983.php 第 119 行.
NOTIC: [8] Undefined variable: index F:\wamp\www\tongxun\Application\Runtime\Cache\Admin\394283bae9774cfd50e961762da98983.php 第 119 行.
NOTIC: [8] Undefined variable: index F:\wamp\www\tongxun\Application\Runtime\Cache\Admin\394283bae9774cfd50e961762da98983.php 第 121 行.
NOTIC: [8] Undefined variable: index F:\wamp\www\tongxun\Application\Runtime\Cache\Admin\394283bae9774cfd50e961762da98983.php 第 125 行.
NOTIC: [8] Undefined variable: page F:\wamp\www\tongxun\Application\Runtime\Cache\Admin\394283bae9774cfd50e961762da98983.php 第 179 行.
NOTIC: [8] Undefined variable: page F:\wamp\www\tongxun\Application\Runtime\Cache\Admin\394283bae9774cfd50e961762da98983.php 第 192 行.
INFO: Run Behavior\ParseTemplateBehavior [ RunTime:0.039848s ]
INFO: [ view_parse ] --END-- [ RunTime:0.040111s ]
INFO: [ view_filter ] --START--
INFO: Run Behavior\WriteHtmlCacheBehavior [ RunTime:0.001549s ]
INFO: [ view_filter ] --END-- [ RunTime:0.001770s ]
INFO: [ app_end ] --START--
INFO: Run Behavior\ShowPageTraceBehavior [ RunTime:0.001805s ]
INFO: [ app_end ] --END-- [ RunTime:0.002022s ]

[ 2018-03-07T10:12:21+08:00 ] 127.0.0.1 /tongxun/index.php/Admin/index/news.html
INFO: [ app_init ] --START--
INFO: Run Behavior\BuildLiteBehavior [ RunTime:0.000058s ]
INFO: [ app_init ] --END-- [ RunTime:0.001279s ]
INFO: [ app_begin ] --START--
INFO: Run Behavior\ReadHtmlCacheBehavior [ RunTime:0.002013s ]
INFO: [ app_begin ] --END-- [ RunTime:0.002264s ]
SQL: SHOW COLUMNS FROM `a_bumen` [ RunTime:0.0120s ]
SQL: SELECT COUNT(*) AS tp_count FROM `a_bumen` WHERE ( status=1 ) LIMIT 1   [ RunTime:0.0571s ]
SQL: SELECT * FROM `a_bumen` WHERE ( status=1 ) LIMIT 0,8   [ RunTime:0.0010s ]
INFO: [ view_parse ] --START--
INFO: [ template_filter ] --START--
INFO: Run Behavior\ContentReplaceBehavior [ RunTime:0.000448s ]
INFO: [ template_filter ] --END-- [ RunTime:0.000697s ]
NOTIC: [8] Use of undefined constant index - assumed 'index' F:\wamp\www\tongxun\Application\Runtime\Cache\Admin\33d78a532dce9c56cf1d796e9a7153d7.php 第 61 行.
NOTIC: [8] Use of undefined constant copyright - assumed 'copyright' F:\wamp\www\tongxun\Application\Runtime\Cache\Admin\33d78a532dce9c56cf1d796e9a7153d7.php 第 61 行.
INFO: Run Behavior\ParseTemplateBehavior [ RunTime:0.048558s ]
INFO: [ view_parse ] --END-- [ RunTime:0.048800s ]
INFO: [ view_filter ] --START--
INFO: Run Behavior\WriteHtmlCacheBehavior [ RunTime:0.001241s ]
INFO: [ view_filter ] --END-- [ RunTime:0.001454s ]
INFO: [ app_end ] --START--
INFO: Run Behavior\ShowPageTraceBehavior [ RunTime:0.001749s ]
INFO: [ app_end ] --END-- [ RunTime:0.001960s ]

[ 2018-03-07T10:13:18+08:00 ] 127.0.0.1 /tongxun/index.php/Admin/Index/addnews.html
INFO: [ app_init ] --START--
INFO: Run Behavior\BuildLiteBehavior [ RunTime:0.000059s ]
INFO: [ app_init ] --END-- [ RunTime:0.001233s ]
INFO: [ app_begin ] --START--
INFO: Run Behavior\ReadHtmlCacheBehavior [ RunTime:0.002083s ]
INFO: [ app_begin ] --END-- [ RunTime:0.002355s ]
SQL: SHOW COLUMNS FROM `a_bumen` [ RunTime:0.0122s ]
SQL: SELECT * FROM `a_bumen` WHERE ( id=0 ) LIMIT 1   [ RunTime:0.0007s ]
INFO: [ view_parse ] --START--
INFO: [ template_filter ] --START--
INFO: Run Behavior\ContentReplaceBehavior [ RunTime:0.000418s ]
INFO: [ template_filter ] --END-- [ RunTime:0.000678s ]
NOTIC: [8] Use of undefined constant index - assumed 'index' F:\wamp\www\tongxun\Application\Runtime\Cache\Admin\6b00d8bd6d14e4eb26fbae181b0cb8c8.php 第 61 行.
NOTIC: [8] Undefined variable: index F:\wamp\www\tongxun\Application\Runtime\Cache\Admin\6b00d8bd6d14e4eb26fbae181b0cb8c8.php 第 61 行.
NOTIC: [8] Use of undefined constant copyright - assumed 'copyright' F:\wamp\www\tongxun\Application\Runtime\Cache\Admin\6b00d8bd6d14e4eb26fbae181b0cb8c8.php 第 61 行.
NOTIC: [8] Undefined variable: index F:\wamp\www\tongxun\Application\Runtime\Cache\Admin\6b00d8bd6d14e4eb26fbae181b0cb8c8.php 第 61 行.
NOTIC: [8] Undefined variable: index F:\wamp\www\tongxun\Application\Runtime\Cache\Admin\6b00d8bd6d14e4eb26fbae181b0cb8c8.php 第 66 行.
NOTIC: [8] Undefined variable: index F:\wamp\www\tongxun\Application\Runtime\Cache\Admin\6b00d8bd6d14e4eb26fbae181b0cb8c8.php 第 66 行.
NOTIC: [8] Undefined variable: index F:\wamp\www\tongxun\Application\Runtime\Cache\Admin\6b00d8bd6d14e4eb26fbae181b0cb8c8.php 第 68 行.
NOTIC: [8] Undefined variable: index F:\wamp\www\tongxun\Application\Runtime\Cache\Admin\6b00d8bd6d14e4eb26fbae181b0cb8c8.php 第 81 行.
NOTIC: [8] Undefined variable: index F:\wamp\www\tongxun\Application\Runtime\Cache\Admin\6b00d8bd6d14e4eb26fbae181b0cb8c8.php 第 81 行.
NOTIC: [8] Undefined variable: index F:\wamp\www\tongxun\Application\Runtime\Cache\Admin\6b00d8bd6d14e4eb26fbae181b0cb8c8.php 第 83 行.
NOTIC: [8] Undefined variable: index F:\wamp\www\tongxun\Application\Runtime\Cache\Admin\6b00d8bd6d14e4eb26fbae181b0cb8c8.php 第 87 行.
NOTIC: [8] Undefined variable: index F:\wamp\www\tongxun\Application\Runtime\Cache\Admin\6b00d8bd6d14e4eb26fbae181b0cb8c8.php 第 100 行.
NOTIC: [8] Undefined variable: index F:\wamp\www\tongxun\Application\Runtime\Cache\Admin\6b00d8bd6d14e4eb26fbae181b0cb8c8.php 第 100 行.
NOTIC: [8] Undefined variable: index F:\wamp\www\tongxun\Application\Runtime\Cache\Admin\6b00d8bd6d14e4eb26fbae181b0cb8c8.php 第 102 行.
NOTIC: [8] Undefined variable: index F:\wamp\www\tongxun\Application\Runtime\Cache\Admin\6b00d8bd6d14e4eb26fbae181b0cb8c8.php 第 106 行.
NOTIC: [8] Undefined variable: index F:\wamp\www\tongxun\Application\Runtime\Cache\Admin\6b00d8bd6d14e4eb26fbae181b0cb8c8.php 第 119 行.
NOTIC: [8] Undefined variable: index F:\wamp\www\tongxun\Application\Runtime\Cache\Admin\6b00d8bd6d14e4eb26fbae181b0cb8c8.php 第 119 行.
NOTIC: [8] Undefined variable: index F:\wamp\www\tongxun\Application\Runtime\Cache\Admin\6b00d8bd6d14e4eb26fbae181b0cb8c8.php 第 121 行.
NOTIC: [8] Undefined variable: index F:\wamp\www\tongxun\Application\Runtime\Cache\Admin\6b00d8bd6d14e4eb26fbae181b0cb8c8.php 第 125 行.
INFO: Run Behavior\ParseTemplateBehavior [ RunTime:0.058927s ]
INFO: [ view_parse ] --END-- [ RunTime:0.059240s ]
INFO: [ view_filter ] --START--
INFO: Run Behavior\WriteHtmlCacheBehavior [ RunTime:0.001525s ]
INFO: [ view_filter ] --END-- [ RunTime:0.001813s ]
INFO: [ app_end ] --START--
INFO: Run Behavior\ShowPageTraceBehavior [ RunTime:0.002350s ]
INFO: [ app_end ] --END-- [ RunTime:0.002700s ]

[ 2018-03-07T10:13:37+08:00 ] 127.0.0.1 /tongxun/index.php/Admin/index/news.html
INFO: [ app_init ] --START--
INFO: Run Behavior\BuildLiteBehavior [ RunTime:0.000056s ]
INFO: [ app_init ] --END-- [ RunTime:0.001187s ]
INFO: [ app_begin ] --START--
INFO: Run Behavior\ReadHtmlCacheBehavior [ RunTime:0.002065s ]
INFO: [ app_begin ] --END-- [ RunTime:0.002340s ]
SQL: SHOW COLUMNS FROM `a_bumen` [ RunTime:0.0121s ]
SQL: SELECT COUNT(*) AS tp_count FROM `a_bumen` WHERE ( status=1 ) LIMIT 1   [ RunTime:0.0008s ]
SQL: SELECT * FROM `a_bumen` WHERE ( status=1 ) LIMIT 0,8   [ RunTime:0.0010s ]
INFO: [ view_parse ] --START--
INFO: [ template_filter ] --START--
INFO: Run Behavior\ContentReplaceBehavior [ RunTime:0.000468s ]
INFO: [ template_filter ] --END-- [ RunTime:0.000718s ]
NOTIC: [8] Use of undefined constant index - assumed 'index' F:\wamp\www\tongxun\Application\Runtime\Cache\Admin\33d78a532dce9c56cf1d796e9a7153d7.php 第 61 行.
NOTIC: [8] Use of undefined constant copyright - assumed 'copyright' F:\wamp\www\tongxun\Application\Runtime\Cache\Admin\33d78a532dce9c56cf1d796e9a7153d7.php 第 61 行.
INFO: Run Behavior\ParseTemplateBehavior [ RunTime:0.035692s ]
INFO: [ view_parse ] --END-- [ RunTime:0.035953s ]
INFO: [ view_filter ] --START--
INFO: Run Behavior\WriteHtmlCacheBehavior [ RunTime:0.001278s ]
INFO: [ view_filter ] --END-- [ RunTime:0.001491s ]
INFO: [ app_end ] --START--
INFO: Run Behavior\ShowPageTraceBehavior [ RunTime:0.001750s ]
INFO: [ app_end ] --END-- [ RunTime:0.001960s ]

[ 2018-03-07T10:13:40+08:00 ] 127.0.0.1 /tongxun/index.php/Admin/index/getMsg.html
INFO: [ app_init ] --START--
INFO: Run Behavior\BuildLiteBehavior [ RunTime:0.000058s ]
INFO: [ app_init ] --END-- [ RunTime:0.001274s ]
INFO: [ app_begin ] --START--
INFO: Run Behavior\ReadHtmlCacheBehavior [ RunTime:0.001783s ]
INFO: [ app_begin ] --END-- [ RunTime:0.002009s ]
SQL: SHOW COLUMNS FROM `a_message` [ RunTime:0.1048s ]
SQL: SELECT a.*,b.username FROM a_message a left join a_user b on b.id = a.uid   [ RunTime:0.0017s ]
INFO: [ view_parse ] --START--
INFO: [ template_filter ] --START--
INFO: Run Behavior\ContentReplaceBehavior [ RunTime:0.000469s ]
INFO: [ template_filter ] --END-- [ RunTime:0.000723s ]
NOTIC: [8] Use of undefined constant index - assumed 'index' F:\wamp\www\tongxun\Application\Runtime\Cache\Admin\be77418c1e3adec6d29fa4de9b77de24.php 第 61 行.
NOTIC: [8] Undefined variable: index F:\wamp\www\tongxun\Application\Runtime\Cache\Admin\be77418c1e3adec6d29fa4de9b77de24.php 第 61 行.
NOTIC: [8] Use of undefined constant copyright - assumed 'copyright' F:\wamp\www\tongxun\Application\Runtime\Cache\Admin\be77418c1e3adec6d29fa4de9b77de24.php 第 61 行.
NOTIC: [8] Undefined variable: index F:\wamp\www\tongxun\Application\Runtime\Cache\Admin\be77418c1e3adec6d29fa4de9b77de24.php 第 61 行.
NOTIC: [8] Undefined variable: index F:\wamp\www\tongxun\Application\Runtime\Cache\Admin\be77418c1e3adec6d29fa4de9b77de24.php 第 66 行.
NOTIC: [8] Undefined variable: index F:\wamp\www\tongxun\Application\Runtime\Cache\Admin\be77418c1e3adec6d29fa4de9b77de24.php 第 66 行.
NOTIC: [8] Undefined variable: index F:\wamp\www\tongxun\Application\Runtime\Cache\Admin\be77418c1e3adec6d29fa4de9b77de24.php 第 68 行.
NOTIC: [8] Undefined variable: index F:\wamp\www\tongxun\Application\Runtime\Cache\Admin\be77418c1e3adec6d29fa4de9b77de24.php 第 81 行.
NOTIC: [8] Undefined variable: index F:\wamp\www\tongxun\Application\Runtime\Cache\Admin\be77418c1e3adec6d29fa4de9b77de24.php 第 81 行.
NOTIC: [8] Undefined variable: index F:\wamp\www\tongxun\Application\Runtime\Cache\Admin\be77418c1e3adec6d29fa4de9b77de24.php 第 83 行.
NOTIC: [8] Undefined variable: index F:\wamp\www\tongxun\Application\Runtime\Cache\Admin\be77418c1e3adec6d29fa4de9b77de24.php 第 87 行.
NOTIC: [8] Undefined variable: index F:\wamp\www\tongxun\Application\Runtime\Cache\Admin\be77418c1e3adec6d29fa4de9b77de24.php 第 100 行.
NOTIC: [8] Undefined variable: index F:\wamp\www\tongxun\Application\Runtime\Cache\Admin\be77418c1e3adec6d29fa4de9b77de24.php 第 100 行.
NOTIC: [8] Undefined variable: index F:\wamp\www\tongxun\Application\Runtime\Cache\Admin\be77418c1e3adec6d29fa4de9b77de24.php 第 102 行.
NOTIC: [8] Undefined variable: index F:\wamp\www\tongxun\Application\Runtime\Cache\Admin\be77418c1e3adec6d29fa4de9b77de24.php 第 106 行.
NOTIC: [8] Undefined variable: index F:\wamp\www\tongxun\Application\Runtime\Cache\Admin\be77418c1e3adec6d29fa4de9b77de24.php 第 119 行.
NOTIC: [8] Undefined variable: index F:\wamp\www\tongxun\Application\Runtime\Cache\Admin\be77418c1e3adec6d29fa4de9b77de24.php 第 119 行.
NOTIC: [8] Undefined variable: index F:\wamp\www\tongxun\Application\Runtime\Cache\Admin\be77418c1e3adec6d29fa4de9b77de24.php 第 121 行.
NOTIC: [8] Undefined variable: index F:\wamp\www\tongxun\Application\Runtime\Cache\Admin\be77418c1e3adec6d29fa4de9b77de24.php 第 125 行.
NOTIC: [8] Undefined variable: page F:\wamp\www\tongxun\Application\Runtime\Cache\Admin\be77418c1e3adec6d29fa4de9b77de24.php 第 193 行.
INFO: Run Behavior\ParseTemplateBehavior [ RunTime:0.043482s ]
INFO: [ view_parse ] --END-- [ RunTime:0.043825s ]
INFO: [ view_filter ] --START--
INFO: Run Behavior\WriteHtmlCacheBehavior [ RunTime:0.001519s ]
INFO: [ view_filter ] --END-- [ RunTime:0.001748s ]
INFO: [ app_end ] --START--
INFO: Run Behavior\ShowPageTraceBehavior [ RunTime:0.001778s ]
INFO: [ app_end ] --END-- [ RunTime:0.002001s ]

[ 2018-03-07T15:16:07+08:00 ] 127.0.0.1 /tongxun/index.php/Admin/index/index.html
INFO: [ app_init ] --START--
INFO: Run Behavior\BuildLiteBehavior [ RunTime:0.000059s ]
INFO: [ app_init ] --END-- [ RunTime:0.001635s ]
INFO: [ app_begin ] --START--
INFO: Run Behavior\ReadHtmlCacheBehavior [ RunTime:0.002118s ]
INFO: [ app_begin ] --END-- [ RunTime:0.002371s ]
SQL: SHOW COLUMNS FROM `a_user` [ RunTime:0.6343s ]
SQL: SELECT a.*,b.title FROM a_user a left join a_bumen b on b.id = a.bumen  WHERE ( a.status > 0 )  [ RunTime:0.1333s ]
INFO: [ view_parse ] --START--
INFO: [ template_filter ] --START--
INFO: Run Behavior\ContentReplaceBehavior [ RunTime:0.001061s ]
INFO: [ template_filter ] --END-- [ RunTime:0.001529s ]
NOTIC: [8] Use of undefined constant index - assumed 'index' F:\wamp\www\tongxun\Application\Runtime\Cache\Admin\b595b808c2ebeeeb0478ffc30bb4e87a.php 第 61 行.
NOTIC: [8] Undefined variable: page F:\wamp\www\tongxun\Application\Runtime\Cache\Admin\b595b808c2ebeeeb0478ffc30bb4e87a.php 第 204 行.
INFO: Run Behavior\ParseTemplateBehavior [ RunTime:0.336455s ]
INFO: [ view_parse ] --END-- [ RunTime:0.336795s ]
INFO: [ view_filter ] --START--
INFO: Run Behavior\WriteHtmlCacheBehavior [ RunTime:0.001629s ]
INFO: [ view_filter ] --END-- [ RunTime:0.001880s ]
INFO: [ app_end ] --START--
INFO: Run Behavior\ShowPageTraceBehavior [ RunTime:0.002036s ]
INFO: [ app_end ] --END-- [ RunTime:0.002278s ]

[ 2018-03-07T15:17:39+08:00 ] 127.0.0.1 /tongxun/index.php/Admin/index/product.html
INFO: [ app_init ] --START--
INFO: Run Behavior\BuildLiteBehavior [ RunTime:0.000061s ]
INFO: [ app_init ] --END-- [ RunTime:0.001141s ]
INFO: [ app_begin ] --START--
INFO: Run Behavior\ReadHtmlCacheBehavior [ RunTime:0.001640s ]
INFO: [ app_begin ] --END-- [ RunTime:0.001890s ]
SQL: SHOW COLUMNS FROM `a_log` [ RunTime:0.0124s ]
SQL: SELECT a.*,b.username FROM a_log a left join a_user b on b.id = a.uid  ORDER BY a.id asc  [ RunTime:0.0457s ]
INFO: [ view_parse ] --START--
INFO: [ template_filter ] --START--
INFO: Run Behavior\ContentReplaceBehavior [ RunTime:0.000829s ]
INFO: [ template_filter ] --END-- [ RunTime:0.001261s ]
NOTIC: [8] Use of undefined constant index - assumed 'index' F:\wamp\www\tongxun\Application\Runtime\Cache\Admin\394283bae9774cfd50e961762da98983.php 第 61 行.
NOTIC: [8] Undefined variable: index F:\wamp\www\tongxun\Application\Runtime\Cache\Admin\394283bae9774cfd50e961762da98983.php 第 61 行.
NOTIC: [8] Use of undefined constant copyright - assumed 'copyright' F:\wamp\www\tongxun\Application\Runtime\Cache\Admin\394283bae9774cfd50e961762da98983.php 第 61 行.
NOTIC: [8] Undefined variable: index F:\wamp\www\tongxun\Application\Runtime\Cache\Admin\394283bae9774cfd50e961762da98983.php 第 61 行.
NOTIC: [8] Undefined variable: index F:\wamp\www\tongxun\Application\Runtime\Cache\Admin\394283bae9774cfd50e961762da98983.php 第 66 行.
NOTIC: [8] Undefined variable: index F:\wamp\www\tongxun\Application\Runtime\Cache\Admin\394283bae9774cfd50e961762da98983.php 第 66 行.
NOTIC: [8] Undefined variable: index F:\wamp\www\tongxun\Application\Runtime\Cache\Admin\394283bae9774cfd50e961762da98983.php 第 68 行.
NOTIC: [8] Undefined variable: index F:\wamp\www\tongxun\Application\Runtime\Cache\Admin\394283bae9774cfd50e961762da98983.php 第 81 行.
NOTIC: [8] Undefined variable: index F:\wamp\www\tongxun\Application\Runtime\Cache\Admin\394283bae9774cfd50e961762da98983.php 第 81 行.
NOTIC: [8] Undefined variable: index F:\wamp\www\tongxun\Application\Runtime\Cache\Admin\394283bae9774cfd50e961762da98983.php 第 83 行.
NOTIC: [8] Undefined variable: index F:\wamp\www\tongxun\Application\Runtime\Cache\Admin\394283bae9774cfd50e961762da98983.php 第 87 行.
NOTIC: [8] Undefined variable: index F:\wamp\www\tongxun\Application\Runtime\Cache\Admin\394283bae9774cfd50e961762da98983.php 第 100 行.
NOTIC: [8] Undefined variable: index F:\wamp\www\tongxun\Application\Runtime\Cache\Admin\394283bae9774cfd50e961762da98983.php 第 100 行.
NOTIC: [8] Undefined variable: index F:\wamp\www\tongxun\Application\Runtime\Cache\Admin\394283bae9774cfd50e961762da98983.php 第 102 行.
NOTIC: [8] Undefined variable: index F:\wamp\www\tongxun\Application\Runtime\Cache\Admin\394283bae9774cfd50e961762da98983.php 第 106 行.
NOTIC: [8] Undefined variable: index F:\wamp\www\tongxun\Application\Runtime\Cache\Admin\394283bae9774cfd50e961762da98983.php 第 119 行.
NOTIC: [8] Undefined variable: index F:\wamp\www\tongxun\Application\Runtime\Cache\Admin\394283bae9774cfd50e961762da98983.php 第 119 行.
NOTIC: [8] Undefined variable: index F:\wamp\www\tongxun\Application\Runtime\Cache\Admin\394283bae9774cfd50e961762da98983.php 第 121 行.
NOTIC: [8] Undefined variable: index F:\wamp\www\tongxun\Application\Runtime\Cache\Admin\394283bae9774cfd50e961762da98983.php 第 125 行.
NOTIC: [8] Undefined variable: page F:\wamp\www\tongxun\Application\Runtime\Cache\Admin\394283bae9774cfd50e961762da98983.php 第 179 行.
NOTIC: [8] Undefined variable: page F:\wamp\www\tongxun\Application\Runtime\Cache\Admin\394283bae9774cfd50e961762da98983.php 第 192 行.
INFO: Run Behavior\ParseTemplateBehavior [ RunTime:0.202378s ]
INFO: [ view_parse ] --END-- [ RunTime:0.202665s ]
INFO: [ view_filter ] --START--
INFO: Run Behavior\WriteHtmlCacheBehavior [ RunTime:0.002926s ]
INFO: [ view_filter ] --END-- [ RunTime:0.003148s ]
INFO: [ app_end ] --START--
INFO: Run Behavior\ShowPageTraceBehavior [ RunTime:0.003704s ]
INFO: [ app_end ] --END-- [ RunTime:0.003963s ]

[ 2018-03-07T15:20:06+08:00 ] 127.0.0.1 /tongxun/index.php/Admin/index/index.html
INFO: [ app_init ] --START--
INFO: Run Behavior\BuildLiteBehavior [ RunTime:0.000068s ]
INFO: [ app_init ] --END-- [ RunTime:0.001631s ]
INFO: [ app_begin ] --START--
INFO: Run Behavior\ReadHtmlCacheBehavior [ RunTime:0.002245s ]
INFO: [ app_begin ] --END-- [ RunTime:0.002500s ]
SQL: SHOW COLUMNS FROM `a_user` [ RunTime:0.0114s ]
SQL: SELECT a.*,b.title FROM a_user a left join a_bumen b on b.id = a.bumen  WHERE ( a.status > 0 )  [ RunTime:0.0012s ]
INFO: [ view_parse ] --START--
INFO: [ template_filter ] --START--
INFO: Run Behavior\ContentReplaceBehavior [ RunTime:0.000490s ]
INFO: [ template_filter ] --END-- [ RunTime:0.000748s ]
NOTIC: [8] Use of undefined constant index - assumed 'index' F:\wamp\www\tongxun\Application\Runtime\Cache\Admin\b595b808c2ebeeeb0478ffc30bb4e87a.php 第 61 行.
NOTIC: [8] Undefined variable: page F:\wamp\www\tongxun\Application\Runtime\Cache\Admin\b595b808c2ebeeeb0478ffc30bb4e87a.php 第 204 行.
INFO: Run Behavior\ParseTemplateBehavior [ RunTime:0.038933s ]
INFO: [ view_parse ] --END-- [ RunTime:0.039182s ]
INFO: [ view_filter ] --START--
INFO: Run Behavior\WriteHtmlCacheBehavior [ RunTime:0.001900s ]
INFO: [ view_filter ] --END-- [ RunTime:0.002161s ]
INFO: [ app_end ] --START--
INFO: Run Behavior\ShowPageTraceBehavior [ RunTime:0.002266s ]
INFO: [ app_end ] --END-- [ RunTime:0.002522s ]

[ 2018-03-07T15:20:14+08:00 ] 127.0.0.1 /tongxun/index.php/Admin/index/product.html
INFO: [ app_init ] --START--
INFO: Run Behavior\BuildLiteBehavior [ RunTime:0.000058s ]
INFO: [ app_init ] --END-- [ RunTime:0.001260s ]
INFO: [ app_begin ] --START--
INFO: Run Behavior\ReadHtmlCacheBehavior [ RunTime:0.001895s ]
INFO: [ app_begin ] --END-- [ RunTime:0.002125s ]
SQL: SHOW COLUMNS FROM `a_log` [ RunTime:0.0115s ]
SQL: SELECT a.*,b.username FROM a_log a left join a_user b on b.id = a.uid  ORDER BY a.id asc  [ RunTime:0.0049s ]
INFO: [ view_parse ] --START--
INFO: [ template_filter ] --START--
INFO: Run Behavior\ContentReplaceBehavior [ RunTime:0.000480s ]
INFO: [ template_filter ] --END-- [ RunTime:0.000734s ]
NOTIC: [8] Use of undefined constant index - assumed 'index' F:\wamp\www\tongxun\Application\Runtime\Cache\Admin\394283bae9774cfd50e961762da98983.php 第 61 行.
NOTIC: [8] Undefined variable: index F:\wamp\www\tongxun\Application\Runtime\Cache\Admin\394283bae9774cfd50e961762da98983.php 第 61 行.
NOTIC: [8] Use of undefined constant copyright - assumed 'copyright' F:\wamp\www\tongxun\Application\Runtime\Cache\Admin\394283bae9774cfd50e961762da98983.php 第 61 行.
NOTIC: [8] Undefined variable: index F:\wamp\www\tongxun\Application\Runtime\Cache\Admin\394283bae9774cfd50e961762da98983.php 第 61 行.
NOTIC: [8] Undefined variable: index F:\wamp\www\tongxun\Application\Runtime\Cache\Admin\394283bae9774cfd50e961762da98983.php 第 66 行.
NOTIC: [8] Undefined variable: index F:\wamp\www\tongxun\Application\Runtime\Cache\Admin\394283bae9774cfd50e961762da98983.php 第 66 行.
NOTIC: [8] Undefined variable: index F:\wamp\www\tongxun\Application\Runtime\Cache\Admin\394283bae9774cfd50e961762da98983.php 第 68 行.
NOTIC: [8] Undefined variable: index F:\wamp\www\tongxun\Application\Runtime\Cache\Admin\394283bae9774cfd50e961762da98983.php 第 81 行.
NOTIC: [8] Undefined variable: index F:\wamp\www\tongxun\Application\Runtime\Cache\Admin\394283bae9774cfd50e961762da98983.php 第 81 行.
NOTIC: [8] Undefined variable: index F:\wamp\www\tongxun\Application\Runtime\Cache\Admin\394283bae9774cfd50e961762da98983.php 第 83 行.
NOTIC: [8] Undefined variable: index F:\wamp\www\tongxun\Application\Runtime\Cache\Admin\394283bae9774cfd50e961762da98983.php 第 87 行.
NOTIC: [8] Undefined variable: index F:\wamp\www\tongxun\Application\Runtime\Cache\Admin\394283bae9774cfd50e961762da98983.php 第 100 行.
NOTIC: [8] Undefined variable: index F:\wamp\www\tongxun\Application\Runtime\Cache\Admin\394283bae9774cfd50e961762da98983.php 第 100 行.
NOTIC: [8] Undefined variable: index F:\wamp\www\tongxun\Application\Runtime\Cache\Admin\394283bae9774cfd50e961762da98983.php 第 102 行.
NOTIC: [8] Undefined variable: index F:\wamp\www\tongxun\Application\Runtime\Cache\Admin\394283bae9774cfd50e961762da98983.php 第 106 行.
NOTIC: [8] Undefined variable: index F:\wamp\www\tongxun\Application\Runtime\Cache\Admin\394283bae9774cfd50e961762da98983.php 第 119 行.
NOTIC: [8] Undefined variable: index F:\wamp\www\tongxun\Application\Runtime\Cache\Admin\394283bae9774cfd50e961762da98983.php 第 119 行.
NOTIC: [8] Undefined variable: index F:\wamp\www\tongxun\Application\Runtime\Cache\Admin\394283bae9774cfd50e961762da98983.php 第 121 行.
NOTIC: [8] Undefined variable: index F:\wamp\www\tongxun\Application\Runtime\Cache\Admin\394283bae9774cfd50e961762da98983.php 第 125 行.
NOTIC: [8] Undefined variable: page F:\wamp\www\tongxun\Application\Runtime\Cache\Admin\394283bae9774cfd50e961762da98983.php 第 179 行.
NOTIC: [8] Undefined variable: page F:\wamp\www\tongxun\Application\Runtime\Cache\Admin\394283bae9774cfd50e961762da98983.php 第 192 行.
INFO: Run Behavior\ParseTemplateBehavior [ RunTime:0.040724s ]
INFO: [ view_parse ] --END-- [ RunTime:0.040971s ]
INFO: [ view_filter ] --START--
INFO: Run Behavior\WriteHtmlCacheBehavior [ RunTime:0.001586s ]
INFO: [ view_filter ] --END-- [ RunTime:0.001800s ]
INFO: [ app_end ] --START--
INFO: Run Behavior\ShowPageTraceBehavior [ RunTime:0.001798s ]
INFO: [ app_end ] --END-- [ RunTime:0.002012s ]

[ 2018-03-07T15:22:12+08:00 ] 127.0.0.1 /tongxun/index.php/Admin/index/getMsg.html
INFO: [ app_init ] --START--
INFO: Run Behavior\BuildLiteBehavior [ RunTime:0.000066s ]
INFO: [ app_init ] --END-- [ RunTime:0.001551s ]
INFO: [ app_begin ] --START--
INFO: Run Behavior\ReadHtmlCacheBehavior [ RunTime:0.001892s ]
INFO: [ app_begin ] --END-- [ RunTime:0.002126s ]
SQL: SHOW COLUMNS FROM `a_message` [ RunTime:0.0244s ]
SQL: SELECT a.*,b.username FROM a_message a left join a_user b on b.id = a.uid   [ RunTime:0.0292s ]
INFO: [ view_parse ] --START--
INFO: [ template_filter ] --START--
INFO: Run Behavior\ContentReplaceBehavior [ RunTime:0.000509s ]
INFO: [ template_filter ] --END-- [ RunTime:0.000791s ]
NOTIC: [8] Use of undefined constant index - assumed 'index' F:\wamp\www\tongxun\Application\Runtime\Cache\Admin\be77418c1e3adec6d29fa4de9b77de24.php 第 61 行.
NOTIC: [8] Undefined variable: index F:\wamp\www\tongxun\Application\Runtime\Cache\Admin\be77418c1e3adec6d29fa4de9b77de24.php 第 61 行.
NOTIC: [8] Use of undefined constant copyright - assumed 'copyright' F:\wamp\www\tongxun\Application\Runtime\Cache\Admin\be77418c1e3adec6d29fa4de9b77de24.php 第 61 行.
NOTIC: [8] Undefined variable: index F:\wamp\www\tongxun\Application\Runtime\Cache\Admin\be77418c1e3adec6d29fa4de9b77de24.php 第 61 行.
NOTIC: [8] Undefined variable: index F:\wamp\www\tongxun\Application\Runtime\Cache\Admin\be77418c1e3adec6d29fa4de9b77de24.php 第 66 行.
NOTIC: [8] Undefined variable: index F:\wamp\www\tongxun\Application\Runtime\Cache\Admin\be77418c1e3adec6d29fa4de9b77de24.php 第 66 行.
NOTIC: [8] Undefined variable: index F:\wamp\www\tongxun\Application\Runtime\Cache\Admin\be77418c1e3adec6d29fa4de9b77de24.php 第 68 行.
NOTIC: [8] Undefined variable: index F:\wamp\www\tongxun\Application\Runtime\Cache\Admin\be77418c1e3adec6d29fa4de9b77de24.php 第 81 行.
NOTIC: [8] Undefined variable: index F:\wamp\www\tongxun\Application\Runtime\Cache\Admin\be77418c1e3adec6d29fa4de9b77de24.php 第 81 行.
NOTIC: [8] Undefined variable: index F:\wamp\www\tongxun\Application\Runtime\Cache\Admin\be77418c1e3adec6d29fa4de9b77de24.php 第 83 行.
NOTIC: [8] Undefined variable: index F:\wamp\www\tongxun\Application\Runtime\Cache\Admin\be77418c1e3adec6d29fa4de9b77de24.php 第 87 行.
NOTIC: [8] Undefined variable: index F:\wamp\www\tongxun\Application\Runtime\Cache\Admin\be77418c1e3adec6d29fa4de9b77de24.php 第 100 行.
NOTIC: [8] Undefined variable: index F:\wamp\www\tongxun\Application\Runtime\Cache\Admin\be77418c1e3adec6d29fa4de9b77de24.php 第 100 行.
NOTIC: [8] Undefined variable: index F:\wamp\www\tongxun\Application\Runtime\Cache\Admin\be77418c1e3adec6d29fa4de9b77de24.php 第 102 行.
NOTIC: [8] Undefined variable: index F:\wamp\www\tongxun\Application\Runtime\Cache\Admin\be77418c1e3adec6d29fa4de9b77de24.php 第 106 行.
NOTIC: [8] Undefined variable: index F:\wamp\www\tongxun\Application\Runtime\Cache\Admin\be77418c1e3adec6d29fa4de9b77de24.php 第 119 行.
NOTIC: [8] Undefined variable: index F:\wamp\www\tongxun\Application\Runtime\Cache\Admin\be77418c1e3adec6d29fa4de9b77de24.php 第 119 行.
NOTIC: [8] Undefined variable: index F:\wamp\www\tongxun\Application\Runtime\Cache\Admin\be77418c1e3adec6d29fa4de9b77de24.php 第 121 行.
NOTIC: [8] Undefined variable: index F:\wamp\www\tongxun\Application\Runtime\Cache\Admin\be77418c1e3adec6d29fa4de9b77de24.php 第 125 行.
NOTIC: [8] Undefined variable: page F:\wamp\www\tongxun\Application\Runtime\Cache\Admin\be77418c1e3adec6d29fa4de9b77de24.php 第 193 行.
INFO: Run Behavior\ParseTemplateBehavior [ RunTime:0.057064s ]
INFO: [ view_parse ] --END-- [ RunTime:0.057314s ]
INFO: [ view_filter ] --START--
INFO: Run Behavior\WriteHtmlCacheBehavior [ RunTime:0.001512s ]
INFO: [ view_filter ] --END-- [ RunTime:0.001724s ]
INFO: [ app_end ] --START--
INFO: Run Behavior\ShowPageTraceBehavior [ RunTime:0.001813s ]
INFO: [ app_end ] --END-- [ RunTime:0.002023s ]

[ 2018-03-07T16:42:36+08:00 ] 127.0.0.1 /tongxun/index.php/Admin/Login/login.html
INFO: [ app_init ] --START--
INFO: Run Behavior\BuildLiteBehavior [ RunTime:0.000059s ]
INFO: [ app_init ] --END-- [ RunTime:0.001222s ]
INFO: [ app_begin ] --START--
INFO: Run Behavior\ReadHtmlCacheBehavior [ RunTime:0.001933s ]
INFO: [ app_begin ] --END-- [ RunTime:0.002176s ]
INFO: [ view_parse ] --START--
INFO: [ template_filter ] --START--
INFO: Run Behavior\ContentReplaceBehavior [ RunTime:0.000264s ]
INFO: [ template_filter ] --END-- [ RunTime:0.000646s ]
INFO: Run Behavior\ParseTemplateBehavior [ RunTime:0.037553s ]
INFO: [ view_parse ] --END-- [ RunTime:0.037941s ]
INFO: [ view_filter ] --START--
INFO: Run Behavior\WriteHtmlCacheBehavior [ RunTime:0.001809s ]
INFO: [ view_filter ] --END-- [ RunTime:0.002121s ]
INFO: [ app_end ] --START--
INFO: Run Behavior\ShowPageTraceBehavior [ RunTime:0.002635s ]
INFO: [ app_end ] --END-- [ RunTime:0.002961s ]

[ 2018-03-07T16:42:38+08:00 ] 127.0.0.1 /tongxun/index.php/Admin/Login/login.html
INFO: [ app_init ] --START--
INFO: Run Behavior\BuildLiteBehavior [ RunTime:0.000066s ]
INFO: [ app_init ] --END-- [ RunTime:0.001257s ]
INFO: [ app_begin ] --START--
INFO: Run Behavior\ReadHtmlCacheBehavior [ RunTime:0.001986s ]
INFO: [ app_begin ] --END-- [ RunTime:0.002268s ]
SQL: SHOW COLUMNS FROM `a_user` [ RunTime:0.0109s ]
SQL: SELECT * FROM `a_user` WHERE `tel` = 'admin' AND `password` = 'admin' AND `status` > 1 LIMIT 1   [ RunTime:0.0009s ]
INFO: [ view_parse ] --START--
INFO: [ template_filter ] --START--
INFO: Run Behavior\ContentReplaceBehavior [ RunTime:0.000222s ]
INFO: [ template_filter ] --END-- [ RunTime:0.000579s ]
INFO: Run Behavior\ParseTemplateBehavior [ RunTime:0.110100s ]
INFO: [ view_parse ] --END-- [ RunTime:0.110409s ]
INFO: [ view_filter ] --START--
INFO: Run Behavior\WriteHtmlCacheBehavior [ RunTime:0.001548s ]
INFO: [ view_filter ] --END-- [ RunTime:0.001804s ]

[ 2018-03-07T16:42:38+08:00 ] 127.0.0.1 /tongxun/index.php/Admin/Login/css/pintuer.css
INFO: [ app_init ] --START--
INFO: Run Behavior\BuildLiteBehavior [ RunTime:0.000058s ]
INFO: [ app_init ] --END-- [ RunTime:0.001224s ]
INFO: [ app_begin ] --START--
INFO: Run Behavior\ReadHtmlCacheBehavior [ RunTime:0.001997s ]
INFO: [ app_begin ] --END-- [ RunTime:0.002280s ]
ERR: 非法操作:css

[ 2018-03-07T16:42:41+08:00 ] 127.0.0.1 /tongxun/index.php/Admin/index/index.html
INFO: [ app_init ] --START--
INFO: Run Behavior\BuildLiteBehavior [ RunTime:0.000060s ]
INFO: [ app_init ] --END-- [ RunTime:0.001292s ]
INFO: [ app_begin ] --START--
INFO: Run Behavior\ReadHtmlCacheBehavior [ RunTime:0.001770s ]
INFO: [ app_begin ] --END-- [ RunTime:0.001998s ]
SQL: SHOW COLUMNS FROM `a_user` [ RunTime:0.0123s ]
SQL: SELECT a.*,b.title FROM a_user a left join a_bumen b on b.id = a.bumen  WHERE ( a.status > 0 )  [ RunTime:0.0013s ]
INFO: [ view_parse ] --START--
INFO: [ template_filter ] --START--
INFO: Run Behavior\ContentReplaceBehavior [ RunTime:0.000490s ]
INFO: [ template_filter ] --END-- [ RunTime:0.000762s ]
NOTIC: [8] Use of undefined constant index - assumed 'index' F:\wamp\www\tongxun\Application\Runtime\Cache\Admin\b595b808c2ebeeeb0478ffc30bb4e87a.php 第 61 行.
NOTIC: [8] Undefined variable: page F:\wamp\www\tongxun\Application\Runtime\Cache\Admin\b595b808c2ebeeeb0478ffc30bb4e87a.php 第 204 行.
INFO: Run Behavior\ParseTemplateBehavior [ RunTime:0.066667s ]
INFO: [ view_parse ] --END-- [ RunTime:0.066910s ]
INFO: [ view_filter ] --START--
INFO: Run Behavior\WriteHtmlCacheBehavior [ RunTime:0.001229s ]
INFO: [ view_filter ] --END-- [ RunTime:0.001447s ]
INFO: [ app_end ] --START--
INFO: Run Behavior\ShowPageTraceBehavior [ RunTime:0.001749s ]
INFO: [ app_end ] --END-- [ RunTime:0.001960s ]

[ 2018-03-07T16:42:51+08:00 ] 127.0.0.1 /tongxun/index.php/Admin/index/product.html
INFO: [ app_init ] --START--
INFO: Run Behavior\BuildLiteBehavior [ RunTime:0.000060s ]
INFO: [ app_init ] --END-- [ RunTime:0.001190s ]
INFO: [ app_begin ] --START--
INFO: Run Behavior\ReadHtmlCacheBehavior [ RunTime:0.002107s ]
INFO: [ app_begin ] --END-- [ RunTime:0.002389s ]
SQL: SHOW COLUMNS FROM `a_log` [ RunTime:0.0119s ]
SQL: SELECT a.*,b.username FROM a_log a left join a_user b on b.id = a.uid  ORDER BY a.id asc  [ RunTime:0.0048s ]
INFO: [ view_parse ] --START--
INFO: [ template_filter ] --START--
INFO: Run Behavior\ContentReplaceBehavior [ RunTime:0.000492s ]
INFO: [ template_filter ] --END-- [ RunTime:0.000896s ]
NOTIC: [8] Use of undefined constant index - assumed 'index' F:\wamp\www\tongxun\Application\Runtime\Cache\Admin\394283bae9774cfd50e961762da98983.php 第 61 行.
NOTIC: [8] Undefined variable: index F:\wamp\www\tongxun\Application\Runtime\Cache\Admin\394283bae9774cfd50e961762da98983.php 第 61 行.
NOTIC: [8] Use of undefined constant copyright - assumed 'copyright' F:\wamp\www\tongxun\Application\Runtime\Cache\Admin\394283bae9774cfd50e961762da98983.php 第 61 行.
NOTIC: [8] Undefined variable: index F:\wamp\www\tongxun\Application\Runtime\Cache\Admin\394283bae9774cfd50e961762da98983.php 第 61 行.
NOTIC: [8] Undefined variable: index F:\wamp\www\tongxun\Application\Runtime\Cache\Admin\394283bae9774cfd50e961762da98983.php 第 66 行.
NOTIC: [8] Undefined variable: index F:\wamp\www\tongxun\Application\Runtime\Cache\Admin\394283bae9774cfd50e961762da98983.php 第 66 行.
NOTIC: [8] Undefined variable: index F:\wamp\www\tongxun\Application\Runtime\Cache\Admin\394283bae9774cfd50e961762da98983.php 第 68 行.
NOTIC: [8] Undefined variable: index F:\wamp\www\tongxun\Application\Runtime\Cache\Admin\394283bae9774cfd50e961762da98983.php 第 81 行.
NOTIC: [8] Undefined variable: index F:\wamp\www\tongxun\Application\Runtime\Cache\Admin\394283bae9774cfd50e961762da98983.php 第 81 行.
NOTIC: [8] Undefined variable: index F:\wamp\www\tongxun\Application\Runtime\Cache\Admin\394283bae9774cfd50e961762da98983.php 第 83 行.
NOTIC: [8] Undefined variable: index F:\wamp\www\tongxun\Application\Runtime\Cache\Admin\394283bae9774cfd50e961762da98983.php 第 87 行.
NOTIC: [8] Undefined variable: index F:\wamp\www\tongxun\Application\Runtime\Cache\Admin\394283bae9774cfd50e961762da98983.php 第 100 行.
NOTIC: [8] Undefined variable: index F:\wamp\www\tongxun\Application\Runtime\Cache\Admin\394283bae9774cfd50e961762da98983.php 第 100 行.
NOTIC: [8] Undefined variable: index F:\wamp\www\tongxun\Application\Runtime\Cache\Admin\394283bae9774cfd50e961762da98983.php 第 102 行.
NOTIC: [8] Undefined variable: index F:\wamp\www\tongxun\Application\Runtime\Cache\Admin\394283bae9774cfd50e961762da98983.php 第 106 行.
NOTIC: [8] Undefined variable: index F:\wamp\www\tongxun\Application\Runtime\Cache\Admin\394283bae9774cfd50e961762da98983.php 第 119 行.
NOTIC: [8] Undefined variable: index F:\wamp\www\tongxun\Application\Runtime\Cache\Admin\394283bae9774cfd50e961762da98983.php 第 119 行.
NOTIC: [8] Undefined variable: index F:\wamp\www\tongxun\Application\Runtime\Cache\Admin\394283bae9774cfd50e961762da98983.php 第 121 行.
NOTIC: [8] Undefined variable: index F:\wamp\www\tongxun\Application\Runtime\Cache\Admin\394283bae9774cfd50e961762da98983.php 第 125 行.
NOTIC: [8] Undefined variable: page F:\wamp\www\tongxun\Application\Runtime\Cache\Admin\394283bae9774cfd50e961762da98983.php 第 179 行.
NOTIC: [8] Undefined variable: page F:\wamp\www\tongxun\Application\Runtime\Cache\Admin\394283bae9774cfd50e961762da98983.php 第 192 行.
INFO: Run Behavior\ParseTemplateBehavior [ RunTime:0.135895s ]
INFO: [ view_parse ] --END-- [ RunTime:0.136157s ]
INFO: [ view_filter ] --START--
INFO: Run Behavior\WriteHtmlCacheBehavior [ RunTime:0.001491s ]
INFO: [ view_filter ] --END-- [ RunTime:0.001708s ]
INFO: [ app_end ] --START--
INFO: Run Behavior\ShowPageTraceBehavior [ RunTime:0.002067s ]
INFO: [ app_end ] --END-- [ RunTime:0.002321s ]

[ 2018-03-07T16:43:20+08:00 ] 127.0.0.1 /tongxun/index.php/Admin/index/index.html
INFO: [ app_init ] --START--
INFO: Run Behavior\BuildLiteBehavior [ RunTime:0.000059s ]
INFO: [ app_init ] --END-- [ RunTime:0.001172s ]
INFO: [ app_begin ] --START--
INFO: Run Behavior\ReadHtmlCacheBehavior [ RunTime:0.001808s ]
INFO: [ app_begin ] --END-- [ RunTime:0.002033s ]
SQL: SHOW COLUMNS FROM `a_user` [ RunTime:0.0098s ]
SQL: SELECT a.*,b.title FROM a_user a left join a_bumen b on b.id = a.bumen  WHERE ( a.status > 0 )  [ RunTime:0.0012s ]
INFO: [ view_parse ] --START--
INFO: [ template_filter ] --START--
INFO: Run Behavior\ContentReplaceBehavior [ RunTime:0.000507s ]
INFO: [ template_filter ] --END-- [ RunTime:0.000774s ]
NOTIC: [8] Use of undefined constant index - assumed 'index' F:\wamp\www\tongxun\Application\Runtime\Cache\Admin\b595b808c2ebeeeb0478ffc30bb4e87a.php 第 61 行.
NOTIC: [8] Undefined variable: page F:\wamp\www\tongxun\Application\Runtime\Cache\Admin\b595b808c2ebeeeb0478ffc30bb4e87a.php 第 204 行.
INFO: Run Behavior\ParseTemplateBehavior [ RunTime:0.038213s ]
INFO: [ view_parse ] --END-- [ RunTime:0.038455s ]
INFO: [ view_filter ] --START--
INFO: Run Behavior\WriteHtmlCacheBehavior [ RunTime:0.001665s ]
INFO: [ view_filter ] --END-- [ RunTime:0.001935s ]
INFO: [ app_end ] --START--
INFO: Run Behavior\ShowPageTraceBehavior [ RunTime:0.002065s ]
INFO: [ app_end ] --END-- [ RunTime:0.002310s ]

[ 2018-03-07T16:44:06+08:00 ] 127.0.0.1 /tongxun/index.php/Admin/index/product.html
INFO: [ app_init ] --START--
INFO: Run Behavior\BuildLiteBehavior [ RunTime:0.000061s ]
INFO: [ app_init ] --END-- [ RunTime:0.001247s ]
INFO: [ app_begin ] --START--
INFO: Run Behavior\ReadHtmlCacheBehavior [ RunTime:0.001828s ]
INFO: [ app_begin ] --END-- [ RunTime:0.002068s ]
SQL: SHOW COLUMNS FROM `a_log` [ RunTime:0.0102s ]
SQL: SELECT a.*,b.username FROM a_log a left join a_user b on b.id = a.uid  ORDER BY a.id asc  [ RunTime:0.0047s ]
INFO: [ view_parse ] --START--
INFO: [ template_filter ] --START--
INFO: Run Behavior\ContentReplaceBehavior [ RunTime:0.000479s ]
INFO: [ template_filter ] --END-- [ RunTime:0.000742s ]
NOTIC: [8] Use of undefined constant index - assumed 'index' F:\wamp\www\tongxun\Application\Runtime\Cache\Admin\394283bae9774cfd50e961762da98983.php 第 61 行.
NOTIC: [8] Undefined variable: index F:\wamp\www\tongxun\Application\Runtime\Cache\Admin\394283bae9774cfd50e961762da98983.php 第 61 行.
NOTIC: [8] Use of undefined constant copyright - assumed 'copyright' F:\wamp\www\tongxun\Application\Runtime\Cache\Admin\394283bae9774cfd50e961762da98983.php 第 61 行.
NOTIC: [8] Undefined variable: index F:\wamp\www\tongxun\Application\Runtime\Cache\Admin\394283bae9774cfd50e961762da98983.php 第 61 行.
NOTIC: [8] Undefined variable: index F:\wamp\www\tongxun\Application\Runtime\Cache\Admin\394283bae9774cfd50e961762da98983.php 第 66 行.
NOTIC: [8] Undefined variable: index F:\wamp\www\tongxun\Application\Runtime\Cache\Admin\394283bae9774cfd50e961762da98983.php 第 66 行.
NOTIC: [8] Undefined variable: index F:\wamp\www\tongxun\Application\Runtime\Cache\Admin\394283bae9774cfd50e961762da98983.php 第 68 行.
NOTIC: [8] Undefined variable: index F:\wamp\www\tongxun\Application\Runtime\Cache\Admin\394283bae9774cfd50e961762da98983.php 第 81 行.
NOTIC: [8] Undefined variable: index F:\wamp\www\tongxun\Application\Runtime\Cache\Admin\394283bae9774cfd50e961762da98983.php 第 81 行.
NOTIC: [8] Undefined variable: index F:\wamp\www\tongxun\Application\Runtime\Cache\Admin\394283bae9774cfd50e961762da98983.php 第 83 行.
NOTIC: [8] Undefined variable: index F:\wamp\www\tongxun\Application\Runtime\Cache\Admin\394283bae9774cfd50e961762da98983.php 第 87 行.
NOTIC: [8] Undefined variable: index F:\wamp\www\tongxun\Application\Runtime\Cache\Admin\394283bae9774cfd50e961762da98983.php 第 100 行.
NOTIC: [8] Undefined variable: index F:\wamp\www\tongxun\Application\Runtime\Cache\Admin\394283bae9774cfd50e961762da98983.php 第 100 行.
NOTIC: [8] Undefined variable: index F:\wamp\www\tongxun\Application\Runtime\Cache\Admin\394283bae9774cfd50e961762da98983.php 第 102 行.
NOTIC: [8] Undefined variable: index F:\wamp\www\tongxun\Application\Runtime\Cache\Admin\394283bae9774cfd50e961762da98983.php 第 106 行.
NOTIC: [8] Undefined variable: index F:\wamp\www\tongxun\Application\Runtime\Cache\Admin\394283bae9774cfd50e961762da98983.php 第 119 行.
NOTIC: [8] Undefined variable: index F:\wamp\www\tongxun\Application\Runtime\Cache\Admin\394283bae9774cfd50e961762da98983.php 第 119 行.
NOTIC: [8] Undefined variable: index F:\wamp\www\tongxun\Application\Runtime\Cache\Admin\394283bae9774cfd50e961762da98983.php 第 121 行.
NOTIC: [8] Undefined variable: index F:\wamp\www\tongxun\Application\Runtime\Cache\Admin\394283bae9774cfd50e961762da98983.php 第 125 行.
NOTIC: [8] Undefined variable: page F:\wamp\www\tongxun\Application\Runtime\Cache\Admin\394283bae9774cfd50e961762da98983.php 第 179 行.
NOTIC: [8] Undefined variable: page F:\wamp\www\tongxun\Application\Runtime\Cache\Admin\394283bae9774cfd50e961762da98983.php 第 192 行.
INFO: Run Behavior\ParseTemplateBehavior [ RunTime:0.041674s ]
INFO: [ view_parse ] --END-- [ RunTime:0.041931s ]
INFO: [ view_filter ] --START--
INFO: Run Behavior\WriteHtmlCacheBehavior [ RunTime:0.001533s ]
INFO: [ view_filter ] --END-- [ RunTime:0.001754s ]
INFO: [ app_end ] --START--
INFO: Run Behavior\ShowPageTraceBehavior [ RunTime:0.001862s ]
INFO: [ app_end ] --END-- [ RunTime:0.002107s ]

